[2016.02.01-06.29.33:217][  0]Log file open, 02/01/16 01:29:33
[2016.02.01-06.29.33:217][  0]LogInit:Display: Running engine for game: HotelBete
[2016.02.01-06.29.33:217][  0]LogPlatformFile: Not using cached read wrapper
[2016.02.01-06.29.33:217][  0]LogInit:Display: RandInit(-272465267) SRandInit(-272465265).
[2016.02.01-06.29.33:217][  0]LogTaskGraph: Started task graph with 4 named threads and 5 total threads.
[2016.02.01-06.29.33:217][  0]LogStats: Stats thread started at 0.077377
[2016.02.01-06.29.33:217][  0]LogInit: Version: 4.10.2-2818068+++depot+UE4-Releases+4.10
[2016.02.01-06.29.33:217][  0]LogInit: API Version: 2758231
[2016.02.01-06.29.33:217][  0]LogInit: Compiled (64-bit): Jan  6 2016 17:36:42
[2016.02.01-06.29.33:217][  0]LogInit: Compiled with Visual C++: 19.00.23026.00
[2016.02.01-06.29.33:217][  0]LogInit: Build Configuration: Development
[2016.02.01-06.29.33:217][  0]LogInit: Branch Name: ++depot+UE4-Releases+4.10
[2016.02.01-06.29.33:217][  0]LogInit: Command line:  
[2016.02.01-06.29.33:217][  0]LogInit: Base directory: C:/Program Files/Epic Games/4.10/Engine/Binaries/Win64/
[2016.02.01-06.29.33:217][  0]LogInit: Rocket: 1
[2016.02.01-06.29.33:228][  0]LogInit: Using libcurl 7.41.0
[2016.02.01-06.29.33:228][  0]LogInit:  - built for x86_64-pc-win32
[2016.02.01-06.29.33:228][  0]LogInit:  - supports SSL with WinSSL
[2016.02.01-06.29.33:228][  0]LogInit:  - other features:
[2016.02.01-06.29.33:228][  0]LogInit:      CURL_VERSION_SSL
[2016.02.01-06.29.33:228][  0]LogInit:      CURL_VERSION_IPV6
[2016.02.01-06.29.33:228][  0]LogInit:      CURL_VERSION_ASYNCHDNS
[2016.02.01-06.29.33:228][  0]LogInit:      CURL_VERSION_LARGEFILE
[2016.02.01-06.29.33:228][  0]LogInit:      CURL_VERSION_IDN
[2016.02.01-06.29.33:228][  0]LogInit:  CurlRequestOptions (configurable via config and command line):
[2016.02.01-06.29.33:228][  0]LogInit:  - bVerifyPeer = true  - Libcurl will verify peer certificate
[2016.02.01-06.29.33:228][  0]LogInit:  - bUseHttpProxy = false  - Libcurl will NOT use HTTP proxy
[2016.02.01-06.29.33:228][  0]LogInit:  - bDontReuseConnections = false  - Libcurl will reuse connections
[2016.02.01-06.29.33:228][  0]LogInit:  - CertBundlePath = nullptr  - Libcurl will use whatever was configured at build time.
[2016.02.01-06.29.33:237][  0]LogInit: Presizing for 0 objects not considered by GC, pre-allocating 0 bytes.
[2016.02.01-06.29.33:244][  0]LogInit: Object subsystem initialized
[2016.02.01-06.29.33:245][  0]LogInit: Selected Device Profile: [Windows]
[2016.02.01-06.29.33:245][  0]LogInit: Applying CVar settings loaded from the selected device profile: [Windows]
[2016.02.01-06.29.33:257][  0]LogInit: Computer: CONOR-LAPTOP
[2016.02.01-06.29.33:257][  0]LogInit: User: jcc44000
[2016.02.01-06.29.33:257][  0]LogInit: CPU Page size=4096, Cores=2
[2016.02.01-06.29.33:257][  0]LogInit: High frequency timer resolution =2.240908 MHz
[2016.02.01-06.29.33:257][  0]LogMemory: Memory total: Physical=11.9GB (12GB approx)
[2016.02.01-06.29.33:257][  0]LogMemory: Platform Memory Stats for Windows
[2016.02.01-06.29.33:257][  0]LogMemory: Process Physical Memory: 54.51 MB used, 54.51 MB peak
[2016.02.01-06.29.33:257][  0]LogMemory: Process Virtual Memory: 55.26 MB used, 55.26 MB peak
[2016.02.01-06.29.33:257][  0]LogMemory: Physical Memory: 3913.45 MB used, 12171.62 MB total
[2016.02.01-06.29.33:257][  0]LogMemory: Virtual Memory: 363.36 MB used, 134217728.00 MB total
[2016.02.01-06.29.33:293][  0]LogTextLocalizationManager: No specific translations for ('en-US') exist, so ('en') translations will be used.
[2016.02.01-06.29.33:877][  0]LogD3D11RHI: Found D3D11 adapter 0: Intel(R) HD Graphics Family (Feature Level 11_0)
[2016.02.01-06.29.33:877][  0]LogD3D11RHI: Adapter has 32MB of dedicated video memory, 0MB of dedicated system memory, and 1760MB of shared system memory, 1 output[s]
[2016.02.01-06.29.33:878][  0]LogD3D11RHI: Found D3D11 adapter 1: Microsoft Basic Render Driver (Feature Level 11_0)
[2016.02.01-06.29.33:878][  0]LogD3D11RHI: Adapter has 0MB of dedicated video memory, 0MB of dedicated system memory, and 256MB of shared system memory, 0 output[s]
[2016.02.01-06.29.33:878][  0]LogD3D11RHI: Chosen D3D11 Adapter Id = 0
[2016.02.01-06.29.33:885][  0]LogD3D11RHI: !Direct3DDevice
[2016.02.01-06.29.33:885][  0]LogRHI: Texture pool is 638 MB (70% of 912 MB)
[2016.02.01-06.29.33:893][  0]LogD3D11RHI: Async texture creation enabled
[2016.02.01-06.29.33:899][  0]LogShaderCompilers: Guid format shader working directory is -12 characters bigger than the processId version (../../../../../../Users/jcc44_000/Documents/GitHub/HotelBete/Intermediate/Shaders/WorkingDirectory/10904/).
[2016.02.01-06.29.33:899][  0]LogShaderCompilers: Cleaned the shader compiler working directory 'C:/Users/JCC44_~1/AppData/Local/Temp/UnrealShaderWorkingDir/1FBC5C5340D31CC00F3D2A8A0473B6EA/'.
[2016.02.01-06.29.33:899][  0]LogShaderCompilers:Display: Using Local Shader Compiler.
[2016.02.01-06.29.34:905][  0]LogTemp:Display: Loaded TP AllDesktopTargetPlatform
[2016.02.01-06.29.34:911][  0]LogTemp:Display: Loaded TP WindowsClientTargetPlatform
[2016.02.01-06.29.34:917][  0]LogTemp:Display: Loaded TP WindowsNoEditorTargetPlatform
[2016.02.01-06.29.34:922][  0]LogTemp:Display: Loaded TP WindowsServerTargetPlatform
[2016.02.01-06.29.34:928][  0]LogTemp:Display: Loaded TP WindowsTargetPlatform
[2016.02.01-06.29.34:932][  0]LogTemp:Display: Loaded TP AndroidTargetPlatform
[2016.02.01-06.29.34:935][  0]LogTemp:Display: Loaded TP Android_ASTCTargetPlatform
[2016.02.01-06.29.34:939][  0]LogTemp:Display: Loaded TP Android_ATCTargetPlatform
[2016.02.01-06.29.34:942][  0]LogTemp:Display: Loaded TP Android_DXTTargetPlatform
[2016.02.01-06.29.34:946][  0]LogTemp:Display: Loaded TP Android_ETC1TargetPlatform
[2016.02.01-06.29.34:950][  0]LogTemp:Display: Loaded TP Android_ETC2TargetPlatform
[2016.02.01-06.29.34:958][  0]LogTemp:Display: Loaded TP Android_MultiTargetPlatform
[2016.02.01-06.29.34:958][  0]LogTemp:Display: Loaded TP Android_PVRTCTargetPlatform
[2016.02.01-06.29.34:959][  0]LogTemp:Display: Loaded TP HTML5TargetPlatform
[2016.02.01-06.29.34:977][  0]LogTemp:Display: Loaded TP IOSTargetPlatform
[2016.02.01-06.29.34:981][  0]LogTemp:Display: Loaded TP LinuxNoEditorTargetPlatform
[2016.02.01-06.29.34:985][  0]LogTemp:Display: Loaded TP LinuxServerTargetPlatform
[2016.02.01-06.29.34:988][  0]LogTemp:Display: Loaded TP LinuxTargetPlatform
[2016.02.01-06.29.34:988][  0]LogTargetPlatformManager:Display: Building Assets For Windows
[2016.02.01-06.29.35:094][  0]LogDerivedDataCache:Display: Max Cache Size: 512 MB
[2016.02.01-06.29.35:169][  0]LogDerivedDataCache: Loaded boot cache 0.07s 41MB C:/Users/jcc44_000/AppData/Local/UnrealEngine/4.10/DerivedDataCache/Boot.ddc.
[2016.02.01-06.29.35:169][  0]LogDerivedDataCache:Display: Loaded Boot cache: C:/Users/jcc44_000/AppData/Local/UnrealEngine/4.10/DerivedDataCache/Boot.ddc
[2016.02.01-06.29.35:169][  0]LogDerivedDataCache: FDerivedDataBackendGraph:  Pak pak cache file ../../../../../../Users/jcc44_000/Documents/GitHub/HotelBete/DerivedDataCache/DDC.ddp not found, will not use a pak cache.
[2016.02.01-06.29.35:169][  0]LogDerivedDataCache: Unable to find inner node Pak for hierarchical cache Hierarchy.
[2016.02.01-06.29.35:169][  0]LogDerivedDataCache: FDerivedDataBackendGraph:  CompressedPak pak cache file ../../../../../../Users/jcc44_000/Documents/GitHub/HotelBete/DerivedDataCache/Compressed.ddp not found, will not use a pak cache.
[2016.02.01-06.29.35:169][  0]LogDerivedDataCache: Unable to find inner node CompressedPak for hierarchical cache Hierarchy.
[2016.02.01-06.29.35:245][  0]LogDerivedDataCache:Display: Pak cache opened for reading ../../../Engine/DerivedDataCache/Compressed.ddp.
[2016.02.01-06.29.35:257][  0]LogDerivedDataCache: Using Local data cache path C:/Users/jcc44_000/AppData/Local/UnrealEngine/Common/DerivedDataCache: Writable
[2016.02.01-06.29.35:480][  0]LogInit: Selected Device Profile: [Windows]
[2016.02.01-06.29.35:484][  0]LogContentStreaming: Texture pool size is 0.000000MB
[2016.02.01-06.29.35:622][  0]LogMeshUtilities: No automatic mesh reduction module available
[2016.02.01-06.29.35:622][  0]LogMeshUtilities: No automatic mesh merging module available
[2016.02.01-06.29.36:004][  0]LogInit: WinSock: version 1.1 (2.2), MaxSocks=32767, MaxUdp=65467
[2016.02.01-06.29.36:893][  0]LogAssetRegistry: FAssetRegistry took 0.0106 seconds to start up
[2016.02.01-06.29.36:912][  0]UdpMessaging: Initializing bridge on interface 0.0.0.0:0 to multicast group 230.0.0.1:6666.
[2016.02.01-06.29.37:223][  0]SourceControl: Info Source control is disabled
[2016.02.01-06.29.37:224][  0]SourceControl: Info Source control is disabled
[2016.02.01-06.29.37:237][  0]SourceControl: Info Source control is disabled
[2016.02.01-06.29.37:248][  0]SourceControl: Info Source control is disabled
[2016.02.01-06.29.37:517][  0]LogObj: 28802 objects as part of root set at end of initial load.
[2016.02.01-06.29.37:517][  0]LogUObjectAllocator: 6129776 out of 0 bytes used by permanent object pool.
[2016.02.01-06.29.37:582][  0]LogEngine: Initializing Engine...
[2016.02.01-06.29.37:585][  0]LogHMD: Can't find Oculus library dev build: is proper Runtime installed? Version: 0.8.0.0
[2016.02.01-06.29.37:585][  0]LogHMD: SteamVR failed to initialize.  Err: 110
[2016.02.01-06.29.37:730][  0]LogAIModule: Creating AISystem for world NewWorld
[2016.02.01-06.29.37:734][  0]LogInit: XAudio2 using 'Speakers (Realtek High Definition Audio)' : 2 channels at 48 kHz using 32 bits per sample (channel mask 0x3)
[2016.02.01-06.29.37:744][  0]LogInit: FAudioDevice initialized.
[2016.02.01-06.29.37:768][  0]LogDerivedDataCache: Saved boot cache 0.02s 41MB C:/Users/jcc44_000/AppData/Local/UnrealEngine/4.10/DerivedDataCache/Boot.ddc.
[2016.02.01-06.29.37:775][  0]LogInit: Texture streaming: Enabled
[2016.02.01-06.29.37:782][  0]LogAnalytics: Creating configured Analytics provider AnalyticsET
[2016.02.01-06.29.37:782][  0]LogAnalytics: [UEEditor.Rocket.Release] APIServer = http://et2.epicgames.com/ET2/. AppVersion = 4.10.2-2818068+++depot+UE4-Releases+4.10
[2016.02.01-06.29.37:782][  0]LogAnalytics: [UEEditor.Rocket.Release] SetUserId a00de05446ef577f40030a85b6572d0b|78e6d53e0a594b3ca03846b462c1cd9f|0660c053-9676-4ff0-a488-6e040aefb54e
[2016.02.01-06.29.37:782][  0]LogAnalytics: [UEEditor.Rocket.Release] AnalyticsET::StartSession
[2016.02.01-06.29.37:796][  0]LogWindowsTextInputMethodSystem:Display: IME system now deactivated.
[2016.02.01-06.29.37:796][  0]LogWindowsTextInputMethodSystem:Display: IME system now deactivated.
[2016.02.01-06.29.37:811][  0]LogInit: Transaction tracking system initialized
[2016.02.01-06.29.37:850][  0]BlueprintLog: New page: Editor Load
[2016.02.01-06.29.37:976][  0]LocalizationService: Info Localization service is disabled
[2016.02.01-06.29.38:082][  0]LogConsoleResponse:Display: 
[2016.02.01-06.29.38:253][  0]LogCook:Display: Done creating registry. It took  0.00s.
[2016.02.01-06.29.38:340][  0]LogFileCache: Scanning file cache for directory 'C:/Users/jcc44_000/Documents/GitHub/HotelBete/Content/' took 0.02s
[2016.02.01-06.29.38:340][  0]SourceControl: Info Source control is disabled
[2016.02.01-06.29.38:341][  0]Cmd: MAP LOAD FILE="../../../../../../Users/jcc44_000/Documents/GitHub/HotelBete/Content/FirstPersonBP/Level/BondsLevel.umap" TEMPLATE=0 SHOWPROGRESS=1 FEATURELEVEL=3
[2016.02.01-06.29.38:341][  0]LogEditorServer:Warning: Can't find file '../../../../../../Users/jcc44_000/Documents/GitHub/HotelBete/Content/FirstPersonBP/Level/BondsLevel.umap'
[2016.02.01-06.29.38:341][  0]Cmd: MAP CHECKDEP NOCLEARLOG
[2016.02.01-06.29.38:388][  0]MapCheck: Info Map check complete: 0 Error(s), 0 Warning(s), took 47.407ms to complete.
[2016.02.01-06.29.38:388][  0]LogFileHelpers: Loading map 'BondsLevel' took 0.048
[2016.02.01-06.29.38:550][  0]LogCollectionManager: Loaded 0 collections in 0.002499 seconds
[2016.02.01-06.29.38:595][  0]LogFileCache: Scanning file cache for directory 'C:/Users/jcc44_000/Documents/GitHub/HotelBete/Saved/Collections/' took 0.01s
[2016.02.01-06.29.38:595][  0]LogFileCache: Scanning file cache for directory 'C:/Users/jcc44_000/Documents/GitHub/HotelBete/Content/Developers/jcc44000/Collections/' took 0.01s
[2016.02.01-06.29.38:595][  0]LogFileCache: Scanning file cache for directory 'C:/Users/jcc44_000/Documents/GitHub/HotelBete/Content/Collections/' took 0.01s
[2016.02.01-06.29.38:595][  0]LogCollectionManager: Rebuilt the GUID cache for 0 collections in 0.000002 seconds
[2016.02.01-06.29.38:607][  0]LogContentBrowser: Native class hierarchy populated in 0.0112 seconds. Added 1908 classes and 344 folders.
[2016.02.01-06.29.38:616][  0]LogContentBrowser: Native class hierarchy updated for 'WidgetCarousel' in 0.0005 seconds. Added 0 classes and 0 folders.
[2016.02.01-06.29.38:700][  0]LogContentBrowser: Native class hierarchy updated for 'AddContentDialog' in 0.0006 seconds. Added 0 classes and 0 folders.
[2016.02.01-06.29.38:713][  0]LogContentBrowser: Native class hierarchy updated for 'SceneOutliner' in 0.0007 seconds. Added 1 classes and 2 folders.
[2016.02.01-06.29.38:785][  0]LogCrashTracker: Crashtracker disabled due to settings.
[2016.02.01-06.29.38:790][  0]LogUObjectGlobals:Warning: Failed to find object 'Class None.'
[2016.02.01-06.29.38:814][  0]LogLoad: Full Startup: 6.33 seconds (BP compile: 0.00 seconds)
[2016.02.01-06.29.38:834][  0]LogOcInput: Can't find Oculus library dev build: is proper Runtime installed? Version: 0.8.0.0
[2016.02.01-06.29.38:901][  0]LogContentStreaming: Texture pool size now 1000 MB
[2016.02.01-06.29.39:120][  0]LogRenderer: Reallocating scene render targets to support 888x432 (Frame:2).
[2016.02.01-06.29.40:591][  4]LogAssetRegistry: Asset discovery search completed in 3.7099 seconds
[2016.02.01-06.29.40:592][  4]LogCollectionManager: Rebuilt the object cache for 0 collections in 0.000001 seconds (found 0 objects)
[2016.02.01-06.29.40:592][  4]LogCollectionManager: Fixed up redirectors for 0 collections in 0.000035 seconds (updated 0 objects)
[2016.02.01-06.31.41:138][280]LogFactory: FactoryCreateBinary: StaticMesh with FbxFactory (0 0 C:\Users\jcc44_000\Downloads\textures\haunted_room1.FBX)
[2016.02.01-06.31.41:163][280]LogFbx: ItemName: GlobalSettings, ItemCount : 1
[2016.02.01-06.31.41:163][280]LogFbx: ItemName: AnimationStack, ItemCount : 1
[2016.02.01-06.31.41:163][280]LogFbx: ItemName: AnimationLayer, ItemCount : 1
[2016.02.01-06.31.41:163][280]LogFbx: ItemName: Model, ItemCount : 3
[2016.02.01-06.31.41:163][280]LogFbx: ItemName: Geometry, ItemCount : 3
[2016.02.01-06.31.41:163][280]LogFbx: ItemName: Material, ItemCount : 3
[2016.02.01-06.31.41:263][280]LogFbx: Loading FBX Scene from C:\Users\jcc44_000\Downloads\textures\haunted_room1.FBX
[2016.02.01-06.31.41:382][280]LogFbx: FBX Scene Loaded Succesfully
[2016.02.01-06.32.33:501][280]LogFbx: Loading FBX Scene from C:\Users\jcc44_000\Downloads\textures\haunted_room1.FBX
[2016.02.01-06.32.33:617][280]LogFbx: FBX Scene Loaded Succesfully
[2016.02.01-06.32.33:653][280]LogLinker:Warning: Can't find file '/Game/Hotel/Art/Models/02_-_Default'
[2016.02.01-06.32.33:653][280]LogLinker:Warning: Can't find file '/Game/Hotel/Art/Models/02_-_Default'
[2016.02.01-06.32.33:659][280]LogMaterial: Missing cached shader map for material 02_-_Default, compiling. 
[2016.02.01-06.32.33:678][280]LogLinker:Warning: Can't find file '/Game/Hotel/Art/Models/03_-_Default'
[2016.02.01-06.32.33:678][280]LogLinker:Warning: Can't find file '/Game/Hotel/Art/Models/03_-_Default'
[2016.02.01-06.32.33:683][280]LogMaterial: Missing cached shader map for material 03_-_Default, compiling. 
[2016.02.01-06.32.33:691][280]LogLinker:Warning: Can't find file '/Game/Hotel/Art/Models/01_-_Default'
[2016.02.01-06.32.33:691][280]LogLinker:Warning: Can't find file '/Game/Hotel/Art/Models/01_-_Default'
[2016.02.01-06.32.33:698][280]LogMaterial: Missing cached shader map for material 01_-_Default, compiling. 
[2016.02.01-06.32.33:705][280]LogFbx:Warning: Triangulating static mesh bathroom
[2016.02.01-06.32.33:723][280]LogFbx:Warning: Triangulating static mesh hallway
[2016.02.01-06.32.33:739][280]LogStaticMesh: Building static mes