[2016.01.31-19.56.42:529][  0]Log file open, 01/31/16 14:56:42
[2016.01.31-19.56.42:529][  0]LogInit:Display: Running engine for game: HotelBete
[2016.01.31-19.56.42:529][  0]LogPlatformFile: Not using cached read wrapper
[2016.01.31-19.56.42:529][  0]LogInit:Display: RandInit(1037476619) SRandInit(1037476620).
[2016.01.31-19.56.42:529][  0]LogTaskGraph: Started task graph with 4 named threads and 7 total threads.
[2016.01.31-19.56.42:529][  0]LogStats: Stats thread started at 0.067728
[2016.01.31-19.56.42:529][  0]LogInit: Version: 4.10.2-2818068+++depot+UE4-Releases+4.10
[2016.01.31-19.56.42:529][  0]LogInit: API Version: 2758231
[2016.01.31-19.56.42:529][  0]LogInit: Compiled (64-bit): Jan  6 2016 17:36:42
[2016.01.31-19.56.42:529][  0]LogInit: Compiled with Visual C++: 19.00.23026.00
[2016.01.31-19.56.42:529][  0]LogInit: Build Configuration: Development
[2016.01.31-19.56.42:529][  0]LogInit: Branch Name: ++depot+UE4-Releases+4.10
[2016.01.31-19.56.42:529][  0]LogInit: Command line:  
[2016.01.31-19.56.42:529][  0]LogInit: Base directory: C:/Program Files/Epic Games/4.10/Engine/Binaries/Win64/
[2016.01.31-19.56.42:529][  0]LogInit: Rocket: 1
[2016.01.31-19.56.42:539][  0]LogInit: Using libcurl 7.41.0
[2016.01.31-19.56.42:539][  0]LogInit:  - built for x86_64-pc-win32
[2016.01.31-19.56.42:539][  0]LogInit:  - supports SSL with WinSSL
[2016.01.31-19.56.42:539][  0]LogInit:  - other features:
[2016.01.31-19.56.42:539][  0]LogInit:      CURL_VERSION_SSL
[2016.01.31-19.56.42:539][  0]LogInit:      CURL_VERSION_IPV6
[2016.01.31-19.56.42:539][  0]LogInit:      CURL_VERSION_ASYNCHDNS
[2016.01.31-19.56.42:539][  0]LogInit:      CURL_VERSION_LARGEFILE
[2016.01.31-19.56.42:539][  0]LogInit:      CURL_VERSION_IDN
[2016.01.31-19.56.42:539][  0]LogInit:  CurlRequestOptions (configurable via config and command line):
[2016.01.31-19.56.42:539][  0]LogInit:  - bVerifyPeer = true  - Libcurl will verify peer certificate
[2016.01.31-19.56.42:539][  0]LogInit:  - bUseHttpProxy = false  - Libcurl will NOT use HTTP proxy
[2016.01.31-19.56.42:539][  0]LogInit:  - bDontReuseConnections = false  - Libcurl will reuse connections
[2016.01.31-19.56.42:539][  0]LogInit:  - CertBundlePath = nullptr  - Libcurl will use whatever was configured at build time.
[2016.01.31-19.56.42:539][  0]LogInit: Presizing for 0 objects not considered by GC, pre-allocating 0 bytes.
[2016.01.31-19.56.42:549][  0]LogInit: Object subsystem initialized
[2016.01.31-19.56.42:549][  0]LogInit: Selected Device Profile: [Windows]
[2016.01.31-19.56.42:549][  0]LogInit: Applying CVar settings loaded from the selected device profile: [Windows]
[2016.01.31-19.56.42:589][  0]LogInit: Computer: MRRBOND-PC
[2016.01.31-19.56.42:589][  0]LogInit: User: MrrBond
[2016.01.31-19.56.42:589][  0]LogInit: CPU Page size=4096, Cores=4
[2016.01.31-19.56.42:589][  0]LogInit: High frequency timer resolution =3.416035 MHz
[2016.01.31-19.56.42:589][  0]LogMemory: Memory total: Physical=7.9GB (8GB approx)
[2016.01.31-19.56.42:589][  0]LogMemory: Platform Memory Stats for Windows
[2016.01.31-19.56.42:589][  0]LogMemory: Process Physical Memory: 57.67 MB used, 57.67 MB peak
[2016.01.31-19.56.42:589][  0]LogMemory: Process Virtual Memory: 57.53 MB used, 57.53 MB peak
[2016.01.31-19.56.42:589][  0]LogMemory: Physical Memory: 3369.65 MB used, 8134.93 MB total
[2016.01.31-19.56.42:589][  0]LogMemory: Virtual Memory: 351.33 MB used, 8388608.00 MB total
[2016.01.31-19.56.42:627][  0]LogTextLocalizationManager: No specific translations for ('en-US') exist, so ('en') translations will be used.
[2016.01.31-19.56.42:979][  0]LogD3D11RHI: Found D3D11 adapter 0: NVIDIA GeForce GTX 770 (Feature Level 11_0)
[2016.01.31-19.56.42:979][  0]LogD3D11RHI: Adapter has 1989MB of dedicated video memory, 0MB of dedicated system memory, and 2048MB of shared system memory, 1 output[s]
[2016.01.31-19.56.42:979][  0]LogD3D11RHI: Chosen D3D11 Adapter Id = 0
[2016.01.31-19.56.42:983][  0]LogD3D11RHI: !Direct3DDevice
[2016.01.31-19.56.42:983][  0]LogRHI: Texture pool is 1361 MB (70% of 1945 MB)
[2016.01.31-19.56.43:003][  0]LogD3D11RHI: Async texture creation enabled
[2016.01.31-19.56.43:030][  0]LogShaderCompilers: Guid format shader working directory is -10 characters bigger than the processId version (../../../../../../Users/MrrBond/Documents/GitHub/HotelBete/Intermediate/Shaders/WorkingDirectory/2528/).
[2016.01.31-19.56.43:030][  0]LogShaderCompilers: Cleaned the shader compiler working directory 'C:/Users/MrrBond/AppData/Local/Temp/UnrealShaderWorkingDir/01F8E4B7480B5352F48DFDBCF1CB74C1/'.
[2016.01.31-19.56.43:030][  0]LogShaderCompilers:Display: Using Local Shader Compiler.
[2016.01.31-19.56.43:659][  0]LogTemp:Display: Loaded TP AllDesktopTargetPlatform
[2016.01.31-19.56.43:662][  0]LogTemp:Display: Loaded TP WindowsClientTargetPlatform
[2016.01.31-19.56.43:666][  0]LogTemp:Display: Loaded TP WindowsNoEditorTargetPlatform
[2016.01.31-19.56.43:670][  0]LogTemp:Display: Loaded TP WindowsServerTargetPlatform
[2016.01.31-19.56.43:675][  0]LogTemp:Display: Loaded TP WindowsTargetPlatform
[2016.01.31-19.56.43:677][  0]LogTemp:Display: Loaded TP AndroidTargetPlatform
[2016.01.31-19.56.43:680][  0]LogTemp:Display: Loaded TP Android_ASTCTargetPlatform
[2016.01.31-19.56.43:682][  0]LogTemp:Display: Loaded TP Android_ATCTargetPlatform
[2016.01.31-19.56.43:684][  0]LogTemp:Display: Loaded TP Android_DXTTargetPlatform
[2016.01.31-19.56.43:686][  0]LogTemp:Display: Loaded TP Android_ETC1TargetPlatform
[2016.01.31-19.56.43:690][  0]LogTemp:Display: Loaded TP Android_ETC2TargetPlatform
[2016.01.31-19.56.43:695][  0]LogTemp:Display: Loaded TP Android_MultiTargetPlatform
[2016.01.31-19.56.43:695][  0]LogTemp:Display: Loaded TP Android_PVRTCTargetPlatform
[2016.01.31-19.56.43:696][  0]LogTemp:Display: Loaded TP HTML5TargetPlatform
[2016.01.31-19.56.43:711][  0]LogTemp:Display: Loaded TP IOSTargetPlatform
[2016.01.31-19.56.43:713][  0]LogTemp:Display: Loaded TP LinuxNoEditorTargetPlatform
[2016.01.31-19.56.43:715][  0]LogTemp:Display: Loaded TP LinuxServerTargetPlatform
[2016.01.31-19.56.43:717][  0]LogTemp:Display: Loaded TP LinuxTargetPlatform
[2016.01.31-19.56.43:718][  0]LogTargetPlatformManager:Display: Building Assets For Windows
[2016.01.31-19.56.43:784][  0]LogDerivedDataCache:Display: Max Cache Size: 512 MB
[2016.01.31-19.56.43:823][  0]LogDerivedDataCache: Loaded boot cache 0.04s 41MB C:/Users/MrrBond/AppData/Local/UnrealEngine/4.10/DerivedDataCache/Boot.ddc.
[2016.01.31-19.56.43:823][  0]LogDerivedDataCache:Display: Loaded Boot cache: C:/Users/MrrBond/AppData/Local/UnrealEngine/4.10/DerivedDataCache/Boot.ddc
[2016.01.31-19.56.43:824][  0]LogDerivedDataCache: FDerivedDataBackendGraph:  Pak pak cache file ../../../../../../Users/MrrBond/Documents/GitHub/HotelBete/DerivedDataCache/DDC.ddp not found, will not use a pak cache.
[2016.01.31-19.56.43:824][  0]LogDerivedDataCache: Unable to find inner node Pak for hierarchical cache Hierarchy.
[2016.01.31-19.56.43:824][  0]LogDerivedDataCache: FDerivedDataBackendGraph:  CompressedPak pak cache file ../../../../../../Users/MrrBond/Documents/GitHub/HotelBete/DerivedDataCache/Compressed.ddp not found, will not use a pak cache.
[2016.01.31-19.56.43:824][  0]LogDerivedDataCache: Unable to find inner node CompressedPak for hierarchical cache Hierarchy.
[2016.01.31-19.56.43:867][  0]LogDerivedDataCache:Display: Pak cache opened for reading ../../../Engine/DerivedDataCache/Compressed.ddp.
[2016.01.31-19.56.43:881][  0]LogDerivedDataCache: Using Local data cache path C:/Users/MrrBond/AppData/Local/UnrealEngine/Common/DerivedDataCache: Writable
[2016.01.31-19.56.44:013][  0]LogInit: Selected Device Profile: [Windows]
[2016.01.31-19.56.44:014][  0]LogContentStreaming: Texture pool size is 0.000000MB
[2016.01.31-19.56.44:048][  0]LogMeshUtilities: No automatic mesh reduction module available
[2016.01.31-19.56.44:048][  0]LogMeshUtilities: No automatic mesh merging module available
[2016.01.31-19.56.44:332][  0]LogInit: WinSock: version 1.1 (2.2), MaxSocks=32767, MaxUdp=65467
[2016.01.31-19.56.45:231][  0]UdpMessaging: Initializing bridge on interface 0.0.0.0:0 to multicast group 230.0.0.1:6666.
[2016.01.31-19.56.45:352][  0]LogAssetRegistry: FAssetRegistry took 0.0102 seconds to start up
[2016.01.31-19.56.45:495][  0]SourceControl: Info Source control is disabled
[2016.01.31-19.56.45:496][  0]SourceControl: Info Source control is disabled
[2016.01.31-19.56.45:507][  0]SourceControl: Info Source control is disabled
[2016.01.31-19.56.45:517][  0]SourceControl: Info Source control is disabled
[2016.01.31-19.56.45:735][  0]LogObj: 28633 objects as part of root set at end of initial load.
[2016.01.31-19.56.45:735][  0]LogUObjectAllocator: 6099744 out of 0 bytes used by permanent object pool.
[2016.01.31-19.56.45:782][  0]LogEngine: Initializing Engine...
[2016.01.31-19.56.45:783][  0]LogHMD: Can't find Oculus library dev build: is proper Runtime installed? Version: 0.8.0.0
[2016.01.31-19.56.45:784][  0]LogHMD: SteamVR failed to initialize.  Err: 110
[2016.01.31-19.56.45:897][  0]LogAIModule: Creating AISystem for world NewWorld
[2016.01.31-19.56.45:904][  0]LogInit: XAudio2 using 'Speakers (Realtek High Definition Audio)' : 2 channels at 48 kHz using 32 bits per sample (channel mask 0x3)
[2016.01.31-19.56.45:932][  0]LogInit: FAudioDevice initialized.
[2016.01.31-19.56.45:957][  0]LogDerivedDataCache: Saved boot cache 0.02s 41MB C:/Users/MrrBond/AppData/Local/UnrealEngine/4.10/DerivedDataCache/Boot.ddc.
[2016.01.31-19.56.45:962][  0]LogInit: Texture streaming: Enabled
[2016.01.31-19.56.45:967][  0]LogAnalytics: Creating configured Analytics provider AnalyticsET
[2016.01.31-19.56.45:967][  0]LogAnalytics: [UEEditor.Rocket.Release] APIServer = http://et2.epicgames.com/ET2/. AppVersion = 4.10.2-2818068+++depot+UE4-Releases+4.10
[2016.01.31-19.56.45:967][  0]LogAnalytics: [UEEditor.Rocket.Release] SetUserId 70d505b9489753c526a513886a8eb1a2|20388df98dc841109316ca5aa4c25788|5df8a1b8-928f-4cc0-8ccd-f95831ba8036
[2016.01.31-19.56.45:967][  0]LogAnalytics: [UEEditor.Rocket.Release] AnalyticsET::StartSession
[2016.01.31-19.56.45:990][  0]LogInit: Transaction tracking system initialized
[2016.01.31-19.56.46:014][  0]BlueprintLog: New page: Editor Load
[2016.01.31-19.56.46:082][  0]LocalizationService: Info Localization service is disabled
[2016.01.31-19.56.46:138][  0]LogLinker:Warning: Can't find file '/Game/FirstPersonBP/FirstPersonOverview'
[2016.01.31-19.56.46:138][  0]LogLinker:Warning: Can't find file '/Game/FirstPersonBP/FirstPersonOverview'
[2016.01.31-19.56.46:138][  0]LogUObjectGlobals:Warning: Failed to find object 'Class /Game/FirstPersonBP/FirstPersonOverview.FirstPersonOverview_C'
[2016.01.31-19.56.46:148][  0]LogConsoleResponse:Display: 
[2016.01.31-19.56.46:247][  0]LogCook:Display: Done creating registry. It took  0.00s.
[2016.01.31-19.56.46:296][  0]LogFileCache: Scanning file cache for directory 'C:/Users/MrrBond/Documents/GitHub/HotelBete/Content/' took 0.02s
[2016.01.31-19.56.46:296][  0]SourceControl: Info Source control is disabled
[2016.01.31-19.56.46:296][  0]Cmd: MAP LOAD FILE="../../../../../../Users/MrrBond/Documents/GitHub/HotelBete/Content/FirstPersonBP/Level/BondsLevel.umap" TEMPLATE=0 SHOWPROGRESS=1 FEATURELEVEL=3
[2016.01.31-19.56.46:297][  0]LightingResults: New page: Lighting Build
[2016.01.31-19.56.46:299][  0]MapCheck: New page: Map Check
[2016.01.31-19.56.46:299][  0]LightingResults: New page: Lighting Build
[2016.01.31-19.56.46:308][  0]LogParticles: Destroying 0 GPU particle simulations for FXSystem 0x00000000235A2AC0
[2016.01.31-19.56.46:373][  0]LogLinker:Warning: Asset '../../../../../../Users/MrrBond/Documents/GitHub/HotelBete/Content/FirstPerson/Meshes/FirstPersonProjectileMesh.uasset' has been saved with empty engine version. The asset will be loaded but may be incompatible.
[2016.01.31-19.56.46:822][  0]LogAIModule: Creating AISystem for world BondsLevel
[2016.01.31-19.56.46:839][  0]LogEditorServer: Finished looking for orphan Actors (0.000 secs)
[2016.01.31-19.56.46:839][  0]Cmd: MAP CHECKDEP NOCLEARLOG
[2016.01.31-19.56.46:901][  0]MapCheck: Info Map check complete: 0 Error(s), 0 Warning(s), took 64.067ms to complete.
[2016.01.31-19.56.46:901][  0]LogFileHelpers: Loading map 'BondsLevel' took 0.635
[2016.01.31-19.56.46:988][  0]LogCollectionManager: Loaded 0 collections in 0.001891 seconds
[2016.01.31-19.56.47:029][  0]LogFileCache: Scanning file cache for directory 'C:/Users/MrrBond/Documents/GitHub/HotelBete/Saved/Collections/' took 0.01s
[2016.01.31-19.56.47:029][  0]LogFileCache: Scanning file cache for directory 'C:/Users/MrrBond/Documents/GitHub/HotelBete/Content/Developers/MrrBond/Collections/' took 0.01s
[2016.01.31-19.56.47:029][  0]LogFileCache: Scanning file cache for directory 'C:/Users/MrrBond/Documents/GitHub/HotelBete/Content/Collections/' took 0.01s
[2016.01.31-19.56.47:029][  0]LogCollectionManager: Rebuilt the GUID cache for 0 collections in 0.000001 seconds
[2016.01.31-19.56.47:035][  0]LogContentBrowser: Native class hierarchy populated in 0.0053 seconds. Added 1893 classes and 338 folders.
[2016.01.31-19.56.47:042][  0]LogContentBrowser: Native class hierarchy updated for 'WidgetCarousel' in 0.0004 seconds. Added 0 classes and 0 folders.
[2016.01.31-19.56.47:108][  0]LogContentBrowser: Native class hierarchy updated for 'AddContentDialog' in 0.0003 seconds. Added 0 classes and 0 folders.
[2016.01.31-19.56.47:112][  0]LogContentBrowser: Native class hierarchy updated for 'SceneOutliner' in 0.0003 seconds. Added 1 classes and 2 folders.
[2016.01.31-19.56.47:126][  0]LogCrashTracker: Crashtracker disabled due to settings.
[2016.01.31-19.56.47:129][  0]LogUObjectGlobals:Warning: Failed to find object 'Class None.'
[2016.01.31-19.56.47:150][  0]LogLoad: Full Startup: 5.09 seconds (BP compile: 0.14 seconds)
[2016.01.31-19.56.47:159][  0]LogOcInput: Can't find Oculus library dev build: is proper Runtime installed? Version: 0.8.0.0
[2016.01.31-19.56.47:252][  0]LogRenderer: Reallocating scene render targets to support 256x256 (Frame:1).
[2016.01.31-19.56.47:313][  0]LogContentStreaming: Texture pool size now 1000 MB
[2016.01.31-19.56.47:410][  0]LogRenderer: Reallocating scene render targets to support 1208x572 (Frame:2).
[2016.01.31-19.56.47:693][  4]LogAssetRegistry: Asset discovery search completed in 2.4829 seconds
[2016.01.31-19.56.47:693][  4]LogCollectionManager: Rebuilt the object cache for 0 collections in 0.000001 seconds (found 0 objects)
[2016.01.31-19.56.47:693][  4]LogCollectionManager: Fixed up redirectors for 0 collections in 0.000019 seconds (updated 0 objects)
[2016.01.31-19.56.50:284][145]LogPlayLevel: PlayLevel: No blueprints needed recompiling
[2016.01.31-19.56.50:284][145]PIE: New page: PIE session: BondsLevel (Jan 31, 2016, 9:56:50 AM)
[2016.01.31-19.56.50:284][145]LogPlayLevel: Creating play world package: /Game/FirstPersonBP/Level/UEDPIE_0_BondsLevel
[2016.01.31-19.56.50:318][145]LogPlayLevel: PIE: StaticDuplicateObject took: (0.034946s)
[2016.01.31-19.56.50:319][145]LogAIModule: Creating AISystem for world BondsLevel
[2016.01.31-19.56.50:319][145]LogPlayLevel: PIE: World Init took: (0.000858s)
[2016.01.31-19.56.50:319][145]LogPlayLevel: PIE: Created PIE world by copying editor world from /Game/FirstPersonBP/Level/BondsLevel.BondsLevel to /Game/FirstPersonBP/Level/UEDPIE_0_BondsLevel.BondsLevel (0.036056s)
[2016.01.31-19.56.50:367][145]LogInit: XAudio2 using 'Speakers (Realtek High Definition Audio)' : 2 channels at 48 kHz using 32 bits per sample (channel mask 0x3)
[2016.01.31-19.56.50:374][145]LogInit: FAudioDevice initialized.
[2016.01.31-19.56.50:421][145]LogWorld: Game class is 'FirstPersonGameMode_C'
[2016.01.31-19.56.50:426][145]LogWorld: Bringing World /Game/FirstPersonBP/Level/UEDPIE_0_BondsLevel.BondsLevel up for play (max tick rate 0) at 2016.01.31-14.56.50
[2016.01.31-19.56.50:426][145]LogActor:Warning: GameSession /Game/FirstPersonBP/Level/UEDPIE_0_BondsLevel.BondsLevel:PersistentLevel.GameSession_0 has natively added scene component(s), but none of them were set as the actor's RootComponent - picking one arbitrarily
[2016.01.31-19.56.50:426][145]LogActor:Warning: GameNetworkManager /Game/FirstPersonBP/Level/UEDPIE_0_BondsLevel.BondsLevel:PersistentLevel.GameNetworkManager_0 has natively added scene component(s), but none of them were set as the actor's RootComponent - picking one arbitrarily
[2016.01.31-19.56.50:426][145]LogWorld: Bringing up level for play took: 0.003466
[2016.01.31-19.56.50:426][145]LogPathFollowing:Warning: No NavigationData found while trying to cache it for AIController_0's PathFollowingComponent
[2016.01.31-19.56.50:427][145]LogSpawn:Warning: SpawnActor failed because no class was specified
[2016.01.31-19.56.50:428][145]PIE: Info Play in editor start time for /Game/FirstPersonBP/Level/UEDPIE_0_BondsLevel 1.046
[2016.01.31-19.56.55:415][421]LogParticles: Destroying 0 GPU particle simulations for FXSystem 0x000000004A9E39C0
[2016.01.31-19.56.58:749][463]LogPlayLevel: PlayLevel: No blueprints needed recompiling
[2016.01.31-19.56.58:749][463]PIE: New page: PIE session: BondsLevel (Jan 31, 2016, 9:56:58 AM)
[2016.01.31-19.56.58:749][463]LogPlayLevel: Creating play world package: /Game/FirstPersonBP/Level/UEDPIE_0_BondsLevel
[2016.01.31-19.56.58:773][463]LogPlayLevel: PIE: StaticDuplicateObject took: (0.024313s)
[2016.01.31-19.56.58:773][463]LogAIModule: Creating AISystem for world BondsLevel
[2016.01.31-19.56.58:773][463]LogPlayLevel: PIE: World Init took: (0.000537s)
[2016.01.31-19.56.58:773][463]LogPlayLevel: PIE: Created PIE world by copying editor world from /Game/FirstPersonBP/Level/BondsLevel.BondsLevel to /Game/FirstPersonBP/Level/UEDPIE_0_BondsLevel.BondsLevel (0.025083s)
[2016.01.31-19.56.58:806][463]LogInit: XAudio2 using 'Speakers (Realtek High Definition Audio)' : 2 channels at 48 kHz using 32 bits per sample (channel mask 0x3)
[2016.01.31-19.56.58:813][463]LogInit: FAudioDevice initialized.
[2016.01.31-19.56.58:847][463]LogWorld: Game class is 'FirstPersonGameMode_C'
[2016.01.31-19.56.58:851][463]LogWorld: Bringing World /Game/FirstPersonBP/Level/UEDPIE_0_BondsLevel.BondsLevel up for play (max tick rate 0) at 2016.01.31-14.56.58
[2016.01.31-19.56.58:851][463]LogActor:Warning: GameSession /Game/FirstPersonBP/Level/UEDPIE_0_BondsLevel.BondsLevel:PersistentLevel.GameSession_1 has natively added scene component(s), but none of them were set as the actor's RootComponent - picking one arbitrarily
[2016.01.31-19.56.58:851][463]LogActor:Warning: GameNetworkManager /Game/FirstPersonBP/Level/UEDPIE_0_BondsLevel.BondsLevel:PersistentLevel.GameNetworkManager_1 has natively added scene component(s), but none of them were set as the actor's RootComponent - picking one arbitrarily
[2016.01.31-19.56.58:851][463]LogWorld: Bringing up level for play took: 0.003367
[2016.01.31-19.56.58:851][463]LogPathFollowing:Warning: No NavigationData found while trying to cache it for AIController_1's PathFollowingComponent
[2016.01.31-19.56.58:852][463]LogSpawn:Warning: SpawnActor failed because no class was specified
[2016.01.31-19.56.58:853][463]PIE: Info Play in editor start time for /Game/FirstPersonBP/Level/UEDPIE_0_BondsLevel -0.311
[2016.01.31-19.57.06:121][870]LogParticles: Destroying 0 GPU particle simulations for FXSystem 0x0000000011A28220
[2016.01.31-19.57.08:618][992]LogPlayLevel: PlayLevel: No blueprints needed recompiling
[2016.01.31-19.57.08:618][992]PIE: New page: PIE session: BondsLevel (Jan 31, 2016, 9:57:08 AM)
[2016.01.31-19.57.08:618][992]LogPlayLevel: Creating play world package: /Game/FirstPersonBP/Level/UEDPIE_0_BondsLevel
[2016.01.31-19.57.08:645][992]LogPlayLevel: PIE: StaticDuplicateObject took: (0.030103s)
[2016.01.31-19.57.08:646][992]LogAIModule: Creating AISystem for world BondsLevel
[2016.01.31-19.57.08:647][992]LogPlayLevel: PIE: World Init took: (0.003050s)
[2016.01.31-19.57.08:647][992]LogPlayLevel: PIE: Created PIE world by copying editor world from /Game/FirstPersonBP/Level/BondsLevel.BondsLevel to /Game/FirstPersonBP/Level/UEDPIE_0_BondsLevel.BondsLevel (0.033518s)
[2016.01.31-19.57.08:671][992]LogInit: XAudio2 using 'Speakers (Realtek High Definition Audio)' : 2 channels at 48 kHz using 32 bits per sample (channel mask 0x3)
[2016.01.31-19.57.08:678][992]LogInit: FAudioDevice initialized.
[2016.01.31-19.57.08:707][992]LogWorld: Game class is 'FirstPersonGameMode_C'
[2016.01.31-19.57.08:711][992]LogWorld: Bringing World /Game/FirstPersonBP/Level/UEDPIE_0_BondsLevel.BondsLevel up for play (max tick rate 0) at 2016.01.31-14.57.08
[2016.01.31-19.57.08:711][992]LogActor:Warning: GameSession /Game/FirstPersonBP/Level/UEDPIE_0_BondsLevel.BondsLevel:PersistentLevel.GameSession_2 has natively added scene component(s), but none of them were set as the actor's RootComponent - picking one arbitrarily
[2016.01.31-19.57.08:711][992]LogActor:Warning: GameNetworkManager /Game/FirstPersonBP/Level/UEDPIE_0_BondsLevel.BondsLevel:PersistentLevel.GameNetworkManager_2 has natively added scene component(s), but none of them were set as the actor's RootComponent - picking one arbitrarily
[2016.01.31-19.57.08:711][992]LogWorld: Bringing up level for play took: 0.003277
[2016.01.31-19.57.08:711][992]LogPathFollowing:Warning: No NavigationData found while trying to cache it for AIController_2's PathFollowingComponent
[2016.01.31-19.57.08:712][992]LogSpawn:Warning: SpawnActor failed because no class was specified
[2016.01.31-19.57.08:713][992]PIE: Info Play in editor start time for /Game/FirstPersonBP/Level/UEDPIE_0_BondsLevel -0.226
[2016.01.31-19.57.11:561][140]LogParticles: Destroying 0 GPU particle simulations for FXSystem 0x00000000117FBE20
[2016.01.31-19.57.12:201][172]LogPlayLevel: PlayLevel: No blueprints needed recompiling
[2016.01.31-19.57.12:202][172]PIE: New page: PIE session: BondsLevel (Jan 31, 2016, 9:57:12 AM)
[2016.01.31-19.57.12:202][172]LogPlayLevel: Creating play world package: /Game/FirstPersonBP/Level/UEDPIE_0_BondsLevel
[2016.01.31-19.57.12:229][172]LogPlayLevel: PIE: StaticDuplicateObject took: (0.031504s)
[2016.01.31-19.57.12:230][172]LogAIModule: Creating AISystem for world BondsLevel
[2016.01.31-19.57.12:230][172]LogPlayLevel: PIE: World Init took: (0.000667s)
[2016.01.31-19.57.12:230][172]LogPlayLevel: PIE: Created PIE world by copying editor world from /Game/FirstPersonBP/Level/BondsLevel.BondsLevel to /Game/FirstPersonBP/Level/UEDPIE_0_BondsLevel.BondsLevel (0.032396s)
[2016.01.31-19.57.12:255][172]LogInit: XAudio2 using 'Speakers (Realtek High Definition Audio)' : 2 channels at 48 kHz using 32 bits per sample (channel mask 0x3)
[2016.01.31-19.57.12:263][172]LogInit: FAudioDevice initialized.
[2016.01.31-19.57.12:297][172]LogWorld: Game class is 'FirstPersonGameMode_C'
[2016.01.31-19.57.12:301][172]LogWorld: Bringing World /Game/FirstPersonBP/Level/UEDPIE_0_BondsLevel.BondsLevel up for play (max tick rate 0) at 2016.01.31-14.57.12
[2016.01.31-19.57.12:301][172]LogActor:Warning: GameSession /Game/FirstPersonBP/Level/UEDPIE_0_BondsLevel.BondsLevel:PersistentLevel.GameSession_3 has natively added scene component(s), but none of them were set as the actor's RootComponent - picking one arbitrarily
[2016.01.31-19.57.12:301][172]LogActor:Warning: GameNetworkManager /Game/FirstPersonBP/Level/UEDPIE_0_BondsLevel.BondsLevel:PersistentLevel.GameNetworkManager_3 has natively added scene component(s), but none of them were set as the actor's RootComponent - picking one arbitrarily
[2016.01.31-19.57.12:301][172]LogWorld: Bringing up level for play took: 0.003504
[2016.01.31-19.57.12:301][172]LogPathFollowing:Warning: No NavigationData found while trying to cache it for AIController_3's PathFollowingComponent
[2016.01.31-19.57.12:302][172]LogSpawn:Warning: SpawnActor failed because no class was specified
[2016.01.31-19.57.12:303][172]PIE: Info Play in editor start time for /Game/FirstPersonBP/Level/UEDPIE_0_BondsLevel -0.549
[2016.01.31-19.57.14:322][279]LogParticles: Destroying 0 GPU particle simulations for FXSystem 0x0000000011780CC0
[2016.01.31-19.57.15:353][329]LogPlayLevel: PlayLevel: No blueprints needed recompiling
[2016.01.31-19.57.15:353][329]PIE: New page: PIE session: BondsLevel (Jan 31, 2016, 9:57:15 AM)
[2016.01.31-19.57.15:354][329]LogPlayLevel: Creating play world package: /Game/FirstPersonBP/Level/UEDPIE_0_BondsLevel
[2016.01.31-19.57.15:375][329]LogPlayLevel: PIE: StaticDuplicateObject took: (0.023788s)
[2016.01.31-19.57.15:376][329]LogAIModule: Creating AISystem for world BondsLevel
[2016.01.31-19.57.15:376][329]LogPlayLevel: PIE: World Init took: (0.000513s)
[2016.01.31-19.57.15:376][329]LogPlayLevel: PIE: Created PIE world by copying editor world from /Game/FirstPersonBP/Level/BondsLevel.BondsLevel to /Game/FirstPersonBP/Level/UEDPIE_0_BondsLevel.BondsLevel (0.024733s)
[2016.01.31-19.57.15:400][329]LogInit: XAudio2 using 'Speakers (Realtek High Definition Audio)' : 2 channels at 48 kHz using 32 bits per sample (channel mask 0x3)
[2016.01.31-19.57.15:406][329]LogInit: FAudioDevice initialized.
[2016.01.31-19.57.15:438][329]LogWorld: Game class is 'FirstPersonGameMode_C'
[2016.01.31-19.57.15:442][329]LogWorld: Bringing World /Game/FirstPersonBP/Level/UEDPIE_0_BondsLevel.BondsLevel up for play (max tick rate 0) at 2016.01.31-14.57.15
[2016.01.31-19.57.15:442][329]LogActor:Warning: GameSession /Game/FirstPersonBP/Level/UEDPIE_0_BondsLevel.BondsLevel:PersistentLevel.GameSession_4 has natively added scene component(s), but none of them were set as the actor's RootComponent - picking one arbitrarily
[2016.01.31-19.57.15:442][329]LogActor:Warning: GameNetworkManager /Game/FirstPersonBP/Level/UEDPIE_0_BondsLevel.BondsLevel:PersistentLevel.GameNetworkManager_4 has natively added scene component(s), but none of them were set as the actor's RootComponent - picking one arbitrarily
[2016.01.31-19.57.15:442][329]LogWorld: Bringing up level for play took: 0.003534
[2016.01.31-19.57.15:442][329]LogPathFollowing:Warning: No NavigationData found while trying to cache it for AIController_4's PathFollowingComponent
[2016.01.31-19.57.15:443][329]LogSpawn:Warning: SpawnActor failed because no class was specified
[2016.01.31-19.57.15:444][329]PIE: Info Play in editor start time for /Game/FirstPersonBP/Level/UEDPIE_0_BondsLevel 0.676
[2016.01.31-19.57.18:804][514]LogScript:Warning: Accessed None 'CallFunc_GetAnimInstance_ReturnValue'
	FirstPersonCharacter_C /Game/FirstPersonBP/Level/UEDPIE_0_BondsLevel.BondsLevel:PersistentLevel.FirstPersonCharacter_C_14
	Function /Game/FirstPersonBP/Blueprints/FirstPersonCharacter.FirstPersonCharacter_C:ExecuteUbergraph_FirstPersonCharacter:089C
[2016.01.31-19.57.18:804][514]PIE:Error: Error Accessed None 'CallFunc_GetAnimInstance_ReturnValue' from node Montage Play in graph 'EventGraph' in blueprint FirstPersonCharacter
[2016.01.31-19.57.19:280][538]LogParticles: Destroying 0 GPU particle simulations for FXSystem 0x00000000227E02C0
[2016.01.31-19.57.26:501][863]Cmd: QUIT_EDITOR
[2016.01.31-19.57.26:680][863]LogExit: Preparing to exit.
[2016.01.31-19.57.27:341][863]LogExit: Editor shut down
[2016.01.31-19.57.27:341][863]LogExit: Transaction tracking system shut down
[2016.01.31-19.57.27:342][863]LogParticles: Destroying 0 GPU particle simulations for FXSystem 0x0000000029335E40
[2016.01.31-19.57.27:343][863]LogParticles: Destroying 0 GPU particle simulations for FXSystem 0x000000001F23B880
[2016.01.31-19.57.27:343][863]LogParticles: Destroying 0 GPU particle simulations for FXSystem 0x0000000011F96A20
[2016.01.31-19.57.27:343][863]LogParticles: Destroying 0 GPU particle simulations for FXSystem 0x000000001F2820C0
[2016.01.31-19.57.27:343][863]LogParticles: Destroying 0 GPU particle simulations for FXSystem 0x000000004A9E3EC0
[2016.01.31-19.57.27:445][863]LogExit: Object subsystem successfully closed.
[2016.01.31-19.57.27:457][863]LogD3D11RHI: Shutdown
[2016.01.31-19.57.27:457][863]LogD3D11RHI: CleanupD3DDevice
[2016.01.31-19.57.27:457][863]LogD3D11RHI: ~FD3D11DynamicRHI
[2016.01.31-19.57.27:583][863]LogModuleManager: Shutting down and abandoning module CrashTracker (198)
[2016.01.31-19.57.27:583][863]LogModuleManager: Shutting down and abandoning module SceneOutliner (197)
[2016.01.31-19.57.27:583][863]LogModuleManager: Shutting down and abandoning module SuperSearch (196)
[2016.01.31-19.57.27:583][863]LogModuleManager: Shutting down and abandoning module WidgetCarousel (195)
[2016.01.31-19.57.27:583][863]LogModuleManager: Shutting down and abandoning module AddContentDialog (194)
[2016.01.31-19.57.27:584][863]LogModuleManager: Shutting down and abandoning module EditorWidgets (193)
[2016.01.31-19.57.27:584][863]LogModuleManager: Shutting down and abandoning module CollectionManager (192)
[2016.01.31-19.57.27:584][863]LogModuleManager: Shutting down and abandoning module StatsViewer (191)
[2016.01.31-19.57.27:584][863]LogModuleManager: Shutting down and abandoning module FoliageEdit (190)
[2016.01.31-19.57.27:584][863]LogModuleManager: Shutting down and abandoning module LandscapeEditor (189)
[2016.01.31-19.57.27:584][863]LogModuleManager: Shutting down and abandoning module ActorPickerMode (188)
[2016.01.31-19.57.27:584][863]LogModuleManager: Shutting down and abandoning module GeometryMode (187)
[2016.01.31-19.57.27:584][863]LogModuleManager: Shutting down and abandoning module TextureAlignMode (186)
[2016.01.31-19.57.27:584][863]LogModuleManager: Shutting down and abandoning module BspMode (185)
[2016.01.31-19.57.27:584][863]LogModuleManager: Shutting down and abandoning module PlacementMode (184)
[2016.01.31-19.57.27:584][863]LogModuleManager: Shutting down and abandoning module AutomationWorker (183)
[2016.01.31-19.57.27:584][863]LogModuleManager: Shutting down and abandoning module CharacterAI (182)
[2016.01.31-19.57.27:584][863]LogModuleManager: Shutting down and abandoning module SmartSnapping (181)
[2016.01.31-19.57.27:584][863]LogModuleManager: Shutting down and abandoning module ViewportSnapping (180)
[2016.01.31-19.57.27:584][863]LogModuleManager: Shutting down and abandoning module LogVisualizer (179)
[2016.01.31-19.57.27:584][863]LogModuleManager: Shutting down and abandoning module GameProjectGeneration (178)
[2016.01.31-19.57.27:584][863]LogModuleManager: Shutting down and abandoning module IntroTutorials (177)
[2016.01.31-19.57.27:584][863]LogModuleManager: Shutting down and abandoning module EditorLiveStreaming (176)
[2016.01.31-19.57.27:584][863]LogModuleManager: Shutting down and abandoning module IOSPlatformEditor (175)
[2016.01.31-19.57.27:584][863]LogModuleManager: Shutting down and abandoning module HTML5PlatformEditor (174)
[2016.01.31-19.57.27:584][863]LogModuleManager: Shutting down and abandoning module AndroidDeviceDetection (173)
[2016.01.31-19.57.28:120][863]LogModuleManager: Shutting down and abandoning module AndroidPlatformEditor (172)
[2016.01.31-19.57.28:120][863]LogModuleManager: Shutting down and abandoning module IOSRuntimeSettings (171)
[2016.01.31-19.57.28:120][863]LogModuleManager: Shutting down and abandoning module AndroidRuntimeSettings (170)
[2016.01.31-19.57.28:120][863]LogModuleManager: Shutting down and abandoning module MergeActors (169)
[2016.01.31-19.57.28:120][863]LogModuleManager: Shutting down and abandoning module SizeMap (168)
[2016.01.31-19.57.28:121][863]LogModuleManager: Shutting down and abandoning module TreeMap (167)
[2016.01.31-19.57.28:121][863]LogModuleManager: Shutting down and abandoning module ReferenceViewer (166)
[2016.01.31-19.57.28:121][863]LogModuleManager: Shutting down and abandoning module LocalizationService (165)
[2016.01.31-19.57.28:121][863]LogModuleManager: Shutting down and abandoning module LocalizationDashboard (164)
[2016.01.31-19.57.28:121][863]LogModuleManager: Shutting down and abandoning module HardwareTargeting (163)
[2016.01.31-19.57.28:121][863]LogModuleManager: Shutting down and abandoning module DeviceProfileEditor (162)
[2016.01.31-19.57.28:121][863]LogModuleManager: Shutting down and abandoning module UndoHistory (161)
[2016.01.31-19.57.28:121][863]LogModuleManager: Shutting down and abandoning module GameplayTagsEditor (160)
[2016.01.31-19.57.28:121][863]LogModuleManager: Shutting down and abandoning module UserFeedback (159)
[2016.01.31-19.57.28:121][863]LogModuleManager: Shutting down and abandoning module XmlParser (158)
[2016.01.31-19.57.28:121][863]LogModuleManager: Shutting down and abandoning module Blutility (157)
[2016.01.31-19.57.28:121][863]LogModuleManager: Shutting down and abandoning module ProjectTargetPlatformEditor (156)
[2016.01.31-19.57.28:121][863]LogModuleManager: Shutting down and abandoning module ProjectSettingsViewer (155)
[2016.01.31-19.57.28:121][863]LogModuleManager: Shutting down and abandoning module InputBindingEditor (154)
[2016.01.31-19.57.28:121][863]LogModuleManager: Shutting down and abandoning module EditorSettingsViewer (153)
[2016.01.31-19.57.28:122][863]LogModuleManager: Shutting down and abandoning module SettingsEditor (152)
[2016.01.31-19.57.28:122][863]LogModuleManager: Shutting down and abandoning module ProjectLauncher (151)
[2016.01.31-19.57.28:122][863]LogModuleManager: Shutting down and abandoning module SessionFrontend (150)
[2016.01.31-19.57.28:122][863]LogModuleManager: Shutting down and abandoning module ProfilerClient (149)
[2016.01.31-19.57.28:122][863]LogModuleManager: Shutting down and abandoning module TargetDeviceServices (148)
[2016.01.31-19.57.28:122][863]LogModuleManager: Shutting down and abandoning module DeviceManager (147)
[2016.01.31-19.57.28:122][863]LogModuleManager: Shutting down and abandoning module AutomationController (146)
[2016.01.31-19.57.28:122][863]LogModuleManager: Shutting down and abandoning module AutomationWindow (145)
[2016.01.31-19.57.28:122][863]LogModuleManager: Shutting down and abandoning module Layers (144)
[2016.01.31-19.57.28:122][863]LogModuleManager: Shutting down and abandoning module ComponentVisualizers (143)
[2016.01.31-19.57.28:122][863]LogModuleManager: Shutting down and abandoning module DetailCustomizations (142)
[2016.01.31-19.57.28:122][863]LogModuleManager: Shutting down and abandoning module PackagesDialog (141)
[2016.01.31-19.57.28:122][863]LogModuleManager: Shutting down and abandoning module Persona (140)
[2016.01.31-19.57.28:122][863]LogModuleManager: Shutting down and abandoning module Kismet (139)
[2016.01.31-19.57.28:122][863]LogModuleManager: Shutting down and abandoning module GraphEditor (138)
[2016.01.31-19.57.28:122][863]LogModuleManager: Shutting down and abandoning module ClassViewer (137)
[2016.01.31-19.57.28:122][863]LogModuleManager: Shutting down and abandoning module Toolbox (136)
[2016.01.31-19.57.28:123][863]LogModuleManager: Shutting down and abandoning module ModuleUI (135)
[2016.01.31-19.57.28:123][863]LogModuleManager: Shutting down and abandoning module MovieSceneTools (134)
[2016.01.31-19.57.28:123][863]LogModuleManager: Shutting down and abandoning module OutputLog (133)
[2016.01.31-19.57.28:123][863]LogModuleManager: Shutting down and abandoning module GammaUI (132)
[2016.01.31-19.57.28:123][863]LogModuleManager: Shutting down and abandoning module Documentation (131)
[2016.01.31-19.57.28:123][863]LogModuleManager: Shutting down and abandoning module GameLiveStreaming (130)
[2016.01.31-19.57.28:123][863]LogModuleManager: Shutting down and abandoning module StreamingPauseRendering (129)
[2016.01.31-19.57.28:123][863]LogModuleManager: Shutting down and abandoning module AnalyticsET (128)
[2016.01.31-19.57.28:123][863]LogModuleManager: Shutting down and abandoning module Analytics (127)
[2016.01.31-19.57.28:123][863]LogModuleManager: Shutting down and abandoning module AITestSuite (126)
[2016.01.31-19.57.28:123][863]LogModuleManager: Shutting down and abandoning module GameplayDebugger (125)
[2016.01.31-19.57.28:123][863]LogModuleManager: Shutting down and abandoning module AIModule (124)
[2016.01.31-19.57.28:123][863]LogModuleManager: Shutting down and abandoning module ProfilerService (123)
[2016.01.31-19.57.28:253][863]LogModuleManager: Shutting down and abandoning module TaskGraph (122)
[2016.01.31-19.57.28:254][863]LogModuleManager: Shutting down and abandoning module SlateRemote (121)
[2016.01.31-19.57.28:254][863]LogModuleManager: Shutting down and abandoning module SteamVRController (120)
[2016.01.31-19.57.28:254][863]LogModuleManager: Shutting down and abandoning module SteamVR (119)
[2016.01.31-19.57.28:254][863]LogModuleManager: Shutting down and abandoning module ProceduralMeshComponent (118)
[2016.01.31-19.57.28:254][863]LogModuleManager: Shutting down and abandoning module OculusLibrary (117)
[2016.01.31-19.57.28:254][863]LogModuleManager: Shutting down and abandoning module OculusInput (116)
[2016.01.31-19.57.28:254][863]LogModuleManager: Shutting down and abandoning module LeapMotionController (115)
[2016.01.31-19.57.28:288][863]LogModuleManager: Shutting down and abandoning module CustomMeshComponent (114)
[2016.01.31-19.57.28:288][863]LogModuleManager: Shutting down and abandoning module CableComponent (113)
[2016.01.31-19.57.28:288][863]LogModuleManager: Shutting down and abandoning module ArchVisCharacter (112)
[2016.01.31-19.57.28:288][863]LogModuleManager: Shutting down and abandoning module MessagingDebugger (111)
[2016.01.31-19.57.28:288][863]LogModuleManager: Shutting down and abandoning module MediaPlayerEditor (110)
[2016.01.31-19.57.28:288][863]LogModuleManager: Shutting down and abandoning module HTML5Networking (109)
[2016.01.31-19.57.28:288][863]LogModuleManager: Shutting down and abandoning module SpeedTreeImporter (108)
[2016.01.31-19.57.28:288][863]LogModuleManager: Shutting down and abandoning module PluginBrowser (107)
[2016.01.31-19.57.28:288][863]LogModuleManager: Shutting down and abandoning module EpicSurvey (106)
[2016.01.31-19.57.28:288][863]LogModuleManager: Shutting down and abandoning module DesktopPlatform (105)
[2016.01.31-19.57.28:289][863]LogModuleManager: Shutting down and abandoning module VisualStudioSourceCodeAccess (104)
[2016.01.31-19.57.28:290][863]LogModuleManager: Shutting down and abandoning module UObjectPlugin (103)
[2016.01.31-19.57.28:290][863]LogModuleManager: Shutting down and abandoning module SubversionSourceControl (102)
[2016.01.31-19.57.28:290][863]LogModuleManager: Shutting down and abandoning module PerforceSourceControl (101)
[2016.01.31-19.57.28:290][863]LogModuleManager: Shutting down and abandoning module SourceControl (100)
[2016.01.31-19.57.28:291][863]LogModuleManager: Shutting down and abandoning module GitSourceControl (99)
[2016.01.31-19.57.28:291][863]LogModuleManager: Shutting down and abandoning module LightPropagationVolumeEditor (98)
[2016.01.31-19.57.28:291][863]LogModuleManager: Shutting down and abandoning module PaperTiledImporter (97)
[2016.01.31-19.57.28:291][863]LogModuleManager: Shutting down and abandoning module PaperSpriteSheetImporter (96)
[2016.01.31-19.57.28:291][863]LogModuleManager: Shutting down and abandoning module MeshPaint (95)
[2016.01.31-19.57.28:291][863]LogModuleManager: Shutting down and abandoning module SlateReflector (94)
[2016.01.31-19.57.28:291][863]LogModuleManager: Shutting down and abandoning module HotReload (93)
[2016.01.31-19.57.28:291][863]LogModuleManager: Shutting down and abandoning module MainFrame (92)
[2016.01.31-19.57.28:291][863]LogModuleManager: Shutting down and abandoning module LevelEditor (91)
[2016.01.31-19.57.28:294][863]LogModuleManager: Shutting down and abandoning module DirectoryWatcher (90)
[2016.01.31-19.57.28:295][863]LogModuleManager: Shutting down and abandoning module AssetRegistry (89)
[2016.01.31-19.57.28:368][863]LogModuleManager: Shutting down and abandoning module ContentBrowser (88)
[2016.01.31-19.57.28:368][863]LogModuleManager: Shutting down and abandoning module Paper2DEditor (87)
[2016.01.31-19.57.28:368][863]LogModuleManager: Shutting down and abandoning module UdpMessaging (86)
[2016.01.31-19.57.28:468][863]LogModuleManager: Shutting down and abandoning module LightPropagationVolumeRuntime (85)
[2016.01.31-19.57.28:468][863]LogModuleManager: Shutting down and abandoning module Paper2D (84)
[2016.01.31-19.57.28:468][863]LogModuleManager: Shutting down and abandoning module WindowsMoviePlayer (83)
[2016.01.31-19.57.28:470][863]LogModuleManager: Shutting down and abandoning module Media (82)
[2016.01.31-19.57.28:470][863]LogModuleManager: Shutting down and abandoning module WmfMedia (81)
[2016.01.31-19.57.28:471][863]LogModuleManager: Shutting down and abandoning module OnlineBlueprintSupport (80)
[2016.01.31-19.57.28:471][863]LogModuleManager: Shutting down and abandoning module GameplayTasksEditor (79)
[2016.01.31-19.57.28:471][863]LogModuleManager: Shutting down and abandoning module PropertyEditor (78)
[2016.01.31-19.57.28:471][863]LogModuleManager: Shutting down and abandoning module BehaviorTreeEditor (77)
[2016.01.31-19.57.28:471][863]LogModuleManager: Shutting down and abandoning module FunctionalTesting (76)
[2016.01.31-19.57.28:471][863]LogModuleManager: Shutting down and abandoning module CollisionAnalyzer (75)
[2016.01.31-19.57.28:471][863]LogModuleManager: Shutting down and abandoning module WorkspaceMenuStructure (74)
[2016.01.31-19.57.28:471][863]LogModuleManager: Shutting down and abandoning module MessageLog (73)
[2016.01.31-19.57.28:471][863]LogModuleManager: Shutting down and abandoning module Sequencer (72)
[2016.01.31-19.57.28:471][863]LogModuleManager: Shutting down and abandoning module AssetTools (71)
[2016.01.31-19.57.28:471][863]LogModuleManager: Shutting down and abandoning module UMGEditor (70)
[2016.01.31-19.57.28:471][863]LogModuleManager: Shutting down and abandoning module UMG (69)
[2016.01.31-19.57.28:471][863]LogModuleManager: Shutting down and abandoning module Slate (68)
[2016.01.31-19.57.28:471][863]LogModuleManager: Shutting down and abandoning module EditorStyle (67)
[2016.01.31-19.57.28:473][863]LogModuleManager: Shutting down and abandoning module SessionServices (66)
[2016.01.31-19.57.28:473][863]LogModuleManager: Shutting down and abandoning module SourceCodeAccess (65)
[2016.01.31-19.57.28:473][863]LogModuleManager: Shutting down and abandoning module HeadMountedDisplay (64)
[2016.01.31-19.57.28:473][863]LogModuleManager: Shutting down and abandoning module XAudio2 (63)
[2016.01.31-19.57.28:473][863]LogModuleManager: Shutting down and abandoning module Networking (61)
[2016.01.31-19.57.28:473][863]LogModuleManager: Shutting down and abandoning module Core (60)
[2016.01.31-19.57.28:473][863]LogModuleManager: Shutting down and abandoning module KismetCompiler (59)
[2016.01.31-19.57.28:473][863]LogModuleManager: Shutting down and abandoning module PhysXFormats (58)
[2016.01.31-19.57.28:473][863]LogModuleManager: Shutting down and abandoning module MeshUtilities (57)
[2016.01.31-19.57.28:473][863]LogModuleManager: Shutting down and abandoning module DerivedDataCache (56)
[2016.01.31-19.57.28:878][863]LogDerivedDataCache: Shutdown
[2016.01.31-19.57.28:878][863]LogModuleManager: Shutting down and abandoning module ShaderFormatOpenGL (55)
[2016.01.31-19.57.28:878][863]LogModuleManager: Shutting down and abandoning module ShaderFormatD3D (54)
[2016.01.31-19.57.28:879][863]LogModuleManager: Shutting down and abandoning module MetalShaderFormat (53)
[2016.01.31-19.57.28:879][863]LogModuleManager: Shutting down and abandoning module TextureFormatUncompressed (52)
[2016.01.31-19.57.28:879][863]LogModuleManager: Shutting down and abandoning module TextureFormatPVR (51)
[2016.01.31-19.57.28:879][863]LogModuleManager: Shutting down and abandoning module TextureFormatIntelISPCTexComp (50)
[2016.01.31-19.57.28:879][863]LogModuleManager: Shutting down and abandoning module TextureFormatDXT (49)
[2016.01.31-19.57.28:879][863]LogModuleManager: Shutting down and abandoning module ImageWrapper (48)
[2016.01.31-19.57.28:879][863]LogModuleManager: Shutting down and abandoning module TextureFormatASTC (47)
[2016.01.31-19.57.28:879][863]LogModuleManager: Shutting down and abandoning module TextureFormatAndroid (46)
[2016.01.31-19.57.28:879][863]LogModuleManager: Shutting down and abandoning module AudioFormatOpus (45)
[2016.01.31-19.57.28:879][863]LogModuleManager: Shutting down and abandoning module AudioFormatOgg (44)
[2016.01.31-19.57.28:879][863]LogModuleManager: Shutting down and abandoning module AudioFormatADPCM (43)
[2016.01.31-19.57.28:879][863]LogModuleManager: Shutting down and abandoning module LinuxTargetPlatform (42)
[2016.01.31-19.57.28:879][863]LogModuleManager: Shutting down and abandoning module LinuxServerTargetPlatform (41)
[2016.01.31-19.57.28:879][863]LogModuleManager: Shutting down and aban