[2016.02.01-06.52.21:209][  0]Log file open, 02/01/16 01:52:21
[2016.02.01-06.52.21:209][  0]LogInit:Display: Running engine for game: HotelBete
[2016.02.01-06.52.21:209][  0]LogPlatformFile: Not using cached read wrapper
[2016.02.01-06.52.21:209][  0]LogInit:Display: RandInit(-1502132127) SRandInit(-1502132124).
[2016.02.01-06.52.21:209][  0]LogTaskGraph: Started task graph with 4 named threads and 5 total threads.
[2016.02.01-06.52.21:209][  0]LogStats: Stats thread started at 0.099782
[2016.02.01-06.52.21:209][  0]LogInit: Version: 4.10.2-2818068+++depot+UE4-Releases+4.10
[2016.02.01-06.52.21:209][  0]LogInit: API Version: 2758231
[2016.02.01-06.52.21:209][  0]LogInit: Compiled (64-bit): Jan  6 2016 17:36:42
[2016.02.01-06.52.21:209][  0]LogInit: Compiled with Visual C++: 19.00.23026.00
[2016.02.01-06.52.21:209][  0]LogInit: Build Configuration: Development
[2016.02.01-06.52.21:209][  0]LogInit: Branch Name: ++depot+UE4-Releases+4.10
[2016.02.01-06.52.21:209][  0]LogInit: Command line:  
[2016.02.01-06.52.21:209][  0]LogInit: Base directory: C:/Program Files/Epic Games/4.10/Engine/Binaries/Win64/
[2016.02.01-06.52.21:209][  0]LogInit: Rocket: 1
[2016.02.01-06.52.21:227][  0]LogInit: Using libcurl 7.41.0
[2016.02.01-06.52.21:227][  0]LogInit:  - built for x86_64-pc-win32
[2016.02.01-06.52.21:227][  0]LogInit:  - supports SSL with WinSSL
[2016.02.01-06.52.21:227][  0]LogInit:  - other features:
[2016.02.01-06.52.21:227][  0]LogInit:      CURL_VERSION_SSL
[2016.02.01-06.52.21:227][  0]LogInit:      CURL_VERSION_IPV6
[2016.02.01-06.52.21:227][  0]LogInit:      CURL_VERSION_ASYNCHDNS
[2016.02.01-06.52.21:227][  0]LogInit:      CURL_VERSION_LARGEFILE
[2016.02.01-06.52.21:227][  0]LogInit:      CURL_VERSION_IDN
[2016.02.01-06.52.21:227][  0]LogInit:  CurlRequestOptions (configurable via config and command line):
[2016.02.01-06.52.21:227][  0]LogInit:  - bVerifyPeer = true  - Libcurl will verify peer certificate
[2016.02.01-06.52.21:227][  0]LogInit:  - bUseHttpProxy = false  - Libcurl will NOT use HTTP proxy
[2016.02.01-06.52.21:227][  0]LogInit:  - bDontReuseConnections = false  - Libcurl will reuse connections
[2016.02.01-06.52.21:227][  0]LogInit:  - CertBundlePath = nullptr  - Libcurl will use whatever was configured at build time.
[2016.02.01-06.52.21:244][  0]LogInit: Presizing for 0 objects not considered by GC, pre-allocating 0 bytes.
[2016.02.01-06.52.21:255][  0]LogInit: Object subsystem initialized
[2016.02.01-06.52.21:256][  0]LogInit: Selected Device Profile: [Windows]
[2016.02.01-06.52.21:256][  0]LogInit: Applying CVar settings loaded from the selected device profile: [Windows]
[2016.02.01-06.52.21:276][  0]LogInit: Computer: CONOR-LAPTOP
[2016.02.01-06.52.21:276][  0]LogInit: User: jcc44000
[2016.02.01-06.52.21:276][  0]LogInit: CPU Page size=4096, Cores=2
[2016.02.01-06.52.21:276][  0]LogInit: High frequency timer resolution =2.240908 MHz
[2016.02.01-06.52.21:276][  0]LogMemory: Memory total: Physical=11.9GB (12GB approx)
[2016.02.01-06.52.21:276][  0]LogMemory: Platform Memory Stats for Windows
[2016.02.01-06.52.21:276][  0]LogMemory: Process Physical Memory: 54.49 MB used, 54.49 MB peak
[2016.02.01-06.52.21:276][  0]LogMemory: Process Virtual Memory: 55.29 MB used, 55.29 MB peak
[2016.02.01-06.52.21:276][  0]LogMemory: Physical Memory: 3732.73 MB used, 12171.62 MB total
[2016.02.01-06.52.21:276][  0]LogMemory: Virtual Memory: 363.36 MB used, 134217728.00 MB total
[2016.02.01-06.52.21:328][  0]LogTextLocalizationManager: No specific translations for ('en-US') exist, so ('en') translations will be used.
[2016.02.01-06.52.22:043][  0]LogD3D11RHI: Found D3D11 adapter 0: Intel(R) HD Graphics Family (Feature Level 11_0)
[2016.02.01-06.52.22:043][  0]LogD3D11RHI: Adapter has 32MB of dedicated video memory, 0MB of dedicated system memory, and 1760MB of shared system memory, 1 output[s]
[2016.02.01-06.52.22:045][  0]LogD3D11RHI: Found D3D11 adapter 1: Microsoft Basic Render Driver (Feature Level 11_0)
[2016.02.01-06.52.22:045][  0]LogD3D11RHI: Adapter has 0MB of dedicated video memory, 0MB of dedicated system memory, and 256MB of shared system memory, 0 output[s]
[2016.02.01-06.52.22:046][  0]LogD3D11RHI: Chosen D3D11 Adapter Id = 0
[2016.02.01-06.52.22:054][  0]LogD3D11RHI: !Direct3DDevice
[2016.02.01-06.52.22:054][  0]LogRHI: Texture pool is 638 MB (70% of 912 MB)
[2016.02.01-06.52.22:066][  0]LogD3D11RHI: Async texture creation enabled
[2016.02.01-06.52.22:075][  0]LogShaderCompilers: Guid format shader working directory is -12 characters bigger than the processId version (../../../../../../Users/jcc44_000/Documents/GitHub/HotelBete/Intermediate/Shaders/WorkingDirectory/10756/).
[2016.02.01-06.52.22:075][  0]LogShaderCompilers: Cleaned the shader compiler working directory 'C:/Users/JCC44_~1/AppData/Local/Temp/UnrealShaderWorkingDir/7BA7D48F42DBCDD05C428FB1D8447519/'.
[2016.02.01-06.52.22:075][  0]LogShaderCompilers:Display: Using Local Shader Compiler.
[2016.02.01-06.52.23:780][  0]LogTemp:Display: Loaded TP AllDesktopTargetPlatform
[2016.02.01-06.52.23:789][  0]LogTemp:Display: Loaded TP WindowsClientTargetPlatform
[2016.02.01-06.52.23:800][  0]LogTemp:Display: Loaded TP WindowsNoEditorTargetPlatform
[2016.02.01-06.52.23:811][  0]LogTemp:Display: Loaded TP WindowsServerTargetPlatform
[2016.02.01-06.52.23:821][  0]LogTemp:Display: Loaded TP WindowsTargetPlatform
[2016.02.01-06.52.23:831][  0]LogTemp:Display: Loaded TP AndroidTargetPlatform
[2016.02.01-06.52.23:838][  0]LogTemp:Display: Loaded TP Android_ASTCTargetPlatform
[2016.02.01-06.52.23:845][  0]LogTemp:Display: Loaded TP Android_ATCTargetPlatform
[2016.02.01-06.52.23:852][  0]LogTemp:Display: Loaded TP Android_DXTTargetPlatform
[2016.02.01-06.52.23:858][  0]LogTemp:Display: Loaded TP Android_ETC1TargetPlatform
[2016.02.01-06.52.23:864][  0]LogTemp:Display: Loaded TP Android_ETC2TargetPlatform
[2016.02.01-06.52.23:880][  0]LogTemp:Display: Loaded TP Android_MultiTargetPlatform
[2016.02.01-06.52.23:880][  0]LogTemp:Display: Loaded TP Android_PVRTCTargetPlatform
[2016.02.01-06.52.23:881][  0]LogTemp:Display: Loaded TP HTML5TargetPlatform
[2016.02.01-06.52.23:905][  0]LogTemp:Display: Loaded TP IOSTargetPlatform
[2016.02.01-06.52.23:911][  0]LogTemp:Display: Loaded TP LinuxNoEditorTargetPlatform
[2016.02.01-06.52.23:916][  0]LogTemp:Display: Loaded TP LinuxServerTargetPlatform
[2016.02.01-06.52.23:922][  0]LogTemp:Display: Loaded TP LinuxTargetPlatform
[2016.02.01-06.52.23:922][  0]LogTargetPlatformManager:Display: Building Assets For Windows
[2016.02.01-06.52.24:080][  0]LogDerivedDataCache:Display: Max Cache Size: 512 MB
[2016.02.01-06.52.24:172][  0]LogDerivedDataCache: Loaded boot cache 0.09s 41MB C:/Users/jcc44_000/AppData/Local/UnrealEngine/4.10/DerivedDataCache/Boot.ddc.
[2016.02.01-06.52.24:172][  0]LogDerivedDataCache:Display: Loaded Boot cache: C:/Users/jcc44_000/AppData/Local/UnrealEngine/4.10/DerivedDataCache/Boot.ddc
[2016.02.01-06.52.24:172][  0]LogDerivedDataCache: FDerivedDataBackendGraph:  Pak pak cache file ../../../../../../Users/jcc44_000/Documents/GitHub/HotelBete/DerivedDataCache/DDC.ddp not found, will not use a pak cache.
[2016.02.01-06.52.24:172][  0]LogDerivedDataCache: Unable to find inner node Pak for hierarchical cache Hierarchy.
[2016.02.01-06.52.24:172][  0]LogDerivedDataCache: FDerivedDataBackendGraph:  CompressedPak pak cache file ../../../../../../Users/jcc44_000/Documents/GitHub/HotelBete/DerivedDataCache/Compressed.ddp not found, will not use a pak cache.
[2016.02.01-06.52.24:172][  0]LogDerivedDataCache: Unable to find inner node CompressedPak for hierarchical cache Hierarchy.
[2016.02.01-06.52.24:308][  0]LogDerivedDataCache:Display: Pak cache opened for reading ../../../Engine/DerivedDataCache/Compressed.ddp.
[2016.02.01-06.52.24:322][  0]LogDerivedDataCache: Using Local data cache path C:/Users/jcc44_000/AppData/Local/UnrealEngine/Common/DerivedDataCache: Writable
[2016.02.01-06.52.24:696][  0]LogInit: Selected Device Profile: [Windows]
[2016.02.01-06.52.24:702][  0]LogContentStreaming: Texture pool size is 0.000000MB
[2016.02.01-06.52.24:933][  0]LogMeshUtilities: No automatic mesh reduction module available
[2016.02.01-06.52.24:934][  0]LogMeshUtilities: No automatic mesh merging module available
[2016.02.01-06.52.25:361][  0]LogInit: WinSock: version 1.1 (2.2), MaxSocks=32767, MaxUdp=65467
[2016.02.01-06.52.26:981][  0]LogAssetRegistry: FAssetRegistry took 0.0109 seconds to start up
[2016.02.01-06.52.27:010][  0]UdpMessaging: Initializing bridge on interface 0.0.0.0:0 to multicast group 230.0.0.1:6666.
[2016.02.01-06.52.27:477][  0]SourceControl: Info Source control is disabled
[2016.02.01-06.52.27:478][  0]SourceControl: Info Source control is disabled
[2016.02.01-06.52.27:496][  0]SourceControl: Info Source control is disabled
[2016.02.01-06.52.27:514][  0]SourceControl: Info Source control is disabled
[2016.02.01-06.52.27:932][  0]LogObj: 28802 objects as part of root set at end of initial load.
[2016.02.01-06.52.27:933][  0]LogUObjectAllocator: 6129776 out of 0 bytes used by permanent object pool.
[2016.02.01-06.52.28:030][  0]LogEngine: Initializing Engine...
[2016.02.01-06.52.28:033][  0]LogHMD: Can't find Oculus library dev build: is proper Runtime installed? Version: 0.8.0.0
[2016.02.01-06.52.28:035][  0]LogHMD: SteamVR failed to initialize.  Err: 110
[2016.02.01-06.52.28:249][  0]LogAIModule: Creating AISystem for world NewWorld
[2016.02.01-06.52.28:255][  0]LogInit: XAudio2 using 'Speakers (Realtek High Definition Audio)' : 2 channels at 48 kHz using 32 bits per sample (channel mask 0x3)
[2016.02.01-06.52.28:482][  0]LogInit: FAudioDevice initialized.
[2016.02.01-06.52.28:522][  0]LogDerivedDataCache: Saved boot cache 0.04s 41MB C:/Users/jcc44_000/AppData/Local/UnrealEngine/4.10/DerivedDataCache/Boot.ddc.
[2016.02.01-06.52.28:528][  0]LogInit: Texture streaming: Enabled
[2016.02.01-06.52.28:539][  0]LogAnalytics: Creating configured Analytics provider AnalyticsET
[2016.02.01-06.52.28:539][  0]LogAnalytics: [UEEditor.Rocket.Release] APIServer = http://et2.epicgames.com/ET2/. AppVersion = 4.10.2-2818068+++depot+UE4-Releases+4.10
[2016.02.01-06.52.28:539][  0]LogAnalytics: [UEEditor.Rocket.Release] SetUserId a00de05446ef577f40030a85b6572d0b|78e6d53e0a594b3ca03846b462c1cd9f|0660c053-9676-4ff0-a488-6e040aefb54e
[2016.02.01-06.52.28:539][  0]LogAnalytics: [UEEditor.Rocket.Release] AnalyticsET::StartSession
[2016.02.01-06.52.28:554][  0]LogInit: Transaction tracking system initialized
[2016.02.01-06.52.28:609][  0]BlueprintLog: New page: Editor Load
[2016.02.01-06.52.28:765][  0]LocalizationService: Info Localization service is disabled
[2016.02.01-06.52.28:904][  0]LogConsoleResponse:Display: 
[2016.02.01-06.52.29:113][  0]LogCook:Display: Done creating registry. It took  0.00s.
[2016.02.01-06.52.29:215][  0]LogFileCache: Scanning file cache for directory 'C:/Users/jcc44_000/Documents/GitHub/HotelBete/Content/' took 0.02s
[2016.02.01-06.52.29:215][  0]SourceControl: Info Source control is disabled
[2016.02.01-06.52.29:215][  0]Cmd: MAP LOAD FILE="../../../../../../Users/jcc44_000/Documents/GitHub/HotelBete/Content/FirstPersonBP/Level/BondsLevel.umap" TEMPLATE=0 SHOWPROGRESS=1 FEATURELEVEL=3
[2016.02.01-06.52.29:215][  0]LogEditorServer:Warning: Can't find file '../../../../../../Users/jcc44_000/Documents/GitHub/HotelBete/Content/FirstPersonBP/Level/BondsLevel.umap'
[2016.02.01-06.52.29:216][  0]Cmd: MAP CHECKDEP NOCLEARLOG
[2016.02.01-06.52.29:276][  0]MapCheck: Info Map check complete: 0 Error(s), 0 Warning(s), took 60.316ms to complete.
[2016.02.01-06.52.29:277][  0]LogFileHelpers: Loading map 'BondsLevel' took 0.062
[2016.02.01-06.52.29:426][  0]LogCollectionManager: Loaded 0 collections in 0.004878 seconds
[2016.02.01-06.52.29:472][  0]LogFileCache: Scanning file cache for directory 'C:/Users/jcc44_000/Documents/GitHub/HotelBete/Saved/Collections/' took 0.01s
[2016.02.01-06.52.29:472][  0]LogFileCache: Scanning file cache for directory 'C:/Users/jcc44_000/Documents/GitHub/HotelBete/Content/Developers/jcc44000/Collections/' took 0.01s
[2016.02.01-06.52.29:472][  0]LogFileCache: Scanning file cache for directory 'C:/Users/jcc44_000/Documents/GitHub/HotelBete/Content/Collections/' took 0.01s
[2016.02.01-06.52.29:472][  0]LogCollectionManager: Rebuilt the GUID cache for 0 collections in 0.000003 seconds
[2016.02.01-06.52.29:489][  0]LogContentBrowser: Native class hierarchy populated in 0.0167 seconds. Added 1908 classes and 344 folders.
[2016.02.01-06.52.29:502][  0]LogContentBrowser: Native class hierarchy updated for 'WidgetCarousel' in 0.0004 seconds. Added 0 classes and 0 folders.
[2016.02.01-06.52.29:575][  0]LogContentBrowser: Native class hierarchy updated for 'AddContentDialog' in 0.0005 seconds. Added 0 classes and 0 folders.
[2016.02.01-06.52.29:583][  0]LogContentBrowser: Native class hierarchy updated for 'SceneOutliner' in 0.0007 seconds. Added 1 classes and 2 folders.
[2016.02.01-06.52.29:664][  0]LogCrashTracker: Crashtracker disabled due to settings.
[2016.02.01-06.52.29:670][  0]LogUObjectGlobals:Warning: Failed to find object 'Class None.'
[2016.02.01-06.52.29:694][  0]LogLoad: Full Startup: 9.35 seconds (BP compile: 0.00 seconds)
[2016.02.01-06.52.29:713][  0]LogWindowsTextInputMethodSystem:Display: IME system now deactivated.
[2016.02.01-06.52.29:713][  0]LogWindowsTextInputMethodSystem:Display: IME system now deactivated.
[2016.02.01-06.52.29:720][  0]LogOcInput: Can't find Oculus library dev build: is proper Runtime installed? Version: 0.8.0.0
[2016.02.01-06.52.29:787][  0]LogContentStreaming: Texture pool size now 1000 MB
[2016.02.01-06.52.30:038][  0]LogRenderer: Reallocating scene render targets to support 888x432 (Frame:2).
[2016.02.01-06.52.31:575][  3]LogAssetRegistry: Asset discovery search completed in 4.6039 seconds
[2016.02.01-06.52.31:575][  3]LogCollectionManager: Rebuilt the object cache for 0 collections in 0.000000 seconds (found 0 objects)
[2016.02.01-06.52.31:575][  3]LogCollectionManager: Fixed up redirectors for 0 collections in 0.000027 seconds (updated 0 objects)
[2016.02.01-06.52.38:457][167]LogMaterial: Missing cached shader map for material 03_-_Default, compiling. 
[2016.02.01-06.52.38:722][167]LogMaterial: Missing cached shader map for material 03_-_Default, compiling. 
[2016.02.01-06.52.38:735][167]LogMaterial: 0.000192 seconds spent updating 1 materials, 1 interfaces, 0 instances, 0 with static permutations.
[2016.02.01-06.52.38:769][167]LogMaterial: Missing cached shader map for material FMatExpressionPreview MaterialExpressionVectorParameter_1, compiling. 
[2016.02.01-06.52.44:529][255]LogMaterial: Missing cached shader map for material 03_-_Default, compiling. 
[2016.02.01-06.52.44:541][255]LogMaterial: 0.000048 seconds spent updating 1 materials, 1 interfaces, 0 instances, 0 with static permutations.
[2016.02.01-06.52.44:544][255]LogMaterial: Missing cached shader map for material FMatExpressionPreview MaterialExpressionTextureSample_0, compiling. 
[2016.02.01-06.52.44:578][255]LogMaterial: Missing cached shader map for material FMatExpressionPreview MaterialExpressionVectorParameter_1, compiling. 
[2016.02.01-06.52.44:584][255]LogMaterial: Missing cached shader map for material FMatExpressionPreview MaterialExpressionTextureSample_0, compiling. 
[2016.02.01-06.52.49:017][350]LogMaterial: Missing cached shader map for material 03_-_Default, compiling. 
[2016.02.01-06.52.49:031][350]LogMaterial: 0.000058 seconds spent updating 1 materials, 1 interfaces, 0 instances, 0 with static permutations.
[2016.02.01-06.52.49:063][350]LogMaterial: Missing cached shader map for material FMatExpressionPreview MaterialExpressionTextureSample_0, compiling. 
[2016.02.01-06.52.53:921][417]LogMaterial: Missing cached shader map for material 03_-_Default, compiling. 
[2016.02.01-06.52.53:934][417]LogMaterial: 0.000087 seconds spent updating 1 materials, 1 interfaces, 0 instances, 0 with static permutations.
[2016.02.01-06.52.53:936][417]LogMaterial: Missing cached shader map for material FMatExpressionPreview MaterialExpressionTextureSample_1, compiling. 
[2016.02.01-06.52.53:971][417]LogMaterial: Missing cached shader map for material FMatExpressionPreview MaterialExpressionVectorParameter_1, compiling. 
[2016.02.01-06.52.53:978][417]LogMaterial: Missing cached shader map for material FMatExpressionPreview MaterialExpressionTextureSample_0, compiling. 
[2016.02.01-06.52.53:985][417]LogMaterial: Missing cached shader map for material FMatExpressionPreview MaterialExpressionTextureSample_1, compiling. 
[2016.02.01-06.53.12:708][763]LogMaterial: Missing cached shader map for material 03_-_Default, compiling. 
[2016.02.01-06.53.12:730][763]LogMaterial: 0.000125 seconds spent updating 1 materials, 1 interfaces, 0 instances, 0 with static permutations.
[2016.02.01-06.53.28:713][129]LogMaterial: Missing cached shader map for material 03_-_Default, compiling. 
[2016.02.01-06.53.28:727][129]LogMaterial: 0.000053 seconds spent updating 1 materials, 1 interfaces, 0 instances, 0 with static permutations.
[2016.02.01-06.53.28:757][129]LogMaterial: Missing cached shader map for material FMatExpressionPreview MaterialExpressionTextureSample_1, compiling. 
[2016.02.01-06.53.38:161][197]LogMaterial: Missing cached shader map for material 03_-_Default, compiling. 
[2016.02.01-06.53.38:190][197]LogMaterial: 0.000102 seconds spent updating 1 materials, 1 interfaces, 0 instances, 0 with static permutations.
[2016.02.01-06.53.38:228][197]LogMaterial: Missing cached shader map for material 03_-_Default, compiling. 
[2016.02.01-06.53.38:262][197]LogMaterial: Missing cached shader map for material 03_-_Default, compiling. 
[2016.02.01-06.53.38:275][197]LogMaterial: 0.000640 seconds spent updating 1 materials, 1 interfaces, 0 instances, 0 with static permutations.
[2016.02.01-06.53.44:085][282]Cmd: CLOSE_SLATE_MAINFRAME
[2016.02.01-06.53.44:163][282]LogParticles: Destroying 0 GPU particle simulations for FXSystem 0x000000E3175EFCE0
[2016.02.01-06.53.54:641][282]Cmd: OBJ SAVEPACKAGE PACKAGE="/Game/Hotel/Art/Models/03_-_Default" FILE="../../../../../../Users/jcc44_000/Documents/GitHub/HotelBete/Content/Hotel/Art/Models/03_-_Default.uasset" SILENT=true
[2016.02.01-06.53.54:698][282]LogSavePackage: Save=31.020908ms
[2016.02.01-06.53.54:698][282]LogSavePackage: Moving '../../../../../../Users/jcc44_000/Documents/GitHub/HotelBete/Saved/03_-_Default8A0A93254C8451F4DC4EACAD5E51CF98.tmp' to '../../../../../../Users/jcc44_000/Documents/GitHub/HotelBete/Content/Hotel/Art/Models/03_-_Default.uasset'
[2016.02.01-06.53.54:703][282]LogSavePackage: Total save time: 59.642784ms
[2016.02.01-06.53.54:703][282]LogSavePackage:Display: Finished SavePackage ../../../../../../Users/jcc44_000/Documents/GitHub/HotelBete/Content/Hotel/Art/Models/03_-_Default.uasset
[2016.02.01-06.53.54:953][282]LogWindowsTextInputMethodSystem:Display: IME system now deactivated.
[2016.02.01-06.53.54:954][282]LogWindowsTextInputMethodSystem:Display: IME system now deactivated.
[2016.02.01-06.53.55:315][283]Cmd: QUIT_EDITOR
[2016.02.01-06.53.55:627][283]LogExit: Preparing to exit.
[2016.02.01-06.53.56:128][283]LogExit: Editor shut down
[2016.02.01-06.53.56:129][283]LogParticles: Destroying 0 GPU particle simulations for FXSystem 0x000000E32836BB00
[2016.02.01-06.53.56:129][283]LogExit: Transaction tracking system shut down
[2016.02.01-06.53.56:130][283]LogParticles: Destroying 0 GPU particle simulations for FXSystem 0x000000E3178AC540
[2016.02.01-06.53.56:131][283]LogParticles: Destroying 0 GPU particle simulations for FXSystem 0x000000E32EAADEE0
[2016.02.01-06.53.56:142][283]LogParticles: Destroying 0 GPU particle simulations for FXSystem 0x000000E3363CDC60
[2016.02.01-06.53.56:358][283]LogExit: Object subsystem successfully closed.
[2016.02.01-06.53.56:397][283]LogD3D11RHI: Shutdown
[2016.02.01-06.53.56:397][283]LogD3D11RHI: CleanupD3DDevice
[2016.02.01-06.53.56:486][283]LogD3D11RHI: ~FD3D11DynamicRHI
[2016.02.01-06.53.56:514][283]LogModuleManager: Shutting down and abandoning module CookingStats (201)
[2016.02.01-06.53.56:515][283]LogModuleManager: Shutting down and abandoning module MaterialEditor (200)
[2016.02.01-06.53.56:515][283]LogModuleManager: Shutting down and abandoning module CrashTracker (199)
[2016.02.01-06.53.56:515][283]LogModuleManager: Shutting down and abandoning module SceneOutliner (198)
[2016.02.01-06.53.56:515][283]LogModuleManager: Shutting down and abandoning module SuperSearch (197)
[2016.02.01-06.53.56:515][283]LogModuleManager: Shutting down and abandoning module WidgetCarousel (196)
[2016.02.01-06.53.56:515][283]LogModuleManager: Shutting down and abandoning module AddContentDialog (195)
[2016.02.01-06.53.56:517][283]LogModuleManager: Shutting down and abandoning module EditorWidgets (194)
[2016.02.01-06.53.56:517][283]LogModuleManager: Shutting down and abandoning module CollectionManager (193)
[2016.02.01-06.53.56:518][283]LogModuleManager: Shutting down and abandoning module FoliageEdit (192)
[2016.02.01-06.53.56:518][283]LogModuleManager: Shutting down and abandoning module LandscapeEditor (191)
[2016.02.01-06.53.56:518][283]LogModuleManager: Shutting down and abandoning module ActorPickerMode (190)
[2016.02.01-06.53.56:518][283]LogModuleManager: Shutting down and abandoning module GeometryMode (189)
[2016.02.01-06.53.56:518][283]LogModuleManager: Shutting down and abandoning module TextureAlignMode (188)
[2016.02.01-06.53.56:518][283]LogModuleManager: Shutting down and abandoning module BspMode (187)
[2016.02.01-06.53.56:518][283]LogModuleManager: Shutting down and abandoning module PlacementMode (186)
[2016.02.01-06.53.56:518][283]LogModuleManager: Shutting down and abandoning module AutomationWorker (185)
[2016.02.01-06.53.56:518][283]LogModuleManager: Shutting down and abandoning module CharacterAI (184)
[2016.02.01-06.53.56:518][283]LogModuleManager: Shutting down and abandoning module SmartSnapping (183)
[2016.02.01-06.53.56:518][283]LogModuleManager: Shutting down and abandoning module ViewportSnapping (182)
[2016.02.01-06.53.56:518][283]LogModuleManager: Shutting down and abandoning module LogVisualizer (181)
[2016.02.01-06.53.56:518][283]LogModuleManager: Shutting down and abandoning module GameProjectGeneration (180)
[2016.02.01-06.53.56:518][283]LogModuleManager: Shutting down and abandoning module IntroTutorials (179)
[2016.02.01-06.53.56:518][283]LogModuleManager: Shutting down and abandoning module EditorLiveStreaming (178)
[2016.02.01-06.53.56:518][283]LogModuleManager: Shutting down and abandoning module IOSPlatformEditor (177)
[2016.02.01-06.53.56:518][283]LogModuleManager: Shutting down and abandoning module HTML5PlatformEditor (176)
[2016.02.01-06.53.56:518][283]LogModuleManager: Shutting down and abandoning module AndroidDeviceDetection (175)
[2016.02.01-06.53.56:939][283]LogModuleManager: Shutting down and abandoning module AndroidPlatformEditor (174)
[2016.02.01-06.53.56:939][283]LogModuleManager: Shutting down and abandoning module IOSRuntimeSettings (173)
[2016.02.01-06.53.56:939][283]LogModuleManager: Shutting down and abandoning module AndroidRuntimeSettings (172)
[2016.02.01-06.53.56:939][283]LogModuleManager: Shutting down and abandoning module MergeActors (171)
[2016.02.01-06.53.56:939][283]LogModuleManager: Shutting down and abandoning module SizeMap (170)
[2016.02.01-06.53.56:939][283]LogModuleManager: Shutting down and abandoning module TreeMap (169)
[2016.02.01-06.53.56:939][283]LogModuleManager: Shutting down and abandoning module ReferenceViewer (168)
[2016.02.01-06.53.56:939][283]LogModuleManager: Shutting down and abandoning module LocalizationService (167)
[2016.02.01-06.53.56:939][283]LogModuleManager: Shutting down and abandoning module LocalizationDashboard (166)
[2016.02.01-06.53.56:939][283]LogModuleManager: Shutting down and abandoning module HardwareTargeting (165)
[2016.02.01-06.53.56:939][283]LogModuleManager: Shutting down and abandoning module DeviceProfileEditor (164)
[2016.02.01-06.53.56:939][283]LogModuleManager: Shutting down and abandoning module UndoHistory (163)
[2016.02.01-06.53.56:939][283]LogModuleManager: Shutting down and abandoning module GameplayTagsEditor (162)
[2016.02.01-06.53.56:939][283]LogModuleManager: Shutting down and abandoning module UserFeedback (161)
[2016.02.01-06.53.56:939][283]LogModuleManager: Shutting down and abandoning module XmlParser (160)
[2016.02.01-06.53.56:939][283]LogModuleManager: Shutting down and abandoning module Blutility (159)
[2016.02.01-06.53.56:939][283]LogModuleManager: Shutting down and abandoning module ProjectTargetPlatformEditor (158)
[2016.02.01-06.53.56:940][283]LogModuleManager: Shutting down and abandoning module ProjectSettingsViewer (157)
[2016.02.01-06.53.56:940][283]LogModuleManager: Shutting down and abandoning module InputBindingEditor (156)
[2016.02.01-06.53.56:940][283]LogModuleManager: Shutting down and abandoning module EditorSettingsViewer (155)
[2016.02.01-06.53.56:940][283]LogModuleManager: Shutting down and abandoning module SettingsEditor (154)
[2016.02.01-06.53.56:940][283]LogModuleManager: Shutting down and abandoning module ProjectLauncher (153)
[2016.02.01-06.53.56:940][283]LogModuleManager: Shutting down and abandoning module SessionFrontend (152)
[2016.02.01-06.53.56:940][283]LogModuleManager: Shutting down and abandoning module ProfilerClient (151)
[2016.02.01-06.53.56:940][283]LogModuleManager: Shutting down and abandoning module TargetDeviceServices (150)
[2016.02.01-06.53.56:940][283]LogModuleManager: Shutting down and abandoning module DeviceManager (149)
[2016.02.01-06.53.56:940][283]LogModuleManager: Shutting down and abandoning module AutomationController (148)
[2016.02.01-06.53.56:940][283]LogModuleManager: Shutting down and abandoning module AutomationWindow (147)
[2016.02.01-06.53.56:940][283]LogModuleManager: Shutting down and abandoning module Layers (146)
[2016.02.01-06.53.56:940][283]LogModuleManager: Shutting down and abandoning module ComponentVisualizers (145)
[2016.02.01-06.53.56:940][283]LogModuleManager: Shutting down and abandoning module DetailCustomizations (144)
[2016.02.01-06.53.56:940][283]LogModuleManager: Shutting down and abandoning module PackagesDialog (143)
[2016.02.01-06.53.56:940][283]LogModuleManager: Shutting down and abandoning module Persona (142)
[2016.02.01-06.53.56:940][283]LogModuleManager: Shutting down and abandoning module Kismet (141)
[2016.02.01-06.53.56:941][283]LogModuleManager: Shutting down and abandoning module GraphEditor (140)
[2016.02.01-06.53.56:941][283]LogModuleManager: Shutting down and abandoning module ClassViewer (139)
[2016.02.01-06.53.56:941][283]LogModuleManager: Shutting down and abandoning module Toolbox (138)
[2016.02.01-06.53.56:941][283]LogModuleManager: Shutting down and abandoning module ModuleUI (137)
[2016.02.01-06.53.56:941][283]LogModuleManager: Shutting down and abandoning module MovieSceneTools (136)
[2016.02.01-06.53.56:941][283]LogModuleManager: Shutting down and abandoning module OutputLog (135)
[2016.02.01-06.53.56:941][283]LogModuleManager: Shutting down and abandoning module GammaUI (134)
[2016.02.01-06.53.56:941][283]LogModuleManager: Shutting down and abandoning module Documentation (133)
[2016.02.01-06.53.56:941][283]LogModuleManager: Shutting down and abandoning module GameLiveStreaming (132)
[2016.02.01-06.53.56:941][283]LogModuleManager: Shutting down and abandoning module StreamingPauseRendering (131)
[2016.02.01-06.53.56:941][283]LogModuleManager: Shutting down and abandoning module AnalyticsET (130)
[2016.02.01-06.53.56:941][283]LogModuleManager: Shutting down and abandoning module Analytics (129)
[2016.02.01-06.53.56:941][283]LogModuleManager: Shutting down and abandoning module AITestSuite (128)
[2016.02.01-06.53.56:941][283]LogModuleManager: Shutting down and abandoning module GameplayDebugger (127)
[2016.02.01-06.53.56:941][283]LogModuleManager: Shutting down and abandoning module AIModule (126)
[2016.02.01-06.53.56:941][283]LogModuleManager: Shutting down and abandoning module ProfilerService (125)
[2016.02.01-06.53.57:069][283]LogModuleManager: Shutting down and abandoning module TaskGraph (124)
[2016.02.01-06.53.57:069][283]LogModuleManager: Shutting down and abandoning module SubstanceEditor (123)
[2016.02.01-06.53.57:069][283]LogModuleManager: Shutting down and abandoning module SlateRemote (122)
[2016.02.01-06.53.57:069][283]LogModuleManager: Shutting down and abandoning module SteamVRController (121)
[2016.02.01-06.53.57:069][283]LogModuleManager: Shutting down and abandoning module SteamVR (120)
[2016.02.01-06.53.57:069][283]LogModuleManager: Shutting down and abandoning module ProceduralMeshComponent (119)
[2016.02.01-06.53.57:069][283]LogModuleManager: Shutting down and abandoning module OculusLibrary (118)
[2016.02.01-06.53.57:069][283]LogModuleManager: Shutting down and abandoning module OculusInput (117)
[2016.02.01-06.53.57:069][283]LogModuleManager: Shutting down and abandoning module LeapMotionController (116)
[2016.02.01-06.53.57:097][283]LogModuleManager: Shutting down and abandoning module CustomMeshComponent (115)
[2016.02.01-06.53.57:097][283]LogModuleManager: Shutting down and abandoning module CableComponent (114)
[2016.02.01-06.53.57:097][283]LogModuleManager: Shutting down and abandoning module ArchVisCharacter (113)
[2016.02.01-06.53.57:097][283]LogModuleManager: Shutting down and abandoning module MessagingDebugger (112)
[2016.02.01-06.53.57:097][283]LogModuleManager: Shutting down and abandoning module MediaPlayerEditor (111)
[2016.02.01-06.53.57:097][283]LogModuleManager: Shutting down and abandoning module HTML5Networking (110)
[2016.02.01-06.53.57:097][283]LogModuleManager: Shutting down and abandoning module SpeedTreeImporter (109)
[2016.02.01-06.53.57:097][283]LogModuleManager: Shutting down and abandoning module PluginBrowser (108)
[2016.02.01-06.53.57:097][283]LogModuleManager: Shutting down and abandoning module EpicSurvey (107)
[2016.02.01-06.53.57:097][283]LogModuleManager: Shutting down and abandoning module DesktopPlatform (106)
[2016.02.01-06.53.57:097][283]LogModuleManager: Shutting down and abandoning module VisualStudioSourceCodeAccess (105)
[2016.02.01-06.53.57:097][283]LogModuleManager: Shutting down and abandoning module UObjectPlugin (104)
[2016.02.01-06.53.57:097][283]LogModuleManager: Shutting down and abandoning module SubversionSourceControl (103)
[2016.02.01-06.53.57:097][283]LogModuleManager: Shutting down and abandoning module PerforceSourceControl (102)
[2016.02.01-06.53.57:097][283]LogModuleManager: Shutting down and abandoning module SourceControl (101)
[2016.02.01-06.53.57:097][283]LogModuleManager: Shutting down and abandoning module GitSourceControl (100)
[2016.02.01-06.53.57:097][283]LogModuleManager: Shutting down and abandoning module LightPropagationVolumeEditor (99)
[2016.02.01-06.53.57:097][283]LogModuleManager: Shutting down and abandoning module PaperTiledImporter (98)
[2016.02.01-06.53.57:097][283]LogModuleManager: Shutting down and abandoning module PaperSpriteSheetImporter (97)
[2016.02.01-06.53.57:097][283]LogModuleManager: Shutting down and abandoning module MeshPaint (96)
[2016.02.01-06.53.57:097][283]LogModuleManager: Shutting down and abandoning module SlateReflector (95)
[2016.02.01-06.53.57:097][283]LogModuleManager: Shutting down and abandoning module HotReload (94)
[2016.02.01-06.53.57:097][283]LogModuleManager: Shutting down and abandoning module MainFrame (93)
[2016.02.01-06.53.57:097][283]LogModuleManager: Shutting down and abandoning module LevelEditor (92)
[2016.02.01-06.53.57:099][283]LogModuleManager: Shutting down and abandoning module ContentBrowser (91)
[2016.02.01-06.53.57:100][283]LogModuleManager: Shutting down and abandoning module Paper2DEditor (90)
[2016.02.01-06.53.57:100][283]LogModuleManager: Shutting down and abandoning module UdpMessaging (89)
[2016.02.01-06.53.57:201][283]LogModuleManager: Shutting down and abandoning module DirectoryWatcher (88)
[2016.02.01-06.53.57:202][283]LogModuleManager: Shutting down and abandoning module AssetRegistry (87)
[2016.02.01-06.53.57:282][283]LogModuleManager: Shutting down and abandoning module SubstanceCore (86)
[2016.02.01-06.53.57:282][283]LogModuleManager: Shutting down and abandoning module LightPropagationVolumeRuntime (85)
[2016.02.01-06.53.57:282][283]LogModuleManager: Shutting down and abandoning module Paper2D (84)
[2016.02.01-06.53.57:282][283]LogModuleManager: Shutting down and abandoning module WindowsMoviePlayer (83)
[2016.02.01-06.53.57:282][283]LogModuleManager: Shutting down and abandoning module Media (82)
[2016.02.01-06.53.57:282][283]LogModuleManager: Shutting down and abandoning module WmfMedia (81)
[2016.02.01-06.53.57:282][283]LogModuleManager: Shutting down and abandoning module OnlineBlueprintSupport (80)
[2016.02.01-06.53.57:282][283]LogModuleManager: Shutting down and abandoning module GameplayTasksEditor (79)
[2016.02.01-06.53.57:282][283]LogModuleManager: Shutting down and abandoning module PropertyEditor (78)
[2016.02.01-06.53.57:282][283]LogModuleManager: Shutting down and abandoning module BehaviorTreeEditor (77)
[2016.02.01-06.53.57:282][283]LogModuleManager: Shutting down and abandoning module FunctionalTesting (76)
[2016.02.01-06.53.57:282][283]LogModuleManager: Shutting down and abandoning module CollisionAnalyzer (75)
[2016.02.01-06.53.57:282][283]LogModuleManager: Shutting down and abandoning module WorkspaceMenuStructure (74)
[2016.02.01-06.53.57:282][283]LogModuleManager: Shutting down and abandoning module MessageLog (73)
[2016.02.01-06.53.57:283][283]LogModuleManager: Shutting down and abandoning module Sequencer (72)
[2016.02.01-06.53.57:283][283]LogModuleManager: Shutting down and abandoning module AssetTools (71)
[2016.02.01-06.53.57:283][283]LogModuleManager: Shutting down and abandoning module UMGEditor (70)
[2016.02.01-06.53.57:283][283]LogModuleManager: Shutting down and abandoning module UMG (69)
[2016.02.01-06.53.57:283][283]LogModuleManager: Shutting down and abandoning module Slate (68)
[2016.02.01-06.53.57:283][283]LogModuleManager: Shutting down and abandoning module EditorStyle (67)
[2016.02.01-06.53.57:285][283]LogModuleManager: Shutting down and abandoning module SessionServices (66)
[2016.02.01-06.53.57:285][283]LogModuleManager: Shutting down and abandoning module SourceCodeAccess (65)
[2016.02.01-06.53.57:285][283]LogModuleManager: Shutting down and abandoning module HeadMountedDisplay (64)
[2016.02.01-06.53.57:285][283]LogModuleManager: Shutting down and abandoning module XAudio2 (63)
[2016.02.01-06.53.57:285][283]LogModuleManager: Shutting down and abandoning module Networking (61)
[2016.02.01-06.53.57:286][283]LogModuleManager: Shutting down and abandoning module Core (60)
[2016.02.01-06.53.57:286][283]LogModuleManager: Shutting down and abandoning module KismetCompiler (59)
[2016.02.01-06.53.57:286][283]LogModuleManager: Shutting down and abandoning module PhysXFormats (58)
[2016.02.01-06.53.57:286][283]LogModuleManager: Shutting down and abandoning module MeshUtilities (57)
[2016.02.01-06.53.57:286][283]LogModuleManager: Shutting down and abandoning module DerivedDataCache (56)
[2016.02.01-06.53.57:511][283]LogDerivedDataCache: Shutdown
[2016.02.01-06.53.57:511][283]LogModuleManager: Shutting down and abandoning module ShaderFormatOpenGL (55)
[2016.02.01-06.53.57:511][283]LogModuleManager: Shutting down and abandoning module ShaderFormatD3D (54)
[2016.02.01-06.53.57:511][283]LogModuleManager: Shutting down and abandoning module MetalShaderFormat (53)
[2016.02.01-06.53.57:511][283]LogModuleManager: Shutting down and abandoning module TextureFormatUncompressed (52)
[2016.02.01-06.53.57:512][283]LogModuleManager: Shutting down and abandoning module TextureFormatPVR (51)
[2016.02.01-06.53.57:512][283]LogModuleManager: Shutting down and abandoning module TextureFormatIntelISPCTexComp (50)
[2016.02.01-06.53.57:512][283]LogModuleManager: Shutting down and abandoning module TextureFormatDXT (49)
[2016.02.01-06.53.57:512][283]LogModuleManager: Shutting down and abandoning module ImageWrapper (48)
[2016.02.01-06.53.57:512][283]LogModuleManager: Shutting down and abandoning module TextureFormatASTC (47)
[2016.02.01-06.53.57:512][283]LogModuleManager: Shutting down and abandoning module TextureFormatAndroid (46)
[2016.02.01-06.53.57:512][283]LogModuleManager: Shutting down and abandoning module AudioFormatOpus (45)
[2016.02.01-06.53.57:512][283]LogModuleManager: Shutting down and abandoning module AudioFormatOgg (44)
[2016.02.01-06.53.57:512][283]LogModuleManager: Shutting down and abandoning module AudioFormatADPCM (43)
[2016.02.01-06.53.57:512][283]LogModuleManager: Shutting down and abandoning module LinuxTargetPlatform (42)
[2016.02.01-06.53.57:512][283]LogModuleManager: Shutting down and abandoning module LinuxServerTargetPlatform (41)
[2016.02.01-06.53.57:512][283]LogModuleManager: Shutting down and abandoning module LinuxNoEditorTargetPlatform (40)
[2016.02.01-06.53.57:512][283]LogModuleManager: Shutting down and abandoning module Messaging (39)
[2016.02.01-06.53.57:512][283]LogModuleManager: Shutting down and abandoning module IOSTargetPlatform (38)
[2016.02.01-06.53.57:512][283]LogModuleManager: Shutting down and abandoning module HTML5TargetPlatform (37)
[2016.02.01-06.53.57:512][283]LogModuleManager: Shutting down and abandoning module Android_PVRTCTargetPlatform (36)
[2016.02.01-06.53.57:512][283]LogModuleManager: Shutting down and abandoning module Android_MultiTargetPlatform (35)
[2016.02.01-06.53.57:512][283]LogModuleManager: Shutting down and abandoning module Android_ETC2TargetPlatform (34)
[2016.02.01-06.53.57:512][283]LogModuleManager: Shutting down and abandoning module Android_ETC1TargetPlatform (33)
[2016.02.01-06.53.57:512][283]LogModuleManager: Shutting down and abandoning module Android_DXTTargetPlatform (32)
[2016.02.01-06.53.57:512][283]LogModuleManager: Shutting down and abandoning module Android_ATCTargetPlatform (31)
[2016.02.01-06.53.57:512][283]LogModuleManager: Shutting down and abandoning module Android_ASTCTargetPlatform (30)
[2016.02.01-06.53.57:512][283]LogModuleManager: Shutting down and abandoning module AndroidTargetPlatform (29)
[2016.02.01-06.53.57:512][283]LogModuleManager: Shutting down and abandoning module WindowsTargetPlatform (28)
[2016.02.01-06.53.57:512][283]LogModuleManager: Shutting down and abandoning module WindowsServerTargetPlatform (27)
[2016.02.01-06.53.57:512][283]LogModuleManager: Shutting down and abandoning module WindowsNoEditorTargetPlatform (26)
[2016.02.01-06.53.57:512][283]LogModuleManager: Shutting down and abandoning module WindowsClientTargetPlatform (25)
[2016.02.01-06.53.57:512][283]LogModuleManager: Shutting down and abandoning module AllDesktopTargetPlatform (24)
[2016.02.01-06.53.57:512][283]LogModuleManager: Shutting down and abandoning module TargetPlatform (23)
[2016.02.01-06.53.57:512][283]LogModuleManager: Shutting down and abandoning module InputCore (22)
[2016.02.01-06.53.57:512][283]LogModuleManager: Shutting down and abandoning module Settings (21)
[2016.02.01-06.53.57:512][283]LogModuleManager: Shutting down and abandoning module OnlineSubsystem (19)
[2016.02.01-06.53.57:512][283]LogModuleManager: Shutting down and abandoning module HTTP (18)
[2016.02.01-06.53.59:514][283]LogModuleManager: Shutting down and abandoning module XMPP (17)
[2016.02.01-06.53.59:514][283]LogModuleManager: Shutting down and abandoning module OculusRift (16)
[2016.02.01-06.53.59:514][283]LogModuleManager: Shutting down and abandoning module ExampleDeviceProfileSelector (15)
[2016.02.01-06.53.59:514][283]LogModuleManager: Shutting down and abandoning module TextureCompressor (14)
[2016.02.01-06.53.59:514][283]LogModuleManager: Shutting down and abandoning module ShaderCore (13)
[2016.02.01-06.53.59:514][283]LogModuleManager: Shutting down and abandoning module Landscape (12)
[2016.02.01-06.53.59:514][283]LogModuleManager: Shutting down and abandoning module SlateRHIRenderer (11)
[2016.02.01-06.53.59:516][283]LogModuleManager: Shutting down and abandoning module OpenGLDrv (10)
[2016.02.01-06.53.59:516][283]LogModuleManager: Shutting down and abandoning module D3D11RHI (9)
[2016.02.01-06.53.59:516][283]LogModuleManager: Shutting down and abandoning module AnimGraphRuntime (8)
[2016.02.01-06.53.59:516][283]LogModuleManager: Shutting down and abandoning module Renderer (7)
[2016.02.01-06.53.59:516][283]LogModuleManager: Shutting down and abandoning module Engine (6)
[2016.02.01-06.53.59:516][283]LogModuleManager: Shutting down and abandoning module CoreUObject (5)
[2016.02.01-06.53.59:516][283]LogModuleManager: Shutting down and abandoning module NetworkFile (4)
[2016.02.01-06.53.59:516][283]LogModuleManager: Shutting down and abandoning module StreamingFile (3)
[2016.02.01-06.53.59:516][283]LogModuleManager: Shutting down and abandoning module SandboxFile (2)
[2016.02.01-06.53.59:516][283]LogModuleManager: Shutting down and abandoning module PakFile (1)
[2016.02.01-06.53.59:517][283]LogExit: Exiting.
[2016.02.01-06.53.59:561][283]Log file closed, 02/01/16 01:53:59
