[2016.01.30-17.19.28:717][  0]Log file open, 01/30/16 12:19:28
[2016.01.30-17.19.28:717][  0]LogInit:Display: Running engine for game: HotelBete
[2016.01.30-17.19.28:717][  0]LogPlatformFile: Not using cached read wrapper
[2016.01.30-17.19.28:717][  0]LogInit:Display: RandInit(-1977658055) SRandInit(-1977658052).
[2016.01.30-17.19.28:717][  0]LogTaskGraph: Started task graph with 4 named threads and 7 total threads.
[2016.01.30-17.19.28:717][  0]LogStats: Stats thread started at 0.364681
[2016.01.30-17.19.28:717][  0]LogInit: Version: 4.10.2-2818068+++depot+UE4-Releases+4.10
[2016.01.30-17.19.28:717][  0]LogInit: API Version: 2758231
[2016.01.30-17.19.28:717][  0]LogInit: Compiled (64-bit): Jan  6 2016 17:36:42
[2016.01.30-17.19.28:717][  0]LogInit: Compiled with Visual C++: 19.00.23026.00
[2016.01.30-17.19.28:717][  0]LogInit: Build Configuration: Development
[2016.01.30-17.19.28:717][  0]LogInit: Branch Name: ++depot+UE4-Releases+4.10
[2016.01.30-17.19.28:717][  0]LogInit: Command line:  
[2016.01.30-17.19.28:717][  0]LogInit: Base directory: C:/Program Files/Epic Games/4.10/Engine/Binaries/Win64/
[2016.01.30-17.19.28:717][  0]LogInit: Rocket: 1
[2016.01.30-17.19.28:729][  0]LogInit: Using libcurl 7.41.0
[2016.01.30-17.19.28:729][  0]LogInit:  - built for x86_64-pc-win32
[2016.01.30-17.19.28:729][  0]LogInit:  - supports SSL with WinSSL
[2016.01.30-17.19.28:729][  0]LogInit:  - other features:
[2016.01.30-17.19.28:729][  0]LogInit:      CURL_VERSION_SSL
[2016.01.30-17.19.28:729][  0]LogInit:      CURL_VERSION_IPV6
[2016.01.30-17.19.28:729][  0]LogInit:      CURL_VERSION_ASYNCHDNS
[2016.01.30-17.19.28:729][  0]LogInit:      CURL_VERSION_LARGEFILE
[2016.01.30-17.19.28:729][  0]LogInit:      CURL_VERSION_IDN
[2016.01.30-17.19.28:730][  0]LogInit:  CurlRequestOptions (configurable via config and command line):
[2016.01.30-17.19.28:730][  0]LogInit:  - bVerifyPeer = true  - Libcurl will verify peer certificate
[2016.01.30-17.19.28:730][  0]LogInit:  - bUseHttpProxy = false  - Libcurl will NOT use HTTP proxy
[2016.01.30-17.19.28:730][  0]LogInit:  - bDontReuseConnections = false  - Libcurl will reuse connections
[2016.01.30-17.19.28:730][  0]LogInit:  - CertBundlePath = nullptr  - Libcurl will use whatever was configured at build time.
[2016.01.30-17.19.28:747][  0]LogInit: Presizing for 0 objects not considered by GC, pre-allocating 0 bytes.
[2016.01.30-17.19.28:757][  0]LogInit: Object subsystem initialized
[2016.01.30-17.19.28:767][  0]LogInit: Selected Device Profile: [Windows]
[2016.01.30-17.19.28:767][  0]LogInit: Applying CVar settings loaded from the selected device profile: [Windows]
[2016.01.30-17.19.28:785][  0]LogInit: Computer: MRRBOND-PC
[2016.01.30-17.19.28:785][  0]LogInit: User: MrrBond
[2016.01.30-17.19.28:785][  0]LogInit: CPU Page size=4096, Cores=4
[2016.01.30-17.19.28:785][  0]LogInit: High frequency timer resolution =3.416044 MHz
[2016.01.30-17.19.28:785][  0]LogMemory: Memory total: Physical=7.9GB (8GB approx)
[2016.01.30-17.19.28:785][  0]LogMemory: Platform Memory Stats for Windows
[2016.01.30-17.19.28:785][  0]LogMemory: Process Physical Memory: 57.61 MB used, 57.61 MB peak
[2016.01.30-17.19.28:785][  0]LogMemory: Process Virtual Memory: 57.55 MB used, 57.55 MB peak
[2016.01.30-17.19.28:785][  0]LogMemory: Physical Memory: 3675.43 MB used, 8134.93 MB total
[2016.01.30-17.19.28:785][  0]LogMemory: Virtual Memory: 351.33 MB used, 8388608.00 MB total
[2016.01.30-17.19.28:915][  0]LogTextLocalizationManager: No specific translations for ('en-US') exist, so ('en') translations will be used.
[2016.01.30-17.19.29:324][  0]LogD3D11RHI: Found D3D11 adapter 0: NVIDIA GeForce GTX 770 (Feature Level 11_0)
[2016.01.30-17.19.29:325][  0]LogD3D11RHI: Adapter has 1989MB of dedicated video memory, 0MB of dedicated system memory, and 2048MB of shared system memory, 1 output[s]
[2016.01.30-17.19.29:325][  0]LogD3D11RHI: Chosen D3D11 Adapter Id = 0
[2016.01.30-17.19.29:329][  0]LogD3D11RHI: !Direct3DDevice
[2016.01.30-17.19.29:329][  0]LogRHI: Texture pool is 1361 MB (70% of 1945 MB)
[2016.01.30-17.19.29:339][  0]LogD3D11RHI: Async texture creation enabled
[2016.01.30-17.19.29:366][  0]LogShaderCompilers: Guid format shader working directory is -10 characters bigger than the processId version (../../../../../../Users/MrrBond/Documents/GitHub/HotelBete/Intermediate/Shaders/WorkingDirectory/8604/).
[2016.01.30-17.19.29:367][  0]LogShaderCompilers: Cleaned the shader compiler working directory 'C:/Users/MrrBond/AppData/Local/Temp/UnrealShaderWorkingDir/352E2AC448304E8C8372BFB427B294BD/'.
[2016.01.30-17.19.29:367][  0]LogShaderCompilers:Display: Using Local Shader Compiler.
[2016.01.30-17.19.30:680][  0]LogTemp:Display: Loaded TP AllDesktopTargetPlatform
[2016.01.30-17.19.30:685][  0]LogTemp:Display: Loaded TP WindowsClientTargetPlatform
[2016.01.30-17.19.30:689][  0]LogTemp:Display: Loaded TP WindowsNoEditorTargetPlatform
[2016.01.30-17.19.30:693][  0]LogTemp:Display: Loaded TP WindowsServerTargetPlatform
[2016.01.30-17.19.30:699][  0]LogTemp:Display: Loaded TP WindowsTargetPlatform
[2016.01.30-17.19.30:704][  0]LogTemp:Display: Loaded TP AndroidTargetPlatform
[2016.01.30-17.19.30:707][  0]LogTemp:Display: Loaded TP Android_ASTCTargetPlatform
[2016.01.30-17.19.30:710][  0]LogTemp:Display: Loaded TP Android_ATCTargetPlatform
[2016.01.30-17.19.30:713][  0]LogTemp:Display: Loaded TP Android_DXTTargetPlatform
[2016.01.30-17.19.30:717][  0]LogTemp:Display: Loaded TP Android_ETC1TargetPlatform
[2016.01.30-17.19.30:720][  0]LogTemp:Display: Loaded TP Android_ETC2TargetPlatform
[2016.01.30-17.19.30:727][  0]LogTemp:Display: Loaded TP Android_MultiTargetPlatform
[2016.01.30-17.19.30:727][  0]LogTemp:Display: Loaded TP Android_PVRTCTargetPlatform
[2016.01.30-17.19.30:728][  0]LogTemp:Display: Loaded TP HTML5TargetPlatform
[2016.01.30-17.19.30:750][  0]LogTemp:Display: Loaded TP IOSTargetPlatform
[2016.01.30-17.19.30:753][  0]LogTemp:Display: Loaded TP LinuxNoEditorTargetPlatform
[2016.01.30-17.19.30:756][  0]LogTemp:Display: Loaded TP LinuxServerTargetPlatform
[2016.01.30-17.19.30:761][  0]LogTemp:Display: Loaded TP LinuxTargetPlatform
[2016.01.30-17.19.30:761][  0]LogTargetPlatformManager:Display: Building Assets For Windows
[2016.01.30-17.19.30:935][  0]LogDerivedDataCache:Display: Max Cache Size: 512 MB
[2016.01.30-17.19.31:090][  0]LogDerivedDataCache: Loaded boot cache 0.15s 41MB C:/Users/MrrBond/AppData/Local/UnrealEngine/4.10/DerivedDataCache/Boot.ddc.
[2016.01.30-17.19.31:090][  0]LogDerivedDataCache:Display: Loaded Boot cache: C:/Users/MrrBond/AppData/Local/UnrealEngine/4.10/DerivedDataCache/Boot.ddc
[2016.01.30-17.19.31:090][  0]LogDerivedDataCache: FDerivedDataBackendGraph:  Pak pak cache file ../../../../../../Users/MrrBond/Documents/GitHub/HotelBete/DerivedDataCache/DDC.ddp not found, will not use a pak cache.
[2016.01.30-17.19.31:090][  0]LogDerivedDataCache: Unable to find inner node Pak for hierarchical cache Hierarchy.
[2016.01.30-17.19.31:090][  0]LogDerivedDataCache: FDerivedDataBackendGraph:  CompressedPak pak cache file ../../../../../../Users/MrrBond/Documents/GitHub/HotelBete/DerivedDataCache/Compressed.ddp not found, will not use a pak cache.
[2016.01.30-17.19.31:090][  0]LogDerivedDataCache: Unable to find inner node CompressedPak for hierarchical cache Hierarchy.
[2016.01.30-17.19.31:145][  0]LogDerivedDataCache:Display: Pak cache opened for reading ../../../Engine/DerivedDataCache/Compressed.ddp.
[2016.01.30-17.19.31:160][  0]LogDerivedDataCache: Using Local data cache path C:/Users/MrrBond/AppData/Local/UnrealEngine/Common/DerivedDataCache: Writable
[2016.01.30-17.19.33:128][  0]LogInit: Selected Device Profile: [Windows]
[2016.01.30-17.19.33:130][  0]LogContentStreaming: Texture pool size is 0.000000MB
[2016.01.30-17.19.33:238][  0]LogMeshUtilities: No automatic mesh reduction module available
[2016.01.30-17.19.33:238][  0]LogMeshUtilities: No automatic mesh merging module available
[2016.01.30-17.19.33:826][  0]LogInit: WinSock: version 1.1 (2.2), MaxSocks=32767, MaxUdp=65467
[2016.01.30-17.19.38:168][  0]UdpMessaging: Initializing bridge on interface 0.0.0.0:0 to multicast group 230.0.0.1:6666.
[2016.01.30-17.19.38:465][  0]LogAssetRegistry: FAssetRegistry took 0.0111 seconds to start up
[2016.01.30-17.19.38:770][  0]SourceControl: Info Source control is disabled
[2016.01.30-17.19.38:771][  0]SourceControl: Info Source control is disabled
[2016.01.30-17.19.38:784][  0]SourceControl: Info Source control is disabled
[2016.01.30-17.19.38:799][  0]SourceControl: Info Source control is disabled
[2016.01.30-17.19.39:213][  0]LogObj: 28633 objects as part of root set at end of initial load.
[2016.01.30-17.19.39:213][  0]LogUObjectAllocator: 6099744 out of 0 bytes used by permanent object pool.
[2016.01.30-17.19.39:286][  0]LogEngine: Initializing Engine...
[2016.01.30-17.19.39:288][  0]LogHMD: Can't find Oculus library dev build: is proper Runtime installed? Version: 0.8.0.0
[2016.01.30-17.19.39:308][  0]LogHMD: SteamVR failed to initialize.  Err: 110
[2016.01.30-17.19.39:488][  0]LogAIModule: Creating AISystem for world NewWorld
[2016.01.30-17.19.39:503][  0]LogInit: XAudio2 using 'Speakers (Realtek High Definition Audio)' : 2 channels at 48 kHz using 32 bits per sample (channel mask 0x3)
[2016.01.30-17.19.39:536][  0]LogInit: FAudioDevice initialized.
[2016.01.30-17.19.39:562][  0]LogDerivedDataCache: Saved boot cache 0.03s 41MB C:/Users/MrrBond/AppData/Local/UnrealEngine/4.10/DerivedDataCache/Boot.ddc.
[2016.01.30-17.19.39:567][  0]LogInit: Texture streaming: Enabled
[2016.01.30-17.19.39:574][  0]LogAnalytics: Creating configured Analytics provider AnalyticsET
[2016.01.30-17.19.39:575][  0]LogAnalytics: [UEEditor.Rocket.Release] APIServer = http://et2.epicgames.com/ET2/. AppVersion = 4.10.2-2818068+++depot+UE4-Releases+4.10
[2016.01.30-17.19.39:575][  0]LogAnalytics: [UEEditor.Rocket.Release] SetUserId 70d505b9489753c526a513886a8eb1a2|20388df98dc841109316ca5aa4c25788|5df8a1b8-928f-4cc0-8ccd-f95831ba8036
[2016.01.30-17.19.39:575][  0]LogAnalytics: [UEEditor.Rocket.Release] AnalyticsET::StartSession
[2016.01.30-17.19.39:598][  0]LogInit: Transaction tracking system initialized
[2016.01.30-17.19.39:656][  0]BlueprintLog: New page: Editor Load
[2016.01.30-17.19.39:851][  0]LocalizationService: Info Localization service is disabled
[2016.01.30-17.19.39:984][  0]LogConsoleResponse:Display: 
[2016.01.30-17.19.40:122][  0]LogCook:Display: Done creating registry. It took  0.00s.
[2016.01.30-17.19.40:244][  0]LogFileCache: Scanning file cache for directory 'C:/Users/MrrBond/Documents/GitHub/HotelBete/Content/' took 0.02s
[2016.01.30-17.19.40:244][  0]SourceControl: Info Source control is disabled
[2016.01.30-17.19.40:244][  0]Cmd: MAP LOAD FILE="../../../../../../Users/MrrBond/Documents/GitHub/HotelBete/Content/FirstPersonBP/Maps/FirstPersonExampleMap.umap" TEMPLATE=0 SHOWPROGRESS=1 FEATURELEVEL=3
[2016.01.30-17.19.40:245][  0]LightingResults: New page: Lighting Build
[2016.01.30-17.19.40:252][  0]MapCheck: New page: Map Check
[2016.01.30-17.19.40:252][  0]LightingResults: New page: Lighting Build
[2016.01.30-17.19.40:268][  0]LogParticles: Destroying 0 GPU particle simulations for FXSystem 0x0000000024EB6AC0
[2016.01.30-17.19.40:627][  0]LogAIModule: Creating AISystem for world FirstPersonExampleMap
[2016.01.30-17.19.40:649][  0]LogEditorServer: Finished looking for orphan Actors (0.000 secs)
[2016.01.30-17.19.40:651][  0]Cmd: MAP CHECKDEP NOCLEARLOG
[2016.01.30-17.19.40:704][  0]MapCheck: Info Map check complete: 0 Error(s), 0 Warning(s), took 53.492ms to complete.
[2016.01.30-17.19.40:704][  0]LogFileHelpers: Loading map 'FirstPersonExampleMap' took 0.460
[2016.01.30-17.19.40:861][  0]LogCollectionManager: Loaded 0 collections in 0.001713 seconds
[2016.01.30-17.19.40:915][  0]LogFileCache: Scanning file cache for directory 'C:/Users/MrrBond/Documents/GitHub/HotelBete/Saved/Collections/' took 0.01s
[2016.01.30-17.19.40:916][  0]LogFileCache: Scanning file cache for directory 'C:/Users/MrrBond/Documents/GitHub/HotelBete/Content/Developers/MrrBond/Collections/' took 0.01s
[2016.01.30-17.19.40:916][  0]LogFileCache: Scanning file cache for directory 'C:/Users/MrrBond/Documents/GitHub/HotelBete/Content/Collections/' took 0.01s
[2016.01.30-17.19.40:916][  0]LogCollectionManager: Rebuilt the GUID cache for 0 collections in 0.000002 seconds
[2016.01.30-17.19.40:923][  0]LogContentBrowser: Native class hierarchy populated in 0.0067 seconds. Added 1893 classes and 338 folders.
[2016.01.30-17.19.40:933][  0]LogContentBrowser: Native class hierarchy updated for 'WidgetCarousel' in 0.0004 seconds. Added 0 classes and 0 folders.
[2016.01.30-17.19.41:192][  0]LogContentBrowser: Native class hierarchy updated for 'AddContentDialog' in 0.0004 seconds. Added 0 classes and 0 folders.
[2016.01.30-17.19.41:201][  0]LogContentBrowser: Native class hierarchy updated for 'SceneOutliner' in 0.0004 seconds. Added 1 classes and 2 folders.
[2016.01.30-17.19.41:247][  0]LogCrashTracker: Crashtracker disabled due to settings.
[2016.01.30-17.19.41:256][  0]LogUObjectGlobals:Warning: Failed to find object 'Class None.'
[2016.01.30-17.19.41:278][  0]LogLoad: Full Startup: 13.72 seconds (BP compile: 0.08 seconds)
[2016.01.30-17.19.41:288][  0]LogOcInput: Can't find Oculus library dev build: is proper Runtime installed? Version: 0.8.0.0
[2016.01.30-17.19.41:381][  0]LogContentStreaming: Texture pool size now 1000 MB
[2016.01.30-17.19.41:520][  0]LogRenderer: Reallocating scene render targets to support 1208x572 (Frame:2).
[2016.01.30-17.19.42:373][ 77]LogAssetRegistry: Asset discovery search completed in 3.9322 seconds
[2016.01.30-17.19.42:374][ 77]LogCollectionManager: Rebuilt the object cache for 0 collections in 0.000002 seconds (found 0 objects)
[2016.01.30-17.19.42:374][ 77]LogCollectionManager: Fixed up redirectors for 0 collections in 0.000081 seconds (updated 0 objects)
[2016.01.30-17.20.19:995][ 44]LogBlueprintUserMessages: Early PlayInEditor Detection: Level '/Game/FirstPersonBP/Maps/FirstPersonExampleMap.FirstPersonExampleMap:PersistentLevel' has LevelScriptBlueprint '/Game/FirstPersonBP/Maps/FirstPersonExampleMap.FirstPersonExampleMap:PersistentLevel.FirstPersonExampleMap' with GeneratedClass '/Game/FirstPersonBP/Maps/FirstPersonExampleMap.FirstPersonExampleMap_C' with ClassGeneratedBy '/Game/FirstPersonBP/Maps/FirstPersonExampleMap.FirstPersonExampleMap:PersistentLevel.FirstPersonExampleMap'
[2016.01.30-17.20.19:995][ 44]LogPlayLevel: PlayLevel: No blueprints needed recompiling
[2016.01.30-17.20.19:999][ 44]PIE: New page: PIE session: FirstPersonExampleMap (Jan 30, 2016, 7:20:19 AM)
[2016.01.30-17.20.19:999][ 44]LogPlayLevel: Creating play world package: /Game/FirstPersonBP/Maps/UEDPIE_0_FirstPersonExampleMap
[2016.01.30-17.20.20:026][ 44]LogPlayLevel: PIE: StaticDuplicateObject took: (0.027662s)
[2016.01.30-17.20.20:028][ 44]LogAIModule: Creating AISystem for world FirstPersonExampleMap
[2016.01.30-17.20.20:028][ 44]LogPlayLevel: PIE: World Init took: (0.001353s)
[2016.01.30-17.20.20:028][ 44]LogPlayLevel: PIE: Created PIE world by copying editor world from /Game/FirstPersonBP/Maps/FirstPersonExampleMap.FirstPersonExampleMap to /Game/FirstPersonBP/Maps/UEDPIE_0_FirstPersonExampleMap.FirstPersonExampleMap (0.029279s)
[2016.01.30-17.20.20:053][ 44]LogInit: XAudio2 using 'Speakers (Realtek High Definition Audio)' : 2 channels at 48 kHz using 32 bits per sample (channel mask 0x3)
[2016.01.30-17.20.20:061][ 44]LogInit: FAudioDevice initialized.
[2016.01.30-17.20.20:104][ 44]LogLinker:Warning: Can't find file '/Game/FirstPersonBP/Blueprints/FirstPersonGameMode'
[2016.01.30-17.20.20:104][ 44]LogLinker:Warning: Can't find file '/Game/FirstPersonBP/Blueprints/FirstPersonGameMode'
[2016.01.30-17.20.20:104][ 44]LogUObjectGlobals:Warning: Failed to find object 'Class /Game/FirstPersonBP/Blueprints/FirstPersonGameMode.FirstPersonGameMode_C'
[2016.01.30-17.20.20:104][ 44]LogWorld: Game class is 'GameMode'
[2016.01.30-17.20.20:108][ 44]LogWorld: Bringing World /Game/FirstPersonBP/Maps/UEDPIE_0_FirstPersonExampleMap.FirstPersonExampleMap up for play (max tick rate 0) at 2016.01.30-12.20.20
[2016.01.30-17.20.20:108][ 44]LogActor:Warning: GameSession /Game/FirstPersonBP/Maps/UEDPIE_0_FirstPersonExampleMap.FirstPersonExampleMap:PersistentLevel.GameSession_0 has natively added scene component(s), but none of them were set as the actor's RootComponent - picking one arbitrarily
[2016.01.30-17.20.20:108][ 44]LogActor:Warning: GameNetworkManager /Game/FirstPersonBP/Maps/UEDPIE_0_FirstPersonExampleMap.FirstPersonExampleMap:PersistentLevel.GameNetworkManager_0 has natively added scene component(s), but none of them were set as the actor's RootComponent - picking one arbitrarily
[2016.01.30-17.20.20:109][ 44]LogWorld: Bringing up level for play took: 0.003815
[2016.01.30-17.20.20:113][ 44]PIE: Info Play in editor start time for /Game/FirstPersonBP/Maps/UEDPIE_0_FirstPersonExampleMap 0.69
[2016.01.30-17.20.20:113][ 44]LogBlueprintUserMessages: Late PlayInEditor Detection: Level '/Game/FirstPersonBP/Maps/FirstPersonExampleMap.FirstPersonExampleMap:PersistentLevel' has LevelScriptBlueprint '/Game/FirstPersonBP/Maps/FirstPersonExampleMap.FirstPersonExampleMap:PersistentLevel.FirstPersonExampleMap' with GeneratedClass '/Game/FirstPersonBP/Maps/FirstPersonExampleMap.FirstPersonExampleMap_C' with ClassGeneratedBy '/Game/FirstPersonBP/Maps/FirstPersonExampleMap.FirstPersonExampleMap:PersistentLevel.FirstPersonExampleMap'
[2016.01.30-17.20.27:084][880]LogBlueprintUserMessages: Early EndPlayMap Detection: Level '/Game/FirstPersonBP/Maps/FirstPersonExampleMap.FirstPersonExampleMap:PersistentLevel' has LevelScriptBlueprint '/Game/FirstPersonBP/Maps/FirstPersonExampleMap.FirstPersonExampleMap:PersistentLevel.FirstPersonExampleMap' with GeneratedClass '/Game/FirstPersonBP/Maps/FirstPersonExampleMap.FirstPersonExampleMap_C' with ClassGeneratedBy '/Game/FirstPersonBP/Maps/FirstPersonExampleMap.FirstPersonExampleMap:PersistentLevel.FirstPersonExampleMap'
[2016.01.30-17.20.27:114][880]LogBlueprintUserMessages: Late EndPlayMap Detection: Level '/Game/FirstPersonBP/Maps/FirstPersonExampleMap.FirstPersonExampleMap:PersistentLevel' has LevelScriptBlueprint '/Game/FirstPersonBP/Maps/FirstPersonExampleMap.FirstPersonExampleMap:PersistentLevel.FirstPersonExampleMap' with GeneratedClass '/Game/FirstPersonBP/Maps/FirstPersonExampleMap.FirstPersonExampleMap_C' with ClassGeneratedBy '/Game/FirstPersonBP/Maps/FirstPersonExampleMap.FirstPersonExampleMap:PersistentLevel.FirstPersonExampleMap'
[2016.01.30-17.20.27:125][880]LogParticles: Destroying 0 GPU particle simulations for FXSystem 0x000000000341E020
[2016.01.30-17.20.33:884][690]LogLinker:Warning: Asset '../../../Engine/Content/ArtTools/RenderToTexture/Macros/RenderToTextureMacros.uasset' has been saved with empty engine version. The asset will be loaded but may be incompatible.
[2016.01.30-17.20.34:194][690]LogContentBrowser: Native class hierarchy updated for 'BlueprintGraph' in 0.0006 seconds. Added 107 classes and 0 folders.
[2016.01.30-17.21.31:699][498]BlueprintLog: New page: Compile Player
[2016.01.30-17.21.31:791][498]BlueprintEditorCompileResults: Info [0124.91] Compile of Player successful! [in 91 ms]
[2016.01.30-17.21.32:329][558]Cmd: OBJ SAVEPACKAGE PACKAGE="/Game/Hotel/Blueprints/Player/Player" FILE="../../../../../../Users/MrrBond/Documents/GitHub/HotelBete/Content/Hotel/Blueprints/Player/Player.uasset" SILENT=true
[2016.01.30-17.21.32:395][558]LogSavePackage: Save=54.362591ms
[2016.01.30-17.21.32:395][558]LogSavePackage: Moving '../../../../../../Users/MrrBond/Documents/GitHub/HotelBete/Saved/PlayerF8874C544C09D1A6CEBC598CB3A8DB7C.tmp' to '../../../../../../Users/MrrBond/Documents/GitHub/HotelBete/Content/Hotel/Blueprints/Player/Player.uasset'
[2016.01.30-17.21.32:398][558]LogSavePackage: Total save time: 64.322941ms
[2016.01.30-17.21.32:398][558]LogSavePackage:Display: Finished SavePackage ../../../../../../Users/MrrBond/Documents/GitHub/HotelBete/Content/Hotel/Blueprints/Player/Player.uasset
[2016.01.30-17.21.34:595][815]LogBlueprintUserMessages: Early PlayInEditor Detection: Level '/Game/FirstPersonBP/Maps/FirstPersonExampleMap.FirstPersonExampleMap:PersistentLevel' has LevelScriptBlueprint '/Game/FirstPersonBP/Maps/FirstPersonExampleMap.FirstPersonExampleMap:PersistentLevel.FirstPersonExampleMap' with GeneratedClass '/Game/FirstPersonBP/Maps/FirstPersonExampleMap.FirstPersonExampleMap_C' with ClassGeneratedBy '/Game/FirstPersonBP/Maps/FirstPersonExampleMap.FirstPersonExampleMap:PersistentLevel.FirstPersonExampleMap'
[2016.01.30-17.21.34:595][815]LogPlayLevel: PlayLevel: No blueprints needed recompiling
[2016.01.30-17.21.34:595][815]PIE: New page: PIE session: FirstPersonExampleMap (Jan 30, 2016, 7:21:34 AM)
[2016.01.30-17.21.34:595][815]LogPlayLevel: Creating play world package: /Game/FirstPersonBP/Maps/UEDPIE_0_FirstPersonExampleMap
[2016.01.30-17.21.34:615][815]LogPlayLevel: PIE: StaticDuplicateObject took: (0.019799s)
[2016.01.30-17.21.34:616][815]LogAIModule: Creating AISystem for world FirstPersonExampleMap
[2016.01.30-17.21.34:616][815]LogPlayLevel: PIE: World Init took: (0.000610s)
[2016.01.30-17.21.34:616][815]LogPlayLevel: PIE: Created PIE world by copying editor world from /Game/FirstPersonBP/Maps/FirstPersonExampleMap.FirstPersonExampleMap to /Game/FirstPersonBP/Maps/UEDPIE_0_FirstPersonExampleMap.FirstPersonExampleMap (0.020607s)
[2016.01.30-17.21.34:636][815]LogParticles: Destroying 0 GPU particle simulations for FXSystem 0x000000000F374C20
[2016.01.30-17.21.34:643][815]LogInit: XAudio2 using 'Speakers (Realtek High Definition Audio)' : 2 channels at 48 kHz using 32 bits per sample (channel mask 0x3)
[2016.01.30-17.21.34:649][815]LogInit: FAudioDevice initialized.
[2016.01.30-17.21.34:682][815]LogLinker:Warning: Can't find file '/Game/FirstPersonBP/Blueprints/FirstPersonGameMode'
[2016.01.30-17.21.34:682][815]LogLinker:Warning: Can't find file '/Game/FirstPersonBP/Blueprints/FirstPersonGameMode'
[2016.01.30-17.21.34:682][815]LogUObjectGlobals:Warning: Failed to find object 'Class /Game/FirstPersonBP/Blueprints/FirstPersonGameMode.FirstPersonGameMode_C'
[2016.01.30-17.21.34:682][815]LogWorld: Game class is 'GameMode'
[2016.01.30-17.21.34:686][815]LogWorld: Bringing World /Game/FirstPersonBP/Maps/UEDPIE_0_FirstPersonExampleMap.FirstPersonExampleMap up for play (max tick rate 0) at 2016.01.30-12.21.34
[2016.01.30-17.21.34:686][815]LogActor:Warning: GameSession /Game/FirstPersonBP/Maps/UEDPIE_0_FirstPersonExampleMap.FirstPersonExampleMap:PersistentLevel.GameSession_1 has natively added scene component(s), but none of them were set as the actor's RootComponent - picking one arbitrarily
[2016.01.30-17.21.34:686][815]LogActor:Warning: GameNetworkManager /Game/FirstPersonBP/Maps/UEDPIE_0_FirstPersonExampleMap.FirstPersonExampleMap:PersistentLevel.GameNetworkManager_1 has natively added scene component(s), but none of them were set as the actor's RootComponent - picking one arbitrarily
[2016.01.30-17.21.34:686][815]LogWorld: Bringing up level for play took: 0.002829
[2016.01.30-17.21.34:687][815]PIE: Info Play in editor start time for /Game/FirstPersonBP/Maps/UEDPIE_0_FirstPersonExampleMap -0.223
[2016.01.30-17.21.34:687][815]LogBlueprintUserMessages: Late PlayInEditor Detection: Level '/Game/FirstPersonBP/Maps/FirstPersonExampleMap.FirstPersonExampleMap:PersistentLevel' has LevelScriptBlueprint '/Game/FirstPersonBP/Maps/FirstPersonExampleMap.FirstPersonExampleMap:PersistentLevel.FirstPersonExampleMap' with GeneratedClass '/Game/FirstPersonBP/Maps/FirstPersonExampleMap.FirstPersonExampleMap_C' with ClassGeneratedBy '/Game/FirstPersonBP/Maps/FirstPersonExampleMap.FirstPersonExampleMap:PersistentLevel.FirstPersonExampleMap'
[2016.01.30-17.21.39:618][403]LogBlueprintUserMessages: [Player_C_1] Bond was here
[2016.01.30-17.21.41:701][655]LogBlueprintUserMessages: Early EndPlayMap Detection: Level '/Game/FirstPersonBP/Maps/FirstPersonExampleMap.FirstPersonExampleMap:PersistentLevel' has LevelScriptBlueprint '/Game/FirstPersonBP/Maps/FirstPersonExampleMap.FirstPersonExampleMap:PersistentLevel.FirstPersonExampleMap' with GeneratedClass '/Game/FirstPersonBP/Maps/FirstPersonExampleMap.FirstPersonExampleMap_C' with ClassGeneratedBy '/Game/FirstPersonBP/Maps/FirstPersonExampleMap.FirstPersonExampleMap:PersistentLevel.FirstPersonExampleMap'
[2016.01.30-17.21.41:728][655]LogBlueprintUserMessages: Late EndPlayMap Detection: Level '/Game/FirstPersonBP/Maps/FirstPersonExampleMap.FirstPersonExampleMap:PersistentLevel' has LevelScriptBlueprint '/Game/FirstPersonBP/Maps/FirstPersonExampleMap.FirstPersonExampleMap:PersistentLevel.FirstPersonExampleMap' with GeneratedClass '/Game/FirstPersonBP/Maps/FirstPersonExampleMap.FirstPersonExampleMap_C' with ClassGeneratedBy '/Game/FirstPersonBP/Maps/FirstPersonExampleMap.FirstPersonExampleMap:PersistentLevel.FirstPersonExampleMap'
[2016.01.30-17.21.41:747][655]LogParticles: Destroying 0 GPU particle simulations for FXSystem 0x00000000505045E0
[2016.01.30-17.21.45:914][932]LogSavePackage: Save=1652.348389ms
[2016.01.30-17.21.45:914][932]LogSavePackage: Moving '../../../../../../Users/MrrBond/Documents/GitHub/HotelBete/Saved/FirstPersonExampleMap356A26334F956B3EDFCFC18FDB5902E2.tmp' to '../../../../../../Users/MrrBond/Documents/GitHub/HotelBete/Content/FirstPersonBP/Maps/FirstPersonExampleMap.umap'
[2016.01.30-17.21.45:921][932]LogSavePackage: Total save time: 1661.531586ms
[2016.01.30-17.21.45:921][932]LogSavePackage:Display: Finished SavePackage ../../../../../../Users/MrrBond/Documents/GitHub/HotelBete/Content/FirstPersonBP/Maps/FirstPersonExampleMap.umap
[2016.01.30-17.23.20:985][491]Cmd: QUIT_EDITOR
[2016.01.30-17.23.21:101][491]LogExit: Preparing to exit.
[2016.01.30-17.23.22:293][491]LogExit: Editor shut down
[2016.01.30-17.23.22:293][491]LogExit: Transaction tracking system shut down
[2016.01.30-17.23.22:297][491]LogParticles: Destroying 0 GPU particle simulations for FXSystem 0x0000000011B02FC0
[2016.01.30-17.23.22:297][491]LogParticles: Destroying 0 GPU particle simulations for FXSystem 0x0000000024AD2520
[2016.01.30-17.23.22:297][491]LogParticles: Destroying 0 GPU particle simulations for FXSystem 0x0000000023B8EDE0
[2016.01.30-17.23.22:533][491]LogExit: Object subsystem successfully closed.
[2016.01.30-17.23.22:547][491]LogD3D11RHI: Shutdown
[2016.01.30-17.23.22:547][491]LogD3D11RHI: CleanupD3DDevice
[2016.01.30-17.23.22:606][491]LogD3D11RHI: ~FD3D11DynamicRHI
[2016.01.30-17.23.22:625][491]LogModuleManager: Shutting down and abandoning module CookingStats (200)
[2016.01.30-17.23.22:625][491]LogModuleManager: Shutting down and abandoning module BlueprintGraph (199)
[2016.01.30-17.23.22:625][491]LogModuleManager: Shutting down and abandoning module CrashTracker (198)
[2016.01.30-17.23.22:625][491]LogModuleManager: Shutting down and abandoning module SceneOutliner (197)
[2016.01.30-17.23.22:625][491]LogModuleManager: Shutting down and abandoning module SuperSearch (196)
[2016.01.30-17.23.22:625][491]LogModuleManager: Shutting down and abandoning module WidgetCarousel (195)
[2016.01.30-17.23.22:625][491]LogModuleManager: Shutting down and abandoning module AddContentDialog (194)
[2016.01.30-17.23.22:626][491]LogModuleManager: Shutting down and abandoning module EditorWidgets (193)
[2016.01.30-17.23.22:626][491]LogModuleManager: Shutting down and abandoning module CollectionManager (192)
[2016.01.30-17.23.22:626][491]LogModuleManager: Shutting down and abandoning module StatsViewer (191)
[2016.01.30-17.23.22:626][491]LogModuleManager: Shutting down and abandoning module FoliageEdit (190)
[2016.01.30-17.23.22:626][491]LogModuleManager: Shutting down and abandoning module LandscapeEditor (189)
[2016.01.30-17.23.22:626][491]LogModuleManager: Shutting down and abandoning module ActorPickerMode (188)
[2016.01.30-17.23.22:626][491]LogModuleManager: Shutting down and abandoning module GeometryMode (187)
[2016.01.30-17.23.22:626][491]LogModuleManager: Shutting down and abandoning module TextureAlignMode (186)
[2016.01.30-17.23.22:626][491]LogModuleManager: Shutting down and abandoning module BspMode (185)
[2016.01.30-17.23.22:626][491]LogModuleManager: Shutting down and abandoning module PlacementMode (184)
[2016.01.30-17.23.22:626][491]LogModuleManager: Shutting down and abandoning module AutomationWorker (183)
[2016.01.30-17.23.22:626][491]LogModuleManager: Shutting down and abandoning module CharacterAI (182)
[2016.01.30-17.23.22:626][491]LogModuleManager: Shutting down and abandoning module SmartSnapping (181)
[2016.01.30-17.23.22:626][491]LogModuleManager: Shutting down and abandoning module ViewportSnapping (180)
[2016.01.30-17.23.22:626][491]LogModuleManager: Shutting down and abandoning module LogVisualizer (179)
[2016.01.30-17.23.22:627][491]LogModuleManager: Shutting down and abandoning module GameProjectGeneration (178)
[2016.01.30-17.23.22:627][491]LogModuleManager: Shutting down and abandoning module IntroTutorials (177)
[2016.01.30-17.23.22:627][491]LogModuleManager: Shutting down and abandoning module EditorLiveStreaming (176)
[2016.01.30-17.23.22:627][491]LogModuleManager: Shutting down and abandoning module IOSPlatformEditor (175)
[2016.01.30-17.23.22:627][491]LogModuleManager: Shutting down and abandoning module HTML5PlatformEditor (174)
[2016.01.30-17.23.22:627][491]LogModuleManager: Shutting down and abandoning module AndroidDeviceDetection (173)
[2016.01.30-17.23.22:928][491]LogModuleManager: Shutting down and abandoning module AndroidPlatformEditor (172)
[2016.01.30-17.23.22:928][491]LogModuleManager: Shutting down and abandoning module IOSRuntimeSettings (171)
[2016.01.30-17.23.22:928][491]LogModuleManager: Shutting down and abandoning module AndroidRuntimeSettings (170)
[2016.01.30-17.23.22:928][491]LogModuleManager: Shutting down and abandoning module MergeActors (169)
[2016.01.30-17.23.22:928][491]LogModuleManager: Shutting down and abandoning module SizeMap (168)
[2016.01.30-17.23.22:928][491]LogModuleManager: Shutting down and abandoning module TreeMap (167)
[2016.01.30-17.23.22:928][491]LogModuleManager: Shutting down and abandoning module ReferenceViewer (166)
[2016.01.30-17.23.22:928][491]LogModuleManager: Shutting down and abandoning module LocalizationService (165)
[2016.01.30-17.23.22:928][491]LogModuleManager: Shutting down and abandoning module LocalizationDashboard (164)
[2016.01.30-17.23.22:931][491]LogModuleManager: Shutting down and abandoning module HardwareTargeting (163)
[2016.01.30-17.23.22:931][491]LogModuleManager: Shutting down and abandoning module DeviceProfileEditor (162)
[2016.01.30-17.23.22:931][491]LogModuleManager: Shutting down and abandoning module UndoHistory (161)
[2016.01.30-17.23.22:931][491]LogModuleManager: Shutting down and abandoning module GameplayTagsEditor (160)
[2016.01.30-17.23.22:931][491]LogModuleManager: Shutting down and abandoning module UserFeedback (159)
[2016.01.30-17.23.22:931][491]LogModuleManager: Shutting down and abandoning module XmlParser (158)
[2016.01.30-17.23.22:931][491]LogModuleManager: Shutting down and abandoning module Blutility (157)
[2016.01.30-17.23.22:931][491]LogModuleManager: Shutting down and abandoning module ProjectTargetPlatformEditor (156)
[2016.01.30-17.23.22:931][491]LogModuleManager: Shutting down and abandoning module ProjectSettingsViewer (155)
[2016.01.30-17.23.22:932][491]LogModuleManager: Shutting down and abandoning module InputBindingEditor (154)
[2016.01.30-17.23.22:932][491]LogModuleManager: Shutting down and abandoning module EditorSettingsViewer (153)
[2016.01.30-17.23.22:932][491]LogModuleManager: Shutting down and abandoning module SettingsEditor (152)
[2016.01.30-17.23.22:932][491]LogModuleManager: Shutting down and abandoning module ProjectLauncher (151)
[2016.01.30-17.23.22:933][491]LogModuleManager: Shutting down and abandoning module SessionFrontend (150)
[2016.01.30-17.23.22:933][491]LogModuleManager: Shutting down and abandoning module ProfilerClient (149)
[2016.01.30-17.23.22:933][491]LogModuleManager: Shutting down and abandoning module TargetDeviceServices (148)
[2016.01.30-17.23.22:933][491]LogModuleManager: Shutting down and abandoning module DeviceManager (147)
[2016.01.30-17.23.22:933][491]LogModuleManager: Shutting down and abandoning module AutomationController (146)
[2016.01.30-17.23.22:933][491]LogModuleManager: Shutting down and abandoning module AutomationWindow (145)
[2016.01.30-17.23.22:933][491]LogModuleManager: Shutting down and abandoning module Layers (144)
[2016.01.30-17.23.22:935][491]LogModuleManager: Shutting down and abandoning module ComponentVisualizers (143)
[2016.01.30-17.23.22:935][491]LogModuleManager: Shutting down and abandoning module DetailCustomizations (142)
[2016.01.30-17.23.22:935][491]LogModuleManager: Shutting down and abandoning module PackagesDialog (141)
[2016.01.30-17.23.22:935][491]LogModuleManager: Shutting down and abandoning module Persona (140)
[2016.01.30-17.23.22:936][491]LogModuleManager: Shutting down and abandoning module Kismet (139)
[2016.01.30-17.23.22:936][491]LogModuleManager: Shutting down and abandoning module GraphEditor (138)
[2016.01.30-17.23.22:936][491]LogModuleManager: Shutting down and abandoning module ClassViewer (137)
[2016.01.30-17.23.22:936][491]LogModuleManager: Shutting down and abandoning module Toolbox (136)
[2016.01.30-17.23.22:936][491]LogModuleManager: Shutting down and abandoning module ModuleUI (135)
[2016.01.30-17.23.22:936][491]LogModuleManager: Shutting down and abandoning module MovieSceneTools (134)
[2016.01.30-17.23.22:936][491]LogModuleManager: Shutting down and abandoning module OutputLog (133)
[2016.01.30-17.23.22:936][491]LogModuleManager: Shutting down and abandoning module GammaUI (132)
[2016.01.30-17.23.22:937][491]LogModuleManager: Shutting down and abandoning module Documentation (131)
[2016.01.30-17.23.22:937][491]LogModuleManager: Shutting down and abandoning module GameLiveStreaming (130)
[2016.01.30-17.23.22:937][491]LogModuleManager: Shutting down and abandoning module StreamingPauseRendering (129)
[2016.01.30-17.23.22:937][491]LogModuleManager: Shutting down and abandoning module AnalyticsET (128)
[2016.01.30-17.23.22:937][491]LogModuleManager: Shutting down and abandoning module Analytics (127)
[2016.01.30-17.23.22:937][491]LogModuleManager: Shutting down and abandoning module AITestSuite (126)
[2016.01.30-17.23.22:937][491]LogModuleManager: Shutting down and abandoning module GameplayDebugger (125)
[2016.01.30-17.23.22:937][491]LogModuleManager: Shutting down and abandoning module AIModule (124)
[2016.01.30-17.23.22:937][491]LogModuleManager: Shutting down and abandoning module ProfilerService (123)
[2016.01.30-17.23.22:995][491]LogModuleManager: Shutting down and abandoning module TaskGraph (122)
[2016.01.30-17.23.22:995][491]LogModuleManager: Shutting down and abandoning module SlateRemote (121)
[2016.01.30-17.23.22:995][491]LogModuleManager: Shutting down and abandoning module SteamVRController (120)
[2016.01.30-17.23.22:995][491]LogModuleManager: Shutting down and abandoning module SteamVR (119)
[2016.01.30-17.23.22:996][491]LogModuleManager: Shutting down and abandoning module ProceduralMeshComponent (118)
[2016.01.30-17.23.22:996][491]LogModuleManager: Shutting down and abandoning module OculusLibrary (117)
[2016.01.30-17.23.22:996][491]LogModuleManager: Shutting down and abandoning module OculusInput (116)
[2016.01.30-17.23.22:996][491]LogModuleManager: Shutting down and abandoning module LeapMotionController (115)
[2016.01.30-17.23.23:006][491]LogModuleManager: Shutting down and abandoning module CustomMeshComponent (114)
[2016.01.30-17.23.23:006][491]LogModuleManager: Shutting down and abandoning module CableComponent (113)
[2016.01.30-17.23.23:006][491]LogModuleManager: Shutting down and abandoning module ArchVisCharacter (112)
[2016.01.30-17.23.23:006][491]LogModuleManager: Shutting down and abandoning module MessagingDebugger (111)
[2016.01.30-17.23.23:007][491]LogModuleManager: Shutting down and abandoning module MediaPlayerEditor (110)
[2016.01.30-17.23.23:007][491]LogModuleManager: Shutting down and abandoning module HTML5Networking (109)
[2016.01.30-17.23.23:007][491]LogModuleManager: Shutting down and abandoning module SpeedTreeImporter (108)
[2016.01.30-17.23.23:007][491]LogModuleManager: Shutting down and abandoning module PluginBrowser (107)
[2016.01.30-17.23.23:008][491]LogModuleManager: Shutting down and abandoning module EpicSurvey (106)
[2016.01.30-17.23.23:008][491]LogModuleManager: Shutting down and abandoning module DesktopPlatform (105)
[2016.01.30-17.23.23:008][491]LogModuleManager: Shutting down and abandoning module VisualStudioSourceCodeAccess (104)
[2016.01.30-17.23.23:008][491]LogModuleManager: Shutting down and abandoning module UObjectPlugin (103)
[2016.01.30-17.23.23:008][491]LogModuleManager: Shutting down and abandoning module SubversionSourceControl (102)
[2016.01.30-17.23.23:008][491]LogModuleManager: Shutting down and abandoning module PerforceSourceControl (101)
[2016.01.30-17.23.23:008][491]LogModuleManager: Shutting down and abandoning module SourceControl (100)
[2016.01.30-17.23.23:008][491]LogModuleManager: Shutting down and abandoning module GitSourceControl (99)
[2016.01.30-17.23.23:008][491]LogModuleManager: Shutting down and abandoning module LightPropagationVolumeEditor (98)
[2016.01.30-17.23.23:008][491]LogModuleManager: Shutting down and abandoning module PaperTiledImporter (97)
[2016.01.30-17.23.23:008][491]LogModuleManager: Shutting down and abandoning module PaperSpriteSheetImporter (96)
[2016.01.30-17.23.23:008][491]LogModuleManager: Shutting down and abandoning module MeshPaint (95)
[2016.01.30-17.23.23:008][491]LogModuleManager: Shutting down and abandoning module SlateReflector (94)
[2016.01.30-17.23.23:009][491]LogModuleManager: Shutting down and abandoning module HotReload (93)
[2016.01.30-17.23.23:009][491]LogModuleManager: Shutting down and abandoning module MainFrame (92)
[2016.01.30-17.23.23:009][491]LogModuleManager: Shutting down and abandoning module LevelEditor (91)
[2016.01.30-17.23.23:010][491]LogModuleManager: Shutting down and abandoning module DirectoryWatcher (90)
[2016.01.30-17.23.23:010][491]LogModuleManager: Shutting down and abandoning module AssetRegistry (89)
[2016.01.30-17.23.23:116][491]LogModuleManager: Shutting down and abandoning module ContentBrowser (88)
[2016.01.30-17.23.23:116][491]LogModuleManager: Shutting down and abandoning module Paper2DEditor (87)
[2016.01.30-17.23.23:117][491]LogModuleManager: Shutting down and abandoning module UdpMessaging (86)
[2016.01.30-17.23.23:217][491]LogModuleManager: Shutting down and abandoning module LightPropagationVolumeRuntime (85)
[2016.01.30-17.23.23:217][491]LogModuleManager: Shutting down and abandoning module Paper2D (84)
[2016.01.30-17.23.23:217][491]LogModuleManager: Shutting down and abandoning module WindowsMoviePlayer (83)
[2016.01.30-17.23.23:219][491]LogModuleManager: Shutting down and abandoning module Media (82)
[2016.01.30-17.23.23:219][491]LogModuleManager: Shutting down and abandoning module WmfMedia (81)
[2016.01.30-17.23.23:220][491]LogModuleManager: Shutting down and abandoning module OnlineBlueprintSupport (80)
[2016.01.30-17.23.23:220][491]LogModuleManager: Shutting down and abandoning module GameplayTasksEditor (79)
[2016.01.30-17.23.23:220][491]LogModuleManager: Shutting down and abandoning module PropertyEditor (78)
[2016.01.30-17.23.23:220][491]LogModuleManager: Shutting down and abandoning module BehaviorTreeEditor (77)
[2016.01.30-17.23.23:220][491]LogModuleManager: Shutting down and abandoning module FunctionalTesting (76)
[2016.01.30-17.23.23:220][491]LogModuleManager: Shutting down and abandoning module CollisionAnalyzer (75)
[2016.01.30-17.23.23:220][491]LogModuleManager: Shutting down and abandoning module WorkspaceMenuStructure (74)
[2016.01.30-17.23.23:220][491]LogModuleManager: Shutting down and abandoning module MessageLog (73)
[2016.01.30-17.23.23:220][491]LogModuleManager: Shutting down and abandoning module Sequencer (72)
[2016.01.30-17.23.23:221][491]LogModuleManager: Shutting down and abandoning module AssetTools (71)
[2016.01.30-17.23.23:222][491]LogModuleManager: Shutting down and abandoning module UMGEditor (70)
[2016.01.30-17.23.23:223][491]LogModuleManager: Shutting down and abandoning module UMG (69)
[2016.01.30-17.23.23:223][491]LogModuleManager: Shutting down and abandoning module Slate (68)
[2016.01.30-17.23.23:223][491]LogModuleManager: Shutting down and abandoning module EditorStyle (67)
[2016.01.30-17.23.23:225][491]LogModuleManager: Shutting down and abandoning module SessionServices (66)
[2016.01.30-17.23.23:225][491]LogModuleManager: Shutting down and abandoning module SourceCodeAccess (65)
[2016.01.30-17.23.23:225][491]LogModuleManager: Shutting down and abandoning module HeadMountedDisplay (64)
[2016.01.30-17.23.23:225][491]LogModuleManager: Shutting down and abandoning module XAudio2 (63)
[2016.01.30-17.23.23:225][491]LogModuleManager: Shutting down and abandoning module Networking (61)
[2016.01.30-17.23.23:225][491]LogModuleManager: Shutting down and abandoning module Core (60)
[2016.01.30-17.23.23:225][491]LogModuleManager: Shutting down and abandoning module KismetCompiler (59)
[2016.01.30-17.23.23:225][491]LogModuleManager: Shutting down and abandoning module PhysXFormats (58)
[2016.01.30-17.23.23:225][491]LogModuleManager: Shutting down and abandoning module MeshUtilities (57)
[2016.01.30-17.23.23:226][491]LogModuleManager: Shutting down and abandoning module DerivedDataCache (56)
[2016.01.30-17.23.23:275][491]LogDerivedDataCache: Shutdown
[2016.01.30-17.23.23:275][491]LogModuleManager: Shutting down and abandoning module ShaderFormatOpenGL (55)
[2016.01.30-17.23.23:275][491]LogModuleManager: Shutting down and abandoning module ShaderFormatD3D (54)
[2016.01.30-17.23.23:275][491]LogModuleManager: Shutting down and abandoning module MetalShaderFormat (53)
[2016.01.30-17.23.23:276][491]LogModuleManager: Shutting down and abandoning module TextureFormatUncompressed (52)
[2016.01.30-17.23.23:276][491]LogModuleManager: Shutting down and abandoning module TextureFormatPVR (51)
[2016.01.30-17.23.23:276][491]LogModuleManager: Shutting down and abandoning module TextureFormatIntelISPCTexComp (50)
[2016.01.30-17.23.23:276][491]LogModuleManager: Shutting down and abandoning module TextureFormatDXT (49)
[2016.01.30-17.23.23:276][491]LogModuleManager: Shutting down and abandoning module ImageWrapper (48)
[2016.01.30-17.23.23:276][491]LogModuleManager: Shutting down and abandoning module TextureFormatASTC (47)
[2016.01.30-17.23.23:276][491]LogModuleManager: Shutting down and abandoning module TextureFormatAndroid (46)
[2016.01.30-17.23.23:276][491]LogModuleManager: Shutting down and abandoning module AudioFormatOpus (45)
[2016.01.30-17.23.23:276][491]LogModuleManager: Shutting down and abandoning module AudioFormatOgg (44)
[2016.01.30-17.23.23:276][491]LogModuleManager: Shutting down and abandoning module AudioFormatADPCM (43)
[2016.01.30-17.23.23:276][491]LogModuleManager: Shutting down and abandoning module LinuxTargetPlatform (42)
[2016.01.30-17.23.23:276][491]LogModuleManager: Shutting down and abandoning module LinuxServerTargetPlatform (41)
[2016.01.30-17.23.23:276][491]LogModuleManager: Shutting down and abandoning module LinuxNoEditorTargetPlatform (40)
[2016.01.30-17.23.23:276][491]LogModuleManager: Shutting down and abandoning module Messaging (39)
[2016.01.30-17.23.23:276][491]LogModuleManager: Shutting down and abandoning module IOSTargetPlatform (38)
[2016.01.30-17.23.23:276][491]LogModuleManager: Shutting down and abandoning module HTML5TargetPlatform (37)
[2016.01.30-17.23.23:276][491]LogModuleManager: Shutting down and abandoning module Android_PVRTCTargetPlatform (36)
[2016.01.30-17.23.23:276][491]LogModuleManager: Shutting down and abandoning module Android_MultiTargetPlatform (35)
[2016.01.30-17.23.23:276][491]LogModuleManager: Shutting down and abandoning module Android_ETC2TargetPlatform (34)
[2016.01.30-17.23.23:276][491]LogModuleManager: Shutting down and abandoning module Android_ETC1TargetPlatform (33)
[2016.01.30-17.23.23:276][491]LogModuleManager: Shutting down and abandoning module Android_DXTTargetPlatform (32)
[2016.01.30-17.23.23:276][491]LogModuleManager: Shutting down and abandoning module Android_ATCTargetPlatform (31)
[2016.01.30-17.23.23:276][491]LogModuleManager: Shutting down and abandoning module Android_ASTCTargetPlatform (30)
[2016.01.30-17.23.23:276][491]LogModuleManager: Shutting down and abandoning module AndroidTargetPlatform (29)
[2016.01.30-17.23.23:276][491]LogModuleManager: Shutting down and abandoning module WindowsTargetPlatform (28)
[2016.01.30-17.23.23:276][491]LogModuleManager: Shutting down and abandoning module WindowsServerTargetPlatform (27)
[2016.01.30-17.23.23:276][491]LogModuleManager: Shutting down and abandoning module WindowsNoEditorTargetPlatform (26)
[2016.01.30-17.23.23:276][491]LogModuleManager: Shutting down and abandoning module WindowsClientTargetPlatform (25)
[2016.01.30-17.23.23:276][491]LogModuleManager: Shutting down and abandoning module AllDesktopTargetPlatform (24)
[2016.01.30-17.23.23:276][491]LogModuleManager: Shutting down and abandoning module TargetPlatform (23)
[2016.01.30-17.23.23:276][491]LogModuleManager: Shutting down and abandoning module InputCore (22)
[2016.01.30-17.23.23:276][491]LogModuleManager: Shutting down and abandoning module Settings (21)
[2016.01.30-17.23.23:276][491]LogModuleManager: Shutting down and abandoning module OnlineSubsystem (19)
[2016.01.30-17.23.23:276][491]LogModuleManager: Shutting down and abandoning module HTTP (18)
[2016.01.30-17.23.25:277][491]LogModuleManager: Shutting down and abandoning module XMPP (17)
[2016.01.30-17.23.25:281][491]LogModuleManager: Shutting down and abandoning module OculusRift (16)
[2016.01.30-17.23.25:281][491]LogModuleManager: Shutting down and abandoning module ExampleDeviceProfileSelector (15)
[2016.01.30-17.23.25:282][491]LogModuleManager: Shutting down and abandoning module TextureCompressor (14)
[2016.01.30-17.23.25:282][491]LogModuleManager: Shutting down and abandoning module ShaderCore (13)
[2016.01.30-17.23.25:282][491]LogModuleManager: Shutting down and abandoning module Landscape (12)
[2016.01.30-17.23.25:282][491]LogModuleManager: Shutting down and abandoning module SlateRHIRenderer (11)
[2016.01.30-17.23.25:284][491]LogModuleManager: Shutting down and abandoning module OpenGLDrv (10)
[2016.01.30-17.23.25:285][491]LogModuleManager: Shutting down and abandoning module D3D11RHI (9)
[2016.01.30-17.23.25:285][491]LogModuleManager: Shutting down and abandoning module AnimGraphRuntime (8)
[2016.01.30-17.23.25:285][491]LogModuleManager: Shutting down and abandoning module Renderer (7)
[2016.01.30-17.23.25:285][491]LogModuleManager: Shutting down and abandoning module Engine (6)
[2016.01.30-17.23.25:285][491]LogModuleManager: Shutting down and abandoning module CoreUObject (5)
[2016.01.30-17.23.25:285][491]LogModuleManager: Shutting down and abandoning module NetworkFile (4)
[2016.01.30-17.23.25:286][491]LogModuleManager: Shutting down and abandoning module StreamingFile (3)
[2016.01.30-17.23.25:286][491]LogModuleManager: Shutting down and abandoning module SandboxFile (2)
[2016.01.30-17.23.25:286][491]LogModuleManager: Shutting down and abandoning module PakFile (1)
[2016.01.30-17.23.25:290][491]LogExit: Exiting.
[2016.01.30-17.23.25:329][491]Log file closed, 01/30/16 12:23:25
