[2016.02.01-07.54.43:801][  0]Log file open, 02/01/16 02:54:43
[2016.02.01-07.54.43:801][  0]LogInit:Display: Running engine for game: HotelBete
[2016.02.01-07.54.43:801][  0]LogPlatformFile: Not using cached read wrapper
[2016.02.01-07.54.43:801][  0]LogInit:Display: RandInit(-1705265853) SRandInit(-1705265851).
[2016.02.01-07.54.43:802][  0]LogTaskGraph: Started task graph with 4 named threads and 5 total threads.
[2016.02.01-07.54.43:802][  0]LogStats: Stats thread started at 0.081460
[2016.02.01-07.54.43:802][  0]LogInit: Version: 4.10.2-2818068+++depot+UE4-Releases+4.10
[2016.02.01-07.54.43:802][  0]LogInit: API Version: 2758231
[2016.02.01-07.54.43:802][  0]LogInit: Compiled (64-bit): Jan  6 2016 17:36:42
[2016.02.01-07.54.43:802][  0]LogInit: Compiled with Visual C++: 19.00.23026.00
[2016.02.01-07.54.43:802][  0]LogInit: Build Configuration: Development
[2016.02.01-07.54.43:802][  0]LogInit: Branch Name: ++depot+UE4-Releases+4.10
[2016.02.01-07.54.43:802][  0]LogInit: Command line:  
[2016.02.01-07.54.43:802][  0]LogInit: Base directory: C:/Program Files/Epic Games/4.10/Engine/Binaries/Win64/
[2016.02.01-07.54.43:802][  0]LogInit: Rocket: 1
[2016.02.01-07.54.43:821][  0]LogInit: Using libcurl 7.41.0
[2016.02.01-07.54.43:821][  0]LogInit:  - built for x86_64-pc-win32
[2016.02.01-07.54.43:821][  0]LogInit:  - supports SSL with WinSSL
[2016.02.01-07.54.43:821][  0]LogInit:  - other features:
[2016.02.01-07.54.43:821][  0]LogInit:      CURL_VERSION_SSL
[2016.02.01-07.54.43:821][  0]LogInit:      CURL_VERSION_IPV6
[2016.02.01-07.54.43:821][  0]LogInit:      CURL_VERSION_ASYNCHDNS
[2016.02.01-07.54.43:821][  0]LogInit:      CURL_VERSION_LARGEFILE
[2016.02.01-07.54.43:821][  0]LogInit:      CURL_VERSION_IDN
[2016.02.01-07.54.43:821][  0]LogInit:  CurlRequestOptions (configurable via config and command line):
[2016.02.01-07.54.43:821][  0]LogInit:  - bVerifyPeer = true  - Libcurl will verify peer certificate
[2016.02.01-07.54.43:821][  0]LogInit:  - bUseHttpProxy = false  - Libcurl will NOT use HTTP proxy
[2016.02.01-07.54.43:821][  0]LogInit:  - bDontReuseConnections = false  - Libcurl will reuse connections
[2016.02.01-07.54.43:821][  0]LogInit:  - CertBundlePath = nullptr  - Libcurl will use whatever was configured at build time.
[2016.02.01-07.54.43:834][  0]LogInit: Presizing for 0 objects not considered by GC, pre-allocating 0 bytes.
[2016.02.01-07.54.43:849][  0]LogInit: Object subsystem initialized
[2016.02.01-07.54.43:852][  0]LogInit: Selected Device Profile: [Windows]
[2016.02.01-07.54.43:852][  0]LogInit: Applying CVar settings loaded from the selected device profile: [Windows]
[2016.02.01-07.54.43:875][  0]LogInit: Computer: CONOR-LAPTOP
[2016.02.01-07.54.43:875][  0]LogInit: User: jcc44000
[2016.02.01-07.54.43:875][  0]LogInit: CPU Page size=4096, Cores=2
[2016.02.01-07.54.43:875][  0]LogInit: High frequency timer resolution =2.240908 MHz
[2016.02.01-07.54.43:875][  0]LogMemory: Memory total: Physical=11.9GB (12GB approx)
[2016.02.01-07.54.43:875][  0]LogMemory: Platform Memory Stats for Windows
[2016.02.01-07.54.43:875][  0]LogMemory: Process Physical Memory: 54.49 MB used, 54.49 MB peak
[2016.02.01-07.54.43:875][  0]LogMemory: Process Virtual Memory: 55.27 MB used, 55.27 MB peak
[2016.02.01-07.54.43:875][  0]LogMemory: Physical Memory: 3639.01 MB used, 12171.62 MB total
[2016.02.01-07.54.43:875][  0]LogMemory: Virtual Memory: 363.36 MB used, 134217728.00 MB total
[2016.02.01-07.54.43:920][  0]LogTextLocalizationManager: No specific translations for ('en-US') exist, so ('en') translations will be used.
[2016.02.01-07.54.44:663][  0]LogD3D11RHI: Found D3D11 adapter 0: Intel(R) HD Graphics Family (Feature Level 11_0)
[2016.02.01-07.54.44:663][  0]LogD3D11RHI: Adapter has 32MB of dedicated video memory, 0MB of dedicated system memory, and 1760MB of shared system memory, 1 output[s]
[2016.02.01-07.54.44:664][  0]LogD3D11RHI: Found D3D11 adapter 1: Microsoft Basic Render Driver (Feature Level 11_0)
[2016.02.01-07.54.44:664][  0]LogD3D11RHI: Adapter has 0MB of dedicated video memory, 0MB of dedicated system memory, and 256MB of shared system memory, 0 output[s]
[2016.02.01-07.54.44:665][  0]LogD3D11RHI: Chosen D3D11 Adapter Id = 0
[2016.02.01-07.54.44:674][  0]LogD3D11RHI: !Direct3DDevice
[2016.02.01-07.54.44:674][  0]LogRHI: Texture pool is 638 MB (70% of 912 MB)
[2016.02.01-07.54.44:684][  0]LogD3D11RHI: Async texture creation enabled
[2016.02.01-07.54.44:691][  0]LogShaderCompilers: Guid format shader working directory is -12 characters bigger than the processId version (../../../../../../Users/jcc44_000/Documents/GitHub/HotelBete/Intermediate/Shaders/WorkingDirectory/10620/).
[2016.02.01-07.54.44:692][  0]LogShaderCompilers: Cleaned the shader compiler working directory 'C:/Users/JCC44_~1/AppData/Local/Temp/UnrealShaderWorkingDir/2D83E4774726E5CAB0B0BC8526B627A8/'.
[2016.02.01-07.54.44:692][  0]LogShaderCompilers:Display: Using Local Shader Compiler.
[2016.02.01-07.54.46:315][  0]LogTemp:Display: Loaded TP AllDesktopTargetPlatform
[2016.02.01-07.54.46:327][  0]LogTemp:Display: Loaded TP WindowsClientTargetPlatform
[2016.02.01-07.54.46:339][  0]LogTemp:Display: Loaded TP WindowsNoEditorTargetPlatform
[2016.02.01-07.54.46:348][  0]LogTemp:Display: Loaded TP WindowsServerTargetPlatform
[2016.02.01-07.54.46:356][  0]LogTemp:Display: Loaded TP WindowsTargetPlatform
[2016.02.01-07.54.46:361][  0]LogTemp:Display: Loaded TP AndroidTargetPlatform
[2016.02.01-07.54.46:367][  0]LogTemp:Display: Loaded TP Android_ASTCTargetPlatform
[2016.02.01-07.54.46:375][  0]LogTemp:Display: Loaded TP Android_ATCTargetPlatform
[2016.02.01-07.54.46:382][  0]LogTemp:Display: Loaded TP Android_DXTTargetPlatform
[2016.02.01-07.54.46:389][  0]LogTemp:Display: Loaded TP Android_ETC1TargetPlatform
[2016.02.01-07.54.46:395][  0]LogTemp:Display: Loaded TP Android_ETC2TargetPlatform
[2016.02.01-07.54.46:409][  0]LogTemp:Display: Loaded TP Android_MultiTargetPlatform
[2016.02.01-07.54.46:409][  0]LogTemp:Display: Loaded TP Android_PVRTCTargetPlatform
[2016.02.01-07.54.46:411][  0]LogTemp:Display: Loaded TP HTML5TargetPlatform
[2016.02.01-07.54.46:434][  0]LogTemp:Display: Loaded TP IOSTargetPlatform
[2016.02.01-07.54.46:438][  0]LogTemp:Display: Loaded TP LinuxNoEditorTargetPlatform
[2016.02.01-07.54.46:445][  0]LogTemp:Display: Loaded TP LinuxServerTargetPlatform
[2016.02.01-07.54.46:453][  0]LogTemp:Display: Loaded TP LinuxTargetPlatform
[2016.02.01-07.54.46:453][  0]LogTargetPlatformManager:Display: Building Assets For Windows
[2016.02.01-07.54.46:620][  0]LogDerivedDataCache:Display: Max Cache Size: 512 MB
[2016.02.01-07.54.46:707][  0]LogDerivedDataCache: Loaded boot cache 0.09s 41MB C:/Users/jcc44_000/AppData/Local/UnrealEngine/4.10/DerivedDataCache/Boot.ddc.
[2016.02.01-07.54.46:707][  0]LogDerivedDataCache:Display: Loaded Boot cache: C:/Users/jcc44_000/AppData/Local/UnrealEngine/4.10/DerivedDataCache/Boot.ddc
[2016.02.01-07.54.46:707][  0]LogDerivedDataCache: FDerivedDataBackendGraph:  Pak pak cache file ../../../../../../Users/jcc44_000/Documents/GitHub/HotelBete/DerivedDataCache/DDC.ddp not found, will not use a pak cache.
[2016.02.01-07.54.46:707][  0]LogDerivedDataCache: Unable to find inner node Pak for hierarchical cache Hierarchy.
[2016.02.01-07.54.46:707][  0]LogDerivedDataCache: FDerivedDataBackendGraph:  CompressedPak pak cache file ../../../../../../Users/jcc44_000/Documents/GitHub/HotelBete/DerivedDataCache/Compressed.ddp not found, will not use a pak cache.
[2016.02.01-07.54.46:707][  0]LogDerivedDataCache: Unable to find inner node CompressedPak for hierarchical cache Hierarchy.
[2016.02.01-07.54.46:828][  0]LogDerivedDataCache:Display: Pak cache opened for reading ../../../Engine/DerivedDataCache/Compressed.ddp.
[2016.02.01-07.54.46:842][  0]LogDerivedDataCache: Using Local data cache path C:/Users/jcc44_000/AppData/Local/UnrealEngine/Common/DerivedDataCache: Writable
[2016.02.01-07.54.47:194][  0]LogInit: Selected Device Profile: [Windows]
[2016.02.01-07.54.47:198][  0]LogContentStreaming: Texture pool size is 0.000000MB
[2016.02.01-07.54.47:421][  0]LogMeshUtilities: No automatic mesh reduction module available
[2016.02.01-07.54.47:421][  0]LogMeshUtilities: No automatic mesh merging module available
[2016.02.01-07.54.47:875][  0]LogInit: WinSock: version 1.1 (2.2), MaxSocks=32767, MaxUdp=65467
[2016.02.01-07.54.49:288][  0]LogAssetRegistry: FAssetRegistry took 0.0110 seconds to start up
[2016.02.01-07.54.49:317][  0]UdpMessaging: Initializing bridge on interface 0.0.0.0:0 to multicast group 230.0.0.1:6666.
[2016.02.01-07.54.49:828][  0]SourceControl: Info Source control is disabled
[2016.02.01-07.54.49:829][  0]SourceControl: Info Source control is disabled
[2016.02.01-07.54.49:848][  0]SourceControl: Info Source control is disabled
[2016.02.01-07.54.49:866][  0]SourceControl: Info Source control is disabled
[2016.02.01-07.54.50:297][  0]LogObj: 28802 objects as part of root set at end of initial load.
[2016.02.01-07.54.50:297][  0]LogUObjectAllocator: 6129776 out of 0 bytes used by permanent object pool.
[2016.02.01-07.54.50:395][  0]LogEngine: Initializing Engine...
[2016.02.01-07.54.50:398][  0]LogHMD: Can't find Oculus library dev build: is proper Runtime installed? Version: 0.8.0.0
[2016.02.01-07.54.50:399][  0]LogHMD: SteamVR failed to initialize.  Err: 110
[2016.02.01-07.54.50:652][  0]LogAIModule: Creating AISystem for world NewWorld
[2016.02.01-07.54.50:657][  0]LogInit: XAudio2 using 'Speakers (Realtek High Definition Audio)' : 2 channels at 48 kHz using 32 bits per sample (channel mask 0x3)
[2016.02.01-07.54.50:733][  0]LogInit: FAudioDevice initialized.
[2016.02.01-07.54.50:772][  0]LogDerivedDataCache: Saved boot cache 0.04s 41MB C:/Users/jcc44_000/AppData/Local/UnrealEngine/4.10/DerivedDataCache/Boot.ddc.
[2016.02.01-07.54.50:782][  0]LogInit: Texture streaming: Enabled
[2016.02.01-07.54.50:792][  0]LogAnalytics: Creating configured Analytics provider AnalyticsET
[2016.02.01-07.54.50:792][  0]LogAnalytics: [UEEditor.Rocket.Release] APIServer = http://et2.epicgames.com/ET2/. AppVersion = 4.10.2-2818068+++depot+UE4-Releases+4.10
[2016.02.01-07.54.50:792][  0]LogAnalytics: [UEEditor.Rocket.Release] SetUserId a00de05446ef577f40030a85b6572d0b|78e6d53e0a594b3ca03846b462c1cd9f|0660c053-9676-4ff0-a488-6e040aefb54e
[2016.02.01-07.54.50:792][  0]LogAnalytics: [UEEditor.Rocket.Release] AnalyticsET::StartSession
[2016.02.01-07.54.50:807][  0]LogInit: Transaction tracking system initialized
[2016.02.01-07.54.50:862][  0]BlueprintLog: New page: Editor Load
[2016.02.01-07.54.51:021][  0]LocalizationService: Info Localization service is disabled
[2016.02.01-07.54.51:154][  0]LogConsoleResponse:Display: 
[2016.02.01-07.54.51:363][  0]LogCook:Display: Done creating registry. It took  0.00s.
[2016.02.01-07.54.51:467][  0]LogFileCache: Scanning file cache for directory 'C:/Users/jcc44_000/Documents/GitHub/HotelBete/Content/' took 0.02s
[2016.02.01-07.54.51:478][  0]SourceControl: Info Source control is disabled
[2016.02.01-07.54.51:478][  0]Cmd: MAP LOAD FILE="../../../../../../Users/jcc44_000/Documents/GitHub/HotelBete/Content/FirstPersonBP/Level/BondsLevel.umap" TEMPLATE=0 SHOWPROGRESS=1 FEATURELEVEL=3
[2016.02.01-07.54.51:479][  0]LogEditorServer:Warning: Can't find file '../../../../../../Users/jcc44_000/Documents/GitHub/HotelBete/Content/FirstPersonBP/Level/BondsLevel.umap'
[2016.02.01-07.54.51:479][  0]Cmd: MAP CHECKDEP NOCLEARLOG
[2016.02.01-07.54.51:548][  0]MapCheck: Info Map check complete: 0 Error(s), 0 Warning(s), took 69.313ms to complete.
[2016.02.01-07.54.51:548][  0]LogFileHelpers: Loading map 'BondsLevel' took 0.070
[2016.02.01-07.54.51:732][  0]LogCollectionManager: Loaded 0 collections in 0.003683 seconds
[2016.02.01-07.54.51:777][  0]LogFileCache: Scanning file cache for directory 'C:/Users/jcc44_000/Documents/GitHub/HotelBete/Saved/Collections/' took 0.01s
[2016.02.01-07.54.51:777][  0]LogFileCache: Scanning file cache for directory 'C:/Users/jcc44_000/Documents/GitHub/HotelBete/Content/Developers/jcc44000/Collections/' took 0.01s
[2016.02.01-07.54.51:777][  0]LogFileCache: Scanning file cache for directory 'C:/Users/jcc44_000/Documents/GitHub/HotelBete/Content/Collections/' took 0.01s
[2016.02.01-07.54.51:777][  0]LogCollectionManager: Rebuilt the GUID cache for 0 collections in 0.000003 seconds
[2016.02.01-07.54.51:793][  0]LogContentBrowser: Native class hierarchy populated in 0.0152 seconds. Added 1908 classes and 344 folders.
[2016.02.01-07.54.51:807][  0]LogContentBrowser: Native class hierarchy updated for 'WidgetCarousel' in 0.0005 seconds. Added 0 classes and 0 folders.
[2016.02.01-07.54.51:879][  0]LogContentBrowser: Native class hierarchy updated for 'AddContentDialog' in 0.0006 seconds. Added 0 classes and 0 folders.
[2016.02.01-07.54.51:886][  0]LogContentBrowser: Native class hierarchy updated for 'SceneOutliner' in 0.0007 seconds. Added 1 classes and 2 folders.
[2016.02.01-07.54.51:965][  0]LogCrashTracker: Crashtracker disabled due to settings.
[2016.02.01-07.54.51:969][  0]LogUObjectGlobals:Warning: Failed to find object 'Class None.'
[2016.02.01-07.54.51:994][  0]LogLoad: Full Startup: 9.04 seconds (BP compile: 0.01 seconds)
[2016.02.01-07.54.52:012][  0]LogWindowsTextInputMethodSystem:Display: IME system now deactivated.
[2016.02.01-07.54.52:012][  0]LogWindowsTextInputMethodSystem:Display: IME system now deactivated.
[2016.02.01-07.54.52:017][  0]LogOcInput: Can't find Oculus library dev build: is proper Runtime installed? Version: 0.8.0.0
[2016.02.01-07.54.52:086][  0]LogContentStreaming: Texture pool size now 1000 MB
[2016.02.01-07.54.52:313][  0]LogRenderer: Reallocating scene render targets to support 888x432 (Frame:2).
[2016.02.01-07.54.53:976][  4]LogAssetRegistry: Asset discovery search completed in 4.6993 seconds
[2016.02.01-07.54.53:976][  4]LogCollectionManager: Rebuilt the object cache for 0 collections in 0.000001 seconds (found 0 objects)
[2016.02.01-07.54.53:976][  4]LogCollectionManager: Fixed up redirectors for 0 collections in 0.000044 seconds (updated 0 objects)
[2016.02.01-07.55.03:253][223]LogSkeletalMesh: InitArticulated: Bodies already created (/Engine/Transient.DebugSkelMeshComponent_0) - call TermArticulated first.
[2016.02.01-07.55.03:422][224]LogRenderer: Reallocating scene render targets to support 888x568 (Frame:172).
[2016.02.01-07.55.14:063][376]LogRenderer: Reallocating scene render targets to support 888x620 (Frame:445).
[2016.02.01-07.55.17:852][423]LogMaterial: Missing cached shader map for material 01_-_Default, compiling. 
[2016.02.01-07.55.18:138][423]LogMaterial: Missing cached shader map for material 01_-_Default, compiling. 
[2016.02.01-07.55.18:149][423]LogMaterial: 0.000146 seconds spent updating 1 materials, 1 interfaces, 0 instances, 0 with static permutations.
[2016.02.01-07.55.18:180][423]LogMaterial: Missing cached shader map for material FMatExpressionPreview MaterialExpressionVectorParameter_2, compiling. 
[2016.02.01-07.55.35:141][640]LogMaterial: Missing cached shader map for material 01_-_Default, compiling. 
[2016.02.01-07.55.35:156][640]LogMaterial: 0.000106 seconds spent updating 1 materials, 1 interfaces, 0 instances, 0 with static permutations.
[2016.02.01-07.55.35:158][640]LogMaterial: Missing cached shader map for material FMatExpressionPreview MaterialExpressionTextureSample_0, compiling. 
[2016.02.01-07.55.35:211][640]LogMaterial: Missing cached shader map for material FMatExpressionPreview MaterialExpressionVectorParameter_2, compiling. 
[2016.02.01-07.55.35:218][640]LogMaterial: Missing cached shader map for material FMatExpressionPreview MaterialExpressionTextureSample_0, compiling. 
[2016.02.01-07.55.38:103][701]LogMaterial: Missing cached shader map for material 01_-_Default, compiling. 
[2016.02.01-07.55.38:117][701]LogMaterial: 0.000109 seconds spent updating 1 materials, 1 interfaces, 0 instances, 0 with static permutations.
[2016.02.01-07.55.38:147][701]LogMaterial: Missing cached shader map for material FMatExpressionPreview MaterialExpressionTextureSample_0, compiling. 
[2016.02.01-07.55.43:818][810]LogMaterial: Missing cached shader map for material 01_-_Default, compiling. 
[2016.02.01-07.55.43:839][810]LogMaterial: 0.000147 seconds spent updating 1 materials, 1 interfaces, 0 instances, 0 with static permutations.
[2016.02.01-07.55.47:622][864]LogMaterialEditor: Saving and Compiling material 01_-_Default
[2016.02.01-07.55.48:682][864]LogMaterial: Missing cached shader map for material 01_-_Default, compiling. 
[2016.02.01-07.55.48:709][864]LogMaterial: 0.000097 seconds spent updating 1 materials, 1 interfaces, 0 instances, 0 with static permutations.
[2016.02.01-07.55.48:750][864]LogMaterial: Missing cached shader map for material 01_-_Default, compiling. 
[2016.02.01-07.55.48:783][864]LogMaterial: Missing cached shader map for material 01_-_Default, compiling. 
[2016.02.01-07.55.48:795][864]LogMaterial: 0.000805 seconds spent updating 1 materials, 1 interfaces, 0 instances, 0 with static permutations.
[2016.02.01-07.55.56:995][864]Cmd: OBJ SAVEPACKAGE PACKAGE="/Game/Hotel/Art/Models/01_-_Default" FILE="../../../../../../Users/jcc44_000/Documents/GitHub/HotelBete/Content/Hotel/Art/Models/01_-_Default.uasset" SILENT=true
[2016.02.01-07.55.57:057][864]LogSavePackage: Save=32.610889ms
[2016.02.01-07.55.57:057][864]LogSavePackage: Moving '../../../../../../Users/jcc44_000/Documents/GitHub/HotelBete/Saved/01_-_Default5D83938446ED1B48E803959EE99E0875.tmp' to '../../../../../../Users/jcc44_000/Documents/GitHub/HotelBete/Content/Hotel/Art/Models/01_-_Default.uasset'
[2016.02.01-07.55.57:062][864]LogSavePackage: Total save time: 64.339992ms
[2016.02.01-07.55.57:062][864]LogSavePackage:Display: Finished SavePackage ../../../../../../Users/jcc44_000/Documents/GitHub/HotelBete/Content/Hotel/Art/Models/01_-_Default.uasset
[2016.02.01-07.55.57:073][864]MaterialEditorStats: Info Base pass shader with only dynamic lighting: 61 instructions
[2016.02.01-07.55.57:073][864]MaterialEditorStats: Info Vertex shader: 33 instructions
[2016.02.01-07.55.57:073][864]MaterialEditorStats: Info Texture samplers: 4/16
[2016.02.01-07.56.53:462][541]LogMaterial: Missing cached shader map for material PreviewMaterial_0, compiling. 
[2016.02.01-07.56.53:659][541]LogMaterial: Missing cached shader map for material PreviewMaterial_0, compiling. 
[2016.02.01-07.56.53:671][541]LogMaterial: 0.000056 seconds spent updating 1 materials, 1 interfaces, 0 instances, 0 with static permutations.
[2016.02.01-07.56.53:703][541]LogMaterial: Missing cached shader map for material FMatExpressionPreview MaterialExpressionTextureSample_0, compiling. 
[2016.02.01-07.57.01:033][675]LogMaterial: Missing cached shader map for material PreviewMaterial_0, compiling. 
[2016.02.01-07.57.01:046][675]LogMaterial: 0.000058 seconds spent updating 1 materials, 1 interfaces, 0 instances, 0 with static permutations.
[2016.02.01-07.57.01:049][675]LogMaterial: Missing cached shader map for material FMatExpressionPreview MaterialExpressionTextureSample_1, compiling. 
[2016.02.01-07.57.01:086][675]LogMaterial: Missing cached shader map for material FMatExpressionPreview MaterialExpressionTextureSample_0, compiling. 
[2016.02.01-07.57.01:092][675]LogMaterial: Missing cached shader map for material FMatExpressionPreview MaterialExpressionTextureSample_1, compiling. 
[2016.02.01-07.57.03:515][723]LogMaterial: Missing cached shader map for material PreviewMaterial_0, compiling. 
[2016.02.01-07.57.03:528][723]LogMaterial: 0.000160 seconds spent updating 1 materials, 1 interfaces, 0 instances, 0 with static permutations.
[2016.02.01-07.57.03:559][723]LogMaterial: Missing cached shader map for material FMatExpressionPreview MaterialExpressionTextureSample_1, compiling. 
[2016.02.01-07.57.06:108][760]LogMaterialEditor: Saving and Compiling material 01_-_Default
[2016.02.01-07.57.07:195][760]LogMaterial: Missing cached shader map for material PreviewMaterial_0, compiling. 
[2016.02.01-07.57.07:221][760]LogMaterial: 0.000053 seconds spent updating 1 materials, 1 interfaces, 0 instances, 0 with static permutations.
[2016.02.01-07.57.07:255][760]LogMaterial: Missing cached shader map for material 01_-_Default, compiling. 
[2016.02.01-07.57.07:285][760]LogMaterial: Missing c