[2016.02.01-07.35.52:000][  0]Log file open, 02/01/16 02:35:52
[2016.02.01-07.35.52:000][  0]LogInit:Display: Running engine for game: HotelBete
[2016.02.01-07.35.52:000][  0]LogPlatformFile: Not using cached read wrapper
[2016.02.01-07.35.52:000][  0]LogInit:Display: RandInit(53426603) SRandInit(53426605).
[2016.02.01-07.35.52:000][  0]LogTaskGraph: Started task graph with 4 named threads and 5 total threads.
[2016.02.01-07.35.52:000][  0]LogStats: Stats thread started at 0.087810
[2016.02.01-07.35.52:000][  0]LogInit: Version: 4.10.2-2818068+++depot+UE4-Releases+4.10
[2016.02.01-07.35.52:000][  0]LogInit: API Version: 2758231
[2016.02.01-07.35.52:000][  0]LogInit: Compiled (64-bit): Jan  6 2016 17:36:42
[2016.02.01-07.35.52:000][  0]LogInit: Compiled with Visual C++: 19.00.23026.00
[2016.02.01-07.35.52:000][  0]LogInit: Build Configuration: Development
[2016.02.01-07.35.52:000][  0]LogInit: Branch Name: ++depot+UE4-Releases+4.10
[2016.02.01-07.35.52:000][  0]LogInit: Command line:  
[2016.02.01-07.35.52:000][  0]LogInit: Base directory: C:/Program Files/Epic Games/4.10/Engine/Binaries/Win64/
[2016.02.01-07.35.52:000][  0]LogInit: Rocket: 1
[2016.02.01-07.35.52:021][  0]LogInit: Using libcurl 7.41.0
[2016.02.01-07.35.52:021][  0]LogInit:  - built for x86_64-pc-win32
[2016.02.01-07.35.52:021][  0]LogInit:  - supports SSL with WinSSL
[2016.02.01-07.35.52:021][  0]LogInit:  - other features:
[2016.02.01-07.35.52:021][  0]LogInit:      CURL_VERSION_SSL
[2016.02.01-07.35.52:021][  0]LogInit:      CURL_VERSION_IPV6
[2016.02.01-07.35.52:021][  0]LogInit:      CURL_VERSION_ASYNCHDNS
[2016.02.01-07.35.52:021][  0]LogInit:      CURL_VERSION_LARGEFILE
[2016.02.01-07.35.52:021][  0]LogInit:      CURL_VERSION_IDN
[2016.02.01-07.35.52:021][  0]LogInit:  CurlRequestOptions (configurable via config and command line):
[2016.02.01-07.35.52:021][  0]LogInit:  - bVerifyPeer = true  - Libcurl will verify peer certificate
[2016.02.01-07.35.52:021][  0]LogInit:  - bUseHttpProxy = false  - Libcurl will NOT use HTTP proxy
[2016.02.01-07.35.52:021][  0]LogInit:  - bDontReuseConnections = false  - Libcurl will reuse connections
[2016.02.01-07.35.52:021][  0]LogInit:  - CertBundlePath = nullptr  - Libcurl will use whatever was configured at build time.
[2016.02.01-07.35.52:036][  0]LogInit: Presizing for 0 objects not considered by GC, pre-allocating 0 bytes.
[2016.02.01-07.35.52:047][  0]LogInit: Object subsystem initialized
[2016.02.01-07.35.52:048][  0]LogInit: Selected Device Profile: [Windows]
[2016.02.01-07.35.52:048][  0]LogInit: Applying CVar settings loaded from the selected device profile: [Windows]
[2016.02.01-07.35.52:069][  0]LogInit: Computer: CONOR-LAPTOP
[2016.02.01-07.35.52:069][  0]LogInit: User: jcc44000
[2016.02.01-07.35.52:069][  0]LogInit: CPU Page size=4096, Cores=2
[2016.02.01-07.35.52:069][  0]LogInit: High frequency timer resolution =2.240908 MHz
[2016.02.01-07.35.52:069][  0]LogMemory: Memory total: Physical=11.9GB (12GB approx)
[2016.02.01-07.35.52:069][  0]LogMemory: Platform Memory Stats for Windows
[2016.02.01-07.35.52:069][  0]LogMemory: Process Physical Memory: 54.48 MB used, 54.48 MB peak
[2016.02.01-07.35.52:069][  0]LogMemory: Process Virtual Memory: 55.29 MB used, 55.29 MB peak
[2016.02.01-07.35.52:069][  0]LogMemory: Physical Memory: 3742.24 MB used, 12171.62 MB total
[2016.02.01-07.35.52:069][  0]LogMemory: Virtual Memory: 363.36 MB used, 134217728.00 MB total
[2016.02.01-07.35.52:118][  0]LogTextLocalizationManager: No specific translations for ('en-US') exist, so ('en') translations will be used.
[2016.02.01-07.35.53:118][  0]LogD3D11RHI: Found D3D11 adapter 0: Intel(R) HD Graphics Family (Feature Level 11_0)
[2016.02.01-07.35.53:118][  0]LogD3D11RHI: Adapter has 32MB of dedicated video memory, 0MB of dedicated system memory, and 1760MB of shared system memory, 1 output[s]
[2016.02.01-07.35.53:120][  0]LogD3D11RHI: Found D3D11 adapter 1: Microsoft Basic Render Driver (Feature Level 11_0)
[2016.02.01-07.35.53:121][  0]LogD3D11RHI: Adapter has 0MB of dedicated video memory, 0MB of dedicated system memory, and 256MB of shared system memory, 0 output[s]
[2016.02.01-07.35.53:121][  0]LogD3D11RHI: Chosen D3D11 Adapter Id = 0
[2016.02.01-07.35.53:129][  0]LogD3D11RHI: !Direct3DDevice
[2016.02.01-07.35.53:129][  0]LogRHI: Texture pool is 638 MB (70% of 912 MB)
[2016.02.01-07.35.53:139][  0]LogD3D11RHI: Async texture creation enabled
[2016.02.01-07.35.53:148][  0]LogShaderCompilers: Guid format shader working directory is -11 characters bigger than the processId version (../../../../../../Users/jcc44_000/Documents/GitHub/HotelBete/Intermediate/Shaders/WorkingDirectory/8572/).
[2016.02.01-07.35.53:148][  0]LogShaderCompilers: Cleaned the shader compiler working directory 'C:/Users/JCC44_~1/AppData/Local/Temp/UnrealShaderWorkingDir/E9580D674A9732E9F74EE2AC72AC3F3B/'.
[2016.02.01-07.35.53:148][  0]LogShaderCompilers:Display: Using Local Shader Compiler.
[2016.02.01-07.35.54:759][  0]LogTemp:Display: Loaded TP AllDesktopTargetPlatform
[2016.02.01-07.35.54:769][  0]LogTemp:Display: Loaded TP WindowsClientTargetPlatform
[2016.02.01-07.35.54:780][  0]LogTemp:Display: Loaded TP WindowsNoEditorTargetPlatform
[2016.02.01-07.35.54:790][  0]LogTemp:Display: Loaded TP WindowsServerTargetPlatform
[2016.02.01-07.35.54:799][  0]LogTemp:Display: Loaded TP WindowsTargetPlatform
[2016.02.01-07.35.54:805][  0]LogTemp:Display: Loaded TP AndroidTargetPlatform
[2016.02.01-07.35.54:811][  0]LogTemp:Display: Loaded TP Android_ASTCTargetPlatform
[2016.02.01-07.35.54:816][  0]LogTemp:Display: Loaded TP Android_ATCTargetPlatform
[2016.02.01-07.35.54:822][  0]LogTemp:Display: Loaded TP Android_DXTTargetPlatform
[2016.02.01-07.35.54:828][  0]LogTemp:Display: Loaded TP Android_ETC1TargetPlatform
[2016.02.01-07.35.54:836][  0]LogTemp:Display: Loaded TP Android_ETC2TargetPlatform
[2016.02.01-07.35.54:848][  0]LogTemp:Display: Loaded TP Android_MultiTargetPlatform
[2016.02.01-07.35.54:848][  0]LogTemp:Display: Loaded TP Android_PVRTCTargetPlatform
[2016.02.01-07.35.54:849][  0]LogTemp:Display: Loaded TP HTML5TargetPlatform
[2016.02.01-07.35.54:875][  0]LogTemp:Display: Loaded TP IOSTargetPlatform
[2016.02.01-07.35.54:881][  0]LogTemp:Display: Loaded TP LinuxNoEditorTargetPlatform
[2016.02.01-07.35.54:888][  0]LogTemp:Display: Loaded TP LinuxServerTargetPlatform
[2016.02.01-07.35.54:894][  0]LogTemp:Display: Loaded TP LinuxTargetPlatform
[2016.02.01-07.35.54:894][  0]LogTargetPlatformManager:Display: Building Assets For Windows
[2016.02.01-07.35.55:061][  0]LogDerivedDataCache:Display: Max Cache Size: 512 MB
[2016.02.01-07.35.55:147][  0]LogDerivedDataCache: Loaded boot cache 0.09s 41MB C:/Users/jcc44_000/AppData/Local/UnrealEngine/4.10/DerivedDataCache/Boot.ddc.
[2016.02.01-07.35.55:147][  0]LogDerivedDataCache:Display: Loaded Boot cache: C:/Users/jcc44_000/AppData/Local/UnrealEngine/4.10/DerivedDataCache/Boot.ddc
[2016.02.01-07.35.55:147][  0]LogDerivedDataCache: FDerivedDataBackendGraph:  Pak pak cache file ../../../../../../Users/jcc44_000/Documents/GitHub/HotelBete/DerivedDataCache/DDC.ddp not found, will not use a pak cache.
[2016.02.01-07.35.55:147][  0]LogDerivedDataCache: Unable to find inner node Pak for hierarchical cache Hierarchy.
[2016.02.01-07.35.55:147][  0]LogDerivedDataCache: FDerivedDataBackendGraph:  CompressedPak pak cache file ../../../../../../Users/jcc44_000/Documents/GitHub/HotelBete/DerivedDataCache/Compressed.ddp not found, will not use a pak cache.
[2016.02.01-07.35.55:147][  0]LogDerivedDataCache: Unable to find inner node CompressedPak for hierarchical cache Hierarchy.
[2016.02.01-07.35.55:277][  0]LogDerivedDataCache:Display: Pak cache opened for reading ../../../Engine/DerivedDataCache/Compressed.ddp.
[2016.02.01-07.35.55:290][  0]LogDerivedDataCache: Using Local data cache path C:/Users/jcc44_000/AppData/Local/UnrealEngine/Common/DerivedDataCache: Writable
[2016.02.01-07.35.55:649][  0]LogInit: Selected Device Profile: [Windows]
[2016.02.01-07.35.55:652][  0]LogContentStreaming: Texture pool size is 0.000000MB
[2016.02.01-07.35.55:865][  0]LogMeshUtilities: No automatic mesh reduction module available
[2016.02.01-07.35.55:865][  0]LogMeshUtilities: No automatic mesh merging module available
[2016.02.01-07.35.56:369][  0]LogInit: WinSock: version 1.1 (2.2), MaxSocks=32767, MaxUdp=65467
[2016.02.01-07.35.57:767][  0]LogAssetRegistry: FAssetRegistry took 0.0126 seconds to start up
[2016.02.01-07.35.57:795][  0]UdpMessaging: Initializing bridge on interface 0.0.0.0:0 to multicast group 230.0.0.1:6666.
[2016.02.01-07.35.58:278][  0]SourceControl: Info Source control is disabled
[2016.02.01-07.35.58:279][  0]SourceControl: Info Source control is disabled
[2016.02.01-07.35.58:299][  0]SourceControl: Info Source control is disabled
[2016.02.01-07.35.58:316][  0]SourceControl: Info Source control is disabled
[2016.02.01-07.35.58:729][  0]LogObj: 28802 objects as part of root set at end of initial load.
[2016.02.01-07.35.58:729][  0]LogUObjectAllocator: 6129776 out of 0 bytes used by permanent object pool.
[2016.02.01-07.35.58:824][  0]LogEngine: Initializing Engine...
[2016.02.01-07.35.58:828][  0]LogHMD: Can't find Oculus library dev build: is proper Runtime installed? Version: 0.8.0.0
[2016.02.01-07.35.58:829][  0]LogHMD: SteamVR failed to initialize.  Err: 110
[2016.02.01-07.35.59:066][  0]LogAIModule: Creating AISystem for world NewWorld
[2016.02.01-07.35.59:073][  0]LogInit: XAudio2 using 'Speakers (Realtek High Definition Audio)' : 2 channels at 48 kHz using 32 bits per sample (channel mask 0x3)
[2016.02.01-07.35.59:146][  0]LogInit: FAudioDevice initialized.
[2016.02.01-07.35.59:181][  0]LogDerivedDataCache: Saved boot cache 0.04s 41MB C:/Users/jcc44_000/AppData/Local/UnrealEngine/4.10/DerivedDataCache/Boot.ddc.
[2016.02.01-07.35.59:190][  0]LogInit: Texture streaming: Enabled
[2016.02.01-07.35.59:200][  0]LogAnalytics: Creating configured Analytics provider AnalyticsET
[2016.02.01-07.35.59:200][  0]LogAnalytics: [UEEditor.Rocket.Release] APIServer = http://et2.epicgames.com/ET2/. AppVersion = 4.10.2-2818068+++depot+UE4-Releases+4.10
[2016.02.01-07.35.59:200][  0]LogAnalytics: [UEEditor.Rocket.Release] SetUserId a00de05446ef577f40030a85b6572d0b|78e6d53e0a594b3ca03846b462c1cd9f|0660c053-9676-4ff0-a488-6e040aefb54e
[2016.02.01-07.35.59:200][  0]LogAnalytics: [UEEditor.Rocket.Release] AnalyticsET::StartSession
[2016.02.01-07.35.59:219][  0]LogInit: Transaction tracking system initialized
[2016.02.01-07.35.59:276][  0]BlueprintLog: New page: Editor Load
[2016.02.01-07.35.59:437][  0]LocalizationService: Info Localization service is disabled
[2016.02.01-07.35.59:570][  0]LogConsoleResponse:Display: 
[2016.02.01-07.35.59:781][  0]LogCook:Display: Done creating registry. It took  0.00s.
[2016.02.01-07.35.59:879][  0]LogFileCache: Scanning file cache for directory 'C:/Users/jcc44_000/Documents/GitHub/HotelBete/Content/' took 0.02s
[2016.02.01-07.35.59:892][  0]SourceControl: Info Source control is disabled
[2016.02.01-07.35.59:893][  0]Cmd: MAP LOAD FILE="../../../../../../Users/jcc44_000/Documents/GitHub/HotelBete/Content/FirstPersonBP/Level/BondsLevel.umap" TEMPLATE=0 SHOWPROGRESS=1 FEATURELEVEL=3
[2016.02.01-07.35.59:893][  0]LogEditorServer:Warning: Can't find file '../../../../../../Users/jcc44_000/Documents/GitHub/HotelBete/Content/FirstPersonBP/Level/BondsLevel.umap'
[2016.02.01-07.35.59:893][  0]Cmd: MAP CHECKDEP NOCLEARLOG
[2016.02.01-07.35.59:957][  0]MapCheck: Info Map check complete: 0 Error(s), 0 Warning(s), took 64.282ms to complete.
[2016.02.01-07.35.59:957][  0]LogFileHelpers: Loading map 'BondsLevel' took 0.065
[2016.02.01-07.36.00:121][  0]LogCollectionManager: Loaded 0 collections in 0.005557 seconds
[2016.02.01-07.36.00:167][  0]LogFileCache: Scanning file cache for directory 'C:/Users/jcc44_000/Documents/GitHub/HotelBete/Saved/Collections/' took 0.01s
[2016.02.01-07.36.00:167][  0]LogFileCache: Scanning file cache for directory 'C:/Users/jcc44_000/Documents/GitHub/HotelBete/Content/Developers/jcc44000/Collections/' took 0.01s
[2016.02.01-07.36.00:167][  0]LogFileCache: Scanning file cache for directory 'C:/Users/jcc44_000/Documents/GitHub/HotelBete/Content/Collections/' took 0.01s
[2016.02.01-07.36.00:167][  0]LogCollectionManager: Rebuilt the GUID cache for 0 collections in 0.000002 seconds
[2016.02.01-07.36.00:185][  0]LogContentBrowser: Native class hierarchy populated in 0.0187 seconds. Added 1908 classes and 344 folders.
[2016.02.01-07.36.00:198][  0]LogContentBrowser: Native class hierarchy updated for 'WidgetCarousel' in 0.0007 seconds. Added 0 classes and 0 folders.
[2016.02.01-07.36.00:275][  0]LogContentBrowser: Native class hierarchy updated for 'AddContentDialog' in 0.0007 seconds. Added 0 classes and 0 folders.
[2016.02.01-07.36.00:281][  0]LogContentBrowser: Native class hierarchy updated for 'SceneOutliner' in 0.0007 seconds. Added 1 classes and 2 folders.
[2016.02.01-07.36.00:362][  0]LogCrashTracker: Crashtracker disabled due to settings.
[2016.02.01-07.36.00:369][  0]LogUObjectGlobals:Warning: Failed to find object 'Class None.'
[2016.02.01-07.36.00:394][  0]LogLoad: Full Startup: 9.25 seconds (BP compile: 0.00 seconds)
[2016.02.01-07.36.00:412][  0]LogWindowsTextInputMethodSystem:Display: IME system now deactivated.
[2016.02.01-07.36.00:412][  0]LogWindowsTextInputMethodSystem:Display: IME system now deactivated.
[2016.02.01-07.36.00:418][  0]LogOcInput: Can't find Oculus library dev build: is proper Runtime installed? Version: 0.8.0.0
[2016.02.01-07.36.00:483][  0]LogContentStreaming: Texture pool size now 1000 MB
[2016.02.01-07.36.00:732][  0]LogRenderer: Reallocating scene render targets to support 888x432 (Frame:2).
[2016.02.01-07.36.02:205][  4]LogAssetRegistry: Asset discovery search completed in 4.4508 seconds
[2016.02.01-07.36.02:205][  4]LogCollectionManager: Rebuilt the object cache for 0 collections in 0.000001 seconds (found 0 objects)
[2016.02.01-07.36.02:206][  4]LogCollectionManager: Fixed up redirectors for 0 collections in 0.000062 seconds (updated 0 objects)
[2016.02.01-07.36.08:089][117]LogSkeletalMesh: InitArticulated: Bodies already created (/Engine/Transient.DebugSkelMeshComponent_0) - call TermArticulated first.
[2016.02.01-07.36.08:248][118]LogRenderer: Reallocating scene render targets to support 888x496 (Frame:112).
[2016.02.01-07.36.12:715][163]LogMaterial: Missing cached shader map for material M_Wood_Oak, compiling. 
[2016.02.01-07.36.13:021][163]LogMaterial: Missing cached shader map for material M_Wood_Oak, compiling. 
[2016.02.01-07.36.13:044][163]LogMaterial: 0.000094 seconds spent updating 1 materials, 1 interfaces, 0 instances, 0 with static permutations.
[2016.02.01-07.36.13:070][163]LogMaterial: Missing cached shader map for material FMatExpressionPreview MaterialExpressionTextureSample_1, compiling. 
[2016.02.01-07.36.13:076][163]LogMaterial: Missing cached shader map for material FMatExpressionPreview MaterialExpressionTextureSample_85, compiling. 
[2016.02.01-07.36.13:083][163]LogMaterial: Missing cached shader map for material FMatExpressionPreview MaterialExpressionTextureSample_86, compiling. 
[2016.02.01-07.36.13:088][163]LogMaterial: Missing cached shader map for material FMatExpressionPreview MaterialExpressionTextureSample_87, compiling. 
[2016.02.01-07.36.13:094][163]LogMaterial: Missing cached shader map for material FMatExpressionPreview MaterialExpressionConstant3Vector_30, compiling. 
[2016.02.01-07.36.13:100][163]LogMaterial: Missing cached shader map for material FMatExpressionPreview MaterialExpressionTextureSample_0, compiling. 
[2016.02.01-07.36.38:704][632]LogMaterial: Missing cached shader map for material M_Wood_Oak, compiling. 
[2016.02.01-07.36.38:733][632]LogMaterial: 0.000123 seconds spent updating 1 materials, 1 interfaces, 0 instances, 0 with static permutations.
[2016.02.01-07.36.38:736][632]LogMaterial: Missing cached shader map for material FMatExpressionPreview MaterialExpressionTextureSample_2, compiling. 
[2016.02.01-07.36.38:771][632]LogMaterial: Missing cached shader map for material FMatExpressionPreview MaterialExpressionTextureSample_1, compiling. 
[2016.02.01-07.36.38:778][632]LogMaterial: Missing cached shader map for material FMatExpressionPreview MaterialExpressionTextureSample_85, compiling. 
[2016.02.01-07.36.38:785][632]LogMaterial: Missing cached shader map for material FMatExpressionPreview MaterialExpressionTextureSample_86, compiling. 
[2016.02.01-07.36.38:792][632]LogMaterial: Missing cached shader map for material FMatExpressionPreview MaterialExpressionTextureSample_87, compiling. 
[2016.02.01-07.36.38:798][632]LogMaterial: Missing cached shader map for material FMatExpressionPreview MaterialExpressionConstant3Vector_30, compiling. 
[2016.02.01-07.36.38:805][632]LogMaterial: Missing cached shader map for material FMatExpressionPreview MaterialExpressionTextureSample_0, compiling. 
[2016.02.01-07.36.38:813][632]LogMaterial: Missing cached shader map for material FMatExpressionPreview MaterialExpressionTextureSample_2, compiling. 
[2016.02.01-07.36.42:654][712]LogMaterial: Missing cached shader map for material M_Wood_Oak, compiling. 
[2016.02.01-07.36.42:686][712]LogMaterial: 0.000059 seconds spent updating 1 materials, 1 interfaces, 0 instances, 0 with static permutations.
[2016.02.01-07.36.42:718][712]LogMaterial: Missing cached shader map for material FMatExpressionPreview MaterialExpressionTextureSample_2, compiling. 
[2016.02.01-07.36.51:314][803]LogMaterial: Missing cached shader map for material M_Wood_Oak, compiling. 
[2016.02.01-07.36.51:359][803]LogMaterial: 0.000097 seconds spent updating 1 materials, 1 interfaces, 0 instances, 0 with static permutations.
[2016.02.01-07.36.51:415][803]LogMaterial: Missing cached shader map for material M_Wood_Oak, compiling. 
[2016.02.01-07.36.51:516][803]LogMaterial: Missing cached shader map for material M_Wood_Oak, compiling. 
[2016.02.01-07.36.51:577][803]LogMaterial: 0.000781 seconds spent updating 1 materials, 1 interfaces, 0 instances, 0 with static permutations.
[2016.02.01-07.41.04:440][996]LogSkeletalMesh: InitArticulated: Bodies already created (/Engine/Transient.DebugSkelMeshComponent_1) - call TermArticulated first.
[2016.02.01-07.41.04:535][997]LogRenderer: Reallocating scene render targets to support 888x508 (Frame:4872).
[2016.02.01-07.41.39:651][448]LogLinker:Warning: Asset '../../../../../../Users/jcc44_000/Documents/GitHub/HotelBete/Content/FirstPerson/Meshes/FirstPersonProjectileMesh.uasset' has been saved with empty engine version. The asset will be loaded but may be incompatible.
[2016.02.01-07.41.40:703][448]LogAIModule: Creating AISystem for world Prototype
[2016.02.01-07.41.40:803][448]LogParticles: Destroying 0 GPU particle simulations for FXSystem 0x000000CD13F92700
[2016.02.01-07.41.40:805][448]LogParticles: Destroying 0 GPU particle simulations for FXSystem 0x000000CD1D2A3D80
[2016.02.01-07.41.40:806][448]LogParticles: Destroying 0 GPU particle simulations for FXSystem 0x000000CD23315B20
[2016.02.01-07.41.40:806][448]LogParticles: Destroying 0 GPU particle simulations for FXSystem 0x000000CD211B02C0
[2016.02.01-07.41.40:807][448]LogParticles: Destroying 0 GPU particle simulations for FXSystem 0x000000CD211B3F60
[2016.02.01-07.41.42:987][448]Cmd: OBJ SAVEPACKAGE PACKAGE="/Game/StarterContent/Materials/M_Wood_Oak" FILE="../../../../../../Users/jcc44_000/Documents/GitHub/HotelBete/Content/StarterContent/Materials/M_Wood_Oak.uasset" SILENT=true
[2016.02.01-07.41.43:056][448]LogSavePackage: Save=42.966511ms
[2016.02.01-07.41.43:056][448]LogSavePackage: Moving '../../../../../../Users/jcc44_000/Documents/GitHub/HotelBete/Saved/M_Wood_Oak5915F20B443A0EF34BFE3589FB7E430A.tmp' to '../../../../../../Users/jcc44_000/Documents/GitHub/HotelBete/Content/StarterContent/Materials/M_Wood_Oak.uasset'
[2016.02.01-07.41.43:062][448]LogSavePackage: Total save time: 72.886974ms
[2016.02.01-07.41.43:062][448]LogSavePackage:Display: Finished SavePackage ../../../../../../Users/jcc44_000/Documents/GitHub/HotelBete/Content/StarterContent/Materials/M_Wood_Oak.uasset
[2016.02.01-07.41.43:064][448]Cmd: MAP LOAD FILE="../../../../../../Users/jcc44_000/Documents/GitHub/HotelBete/Content/Hotel/Levels/Prototype.umap" TEMPLATE=0 SHOWPROGRESS=1 FEATURELEVEL=3
[2016.02.01-07.41.43:064][448]LightingResults: New page: Lighting Build
[2016.02.01-07.41.43:072][448]LogContentBrowser: Native class hierarchy updated for 'StatsViewer' in 0.0013 seconds. Added 5 classes and 0 folders.
[2016.02.01-07.41.43:114][448]LoadErrors: New page: Loading map: Prototype.umap
[2016.02.01-07.41.43:114][448]MapCheck: New page: Map Check
[2016.02.01-07.41.43:115][448]LightingResults: New page: Lighting Build
[2016.02.01-07.41.43:155][448]LogParticles: Destroying 0 GPU particle simulations for FXSystem 0x000000CD0CD9FB00
[2016.02.01-07.41.43:241][448]LogEditorServer: Finished looking for orphan Actors (0.000 secs)
[2016.02.01-07.41.43:329][448]Cmd: MAP CHECKDEP NOCLEARLOG
[2016.02.01-07.41.43:427][448]MapCheck: Info Map check complete: 0 Error(s), 0 Warning(s), took 98.334ms to complete.
[2016.02.01-07.41.43:427][448]LogFileHelpers: Loading map 'Prototype' took 0.366
[2016.02.01-07.41.46:873][494]LogAIModule: Creating AISystem for world Menu
[2016.02.01-07.41.46:974][494]Cmd: MAP LOAD FILE="../../../../../../Users/jcc44_000/Documents/GitHub/HotelBete/Content/Hotel/Levels/Menu.umap" TEMPLATE=0 SHOWPROGRESS=1 FEATURELEVEL=3
[2016.02.01-07.41.46:974][494]LightingResults: New page: Lighting Build
[2016.02.01-07.41.47:035][494]LoadErrors: New page: Loading map: Menu.umap
[2016.02.01-07.41.47:036][494]MapCheck: New page: Map Check
[2016.02.01-07.41.47:036][494]LightingResults: New page: Lighting Build
[2016.02.01-07.41.47:086][494]LogParticles: Destroying 0 GPU particle simulations for FXSystem 0x000000CD1D99B2E0
[2016.02.01-07.41.47:156][494]LogEditorServer: Finished looking for orphan Actors (0.000 secs)
[2016.02.01-07.41.47:240][494]Cmd: MAP CHECKDEP NOCLEARLOG
[2016.02.01-07.41.47:322][494]MapCheck: Info Map check complete: 0 Error(s), 0 Warning(s), took 82.13ms to complete.
[2016.02.01-07.41.47:322][494]LogFileHelpers: Loading map 'Menu' took 0.351
[2016.02.01-07.41.48:356][513]LogBlueprintUserMessages: Early PlayInEditor Detection: Level '/Game/Hotel/Levels/Menu.Menu:PersistentLevel' has LevelScriptBlueprint '/Game/Hotel/Levels/Menu.Menu:PersistentLevel.Menu' with GeneratedClass '/Game/Hotel/Levels/Menu.Menu_C' with ClassGeneratedBy '/Game/Hotel/Levels/Menu.Menu:PersistentLevel.Menu'
[2016.02.01-07.41.48:356][513]LogPlayLevel: PlayLevel: No blueprints needed recompiling
[2016.02.01-07.41.48:357][513]PIE: New page: PIE session: Menu (Jan 31, 2016, 9:41:48 PM)
[2016.02.01-07.41.48:357][513]LogPlayLevel: Creating play world package: /Game/Hotel/Levels/UEDPIE_0_Menu
[2016.02.01-07.41.48:366][513]LogPlayLevel: PIE: StaticDuplicateObject took: (0.008471s)
[2016.02.01-07.41.48:367][513]LogAIModule: Creating AISystem for world Menu
[2016.02.01-07.41.48:368][513]LogPlayLevel: PIE: World Init took: (0.001613s)
[2016.02.01-07.41.48:368][513]LogPlayLevel: PIE: Created PIE world by copying editor world from /Game/Hotel/Levels/Menu.Menu to /Game/Hotel/Levels/UEDPIE_0_Menu.Menu (0.010581s)
[2016.02.01-07.41.48:447][513]LogInit: XAudio2 using 'Speakers (Realtek High Definition Audio)' : 2 channels at 48 kHz using 32 bits per sample (channel mask 0x3)
[2016.02.01-07.41.48:464][513]LogInit: FAudioDevice initialized.
[2016.02.01-07.41.48:796][513]LogWorld: Game class is 'FirstPersonGameMode_C'
[2016.02.01-07.41.48:799][513]LogWorld: Bringing World /Game/Hotel/Levels/UEDPIE_0_Menu.Menu up for play (max tick rate 60) at 2016.02.01-02.41.48
[2016.02.01-07.41.48:799][513]LogActor:Warning: GameSession /Game/Hotel/Levels/UEDPIE_0_Menu.Menu:PersistentLevel.GameSession_0 has natively added scene component(s), but none of them were set as the actor's RootComponent - picking one arbitrarily
[2016.02.01-07.41.48:799][513]LogActor:Warning: GameNetworkManager /Game/Hotel/Levels/UEDPIE_0_Menu.Menu:PersistentLevel.GameNetworkManager_0 has natively added scene component(s), but none of them were set as the actor's RootComponent - picking one arbitrarily
[2016.02.01-07.41.48:799][513]LogWorld: Bringing up level for play took: 0.001498
[2016.02.01-07.41.48:801][513]LogSpawn:Warning: SpawnActor failed because no class was specified
[2016.02.01-07.41.48:838][513]PIE: Info Play in editor start time for /Game/Hotel/Levels/UEDPIE_0_Menu -0.281
[2016.02.01-07.41.48:838][513]LogBlueprintUserMessages: Late PlayInEditor Detection: Level '/Game/Hotel/Levels/Menu.Menu:PersistentLevel' has LevelScriptBlueprint '/Game/Hotel/Levels/Menu.Menu:PersistentLevel.Menu' with GeneratedClass '/Game/Hotel/Levels/Menu.Menu_C' with ClassGeneratedBy '/Game/Hotel/Levels/Menu.Menu:PersistentLevel.Menu'
[2016.02.01-07.41.48:961][514]LogRenderer: Reallocating scene render targets to support 1280x720 (Frame:5753).
[2016.02.01-07.41.51:723][551]LogPackageName: SearchForPackageOnDisk took   0.218s to resolve Prototype.umap.
[2016.02.01-07.41.51:880][552]LogPackageName: SearchForPackageOnDisk took   0.154s to resolve Prototype.umap.
[2016.02.01-07.41.51:881][552]LogNet: Browse: /Game/Hotel/Levels/Prototype
[2016.02.01-07.41.51:881][552]LogLoad: LoadMap: /Game/Hotel/Levels/Prototype
[2016.02.01-07.41.51:936][552]LogParticles: Destroying 0 GPU particle simulations for FXSystem 0x000000CD0FCE94E0
[2016.02.01-07.41.51:936][552]Cmd: MEM
[2016.02.01-07.41.51:984][552]LogMemory: Platform Memory Stats for Windows
[2016.02.01-07.41.51:984][552]LogMemory: Process Physical Memory: 797.23 MB used, 856.40 MB peak
[2016.02.01-07.41.51:984][552]LogMemory: Process Virtual Memory: 798.78 MB used, 902.64 MB peak
[2016.02.01-07.41.51:984][552]LogMemory: Physical Memory: 4554.70 MB used, 12171.62 MB total
[2016.02.01-07.41.51:984][552]LogMemory: Virtual Memory: 1500.46 MB used, 134217728.00 MB total
[2016.02.01-07.41.51:984][552]LogMemory: 
[2016.02.01-07.41.51:984][552]Allocator Stats for TBB: (not implemented)
[2016.02.01-07.41.53:761][552]LogAIModule: Creating AISystem for world Prototype
[2016.02.01-07.41.53:762][552]LogWorld: Game class is 'FirstPersonGameMode_C'
[2016.02.01-07.41.53:798][552]LogWorld: Bringing World /Game/Hotel/Levels/UEDPIE_0_Prototype.Prototype up for play (max tick rate 60) at 2016.02.01-02.41.53
[2016.02.01-07.41.53:798][552]LogActor:Warning: GameSession /Game/Hotel/Levels/UEDPIE_0_Prototype.Prototype:PersistentLevel.GameSession_1 has natively added scene component(s), but none of them were set as the actor's RootComponent - picking one arbitrarily
[2016.02.01-07.41.53:798][552]LogActor:Warning: GameNetworkManager /Game/Hotel/Levels/UEDPIE_0_Prototype.Prototype:PersistentLevel.GameNetworkManager_1 has natively added scene component(s), but none of them were set as the actor's RootComponent - picking one arbitrarily
[2016.02.01-07.41.53:799][552]LogWorld: Bringing up level for play took: 0.016168
[2016.02.01-07.41.53:800][552]LogSpawn:Warning: SpawnActor failed because no class was specified
[2016.02.01-07.42.48:402][144]LogBlueprintUserMessages: Early EndPlayMap Detection: Level '/Game/Hotel/Levels/Menu.Menu:PersistentLevel' has LevelScriptBlueprint '/Game/Hotel/Levels/Menu.Menu:PersistentLevel.Menu' with GeneratedClass '/Game/Hotel/Levels/Menu.Menu_C' with ClassGeneratedBy '/Game/Hotel/Levels/Menu.Menu:PersistentLevel.Menu'
[2016.02.01-07.42.48:576][144]LogBlueprintUserMessages: Late EndPlayMap Detection: Level '/Game/Hotel/Levels/Menu.Menu:PersistentLevel' has LevelScriptBlueprint '/Game/Hotel/Levels/Menu.Menu:PersistentLevel.Menu' with GeneratedClass '/Game/Hotel/Levels/Menu.Menu_C' with ClassGeneratedBy '/Game/Hotel/Levels/Menu.Menu:PersistentLevel.Menu'
[2016.02.01-07.42.48:824][145]LogParticles: Destroying 0 GPU particle simulations for FXSystem 0x000000CD0FD2B2E0
[2016.02.01-07.43.13:538][548]LogSkeletalMesh: InitArticulated: Bodies already created (/Engine/Transient.DebugSkelMeshComponent_2) - call TermArticulated first.
[2016.02.01-07.43.21:192][627]LogSkeletalMesh: InitArticulated: Bodies already created (/Engine/Transient.DebugSkelMeshComponent_3) - call TermArticulated first.
[2016.02.01-07.43.37:521][802]LogSkeletalMesh: InitArticulated: Bodies already created (/Engine/Transient.DebugSkelMeshComponent_4) - call TermArticulated first.
[2016.02.01-07.44.20:731][262]LogSkeletalMesh: InitArticulated: Bodies already created (/Engine/Transient.DebugSkelMeshComponent_5) - call TermArticulated first.
[2016.02.01-07.45.16:928][176]LogParticles: Destroying 0 GPU particle simulations for FXSystem 0x000000CD09544360
[2016.02.01-07.45.16:929][176]LogParticles: Destroying 0 GPU particle simulations for FXSystem 0x000000CD09544FE0
[2016.02.01-07.45.16:931][176]LogParticles: Destroying 0 GPU particle simulations for FXSystem 0x000000CD1D7002C0
[2016.02.01-07.45.16:932][176]LogParticles: Destroying 0 GPU particle simulations for FXSystem 0x000000CD1D703240
[2016.02.01-07.45.16:934][176]LogParticles: Destroying 0 GPU particle simulations for FXSystem 0x000000CD2C7C7560
[2016.02.01-07.45.16:935][176]LogParticles: Destroying 0 GPU particle simulations for FXSystem 0x000000CD2C7C4400
[2016.02.01-07.45.16:936][176]LogParticles: Destroying 0 GPU particle simulations for FXSystem 0x000000CD2C6820C0
[2016.02.01-07.45.16:944][176]LogParticles: Destroying 0 GPU particle simulations for FXSystem 0x000000CD2C680F40
[2016.02.01-07.45.16:944][176]Cmd: MAP LOAD FILE="../../../../../../Users/jcc44_000/Documents/GitHub/HotelBete/Content/Hotel/Levels/Menu.umap" TEMPLATE=0 SHOWPROGRESS=1 FEATURELEVEL=3
[2016.02.01-07.45.16:944][176]LightingResults: New page: Lighting Build
[2016.02.01-07.45.16:998][176]LoadErrors: New page: Loading map: Menu.umap
[2016.02.01-07.45.16:999][176]MapCheck: New page: Map Check
[2016.02.01-07.45.16:999][176]LightingResults: New page: Lighting Build
[2016.02.01-07.45.17:056][176]LogParticles: Destroying 0 GPU particle simulations for FXSystem 0x000000CD7C398220
[2016.02.01-07.45.17:107][176]LogAIModule: Creating AISystem for world Menu
[2016.02.01-07.45.17:181][176]LogEditorServer: Finished looking for orphan Actors (0.000 secs)
[2016.02.01-07.45.17:285][176]Cmd: MAP CHECKDEP NOCLEARLOG
[2016.02.01-07.45.17:376][176]MapCheck: Info Map check complete: 0 Error(s), 0 Warning(s), took 90.654ms to complete.
[2016.02.01-07.45.17:378][176]LogFileHelpers: Loading map 'Menu' took 0.437
[2016.02.01-07.45.18:304][192]LogBlueprintUserMessages: Early PlayInEditor Detection: Level '/Game/Hotel/Levels/Menu.Menu:PersistentLevel' has LevelScriptBlueprint '/Game/Hotel/Levels/Menu.Menu:PersistentLevel.Menu' with GeneratedClass '/Game/Hotel/Levels/Menu.Menu_C' with ClassGeneratedBy '/Game/Hotel/Levels/Menu.Menu:PersistentLevel.Menu'
[2016.02.01-07.45.18:304][192]LogPlayLevel: PlayLevel: No blueprints needed recompiling
[2016.02.01-07.45.18:304][192]PIE: New page: PIE session: Menu (Jan 31, 2016, 9:45:18 PM)
[2016.02.01-07.45.18:304][192]LogPlayLevel: Creating play world package: /Game/Hotel/Levels/UEDPIE_0_Menu
[2016.02.01-07.45.18:311][192]LogPlayLevel: PIE: StaticDuplicateObject took: (0.007053s)
[2016.02.01-07.45.18:312][192]LogAIModule: Creating AISystem for world Menu
[2016.02.01-07.45.18:313][192]LogPlayLevel: PIE: World Init took: (0.001620s)
[2016.02.01-07.45.18:313][192]LogPlayLevel: PIE: Created PIE world by copying editor world from /Game/Hotel/Levels/Menu.Menu to /Game/Hotel/Levels/UEDPIE_0_Menu.Menu (0.009154s)
[2016.02.01-07.45.18:397][192]LogInit: XAudio2 using 'Speakers (Realtek High Definition Audio)' : 2 channels at 48 kHz using 32 bits per sample (channel mask 0x3)
[2016.02.01-07.45.18:418][192]LogInit: FAudioDevice initialized.
[2016.02.01-07.45.18:555][192]LogWorld: Game class is 'FirstPersonGameMode_C'
[2016.02.01-07.45.18:559][192]LogWorld: Bringing World /Game/Hotel/Levels/UEDPIE_0_Menu.Menu up for play (max tick rate 60) at 2016.02.01-02.45.18
[2016.02.01-07.45.18:559][192]LogActor:Warning: GameSession /Game/Hotel/Levels/UEDPIE_0_Menu.Menu:PersistentLevel.GameSession_2 has natively added scene component(s), but none of them were set as the actor's RootComponent - picking one arbitrarily
[2016.02.01-07.45.18:559][192]LogActor:Warning: GameNetworkManager /Game/Hotel/Levels/UEDPIE_0_Menu.Menu:PersistentLevel.GameNetworkManager_2 has natively added scene component(s), but none of them were set as the actor's RootComponent - picking one arbitrarily
[2016.02.01-07.45.18:559][192]LogWorld: Bringing up level for play took: 0.003431
[2016.02.01-07.45.18:561][192]LogSpawn:Warning: SpawnActor failed because no class was specified
[2016.02.01-07.45.18:604][192]PIE: Info Play in editor start time for /Game/Hotel/Levels/UEDPIE_0_Menu -0.515
[2016.02.01-07.45.18:604][192]LogBlueprintUserMessages: Late PlayInEditor Detection: Level '/Game/Hotel/Levels/Menu.Menu:PersistentLevel' has LevelScriptBlueprint '/Game/Hotel/Levels/Menu.Menu:PersistentLevel.Menu' with GeneratedClass '/Game/Hotel/Levels/Menu.Menu_C' with ClassGeneratedBy '/Game/Hotel/Levels/Menu.Menu:PersistentLevel.Menu'
[2016.02.01-07.45.23:234][262]LogPackageName: SearchForPackageOnDisk took   0.223s to resolve Prototype.umap.
[2016.02.01-07.45.23:378][263]LogPackageName: SearchForPackageOnDisk took   0.141s to resolve Prototype.umap.
[2016.02.01-07.45.23:378][263]LogNet: Browse: /Game/Hotel/Levels/Prototype
[2016.02.01-07.45.23:378][263]LogLoad: LoadMap: /Game/Hotel/Levels/Prototype
[2016.02.01-07.45.23:427][263]LogParticles: Destroying 0 GPU particle simulations for FXSystem 0x000000CD7C39A200
[2016.02.01-07.45.23:431][263]Cmd: MEM
[2016.02.01-07.45.23:481][263]LogMemory: Platform Memory Stats for Windows
[2016.02.01-07.45.23:481][263]LogMemory: Process Physical Memory: 930.72 MB used, 1252.09 MB peak
[2016.02.01-07.45.23:481][263]LogMemory: Process Virtual Memory: 988.95 MB used, 1323.62 MB peak
[2016.02.01-07.45.23:481][263]LogMemory: Physical Memory: 4728.56 MB used, 12171.62 MB total
[2016.02.01-07.45.23:481][263]LogMemory: Virtual Memory: 1699.78 MB used, 134217728.00 MB total
[2016.02.01-07.45.23:481][263]LogMemory: 
[2016.02.01-07.45.23:481][263]Allocator Stats for TBB: (not implemented)
[2016.02.01-07.45.23:545][263]LogLinker:Warning: Asset '../../../../../../Users/jcc44_000/Documents/GitHub/HotelBete/Content/FirstPerson/Meshes/FirstPersonProjectileMesh.uasset' has been saved with empty engine version. The asset will be loaded but may be incompatible.
[2016.02.01-07.45.24:634][263]LogAIModule: Creating AISystem for world Prototype
[2016.02.01-07.45.24:634][263]LogWorld: Game class is 'FirstPersonGameMode_C'
[2016.02.01-07.45.24:655][263]LogWorld: Bringing World /Game/Hotel/Levels/UEDPIE_0_Prototype.Prototype up for play (max tick rate 60) at 2016.02.01-02.45.24
[2016.02.01-07.45.24:655][263]LogActor:Warning: GameSession /Game/Hotel/Levels/UEDPIE_0_Prototype.Prototype:PersistentLevel.GameSession_3 has natively added scene component(s), but none of them were set as the actor's RootComponent - picking one arbitrarily
[2016.02.01-07.45.24:655][263]LogActor:Warning: GameNetworkManager /Game/Hotel/Levels/UEDPIE_0_Prototype.Prototype:PersistentLevel.GameNetworkManager_3 has natively added scene component(s), but none of them were set as the actor's RootComponent - picking one arbitrarily
[2016.02.01-07.45.24:656][263]LogWorld: Bringing up level for play took: 0.020741
[2016.02.01-07.45.24:657][263]LogSpawn:Warning: SpawnActor failed because no class was specified
[2016.02.01-07.45.42:042][446]LogBlueprintUserMessages: Early EndPlayMap Detection: Level '/Game/Hotel/Levels/Menu.Menu:PersistentLevel' has LevelScriptBlueprint '/Game/Hotel/Levels/Menu.Menu:PersistentLevel.Menu' with GeneratedClass '/Game/Hotel/Levels/Menu.Menu_C' with ClassGeneratedBy '/Game/Hotel/Levels/Menu.Menu:PersistentLevel.Menu'
[2016.02.01-07.45.42:198][446]LogBlueprintUserMessages: Late EndPlayMap Detection: Level '/Game/Hotel/Levels/Menu.Menu:PersistentLevel' has LevelScriptBlueprint '/Game/Hotel/Levels/Menu.Menu:PersistentLevel.Menu' with GeneratedClass '/Game/Hotel/Levels/Menu.Menu_C' with ClassGeneratedBy '/Game/Hotel/Levels/Menu.Menu:PersistentLevel.Menu'
[2016.02.01-07.45.42:434][447]LogParticles: Destroying 0 GPU particle simulations for FXSystem 0x000000CD7BC9F920
[2016.02.01-07.47.38:683][490]LogSavePackage: Save=34.026386ms
[2016.02.01-07.47.38:683][490]LogSavePackage: Moving '../../../../../../Users/jcc44_000/Documents/GitHub/HotelBete/Saved/hallway__Roughness_B8B4E1FC432569B1ED3828B2AD1CF894.tmp' to '../../../../../../Users/jcc44_000/Documents/GitHub/HotelBete/Content/Hotel/Art/Textures/hallway__Roughness_.uasset'
[2016.02.01-07.47.38:689][490]LogSavePackage: Total save time: 40.246632ms
[2016.02.01-07.47.38:689][490]LogSavePackage:Display: Finished SavePackage ../../../../../../Users/jcc44_000/Documents/GitHub/HotelBete/Content/Hotel/Art/Textures/hallway__Roughness_.uasset
[2016.02.01-07.47.38:723][490]Cmd: OBJ SAVEPACKAGE PACKAGE="/Game/Hotel/Art/Textures/Room__AlbedoM_" FILE="../../../../../../Users/jcc44_000/Documents/GitHub/HotelBete/Content/Hotel/Art/Textures/Room__AlbedoM_.uasset" SILENT=true
[2016.02.01-07.47.38:770][490]LogSavePackage: Save=43.579655ms
[2016.02.01-07.47.38:770][490]LogSavePackage: Moving '../../../../../../Users/jcc44_000/Documents/GitHub/HotelBete/Saved/Room__AlbedoM_76F1A97A406A8592D8AB8DBA46E8BA9C.tmp' to '../../../../../../Users/jcc44_000/Documents/GitHub/HotelBete/Content/Hotel/Art/Textures/Room__AlbedoM_.uasset'
[2016.02.01-07.47.38:774][490]LogSavePackage: Total save time: 48.460715ms
[2016.02.01-07.47.38:774][490]LogSavePackage:Display: Finished SavePackage ../../../../../../Users/jcc44_000/Documents/GitHub/HotelBete/Content/Hotel/Art/Textures/Room__AlbedoM_.uasset
[2016.02.01-07.47.38:800][490]Cmd: OBJ SAVEPACKAGE PACKAGE="/Game/Hotel/Art/Textures/Room__Normal_" FILE="../../../../../../Users/jcc44_000/Documents/GitHub/HotelBete/Content/Hotel/Art/Textures/Room__Normal_.uasset" SILENT=true
[2016.02.01-07.47.38:843][490]LogSavePackage: Save=39.615192ms
[2016.02.01-07.47.38:843][490]LogSavePackage: Moving '../../../../../../Users/jcc44_000/Documents/GitHub/HotelBete/Saved/Room__Normal_8F4E56AE4D18232258EBACAC02A06BD9.tmp' to '../../../../../../Users/jcc44_000/Documents/GitHub/HotelBete/Content/Hotel/Art/Textures/Room__Normal_.uasset'
[2016.02.01-07.47.38:847][490]LogSavePackage: Total save time: 44.257507ms
[2016.02.01-07.47.38:847][490]LogSavePackage:Display: Finished SavePackage ../../../../../../Users/jcc44_000/Documents/GitHub/HotelBete/Content/Hotel/Art/Textures/Room__Normal_.uasset
[2016.02.01-07.47.38:873][490]Cmd: OBJ SAVEPACKAGE PACKAGE="/Game/Hotel/Art/Textures/Room__Roughness_" FILE="../../../../../../Users/jcc44_000/Documents/GitHub/HotelBete/Content/Hotel/Art/Textures/Room__Roughness_.uasset" SILENT=true
[2016.02.01-07.47.38:891][490]LogSavePackage: Save=15.647675ms
[2016.02.01-07.47.38:891][490]LogSavePackage: Moving '../../../../../../Users/jcc44_000/Documents/GitHub/HotelBete/Saved/Room__Roughness_D183F5CA4C4295709136BEA3C34C9523.tmp' to '../../../../../../Users/jcc44_000/Documents/GitHub/HotelBete/Content/Hotel/Art/Textures/Room__Roughness_.uasset'
[2016.02.01-07.47.38:896][490]LogSavePackage: Total save time: 20.588528ms
[2016.02.01-07.47.38:896][490]LogSavePackage:Display: Finished SavePackage ../../../../../../Users/jcc44_000/Documents/GitHub/HotelBete/Content/Hotel/Art/Textures/Room__Roughness_.uasset
[2016.02.01-07.47.38:926][490]Cmd: OBJ SAVEPACKAGE PACKAGE="/Game/Hotel/Art/Textures/hallway__Normal_" FILE="../../../../../../Users/jcc44_000/Documents/GitHub/HotelBete/Content/Hotel/Art/Textures/hallway__Normal_.uasset" SILENT=true
[2016.02.01-07.47.38:986][490]LogSavePackage: Save=57.117474ms
[2016.02.01-07.47.38:986][490]LogSavePackage: Moving '../../../../../../Users/jcc44_000/Documents/GitHub/HotelBete/Saved/hallway__Normal_8724F0634104B7A22C5D5F81B20FE761.tmp' to '../../../../../../Users/jcc44_000/Documents/GitHub/HotelBete/Content/Hotel/Art/Textures/hallway__Normal_.uasset'
[2016.02.01-07.47.38:991][490]LogSavePackage: Total save time: 62.530901ms
[2016.02.01-07.47.38:991][490]LogSavePackage:Display: Finished SavePackage ../../../../../../Users/jcc44_000/Documents/GitHub/HotelBete/Content/Hotel/Art/Textures/hallway__Normal_.uasset
[2016.02.01-07.47.39:054][490]LogSavePackage: Save=36.242451ms
[2016.02.01-07.47.39:054][490]LogSavePackage: Moving '../../../../../../Users/jcc44_000/Documents/GitHub/HotelBete/Saved/hallway__AlbedoM_04B9783D4D346F9D1C884EA204A2F1AF.tmp' to '../../../../../../Users/jcc44_000/Documents/GitHub/HotelBete/Content/Hotel/Art/Textures/hallway__AlbedoM_.uasset'
[2016.02.01-07.47.39:058][490]LogSavePackage: Total save time: 40.238600ms
[2016.02.01-07.47.39:058][490]LogSavePackage:Display: Finished SavePackage ../../../../../../Users/jcc44_000/Documents/GitHub/HotelBete/Content/Hotel/Art/Textures/hallway__AlbedoM_.uasset
[2016.02.01-07.47.39:102][490]LogSavePackage: Save=17.413031ms
[2016.02.01-07.47.39:102][490]LogSavePackage: Moving '../../../../../../Users/jcc44_000/Documents/GitHub/HotelBete/Saved/chair_haunted_specular0C734F6D488F481835E2BD822F6F7BFA.tmp' to '../../../../../../Users/jcc44_000/Documents/GitHub/HotelBete/Content/Hotel/Art/Textures/chair_haunted_specular.uasset'
[2016.02.01-07.47.39:106][490]LogSavePackage: Total save time: 21.627840ms
[2016.02.01-07.47.39:106][490]LogSavePackage:Display: Finished SavePackage ../../../../../../Users/jcc44_000/Documents/GitHub/HotelBete/Content/Hotel/Art/Textures/chair_haunted_specular.uasset
[2016.02.01-07.47.40:778][490]LogSavePackage: Save=1642.859497ms
[2016.02.01-07.47.40:778][490]LogSavePackage: Moving '../../../../../../Users/jcc44_000/Documents/GitHub/HotelBete/Saved/chair_haunted_normal2766293A441C7C27328F99B1B367B775.tmp' to '../../../../../../Users/jcc44_000/Documents/GitHub/HotelBete/Content/Hotel/Art/Textures/chair_haunted_normal.uasset'
[2016.02.01-07.47.40:783][490]LogSavePackage: Total save time: 1647.682548ms
[2016.02.01-07.47.40:783][490]LogSavePackage:Display: Finished SavePackage ../../../../../../Users/jcc44_000/Documents/GitHub/HotelBete/Content/Hotel/Art/Textures/chair_haunted_normal.uasset
[2016.02.01-07.47.43:056][490]LogSavePackage: Save=2233.468750ms
[2016.02.01-07.47.43:056][490]LogSavePackage: Moving '../../../../../../Users/jcc44_000/Documents/GitHub/HotelBete/Saved/chair_haunted_albedo1B34E7824AF0A5DB7ECC718EF7665604.tmp' to '../../../../../../Users/jcc44_000/Documents/GitHub/HotelBete/Content/Hotel/Art/Textures/chair_haunted_albedo.uasset'
[2016.02.01-07.47.43:061][490]LogSavePackage: Total save time: 2238.534112ms
[2016.02.01-07.47.43:061][490]LogSavePackage:Display: Finished SavePackage ../../../../../../Users/jcc44_000/Documents/GitHub/HotelBete/Content/Hotel/Art/Textures/chair_haunted_albedo.uasset
[2016.02.01-07.47.43:110][490]LogSavePackage: Save=21.396685ms
[2016.02.01-07.47.43:110][490]LogSavePackage: Moving '../../../../../../Users/jcc44_000/Documents/GitHub/HotelBete/Saved/bathroom__Roughness_E15FED9B48DEFAE5B61106A29C0ADF55.tmp' to '../../../../../../Users/jcc44_000/Documents/GitHub/HotelBete/Content/Hotel/Art/Textures/bathroom__Roughness_.uasset'
[2016.02.01-07.47.43:114][490]LogSavePackage: Total save time: 25.820784ms
[2016.02.01-07.47.43:114][490]LogSavePackage:Display: Finished SavePackage ../../../../../../Users/jcc44_000/Documents/GitHub/HotelBete/Content/Hotel/Art/Textures/bathroom__Roughness_.uasset
[2016.02.01-07.47.43:175][490]LogSavePackage: Save=30.827236ms
[2016.02.01-07.47.43:175][490]LogSavePackage: Moving '../../../../../../Users/jcc44_000/Documents/GitHub/HotelBete/Saved/bathroom__Normal_5AFE9F694FE52C2ACA0492887061D4E1.tmp' to '../../../../../../Users/jcc44_000/Documents/GitHub/HotelBete/Content/Hotel/Art/Textures/bathroom__Normal_.uasset'
[2016.02.01-07.47.43:179][490]LogSavePackage: Total save time: 35.006348ms
[2016.02.01-07.47.43:179][490]LogSavePackage:Display: Finished SavePackage ../../../../../../Users/jcc44_000/Documents/GitHub/HotelBete/Content/Hotel/Art/Textures/bathroom__Normal_.uasset
[2016.02.01-07.47.43:254][490]LogSavePackage: Save=46.294628ms
[2016.02.01-07.47.43:254][490]LogSavePackage: Moving '../../../../../../Users/jcc44_000/Documents/GitHub/HotelBete/Saved/bathroom__AlbedoM_6F49541B4194C8EAD6943C8926A0833A.tmp' to '../../../../../../Users/jcc44_000/Documents/GitHub/HotelBete/Content/Hotel/Art/Textures/bathroom__AlbedoM_.uasset'
[2016.02.01-07.47.43:258][490]LogSavePackage: Total save time: 51.211830ms
[2016.02.01-07.47.43:258][490]LogSavePackage:Display: Finished SavePackage ../../../../../../Users/jcc44_000/Documents/GitHub/HotelBete/Content/Hotel/Art/Textures/bathroom__AlbedoM_.uasset
[2016.02.01-07.47.44:591][490]Cmd: OBJ SAVEPACKAGE PACKAGE="/Game/Hotel/Art/Models/02_-_Default" FILE="../../../../../../Users/jcc44_000/Documents/GitHub/HotelBete/Content/Hotel/Art/Models/02_-_Default.uasset" SILENT=true
[2016.02.01-07.47.44:642][490]LogSavePackage: Save=29.550076ms
[2016.02.01-07.47.44:642][490]LogSavePackage: Moving '../../../../../../Users/jcc44_000/Documents/GitHub/HotelBete/Saved/02_-_Default61B99D8648441E5986A066BA5B3267AD.tmp' to '../../../../../../Users/jcc44_000/Documents/GitHub/HotelBete/Content/Hotel/Art/Models/02_-_Default.uasset'
[2016.02.01-07.47.44:644][490]LogSavePackage: Total save time: 50.166715ms
[2016.02.01-07.47.44:644][490]LogSavePackage:Display: Finished SavePackage ../../../../../../Users/jcc44_000/Documents/GitHub/HotelBete/Content/Hotel/Art/Models/02_-_Default.uasset
[2016.02.01-07.47.44:651][490]Cmd: OBJ SAVEPACKAGE PACKAGE="/Game/Hotel/Art/Models/02_-_Default" FILE="../../../../../../Users/jcc44_000/Documents/GitHub/HotelBete/Content/Hotel/Art/Models/02_-_Default.uasset" SILENT=true
[2016.02.01-07.47.44:674][490]LogSavePackage: Save=8.417570ms
[2016.02.01-07.47.44:674][490]LogSavePackage: Moving '../../../../../../Users/jcc44_000/Documents/GitHub/HotelBete/Saved/02_-_DefaultD4F485BB42A742BEDD35E095069A487A.tmp' to '../../../../../../Users/jcc44_000/Documents/GitHub/HotelBete/Content/Hotel/Art/Models/02_-_Default.uasset'
[2016.02.01-07.47.44:675][490]LogSavePackage: Total save time: 21.283783ms
[2016.02.01-07.47.44:675][490]LogSavePackage:Display: Finished SavePackage ../../../../../../Users/jcc44_000/Documents/GitHub/HotelBete/Content/Hotel/Art/Models/02_-_Default.uasset
[2016.02.01-07.47.44:754][490]Cmd: OBJ SAVEPACKAGE PACKAGE="/Game/Hotel/Art/Models/03_-_Default" FILE="../../../../../../Users/jcc44_000/Documents/GitHub/HotelBete/Content/Hotel/Art/Models/03_-_Default.uasset" SILENT=true
[2016.02.01-07.47.44:802][490]LogSavePackage: Save=28.812428ms
[2016.02.01-07.47.44:803][490]LogSavePackage: Moving '../../../../../../Users/jcc44_000/Documents/GitHub/HotelBete/Saved/03_-_Default0F1B806C47235AFA11DDE49B704ACF53.tmp' to '../../../../../../Users/jcc44_000/Documents/GitHub/HotelBete/Content/Hotel/Art/Models/03_-_Default.uasset'
[2016.02.01-07.47.44:804][490]LogSavePackage: Total save time: 46.769436ms
[2016.02.01-07.47.44:804][490]LogSavePackage:Display: Finished SavePackage ../../../../../../Users/jcc44_000/Documents/GitHub/HotelBete/Content/Hotel/Art/Models/03_-_Default.uasset
[2016.02.01-07.47.44:811][490]Cmd: OBJ SAVEPACKAGE PACKAGE="/Game/Hotel/Art/Models/03_-_Default" FILE="../../../../../../Users/jcc44_000/Documents/GitHub/HotelBete/Content/Hotel/Art/Models/03_-_Default.uasset" SILENT=true
[2016.02.01-07.47.44:837][490]LogSavePackage: Save=10.522966ms
[2016.02.01-07.47.44:837][490]LogSavePackage: Moving '../../../../../../Users/jcc44_000/Documents/GitHub/HotelBete/Saved/03_-_Default30FCD1C14F633EBA9A7516B0221D1341.tmp' to '../../../../../../Users/jcc44_000/Documents/GitHub/HotelBete/Content/Hotel/Art/Models/03_-_Default.uasset'
[2016.02.01-07.47.44:838][490]LogSavePackage: Total save time: 23.876481ms
[2016.02.01-07.47.44:838][490]LogSavePackage:Display: Finished SavePackage ../../../../../../Users/jcc44_000/Documents/GitHub/HotelBete/Content/Hotel/Art/Models/03_-_Default.uasset
[2016.02.01-07.47.44:848][490]Cmd: OBJ SAVEPACKAGE PACKAGE="/Game/StarterContent/Materials/M_Wood_Oak" FILE="../../../../../../Users/jcc44_000/Documents/GitHub/HotelBete/Content/StarterContent/Materials/M_Wood_Oak.uasset" SILENT=true
[2016.02.01-07.47.45:032][490]LogSavePackage: Save=17.405445ms
[2016.02.01-07.47.45:032][490]LogSavePackage: Moving '../../../../../../Users/jcc44_000/Documents/GitHub/HotelBete/Saved/M_Wood_Oak85F3C27D4D311BF8946A2494077265E3.tmp' to '../../../../../../Users/jcc44_000/Documents/GitHub/HotelBete/Content/StarterContent/Materials/M_Wood_Oak.uasset'
[2016.02.01-07.47.45:034][490]LogSavePackage: Total save time: 184.063338ms
[2016.02.01-07.47.45:034][490]LogSavePackage:Display: Finished SavePackage ../../../../../../Users/jcc44_000/Documents/GitHub/HotelBete/Content/StarterContent/Materials/M_Wood_Oak.uasset
[2016.02.01-07.47.45:041][490]Cmd: OBJ SAVEPACKAGE PACKAGE="/Game/StarterContent/Materials/M_Wood_Oak" FILE="../../../../../../Users/jcc44_000/Documents/GitHub/HotelBete/Content/StarterContent/Materials/M_Wood_Oak.uasset" SILENT=true
[2016.02.01-07.47.45:070][490]LogSavePackage: Save=13.937207ms
[2016.02.01-07.47.45:070][490]LogSavePackage: Moving '../../../../../../Users/jcc44_000/Documents/GitHub/HotelBete/Saved/M_Wood_Oak138449EB49C142B783681EB05A4D090D.tmp' to '../../../../../../Users/jcc44_000/Documents/GitHub/HotelBete/Content/StarterContent/Materials/M_Wood_Oak.uasset'
[2016.02.01-07.47.45:072][490]LogSavePackage: Total save time: 29.161837ms
[2016.02.01-07.47.45:072][490]LogSavePackage:Display: Finished SavePackage ../../../../../../Users/jcc44_000/Documents/GitHub/HotelBete/Content/StarterContent/Materials/M_Wood_Oak.uasset
[2016.02.01-07.47.45:079][490]Cmd: OBJ SAVEPACKAGE PACKAGE="/Game/StarterContent/Materials/M_Wood_Oak" FILE="../../../../../../Users/jcc44_000/Documents/GitHub/HotelBete/Content/StarterContent/Materials/M_Wood_Oak.uasset" SILENT=true
[2016.02.01-07.47.45:112][490]LogSavePackage: Save=17.719156ms
[2016.02.01-07.47.45:112][490]LogSavePackage: Moving '../../../../../../Users/jcc44_000/Documents/GitHub/HotelBete/Saved/M_Wood_OakFB4DF0A74C88871D62FE12BED14627FE.tmp' to '../../../../../../Users/jcc44_000/Documents/GitHub/HotelBete/Content/StarterContent/Materials/M_Wood_Oak.uasset'
[2016.02.01-07.47.45:114][490]LogSavePackage: Total save time: 32.129835ms
[2016.02.01-07.47.45:114][490]LogSavePackage:Display: Finished SavePackage ../../../../../../Users/jcc44_000/Documents/GitHub/HotelBete/Content/StarterContent/Materials/M_Wood_Oak.uasset
[2016.02.01-07.47.53:579][561]Cmd: MAP LOAD FILE="../../../../../../Users/jcc44_000/Documents/GitHub/HotelBete/Content/Hotel/Levels/Menu.umap" TEMPLATE=0 SHOWPROGRESS=1 FEATURELEVEL=3
[2016.02.01-07.47.53:579][561]LightingResults: New page: Lighting Build
[2016.02.01-07.47.53:635][561]LoadErrors: New page: Loading map: Menu.umap
[2016.02.01-07.47.53:635][561]MapCheck: New page: Map Check
[2016.02.01-07.47.53:635][561]LightingResults: New page: Lighting Build
[2016.02.01-07.47.53:692][561]LogParticles: Destroying 0 GPU particle simulations for FXSystem 0x000000CD1D703CE0
[2016.02.01-07.47.53:761][561]LogAIModule: Creating AISystem for world Menu
[2016.02.01-07.47.53:830][561]LogEditorServer: Finished looking for orphan Actors (0.000 secs)
[2016.02.01-07.47.53:997][561]Cmd: MAP CHECKDEP NOCLEARLOG
[2016.02.01-07.47.54:157][561]MapCheck: Info Map check complete: 0 Error(s), 0 Warning(s), took 160.361ms to complete.
[2016.02.01-07.47.54:159][561]LogFileHelpers: Loading map 'Menu' took 0.584
[2016.02.01-07.47.58:819][648]LogBlueprintUserMessages: Early PlayInEditor Detection: Level '/Game/Hotel/Levels/Menu.Menu:PersistentLevel' has LevelScriptBlueprint '/Game/Hotel/Levels/Menu.Menu:PersistentLevel.Menu' with GeneratedClass '/Game/Hotel/Levels/Menu.Menu_C' with ClassGeneratedBy '/Game/Hotel/Levels/Menu.Menu:PersistentLevel.Menu'
[2016.02.01-07.47.58:819][648]LogPlayLevel: PlayLevel: No blueprints needed recompiling
[2016.02.01-07.47.58:819][648]PIE: New page: PIE session: Menu (Jan 31, 2016, 9:47:58 PM)
[2016.02.01-07.47.58:819][648]LogPlayLevel: Creating play world package: /Game/Hotel/Levels/UEDPIE_0_Menu
[2016.02.01-07.47.58:827][648]LogPlayLevel: PIE: StaticDuplicateObject took: (0.007890s)
[2016.02.01-07.47.58:829][648]LogAIModule: Creating AISystem for world Menu
[2016.02.01-07.47.58:829][648]LogPlayLevel: PIE: World Init took: (0.001744s)
[2016.02.01-07.47.58:829][648]LogPlayLevel: PIE: Created PIE world by copying editor world from /Game/Hotel/Levels/Menu.Menu to /Game/Hotel/Levels/UEDPIE_0_Menu.Menu (0.010081s)
[2016.02.01-07.47.58:903][648]LogInit: XAudio2 using 'Speakers (Realtek High Definition Audio)' : 2 channels at 48 kHz using 32 bits per sample (channel mask 0x3)
[2016.02.01-07.47.58:917][648]LogInit: FAudioDevice initialized.
[2016.02.01-07.47.59:037][648]LogWorld: Game class is 'FirstPersonGameMode_C'
[2016.02.01-07.47.59:040][648]LogWorld: Bringing World /Game/Hotel/Levels/UEDPIE_0_Menu.Menu up for play (max tick rate 60) at 2016.02.01-02.47.59
[2016.02.01-07.47.59:040][648]LogActor:Warning: GameSession /Game/Hotel/Levels/UEDPIE_0_Menu.Menu:PersistentLevel.GameSession_4 has natively added scene component(s), but none of them were set as the actor's RootComponent - picking one arbitrarily
[2016.02.01-07.47.59:041][648]LogActor:Warning: GameNetworkManager /Game/Hotel/Levels/UEDPIE_0_Menu.Menu:PersistentLevel.GameNetworkManager_4 has natively added scene component(s), but none of them were set as the actor's RootComponent - picking one arbitrarily
[2016.02.01-07.47.59:041][648]LogWorld: Bringing up level for play took: 0.003131
[2016.02.01-07.47.59:043][648]LogSpawn:Warning: SpawnActor failed because no class was specified
[2016.02.01-07.47.59:089][648]PIE: Info Play in editor start time for /Game/Hotel/Levels/UEDPIE_0_Menu -0.03
[2016.02.01-07.47.59:089][648]LogBlueprintUserMessages: Late PlayInEditor Detection: Level '/Game/Hotel/Levels/Menu.Menu:PersistentLevel' has LevelScriptBlueprint '/Game/Hotel/Levels/Menu.Menu:PersistentLevel.Menu' with GeneratedClass '/Game/Hotel/Levels/Menu.Menu_C' with ClassGeneratedBy '/Game/Hotel/Levels/Menu.Menu:PersistentLevel.Menu'
[2016.02.01-07.48.01:607][685]LogPackageName: SearchForPackageOnDisk took   0.234s to resolve Prototype.umap.
[2016.02.01-07.48.01:779][686]LogPackageName: SearchForPackageOnDisk took   0.168s to resolve Prototype.umap.
[2016.02.01-07.48.01:779][686]LogNet: Browse: /Game/Hotel/Levels/Prototype
[2016.02.01-07.48.01:780][686]LogLoad: LoadMap: /Game/Hotel/Levels/Prototype
[2016.02.01-07.48.01:833][686]LogParticles: Destroying 0 GPU particle simulations for FXSystem 0x000000CD19274C20
[2016.02.01-07.48.01:837][686]Cmd: MEM
[2016.02.01-07.48.01:883][686]LogMemory: Platform Memory Stats for Windows
[2016.02.01-07.48.01:883][686]LogMemory: Process Physical Memory: 1005.38 MB used, 1280.68 MB peak
[2016.02.01-07.48.01:883][686]LogMemory: Process Virtual Memory: 1068.65 MB used, 1366.30 MB peak
[2016.02.01-07.48.01:883][686]LogMemory: Physical Memory: 4783.79 MB used, 12171.62 MB total
[2016.02.01-07.48.01:883][686]LogMemory: Virtual Memory: 1770.01 MB used, 134217728.00 MB total
[2016.02.01-07.48.01:883][686]LogMemory: 
[2016.02.01-07.48.01:883][686]Allocator Stats for TBB: (not implemented)
[2016.02.01-07.48.01:954][686]LogLinker:Warning: Asset '../../../../../../Users/jcc44_000/Documents/GitHub/HotelBete/Content/FirstPerson/Meshes/FirstPersonProjectileMesh.uasset' has been saved with empty engine version. The asset will be loaded but may be incompatible.
[2016.02.01-07.48.02:978][686]LogAIModule: Creating AISystem for world Prototype
[2016.02.01-07.48.02:979][686]LogWorld: Game class is 'FirstPersonGameMode_C'
[2016.02.01-07.48.02:994][686]LogWorld: Bringing World /Game/Hotel/Levels/UEDPIE_0_Prototype.Prototype up for play (max tick rate 60) at 2016.02.01-02.48.02
[2016.02.01-07.48.02:994][686]LogActor:Warning: GameSession /Game/Hotel/Levels/UEDPIE_0_Prototype.Prototype:PersistentLevel.GameSession_5 has natively added scene component(s), but none of them were set as the actor's RootComponent - picking one arbitrarily
[2016.02.01-07.48.02:994][686]LogActor:Warning: GameNetworkManager /Game/Hotel/Levels/UEDPIE_0_Prototype.Prototype:PersistentLevel.GameNetworkManager_5 has natively added scene component(s), but none of them were set as the actor's RootComponent - picking one arbitrarily
[2016.02.01-07.48.02:995][686]LogWorld: Bringing up level for play took: 0.015512
[2016.02.01-07.48.02:996][686]LogSpawn:Warning: SpawnActor failed because no class was specified
[2016.02.01-07.48.47:185][166]LogBlueprintUserMessages: Early EndPlayMap Detection: Level '/Game/Hotel/Levels/Menu.Menu:PersistentLevel' has LevelScriptBlueprint '/Game/Hotel/Levels/Menu.Menu:PersistentLevel.Menu' with GeneratedClass '/Game/Hotel/Levels/Menu.Menu_C' with ClassGeneratedBy '/Game/Hotel/Levels/Menu.Menu:PersistentLevel.Menu'
[2016.02.01-07.48.47:345][166]LogBlueprintUserMessages: Late EndPlayMap Detection: Level '/Game/Hotel/Levels/Menu.Menu:PersistentLevel' has LevelScriptBlueprint '/Game/Hotel/Levels/Menu.Menu:PersistentLevel.Menu' with GeneratedClass '/Game/Hotel/Levels/Menu.Menu_C' with ClassGeneratedBy '/Game/Hotel/Levels/Menu.Menu:PersistentLevel.Menu'
[2016.02.01-07.48.47:626][167]LogParticles: Destroying 0 GPU particle simulations for FXSystem 0x000000CD1979BEC0
[2016.02.01-07.49.06:696][439]LogSkeletalMesh: InitArticulated: Bodies already created (/Engine/Transient.DebugSkelMeshComponent_6) - call TermArticulated first.
[2016.02.01-07.49.38:288][ 34]Cmd: CLOSE_SLATE_MAINFRAME
[2016.02.01-07.49.38:392][ 34]LogParticles: Destroying 0 GPU particle simulations for FXSystem 0x000000CD1979BF60
[2016.02.01-07.49.38:782][ 34]LogParticles: Destroying 0 GPU particle simulations for FXSystem 0x000000CD2C7C7CE0
[2016.02.01-07.49.38:782][ 34]LogWindowsTextInputMethodSystem:Display: IME system now deactivated.
[2016.02.01-07.49.38:782][ 34]LogWindowsTextInputMethodSystem:Display: IME system now deactivated.
[2016.02.01-07.49.39:171][ 35]Cmd: QUIT_EDITOR
[2016.02.01-07.49.40:177][ 35]LogExit: Preparing to exit.
[2016.02.01-07.49.40:492][ 35]LogExit: Editor shut down
[2016.02.01-07.49.40:492][ 35]LogExit: Transaction tracking system shut down
[2016.02.01-07.49.40:493][ 35]LogParticles: Destroying 0 GPU particle simulations for FXSystem 0x000000CD7C0AC5E0
[2016.02.01-07.49.40:493][ 35]LogParticles: Destroying 0 GPU particle simulations for FXSystem 0x000000CD7C68EA20
[2016.02.01-07.49.40:494][ 35]LogParticles: Destroying 0 GPU particle simulations for FXSystem 0x000000CD1D638F40
[2016.02.01-07.49.40:494][ 35]LogParticles: Destroying 0 GPU particle simulations for FXSystem 0x000000CD7BDF1260
[2016.02.01-07.49.40:496][ 35]LogParticles: Destroying 0 GPU particle simulations for FXSystem 0x000000CD7C39AA20
[2016.02.01-07.49.40:497][ 35]LogParticles: Destroying 0 GPU particle simulations for FXSystem 0x000000CD0956CAE0
[2016.02.01-07.49.40:768][ 35]LogExit: Object subsystem successfully closed.
[2016.02.01-07.49.40:780][ 35]LogD3D11RHI: Shutdown
[2016.02.01-07.49.40:780][ 35]LogD3D11RHI: CleanupD3DDevice
[2016.02.01-07.49.40:944][ 35]LogD3D11RHI: ~FD3D11DynamicRHI
[2016.02.01-07.49.40:971][ 35]LogModuleManager: Shutting down and abandoning module StatsViewer (202)
[2016.02.01-07.49.40:971][ 35]LogModuleManager: Shutting down and abandoning module CookingStats (201)
[2016.02.01-07.49.40:971][ 35]LogModuleManager: Shutting down and abandoning module MaterialEditor (200)
[2016.02.01-07.49.40:971][ 35]LogModuleManager: Shutting down and abandoning module CrashTracker (199)
[2016.02.01-07.49.40:971][ 35]LogModuleManager: Shutting down and abandoning module SceneOutliner (198)
[2016.02.01-07.49.40:971][ 35]LogModuleManager: Shutting down and abandoning module SuperSearch (197)
[2016.02.01-07.49.40:971][ 35]LogModuleManager: Shutting down and abandoning module WidgetCarousel (196)
[2016.02.01-07.49.40:971][ 35]LogModuleManager: Shutting down and abandoning module AddContentDialog (195)
[2016.02.01-07.49.40:973][ 35]LogModuleManager: Shutting down and abandoning module EditorWidgets (194)
[2016.02.01-07.49.40:973][ 35]LogModuleManager: Shutting down and abandoning module CollectionManager (193)
[2016.02.01-07.49.40:973][ 35]LogModuleManager: Shutting down and abandoning module FoliageEdit (192)
[2016.02.01-07.49.40:973][ 35]LogModuleManager: Shutting down and abandoning module LandscapeEditor (191)
[2016.02.01-07.49.40:974][ 35]LogModuleManager: Shutting down and abandoning module ActorPickerMode (190)
[2016.02.01-07.49.40:974][ 35]LogModuleManager: Shutting down and abandoning module GeometryMode (189)
[2016.02.01-07.49.40:974][ 35]LogModuleManager: Shutting down and abandoning module TextureAlignMode (188)
[2016.02.01-07.49.40:974][ 35]LogModuleManager: Shutting down and abandoning module BspMode (187)
[2016.02.01-07.49.40:974][ 35]LogModuleManager: Shutting down and abandoning module PlacementMode (186)
[2016.02.01-07.49.40:974][ 35]LogModuleManager: Shutting down and abandoning module AutomationWorker (185)
[2016.02.01-07.49.40:974][ 35]LogModuleManager: Shutting down and abandoning module CharacterAI (184)
[2016.02.01-07.49.40:974][ 35]LogModuleManager: Shutting down and abandoning module SmartSnapping (183)
[2016.02.01-07.49.40:974][ 35]LogModuleManager: Shutting down and abandoning module ViewportSnapping (182)
[2016.02.01-07.49.40:974][ 35]LogModuleManager: Shutting down and abandoning module LogVisualizer (181)
[2016.02.01-07.49.40:975][ 35]LogModuleManager: Shutting down and abandoning module GameProjectGeneration (180)
[2016.02.01-07.49.40:975][ 35]LogModuleManager: Shutting down and abandoning module IntroTutorials (179)
[2016.02.01-07.49.40:975][ 35]LogModuleManager: Shutting down and abandoning module EditorLiveStreaming (178)
[2016.02.01-07.49.40:975][ 35]LogModuleManager: Shutting down and abandoning module IOSPlatformEditor (177)
[2016.02.01-07.49.40:975][ 35]LogModuleManager: Shutting down and abandoning module HTML5PlatformEditor (176)
[2016.02.01-07.49.40:975][ 35]LogModuleManager: Shutting down and abandoning module AndroidDeviceDetection (175)
[2016.02.01-07.49.41:111][ 35]LogModuleManager: Shutting down and abandoning module AndroidPlatformEditor (174)
[2016.02.01-07.49.41:111][ 35]LogModuleManager: Shutting down and abandoning module IOSRuntimeSettings (173)
[2016.02.01-07.49.41:111][ 35]LogModuleManager: Shutting down and abandoning module AndroidRuntimeSettings (172)
[2016.02.01-07.49.41:111][ 35]LogModuleManager: Shutting down and abandoning module MergeActors (171)
[2016.02.01-07.49.41:111][ 35]LogModuleManager: Shutting down and abandoning module SizeMap (170)
[2016.02.01-07.49.41:111][ 35]LogModuleManager: Shutting down and abandoning module TreeMap (169)
[2016.02.01-07.49.41:111][ 35]LogModuleManager: Shutting down and abandoning module ReferenceViewer (168)
[2016.02.01-07.49.41:111][ 35]LogModuleManager: Shutting down and abandoning module LocalizationService (167)
[2016.02.01-07.49.41:111][ 35]LogModuleManager: Shutting down and abandoning module LocalizationDashboard (166)
[2016.02.01-07.49.41:111][ 35]LogModuleManager: Shutting down and abandoning module HardwareTargeting (165)
[2016.02.01-07.49.41:111][ 35]LogModuleManager: Shutting down and abandoning module DeviceProfileEditor (164)
[2016.02.01-07.49.41:111][ 35]LogModuleManager: Shutting down and abandoning module UndoHistory (163)
[2016.02.01-07.49.41:111][ 35]LogModuleManager: Shutting down and abandoning module GameplayTagsEditor (162)
[2016.02.01-07.49.41:111][ 35]LogModuleManager: Shutting down and abandoning module UserFeedback (161)
[2016.02.01-07.49.41:111][ 35]LogModuleManager: Shutting down and abandoning module XmlParser (160)
[2016.02.01-07.49.41:111][ 35]LogModuleManager: Shutting down and abandoning module Blutility (159)
[2016.02.01-07.49.41:111][ 35]LogModuleManager: Shutting down and abandoning module ProjectTargetPlatformEditor (158)
[2016.02.01-07.49.41:111][ 35]LogModuleManager: Shutting down and abandoning module ProjectSettingsViewer (157)
[2016.02.01-07.49.41:111][ 35]LogModuleManager: Shutting down and abandoning module InputBindingEditor (156)
[2016.02.01-07.49.41:112][ 35]LogModuleManager: Shutting down and abandoning module EditorSettingsViewer (155)
[2016.02.01-07.49.41:112][ 35]LogModuleManager: Shutting down and abandoning module SettingsEditor (154)
[2016.02.01-07.49.41:112][ 35]LogModuleManager: Shutting down and abandoning module ProjectLauncher (153)
[2016.02.01-07.49.41:112][ 35]LogModuleManager: Shutting down and abandoning module SessionFrontend (152)
[2016.02.01-07.49.41:112][ 35]LogModuleManager: Shutting down and abandoning module ProfilerClient (151)
[2016.02.01-07.49.41:112][ 35]LogModuleManager: Shutting down and abandoning module TargetDeviceServices (150)
[2016.02.01-07.49.41:112][ 35]LogModuleManager: Shutting down and abandoning module DeviceManager (149)
[2016.02.01-07.49.41:112][ 35]LogModuleManager: Shutting down and abandoning module AutomationController (148)
[2016.02.01-07.49.41:112][ 35]LogModuleManager: Shutting down and abandoning module AutomationWindow (147)
[2016.02.01-07.49.41:112][ 35]LogModuleManager: Shutting down and abandoning module Layers (146)
[2016.02.01-07.49.41:112][ 35]LogModuleManager: Shutting down and abandoning module ComponentVisualizers (145)
[2016.02.01-07.49.41:112][ 35]LogModuleManager: Shutting down and abandoning module DetailCustomizations (144)
[2016.02.01-07.49.41:112][ 35]LogModuleManager: Shutting down and abandoning module PackagesDialog (143)
[2016.02.01-07.49.41:112][ 35]LogModuleManager: Shutting down and abandoning module Persona (142)
[2016.02.01-07.49.41:112][ 35]LogModuleManager: Shutting down and abandoning module Kismet (141)
[2016.02.01-07.49.41:112][ 35]LogModuleManager: Shutting down and abandoning module GraphEditor (140)
[2016.02.01-07.49.41:112][ 35]LogModuleManager: Shutting down and abandoning module ClassViewer (139)
[2016.02.01-07.49.41:112][ 35]LogModuleManager: Shutting down and abandoning module Toolbox (138)
[2016.02.01-07.49.41:112][ 35]LogModuleManager: Shutting down and abandoning module ModuleUI (137)
[2016.02.01-07.49.41:112][ 35]LogModuleManager: Shutting down and abandoning module MovieSceneTools (136)
[2016.02.01-07.49.41:112][ 35]LogModuleManager: Shutting down and abandoning module OutputLog (135)
[2016.02.01-07.49.41:112][ 35]LogModuleManager: Shutting down and abandoning module GammaUI (134)
[2016.02.01-07.49.41:112][ 35]LogModuleManager: Shutting down and abandoning module Documentation (133)
[2016.02.01-07.49.41:113][ 35]LogModuleManager: Shutting down and abandoning module GameLiveStreaming (132)
[2016.02.01-07.49.41:113][ 35]LogModuleManager: Shutting down and abandoning module StreamingPauseRendering (131)
[2016.02.01-07.49.41:113][ 35]LogModuleManager: Shutting down and abandoning module AnalyticsET (130)
[2016.02.01-07.49.41:113][ 35]LogModuleManager: Shutting down and abandoning module Analytics (129)
[2016.02.01-07.49.41:113][ 35]LogModuleManager: Shutting down and abandoning module AITestSuite (128)
[2016.02.01-07.49.41:113][ 35]LogModuleManager: Shutting down and abandoning module GameplayDebugger (127)
[2016.02.01-07.49.41:113][ 35]LogModuleManager: Shutting down and abandoning module AIModule (126)
[2016.02.01-07.49.41:113][ 35]LogModuleManager: Shutting down and abandoning module ProfilerService (125)
[2016.02.01-07.49.41:182][ 35]LogModuleManager: Shutting down and abandoning module TaskGraph (124)
[2016.02.01-07.49.41:182][ 35]LogModuleManager: Shutting down and abandoning module SubstanceEditor (123)
[2016.02.01-07.49.41:182][ 35]LogModuleManager: Shutting down and abandoning module SlateRemote (122)
[2016.02.01-07.49.41:182][ 35]LogModuleManager: Shutting down and abandoning module SteamVRController (121)
[2016.02.01-07.49.41:182][ 35]LogModuleManager: Shutting down and abandoning module SteamVR (120)
[2016.02.01-07.49.41:182][ 35]LogModuleManager: Shutting down and abandoning module ProceduralMeshComponent (119)
[2016.02.01-07.49.41:182][ 35]LogModuleManager: Shutting down and abandoning module OculusLibrary (118)
[2016.02.01-07.49.41:182][ 35]LogModuleManager: Shutting down and abandoning module OculusInput (117)
[2016.02.01-07.49.41:182][ 35]LogModuleManager: Shutting down and abandoning module LeapMotionController (116)
[2016.02.01-07.49.41:215][ 35]LogModuleManager: Shutting down and abandoning module CustomMeshComponent (115)
[2016.02.01-07.49.41:215][ 35]LogModuleManager: Shutting down and abandoning module CableComponent (114)
[2016.02.01-07.49.41:215][ 35]LogModuleManager: Shutting down and abandoning module ArchVisCharacter (113)
[2016.02.01-07.49.41:215][ 35]LogModuleManager: Shutting down and abandoning module MessagingDebugger (112)
[2016.02.01-07.49.41:215][ 35]LogModuleManager: Shutting down and abandoning module MediaPlayerEditor (111)
[2016.02.01-07.49.41:215][ 35]LogModuleManager: Shutting down and abandoning module HTML5Networking (110)
[2016.02.01-07.49.41:215][ 35]LogModuleManager: Shutting down and abandoning module SpeedTreeImporter (109)
[2016.02.01-07.49.41:215][ 35]LogModuleManager: Shutting down and abandoning module PluginBrowser (108)
[2016.02.01-07.49.41:216][ 35]LogModuleManager: Shutting down and abandoning module EpicSurvey (107)
[2016.02.01-07.49.41:216][ 35]LogModuleManager: Shutting down and abandoning module DesktopPlatform (106)
[2016.02.01-07.49.41:216][ 35]LogModuleManager: Shutting down and abandoning module VisualStudioSourceCodeAccess (105)
[2016.02.01-07.49.41:216][ 35]LogModuleManager: Shutting down and abandoning module UObjectPlugin (104)
[2016.02.01-07.49.41:216][ 35]LogModuleManager: Shutting down and abandoning module SubversionSourceControl (103)
[2016.02.01-07.49.41:216][ 35]LogModuleManager: Shutting down and abandoning module PerforceSourceControl (102)
[2016.02.01-07.49.41:216][ 35]LogModuleManager: Shutting down and abandoning module SourceControl (101)
[2016.02.01-07.49.41:216][ 35]LogModuleManager: Shutting down and abandoning module GitSourceControl (100)
[2016.02.01-07.49.41:216][ 35]LogModuleManager: Shutting down and abandoning module LightPropagationVolumeEditor (99)
[2016.02.01-07.49.41:216][ 35]LogModuleManager: Shutting down and abandoning module PaperTiledImporter (98)
[2016.02.01-07.49.41:216][ 35]LogModuleManager: Shutting down and abandoning module PaperSpriteSheetImporter (97)
[2016.02.01-07.49.41:216][ 35]LogModuleManager: Shutting down and abandoning module MeshPaint (96)
[2016.02.01-07.49.41:216][ 35]LogModuleManager: Shutting down and abandoning module SlateReflector (95)
[2016.02.01-07.49.41:216][ 35]LogModuleManager: Shutting down and abandoning module HotReload (94)
[2016.02.01-07.49.41:216][ 35]LogModuleManager: Shutting down and abandoning module MainFrame (93)
[2016.02.01-07.49.41:216][ 35]LogModuleManager: Shutting down and abandoning module LevelEditor (92)
[2016.02.01-07.49.41:218][ 35]LogModuleManager: Shutting down and abandoning module ContentBrowser (91)
[2016.02.01-07.49.41:219][ 35]LogModuleManager: Shutting down and abandoning module Paper2DEditor (90)
[2016.02.01-07.49.41:219][ 35]LogModuleManager: Shutting down and abandoning module UdpMessaging (89)
[2016.02.01-07.49.41:321][ 35]LogModuleManager: Shutting down and abandoning module DirectoryWatcher (88)
[2016.02.01-07.49.41:322][ 35]LogModuleManager: Shutting down and abandoning module AssetRegistry (87)
[2016.02.01-07.49.41:408][ 35]LogModuleManager: Shutting down and abandoning module SubstanceCore (86)
[2016.02.01-07.49.41:409][ 35]LogModuleManager: Shutting down and abandoning module LightPropagationVolumeRuntime (85)
[2016.02.01-07.49.41:409][ 35]LogModuleManager: Shutting down and abandoning module Paper2D (84)
[2016.02.01-07.49.41:409][ 35]LogModuleManager: Shutting down and abandoning module WindowsMoviePlayer (83)
[2016.02.01-07.49.41:413][ 35]LogModuleManager: Shutting down and abandoning module Media (82)
[2016.02.01-07.49.41:413][ 35]LogModuleManager: Shutting down and abandoning module WmfMedia (81)
[2016.02.01-07.49.41:413][ 35]LogModuleManager: Shutting down and abandoning module OnlineBlueprintSupport (80)
[2016.02.01-07.49.41:413][ 35]LogModuleManager: Shutting down and abandoning module GameplayTasksEditor (79)
[2016.02.01-07.49.41:413][ 35]LogModuleManager: Shutting down and abandoning module PropertyEditor (78)
[2016.02.01-07.49.41:413][ 35]LogModuleManager: Shutting down and abandoning module BehaviorTreeEditor (77)
[2016.02.01-07.49.41:413][ 35]LogModuleManager: Shutting down and abandoning module FunctionalTesting (76)
[2016.02.01-07.49.41:413][ 35]LogModuleManager: Shutting down and abandoning module CollisionAnalyzer (75)
[2016.02.01-07.49.41:413][ 35]LogModuleManager: Shutting down and abandoning module WorkspaceMenuStructure (74)
[2016.02.01-07.49.41:413][ 35]LogModuleManager: Shutting down and abandoning module MessageLog (73)
[2016.02.01-07.49.41:413][ 35]LogModuleManager: Shutting down and abandoning module Sequencer (72)
[2016.02.01-07.49.41:413][ 35]LogModuleManager: Shutting down and abandoning module AssetTools (71)
[2016.02.01-07.49.41:414][ 35]LogModuleManager: Shutting down and abandoning module UMGEditor (70)
[2016.02.01-07.49.41:414][ 35]LogModuleManager: Shutting down and abandoning module UMG (69)
[2016.02.01-07.49.41:414][ 35]LogModuleManager: Shutting down and abandoning module Slate (68)
[2016.02.01-07.49.41:414][ 35]LogModuleManager: Shutting down and abandoning module EditorStyle (67)
[2016.02.01-07.49.41:420][ 35]LogModuleManager: Shutting down and abandoning module SessionServices (66)
[2016.02.01-07.49.41:420][ 35]LogModuleManager: Shutting down and abandoning module SourceCodeAccess (65)
[2016.02.01-07.49.41:420][ 35]LogModuleManager: Shutting down and abandoning module HeadMountedDisplay (64)
[2016.02.01-07.49.41:420][ 35]LogModuleManager: Shutting down and abandoning module XAudio2 (63)
[2016.02.01-07.49.41:420][ 35]LogModuleManager: Shutting down and abandoning module Networking (61)
[2016.02.01-07.49.41:420][ 35]LogModuleManager: Shutting down and abandoning module Core (60)
[2016.02.01-07.49.41:420][ 35]LogModuleManager: Shutting down and abandoning module KismetCompiler (59)
[2016.02.01-07.49.41:420][ 35]LogModuleManager: Shutting down and abandoning module PhysXFormats (58)
[2016.02.01-07.49.41:420][ 35]LogModuleManager: Shutting down and abandoning module MeshUtilities (57)
[2016.02.01-07.49.41:420][ 35]LogModuleManager: Shutting down and abandoning module DerivedDataCache (56)
[2016.02.01-07.49.41:445][ 35]LogDerivedDataCache: Shutdown
[2016.02.01-07.49.41:445][ 35]LogModuleManager: Shutting down and abandoning module ShaderFormatOpenGL (55)
[2016.02.01-07.49.41:445][ 35]LogModuleManager: Shutting down and abandoning module ShaderFormatD3D (54)
[2016.02.01-07.49.41:445][ 35]LogModuleManager: Shutting down and abandoning module MetalShaderFormat (53)
[2016.02.01-07.49.41:445][ 35]LogModuleManager: Shutting down and abandoning module TextureFormatUncompressed (52)
[2016.02.01-07.49.41:445][ 35]LogModuleManager: Shutting down and abandoning module TextureFormatPVR (51)
[2016.02.01-07.49.41:445][ 35]LogModuleManager: Shutting down and abandoning module TextureFormatIntelISPCTexComp (50)
[2016.02.01-07.49.41:445][ 35]LogModuleManager: Shutting down and abandoning module TextureFormatDXT (49)
[2016.02.01-07.49.41:445][ 35]LogModuleManager: Shutting down and abandoning module ImageWrapper (48)
[2016.02.01-07.49.41:445][ 35]LogModuleManager: Shutting down and abandoning module TextureFormatASTC (47)
[2016.02.01-07.49.41:445][ 35]LogModuleManager: Shutting down and abandoning module TextureFormatAndroid (46)
[2016.02.01-07.49.41:445][ 35]LogModuleManager: Shutting down and abandoning module AudioFormatOpus (45)
[2016.02.01-07.49.41:445][ 35]LogModuleManager: Shutting down and abandoning module AudioFormatOgg (44)
[2016.02.01-07.49.41:445][ 35]LogModuleManager: Shutting down and abandoning module AudioFormatADPCM (43)
[2016.02.01-07.49.41:445][ 35]LogModuleManager: Shutting down and abandoning module LinuxTargetPlatform (42)
[2016.02.01-07.49.41:445][ 35]LogModuleManager: Shutting down and abandoning module LinuxServerTargetPlatform (41)
[2016.02.01-07.49.41:445][ 35]LogModuleManager: Shutting down and abandoning module LinuxNoEditorTargetPlatform (40)
[2016.02.01-07.49.41:445][ 35]LogModuleManager: Shutting down and abandoning module Messaging (39)
[2016.02.01-07.49.41:445][ 35]LogModuleManager: Shutting down and abandoning module IOSTargetPlatform (38)
[2016.02.01-07.49.41:445][ 35]LogModuleManager: Shutting down and abandoning module HTML5TargetPlatform (37)
[2016.02.01-07.49.41:445][ 35]LogModuleManager: Shutting down and abandoning module Android_PVRTCTargetPlatform (36)
[2016.02.01-07.49.41:445][ 35]LogModuleManager: Shutting down and abandoning module Android_MultiTargetPlatform (35)
[2016.02.01-07.49.41:445][ 35]LogModuleManager: Shutting down and abandoning module Android_ETC2TargetPlatform (34)
[2016.02.01-07.49.41:445][ 35]LogModuleManager: Shutting down and abandoning module Android_ETC1TargetPlatform (33)
[2016.02.01-07.49.41:445][ 35]LogModuleManager: Shutting down and abandoning module Android_DXTTargetPlatform (32)
[2016.02.01-07.49.41:445][ 35]LogModuleManager: Shutting down and abandoning module Android_ATCTargetPlatform (31)
[2016.02.01-07.49.41:445][ 35]LogModuleManager: Shutting down and abandoning module Android_ASTCTargetPlatform (30)
[2016.02.01-07.49.41:445][ 35]LogModuleManager: Shutting down and abandoning module AndroidTargetPlatform (29)
[2016.02.01-07.49.41:445][ 35]LogModuleManager: Shutting down and abandoning module WindowsTargetPlatform (28)
[2016.02.01-07.49.41:445][ 35]LogModuleManager: Shutting down and abandoning module WindowsServerTargetPlatform (27)
[2016.02.01-07.49.41:445][ 35]LogModuleManager: Shutting down and abandoning module WindowsNoEditorTargetPlatform (26)
[2016.02.01-07.49.41:445][ 35]LogModuleManager: Shutting down and abandoning module WindowsClientTargetPlatform (25)
[2016.02.01-07.49.41:445][ 35]LogModuleManager: Shutting down and abandoning module AllDesktopTargetPlatform (24)
[2016.02.01-07.49.41:445][ 35]LogModuleManager: Shutting down and abandoning module TargetPlatform (23)
[2016.02.01-07.49.41:446][ 35]LogModuleManager: Shutting down and abandoning module InputCore (22)
[2016.02.01-07.49.41:446][ 35]LogModuleManager: Shutting down and abandoning module Settings (21)
[2016.02.01-07.49.41:446][ 35]LogModuleManager: Shutting down and abandoning module OnlineSubsystem (19)
[2016.02.01-07.49.41:446][ 35]LogModuleManager: Shutting down and abandoning module HTTP (18)
[2016.02.01-07.49.43:448][ 35]LogModuleManager: Shutting down and abandoning module XMPP (17)
[2016.02.01-07.49.43:448][ 35]LogModuleManager: Shutting down and abandoning module OculusRift (16)
[2016.02.01-07.49.43:448][ 35]LogModuleManager: Shutting down and abandoning module ExampleDeviceProfileSelector (15)
[2016.02.01-07.49.43:448][ 35]LogModuleManager: Shutting down and abandoning module TextureCompressor (14)
[2016.02.01-07.49.43:448][ 35]LogModuleManager: Shutting down and abandoning module ShaderCore (13)
[2016.02.01-07.49.43:448][ 35]LogModuleManager: Shutting down and abandoning module Landscape (12)
[2016.02.01-07.49.43:448][ 35]LogModuleManager: Shutting down and abandoning module SlateRHIRenderer (11)
[2016.02.01-07.49.43:451][ 35]LogModuleManager: Shutting down and abandoning module OpenGLDrv (10)
[2016.02.01-07.49.43:451][ 35]LogModuleManager: Shutting down and abandoning module D3D11RHI (9)
[2016.02.01-07.49.43:451][ 35]LogModuleManager: Shutting down and abandoning module AnimGraphRuntime (8)
[2016.02.01-07.49.43:451][ 35]LogModuleManager: Shutting down and abandoning module Renderer (7)
[2016.02.01-07.49.43:451][ 35]LogModuleManager: Shutting down and abandoning module Engine (6)
[2016.02.01-07.49.43:451][ 35]LogModuleManager: Shutting down and abandoning module CoreUObject (5)
[2016.02.01-07.49.43:451][ 35]LogModuleManager: Shutting down and abandoning module NetworkFile (4)
[2016.02.01-07.49.43:451][ 35]LogModuleManager: Shutting down and abandoning module StreamingFile (3)
[2016.02.01-07.49.43:451][ 35]LogModuleManager: Shutting down and abandoning module SandboxFile (2)
[2016.02.01-07.49.43:451][ 35]LogModuleManager: Shutting down and abandoning module PakFile (1)
[2016.02.01-07.49.43:452][ 35]LogExit: Exiting.
[2016.02.01-07.49.43:459][ 35]Log file closed, 02/01/16 02:49:43
