[2016.02.09-20.46.15:033][  0]Log file open, 02/09/16 15:46:15
[2016.02.09-20.46.15:033][  0]LogInit:Display: Running engine for game: HotelBete
[2016.02.09-20.46.15:033][  0]LogPlatformFile: Not using cached read wrapper
[2016.02.09-20.46.15:033][  0]LogInit:Display: RandInit(-2128507788) SRandInit(-2128507786).
[2016.02.09-20.46.15:034][  0]LogTaskGraph: Started task graph with 4 named threads and 7 total threads.
[2016.02.09-20.46.15:034][  0]LogStats: Stats thread started at 0.100845
[2016.02.09-20.46.15:034][  0]LogInit: Version: 4.10.2-2818068+++depot+UE4-Releases+4.10
[2016.02.09-20.46.15:034][  0]LogInit: API Version: 2758231
[2016.02.09-20.46.15:034][  0]LogInit: Compiled (64-bit): Jan  6 2016 17:36:42
[2016.02.09-20.46.15:034][  0]LogInit: Compiled with Visual C++: 19.00.23026.00
[2016.02.09-20.46.15:034][  0]LogInit: Build Configuration: Development
[2016.02.09-20.46.15:034][  0]LogInit: Branch Name: ++depot+UE4-Releases+4.10
[2016.02.09-20.46.15:034][  0]LogInit: Command line:  
[2016.02.09-20.46.15:034][  0]LogInit: Base directory: C:/Program Files/Epic Games/4.10/Engine/Binaries/Win64/
[2016.02.09-20.46.15:034][  0]LogInit: Rocket: 1
[2016.02.09-20.46.15:047][  0]LogInit: Using libcurl 7.41.0
[2016.02.09-20.46.15:047][  0]LogInit:  - built for x86_64-pc-win32
[2016.02.09-20.46.15:047][  0]LogInit:  - supports SSL with WinSSL
[2016.02.09-20.46.15:047][  0]LogInit:  - other features:
[2016.02.09-20.46.15:047][  0]LogInit:      CURL_VERSION_SSL
[2016.02.09-20.46.15:047][  0]LogInit:      CURL_VERSION_IPV6
[2016.02.09-20.46.15:047][  0]LogInit:      CURL_VERSION_ASYNCHDNS
[2016.02.09-20.46.15:047][  0]LogInit:      CURL_VERSION_LARGEFILE
[2016.02.09-20.46.15:047][  0]LogInit:      CURL_VERSION_IDN
[2016.02.09-20.46.15:047][  0]LogInit:  CurlRequestOptions (configurable via config and command line):
[2016.02.09-20.46.15:047][  0]LogInit:  - bVerifyPeer = true  - Libcurl will verify peer certificate
[2016.02.09-20.46.15:047][  0]LogInit:  - bUseHttpProxy = false  - Libcurl will NOT use HTTP proxy
[2016.02.09-20.46.15:047][  0]LogInit:  - bDontReuseConnections = false  - Libcurl will reuse connections
[2016.02.09-20.46.15:047][  0]LogInit:  - CertBundlePath = nullptr  - Libcurl will use whatever was configured at build time.
[2016.02.09-20.46.15:061][  0]LogInit: Presizing for 0 objects not considered by GC, pre-allocating 0 bytes.
[2016.02.09-20.46.15:067][  0]LogInit: Object subsystem initialized
[2016.02.09-20.46.15:069][  0]LogInit: Selected Device Profile: [Windows]
[2016.02.09-20.46.15:069][  0]LogInit: Applying CVar settings loaded from the selected device profile: [Windows]
[2016.02.09-20.46.15:081][  0]LogInit: Computer: MRRBOND-PC
[2016.02.09-20.46.15:081][  0]LogInit: User: MrrBond
[2016.02.09-20.46.15:081][  0]LogInit: CPU Page size=4096, Cores=4
[2016.02.09-20.46.15:081][  0]LogInit: High frequency timer resolution =3.416025 MHz
[2016.02.09-20.46.15:081][  0]LogMemory: Memory total: Physical=7.9GB (8GB approx)
[2016.02.09-20.46.15:081][  0]LogMemory: Platform Memory Stats for Windows
[2016.02.09-20.46.15:081][  0]LogMemory: Process Physical Memory: 57.12 MB used, 57.12 MB peak
[2016.02.09-20.46.15:081][  0]LogMemory: Process Virtual Memory: 60.50 MB used, 60.50 MB peak
[2016.02.09-20.46.15:081][  0]LogMemory: Physical Memory: 4038.10 MB used, 8134.93 MB total
[2016.02.09-20.46.15:081][  0]LogMemory: Virtual Memory: 354.33 MB used, 8388608.00 MB total
[2016.02.09-20.46.15:181][  0]LogTextLocalizationManager: No specific translations for ('en-US') exist, so ('en') translations will be used.
[2016.02.09-20.46.15:698][  0]LogD3D11RHI: Found D3D11 adapter 0: NVIDIA GeForce GTX 770 (Feature Level 11_0)
[2016.02.09-20.46.15:698][  0]LogD3D11RHI: Adapter has 1989MB of dedicated video memory, 0MB of dedicated system memory, and 2048MB of shared system memory, 1 output[s]
[2016.02.09-20.46.15:698][  0]LogD3D11RHI: Chosen D3D11 Adapter Id = 0
[2016.02.09-20.46.15:705][  0]LogD3D11RHI: !Direct3DDevice
[2016.02.09-20.46.15:705][  0]LogRHI: Texture pool is 1361 MB (70% of 1945 MB)
[2016.02.09-20.46.15:721][  0]LogD3D11RHI: Async texture creation enabled
[2016.02.09-20.46.15:737][  0]LogShaderCompilers: Guid format shader working directory is -10 characters bigger than the processId version (../../../../../../Users/MrrBond/Documents/GitHub/HotelBete/Intermediate/Shaders/WorkingDirectory/7440/).
[2016.02.09-20.46.15:737][  0]LogShaderCompilers: Cleaned the shader compiler working directory 'C:/Users/MrrBond/AppData/Local/Temp/UnrealShaderWorkingDir/C7E0110F4CC9EC16FC62AA9EB2FFCCC7/'.
[2016.02.09-20.46.15:737][  0]LogShaderCompilers:Display: Using Local Shader Compiler.
[2016.02.09-20.46.16:811][  0]LogTemp:Display: Loaded TP AllDesktopTargetPlatform
[2016.02.09-20.46.16:815][  0]LogTemp:Display: Loaded TP WindowsClientTargetPlatform
[2016.02.09-20.46.16:825][  0]LogTemp:Display: Loaded TP WindowsNoEditorTargetPlatform
[2016.02.09-20.46.16:830][  0]LogTemp:Display: Loaded TP WindowsServerTargetPlatform
[2016.02.09-20.46.16:836][  0]LogTemp:Display: Loaded TP WindowsTargetPlatform
[2016.02.09-20.46.16:842][  0]LogTemp:Display: Loaded TP AndroidTargetPlatform
[2016.02.09-20.46.16:846][  0]LogTemp:Display: Loaded TP Android_ASTCTargetPlatform
[2016.02.09-20.46.16:848][  0]LogTemp:Display: Loaded TP Android_ATCTargetPlatform
[2016.02.09-20.46.16:854][  0]LogTemp:Display: Loaded TP Android_DXTTargetPlatform
[2016.02.09-20.46.16:860][  0]LogTemp:Display: Loaded TP Android_ETC1TargetPlatform
[2016.02.09-20.46.16:863][  0]LogTemp:Display: Loaded TP Android_ETC2TargetPlatform
[2016.02.09-20.46.16:872][  0]LogTemp:Display: Loaded TP Android_MultiTargetPlatform
[2016.02.09-20.46.16:872][  0]LogTemp:Display: Loaded TP Android_PVRTCTargetPlatform
[2016.02.09-20.46.16:875][  0]LogTemp:Display: Loaded TP HTML5TargetPlatform
[2016.02.09-20.46.16:892][  0]LogTemp:Display: Loaded TP IOSTargetPlatform
[2016.02.09-20.46.16:895][  0]LogTemp:Display: Loaded TP LinuxNoEditorTargetPlatform
[2016.02.09-20.46.16:898][  0]LogTemp:Display: Loaded TP LinuxServerTargetPlatform
[2016.02.09-20.46.16:904][  0]LogTemp:Display: Loaded TP LinuxTargetPlatform
[2016.02.09-20.46.16:904][  0]LogTargetPlatformManager:Display: Building Assets For Windows
[2016.02.09-20.46.17:099][  0]LogDerivedDataCache:Display: Max Cache Size: 512 MB
[2016.02.09-20.46.17:217][  0]LogDerivedDataCache: Loaded boot cache 0.12s 41MB C:/Users/MrrBond/AppData/Local/UnrealEngine/4.10/DerivedDataCache/Boot.ddc.
[2016.02.09-20.46.17:217][  0]LogDerivedDataCache:Display: Loaded Boot cache: C:/Users/MrrBond/AppData/Local/UnrealEngine/4.10/DerivedDataCache/Boot.ddc
[2016.02.09-20.46.17:217][  0]LogDerivedDataCache: FDerivedDataBackendGraph:  Pak pak cache file ../../../../../../Users/MrrBond/Documents/GitHub/HotelBete/DerivedDataCache/DDC.ddp not found, will not use a pak cache.
[2016.02.09-20.46.17:217][  0]LogDerivedDataCache: Unable to find inner node Pak for hierarchical cache Hierarchy.
[2016.02.09-20.46.17:217][  0]LogDerivedDataCache: FDerivedDataBackendGraph:  CompressedPak pak cache file ../../../../../../Users/MrrBond/Documents/GitHub/HotelBete/DerivedDataCache/Compressed.ddp not found, will not use a pak cache.
[2016.02.09-20.46.17:217][  0]LogDerivedDataCache: Unable to find inner node CompressedPak for hierarchical cache Hierarchy.
[2016.02.09-20.46.17:294][  0]LogDerivedDataCache:Display: Pak cache opened for reading ../../../Engine/DerivedDataCache/Compressed.ddp.
[2016.02.09-20.46.17:309][  0]LogDerivedDataCache: Using Local data cache path C:/Users/MrrBond/AppData/Local/UnrealEngine/Common/DerivedDataCache: Writable
[2016.02.09-20.46.17:719][  0]LogInit: Selected Device Profile: [Windows]
[2016.02.09-20.46.17:721][  0]LogContentStreaming: Texture pool size is 0.000000MB
[2016.02.09-20.46.17:772][  0]LogMeshUtilities: No automatic mesh reduction module available
[2016.02.09-20.46.17:772][  0]LogMeshUtilities: No automatic mesh merging module available
[2016.02.09-20.46.18:271][  0]LogInit: WinSock: version 1.1 (2.2), MaxSocks=32767, MaxUdp=65467
[2016.02.09-20.46.20:552][  0]LogAssetRegistry: FAssetRegistry took 0.0111 seconds to start up
[2016.02.09-20.46.20:579][  0]UdpMessaging: Initializing bridge on interface 0.0.0.0:0 to multicast group 230.0.0.1:6666.
[2016.02.09-20.46.20:947][  0]SourceControl: Info Source control is disabled
[2016.02.09-20.46.20:948][  0]SourceControl: Info Source control is disabled
[2016.02.09-20.46.20:966][  0]SourceControl: Info Source control is disabled
[2016.02.09-20.46.20:982][  0]SourceControl: Info Source control is disabled
[2016.02.09-20.46.21:364][  0]LogObj: 28802 objects as part of root set at end of initial load.
[2016.02.09-20.46.21:364][  0]LogUObjectAllocator: 6129776 out of 0 bytes used by permanent object pool.
[2016.02.09-20.46.21:434][  0]LogEngine: Initializing Engine...
[2016.02.09-20.46.21:438][  0]LogHMD: Can't find Oculus library dev build: is proper Runtime installed? Version: 0.8.0.0
[2016.02.09-20.46.21:443][  0]LogHMD: SteamVR failed to initialize.  Err: 110
[2016.02.09-20.46.21:606][  0]LogAIModule: Creating AISystem for world NewWorld
[2016.02.09-20.46.21:614][  0]LogInit: XAudio2 using 'Speakers (Realtek High Definition Audio)' : 2 channels at 48 kHz using 32 bits per sample (channel mask 0x3)
[2016.02.09-20.46.21:628][  0]LogInit: FAudioDevice initialized.
[2016.02.09-20.46.21:675][  0]LogDerivedDataCache: Saved boot cache 0.05s 41MB C:/Users/MrrBond/AppData/Local/UnrealEngine/4.10/DerivedDataCache/Boot.ddc.
[2016.02.09-20.46.21:682][  0]LogInit: Texture streaming: Enabled
[2016.02.09-20.46.21:697][  0]LogAnalytics: Creating configured Analytics provider AnalyticsET
[2016.02.09-20.46.21:697][  0]LogAnalytics: [UEEditor.Rocket.Release] APIServer = http://et2.epicgames.com/ET2/. AppVersion = 4.10.2-2818068+++depot+UE4-Releases+4.10
[2016.02.09-20.46.21:697][  0]LogAnalytics: [UEEditor.Rocket.Release] SetUserId 70d505b9489753c526a513886a8eb1a2|20388df98dc841109316ca5aa4c25788|5df8a1b8-928f-4cc0-8ccd-f95831ba8036
[2016.02.09-20.46.21:697][  0]LogAnalytics: [UEEditor.Rocket.Release] AnalyticsET::StartSession
[2016.02.09-20.46.21:708][  0]LogInit: Transaction tracking system initialized
[2016.02.09-20.46.21:760][  0]BlueprintLog: New page: Editor Load
[2016.02.09-20.46.21:899][  0]LocalizationService: Info Localization service is disabled
[2016.02.09-20.46.22:018][  0]LogConsoleResponse:Display: 
[2016.02.09-20.46.22:210][  0]LogCook:Display: Done creating registry. It took  0.00s.
[2016.02.09-20.46.22:309][  0]LogFileCache: Scanning file cache for directory 'C:/Users/MrrBond/Documents/GitHub/HotelBete/Content/' took 0.02s
[2016.02.09-20.46.22:309][  0]SourceControl: Info Source control is disabled
[2016.02.09-20.46.22:309][  0]Cmd: MAP LOAD FILE="../../../../../../Users/MrrBond/Documents/GitHub/HotelBete/Content/Hotel/Levels/Menu.umap" TEMPLATE=0 SHOWPROGRESS=1 FEATURELEVEL=3
[2016.02.09-20.46.22:310][  0]LightingResults: New page: Lighting Build
[2016.02.09-20.46.22:312][  0]MapCheck: New page: Map Check
[2016.02.09-20.46.22:312][  0]LightingResults: New page: Lighting Build
[2016.02.09-20.46.22:331][  0]LogParticles: Destroying 0 GPU particle simulations for FXSystem 0x00000000231CEAC0
[2016.02.09-20.46.22:395][  0]LogAIModule: Creating AISystem for world Menu
[2016.02.09-20.46.22:396][  0]LogEditorServer: Finished looking for orphan Actors (0.000 secs)
[2016.02.09-20.46.22:397][  0]Cmd: MAP CHECKDEP NOCLEARLOG
[2016.02.09-20.46.22:463][  0]MapCheck: Info Map check complete: 0 Error(s), 0 Warning(s), took 66.473ms to complete.
[2016.02.09-20.46.22:463][  0]LogFileHelpers: Loading map 'Menu' took 0.154
[2016.02.09-20.46.22:580][  0]LogCollectionManager: Loaded 0 collections in 0.002068 seconds
[2016.02.09-20.46.22:625][  0]LogFileCache: Scanning file cache for directory 'C:/Users/MrrBond/Documents/GitHub/HotelBete/Saved/Collections/' took 0.01s
[2016.02.09-20.46.22:625][  0]LogFileCache: Scanning file cache for directory 'C:/Users/MrrBond/Documents/GitHub/HotelBete/Content/Developers/MrrBond/Collections/' took 0.01s
[2016.02.09-20.46.22:625][  0]LogFileCache: Scanning file cache for directory 'C:/Users/MrrBond/Documents/GitHub/HotelBete/Content/Collections/' took 0.01s
[2016.02.09-20.46.22:625][  0]LogCollectionManager: Rebuilt the GUID cache for 0 collections in 0.000001 seconds
[2016.02.09-20.46.22:631][  0]LogContentBrowser: Native class hierarchy populated in 0.0056 seconds. Added 1908 classes and 344 folders.
[2016.02.09-20.46.22:641][  0]LogContentBrowser: Native class hierarchy updated for 'WidgetCarousel' in 0.0012 seconds. Added 0 classes and 0 folders.
[2016.02.09-20.46.22:789][  0]LogContentBrowser: Native class hierarchy updated for 'AddContentDialog' in 0.0011 seconds. Added 0 classes and 0 folders.
[2016.02.09-20.46.22:795][  0]LogContentBrowser: Native class hierarchy updated for 'SceneOutliner' in 0.0004 seconds. Added 1 classes and 2 folders.
[2016.02.09-20.46.22:817][  0]LogCrashTracker: Crashtracker disabled due to settings.
[2016.02.09-20.46.22:823][  0]LogUObjectGlobals:Warning: Failed to find object 'Class None.'
[2016.02.09-20.46.22:847][  0]LogLoad: Full Startup: 8.39 seconds (BP compile: 0.03 seconds)
[2016.02.09-20.46.22:859][  0]LogOcInput: Can't find Oculus library dev build: is proper Runtime installed? Version: 0.8.0.0
[2016.02.09-20.46.22:903][  0]LogContentStreaming: Texture pool size now 1000 MB
[2016.02.09-20.46.23:066][  0]LogRenderer: Reallocating scene render targets to support 1208x572 (Frame:2).
[2016.02.09-20.46.23:215][  2]LogAssetRegistry: Asset discovery search completed in 2.6727 seconds
[2016.02.09-20.46.23:215][  2]LogCollectionManager: Rebuilt the object cache for 0 collections in 0.000001 seconds (found 0 objects)
[2016.02.09-20.46.23:215][  2]LogCollectionManager: Fixed up redirectors for 0 collections in 0.000014 seconds (updated 0 objects)
[2016.02.09-20.48.08:164][710]LogContentBrowser: Native class hierarchy updated for 'Cascade' in 0.0004 seconds. Added 2 classes and 2 folders.
[2016.02.09-20.56.32:046][132]LogFileHelpers: Editor autosave (incl. sublevels) for '/Game/Hotel/Levels/Menu' took 0.031
[2016.02.09-20.56.32:061][132]OBJ SavePackage: Generating thumbnails for [1] asset(s) in package [/Game/StarterContent/Particles/P_Steam_Lit2] ([1] browsable assets)...
[2016.02.09-20.56.32:071][132]OBJ SavePackage:     Rendered thumbnail for [ParticleSystem /Game/StarterContent/Particles/P_Steam_Lit2.P_Steam_Lit2]
[2016.02.09-20.56.32:071][132]OBJ SavePackage: Finished generating thumbnails for package [/Game/StarterContent/Particles/P_Steam_Lit2]
[2016.02.09-20.56.32:112][132]LogSavePackage: Save=28.455881ms
[2016.02.09-20.56.32:112][132]LogSavePackage: Moving '../../../../../../Users/MrrBond/Documents/GitHub/HotelBete/Saved/P_Steam_Lit2_Auto1AD2F01CF4BAAE6B70AD61E828E0A50E4.tmp' to '../../../../../../Users/MrrBond/Documents/GitHub/HotelBete/Saved/Autosaves/Game/StarterContent/Particles/P_Steam_Lit2_Auto1.uasset'
[2016.02.09-20.56.32:115][132]LogSavePackage: Total save time: 33.789273ms
[2016.02.09-20.56.32:115][132]LogSavePackage:Display: Finished SavePackage ../../../../../../Users/MrrBond/Documents/GitHub/HotelBete/Saved/Autosaves/Game/StarterContent/Particles/P_Steam_Lit2_Auto1.uasset
[2016.02.09-20.56.32:115][132]LogFileHelpers: Auto-saving content packages took 0.066
[2016.02.09-20.58.40:453][463]LogSavePackage: Save=19.381298ms
[2016.02.09-20.58.40:453][463]LogSavePackage: Moving '../../../../../../Users/MrrBond/Documents/GitHub/HotelBete/Saved/P_Steam_Lit2DA9773C4460E80DACFF317A075FD1F74.tmp' to '../../../../../../Users/MrrBond/Documents/GitHub/HotelBete/Content/StarterContent/Particles/P_Steam_Lit2.uasset'
[2016.02.09-20.58.40:457][463]LogSavePackage: Total save time: 23.545496ms
[2016.02.09-20.58.40:457][463]LogSavePackage:Display: Finished SavePackage ../../../../../../Users/MrrBond/Documents/GitHub/HotelBete/Content/StarterContent/Particles/P_Steam_Lit2.uasset
[2016.02.09-20.58.45:902][ 58]LogLinker:Warning: Asset '../../../../../../Users/MrrBond/Documents/GitHub/HotelBete/Content/FirstPerson/Meshes/FirstPersonProjectileMesh.uasset' has been saved with empty engine version. The asset will be loaded but may be incompatible.
[2016.02.09-20.58.46:632][ 58]LogAIModule: Creating AISystem for world Prototype
[2016.02.09-20.58.46:699][ 58]Cmd: MAP LOAD FILE="../../../../../../Users/MrrBond/Documents/GitHub/HotelBete/Content/Hotel/Levels/Prototype.umap" TEMPLATE=0 SHOWPROGRESS=1 FEATURELEVEL=3
[2016.02.09-20.58.46:699][ 58]LightingResults: New page: Lighting Build
[2016.02.09-20.58.46:719][ 58]LoadErrors: New page: Loading map: Prototype.umap
[2016.02.09-20.58.46:720][ 58]MapCheck: New page: Map Check
[2016.02.09-20.58.46:720][ 58]LightingResults: New page: Lighting Build
[2016.02.09-20.58.46:737][ 58]LogParticles: Destroying 0 GPU particle simulations for FXSystem 0x0000000012525120
[2016.02.09-20.58.46:751][ 58]LogEditorServer: Finished looking for orphan Actors (0.000 secs)
[2016.02.09-20.58.46:787][ 58]Cmd: MAP CHECKDEP NOCLEARLOG
[2016.02.09-20.58.46:864][ 58]MapCheck: Info Map check complete: 0 Error(s), 0 Warning(s), took 77.198ms to complete.
[2016.02.09-20.58.46:865][ 58]LogFileHelpers: Loading map 'Prototype' took 0.167
[2016.02.09-20.58.58:464][110]LogBlueprintUserMessages: Early PlayInEditor Detection: Level '/Game/Hotel/Levels/Prototype.Prototype:PersistentLevel' has LevelScriptBlueprint '/Game/Hotel/Levels/Prototype.Prototype:PersistentLevel.Prototype' with GeneratedClass '/Game/Hotel/Levels/Prototype.Prototype_C' with ClassGeneratedBy '/Game/Hotel/Levels/Prototype.Prototype:PersistentLevel.Prototype'
[2016.02.09-20.58.58:464][110]LogPlayLevel: PlayLevel: No blueprints needed recompiling
[2016.02.09-20.58.58:464][110]PIE: New page: PIE session: Prototype (Feb 9, 2016, 10:58:58 AM)
[2016.02.09-20.58.58:465][110]LogPlayLevel: Creating play world package: /Game/Hotel/Levels/UEDPIE_0_Prototype
[2016.02.09-20.58.58:503][110]LogPlayLevel: PIE: StaticDuplicateObject took: (0.038545s)
[2016.02.09-20.58.58:505][110]LogAIModule: Creating AISystem for world Prototype
[2016.02.09-20.58.58:507][110]LogPlayLevel: PIE: World Init took: (0.003357s)
[2016.02.09-20.58.58:507][110]LogPlayLevel: PIE: Created PIE world by copying editor world from /Game/Hotel/Levels/Prototype.Prototype to /Game/Hotel/Levels/UEDPIE_0_Prototype.Prototype (0.042654s)
[2016.02.09-20.58.58:545][110]LogInit: XAudio2 using 'Speakers (Realtek High Definition Audio)' : 2 channels at 48 kHz using 32 bits per sample (channel mask 0x3)
[2016.02.09-20.58.58:557][110]LogInit: FAudioDevice initialized.
[2016.02.09-20.58.58:749][110]LogWorld: Game class is 'FirstPersonGameMode_C'
[2016.02.09-20.58.58:756][110]LogWorld: Bringing World /Game/Hotel/Levels/UEDPIE_0_Prototype.Prototype up for play (max tick rate 0) at 2016.02.09-15.58.58
[2016.02.09-20.58.58:756][110]LogActor:Warning: GameSession /Game/Hotel/Levels/UEDPIE_0_Prototype.Prototype:PersistentLevel.GameSession_0 has natively added scene component(s), but none of them were set as the actor's RootComponent - picking one arbitrarily
[2016.02.09-20.58.58:757][110]LogActor:Warning: GameNetworkManager /Game/Hotel/Levels/UEDPIE_0_Prototype.Prototype:PersistentLevel.GameNetworkManager_0 has natively added scene component(s), but none of them were set as the actor's RootComponent - picking one arbitrarily
[2016.02.09-20.58.58:758][110]LogWorld: Bringing up level for play took: 0.008155
[2016.02.09-20.58.58:759][110]LogSpawn:Warning: SpawnActor failed because no class was specified
[2016.02.09-20.58.58:783][110]PIE: Info Play in editor start time for /Game/Hotel/Levels/UEDPIE_0_Prototype -0.117
[2016.02.09-20.58.58:783][110]LogBlueprintUserMessages: Late PlayInEditor Detection: Level '/Game/Hotel/Levels/Prototype.Prototype:PersistentLevel' has LevelScriptBlueprint '/Game/Hotel/Levels/Prototype.Prototype:PersistentLevel.Prototype' with GeneratedClass '/Game/Hotel/Levels/Prototype.Prototype_C' with ClassGeneratedBy '/Game/Hotel/Levels/Prototype.Prototype:PersistentLevel.Prototype'
[2016.02.09-20.58.58:811][111]LogRenderer: Reallocating scene render targets to support 1280x720 (Frame:30805).
[2016.02.09-20.59.19:324][ 85]LogBlueprintUserMessages: Early EndPlayMap Detection: Level '/Game/Hotel/Levels/Prototype.Prototype:PersistentLevel' has LevelScriptBlueprint '/Game/Hotel/Levels/Prototype.Prototype:PersistentLevel.Prototype' with GeneratedClass '/Game/Hotel/Levels/Prototype.Prototype_C' with ClassGeneratedBy '/Game/Hotel/Levels/Prototype.Prototype:PersistentLevel.Prototype'
[2016.02.09-20.59.19:385][ 85]LogBlueprintUserMessages: Late EndPlayMap Detection: Level '/Game/Hotel/Levels/Prototype.Prototype:PersistentLevel' has LevelScriptBlueprint '/Game/Hotel/Levels/Prototype.Prototype:PersistentLevel.Prototype' with GeneratedClass '/Game/Hotel/Levels/Prototype.Prototype_C' with ClassGeneratedBy '/Game/Hotel/Levels/Prototype.Prototype:PersistentLevel.Prototype'
[2016.02.09-20.59.19:404][ 85]LogParticles: Destroying 0 GPU particle simulations for FXSystem 0x0000000055ABCE00
[2016.02.09-21.00.07:720][500]LogEditorViewport: Clicking on Actor (LMB): BP_Sky_Sphere_C (SkySphereBlueprint)
[2016.02.09-21.00.12:629][919]LogEditorViewport: Clicking on Actor (LMB): Emitter (P_Steam_Lit2)
[2016.02.09-21.00.24:177][ 25]LogCascade: Quitting Cascade. FXSystem=0x0000000011B52FC0
[2016.02.09-21.00.49:250][448]LogParticles: Destroying 0 GPU particle simulations for FXSystem 0x0000000011B52FC0
[2016.02.09-21.00.50:623][448]LogSavePackage: Save=1116.211914ms
[2016.02.09-21.00.50:623][448]LogSavePackage: Moving '../../../../../../Users/MrrBond/Documents/GitHub/HotelBete/Saved/Prototype42991F7A4B4B9D9F1EFCC6A54D8475F3.tmp' to '../../../../../../Users/MrrBond/Documents/GitHub/HotelBete/Content/Hotel/Levels/Prototype.umap'
[2016.02.09-21.00.50:635][448]LogSavePackage: Total save time: 1201.581955ms
[2016.02.09-21.00.50:635][448]LogSavePackage:Display: Finished SavePackage ../../../../../../Users/MrrBond/Documents/GitHub/HotelBete/Content/Hotel/Levels/Prototype.umap
[2016.02.09-21.00.50:691][448]LogFileHelpers: Saving map 'Prototype' took 1.414
[2016.02.09-21.00.51:442][489]Cmd: QUIT_EDITOR
[2016.02.09-21.00.51:573][489]LogExit: Preparing to exit.
[2016.02.09-21.00.52:748][489]LogExit: Editor shut down
[2016.02.09-21.00.52:748][489]LogExit: Transaction tracking system shut down
[2016.02.09-21.00.52:750][489]LogParticles: Destroying 0 GPU particle simulations for FXSystem 0x0000000058A0EAC0
[2016.02.09-21.00.52:750][489]LogParticles: Destroying 0 GPU particle simulations for FXSystem 0x0000000011B50180
[2016.02.09-21.00.52:750][489]LogParticles: Destroying 0 GPU particle simulations for FXSystem 0x000000002FC20680
[2016.02.09-21.00.52:750][489]LogParticles: Destroying 0 GPU particle simulations for FXSystem 0x0000000011861440
[2016.02.09-21.00.52:750][489]LogParticles: Destroying 0 GPU particle simulations for FXSystem 0x000000002FC23D80
[2016.02.09-21.00.52:982][489]LogParticles: Destroying 0 GPU particle simulations for FXSystem 0x00000000125272E0
[2016.02.09-21.00.52:982][489]LogExit: Object subsystem successfully closed.
[2016.02.09-21.00.52:995][489]LogD3D11RHI: Shutdown
[2016.02.09-21.00.52:995][489]LogD3D11RHI: CleanupD3DDevice
[2016.02.09-21.00.53:077][489]LogD3D11RHI: ~FD3D11DynamicRHI
[2016.02.09-21.00.53:094][489]LogModuleManager: Shutting down and abandoning module CookingStats (203)
[2016.02.09-21.00.53:094][489]LogModuleManager: Shutting down and abandoning module DistCurveEditor (202)
[2016.02.09-21.00.53:094][489]LogModuleManager: Shutting down and abandoning module Cascade (201)
[2016.02.09-21.00.53:094][489]LogModuleManager: Shutting down and abandoning module CrashTracker (200)
[2016.02.09-21.00.53:094][489]LogModuleManager: Shutting down and abandoning module SceneOutliner (199)
[2016.02.09-21.00.53:094][489]LogModuleManager: Shutting down and abandoning module SuperSearch (198)
[2016.02.09-21.00.53:094][489]LogModuleManager: Shutting down and abandoning module WidgetCarousel (197)
[2016.02.09-21.00.53:094][489]LogModuleManager: Shutting down and abandoning module AddContentDialog (196)
[2016.02.09-21.00.53:095][489]LogModuleManager: Shutting down and abandoning module EditorWidgets (195)
[2016.02.09-21.00.53:095][489]LogModuleManager: Shutting down and abandoning module CollectionManager (194)
[2016.02.09-21.00.53:095][489]LogModuleManager: Shutting down and abandoning module StatsViewer (193)
[2016.02.09-21.00.53:095][489]LogModuleManager: Shutting down and abandoning module FoliageEdit (192)
[2016.02.09-21.00.53:095][489]LogModuleManager: Shutting down and abandoning module LandscapeEditor (191)
[2016.02.09-21.00.53:095][489]LogModuleManager: Shutting down and abandoning module ActorPickerMode (190)
[2016.02.09-21.00.53:095][489]LogModuleManager: Shutting down and abandoning module GeometryMode (189)
[2016.02.09-21.00.53:095][489]LogModuleManager: Shutting down and abandoning module TextureAlignMode (188)
[2016.02.09-21.00.53:095][489]LogModuleManager: Shutting down and abandoning module BspMode (187)
[2016.02.09-21.00.53:095][489]LogModuleManager: Shutting down and abandoning module PlacementMode (186)
[2016.02.09-21.00.53:095][489]LogModuleManager: Shutting down and abandoning module AutomationWorker (185)
[2016.02.09-21.00.53:095][489]LogModuleManager: Shutting down and abandoning module CharacterAI (184)
[2016.02.09-21.00.53:095][489]LogModuleManager: Shutting down and abandoning module SmartSnapping (183)
[2016.02.09-21.00.53:095][489]LogModuleManager: Shutting down and abandoning module ViewportSnapping (182)
[2016.02.09-21.00.53:095][489]LogModuleManager: Shutting down and abandoning module LogVisualizer (181)
[2016.02.09-21.00.53:095][489]LogModuleManager: Shutting down and abandoning module GameProjectGeneration (180)
[2016.02.09-21.00.53:096][489]LogModuleManager: Shutting down and abandoning module IntroTutorials (179)
[2016.02.09-21.00.53:096][489]LogModuleManager: Shutting down and abandoning module EditorLiveStreaming (178)
[2016.02.09-21.00.53:096][489]LogModuleManager: Shutting down and abandoning module IOSPlatformEditor (177)
[2016.02.09-21.00.53:096][489]LogModuleManager: Shutting down and abandoning module HTML5PlatformEditor (176)
[2016.02.09-21.00.53:096][489]LogModuleManager: Shutting down and abandoning module AndroidDeviceDetection (175)
[2016.02.09-21.00.54:020][489]LogModuleManager: Shutting down and abandoning module AndroidPlatformEditor (174)
[2016.02.09-21.00.54:020][489]LogModuleManager: Shutting down and abandoning module IOSRuntimeSettings (173)
[2016.02.09-21.00.54:020][489]LogModuleManager: Shutting down and abandoning module AndroidRuntimeSettings (172)
[2016.02.09-21.00.54:020][489]LogModuleManager: Shutting down and abandoning module MergeActors (171)
[2016.02.09-21.00.54:020][489]LogModuleManager: Shutting down and abandoning module SizeMap (170)
[2016.02.09-21.00.54:020][489]LogModuleManager: Shutting down and abandoning module TreeMap (169)
[2016.02.09-21.00.54:020][489]LogModuleManager: Shutting down and abandoning module ReferenceViewer (168)
[2016.02.09-21.00.54:020][489]LogModuleManager: Shutting down and abandoning module LocalizationService (167)
[2016.02.09-21.00.54:020][489]LogModuleManager: Shutting down and abandoning module LocalizationDashboard (166)
[2016.02.09-21.00.54:020][489]LogModuleManager: Shutting down and abandoning module HardwareTargeting (165)
[2016.02.09-21.00.54:020][489]LogModuleManager: Shutting down and abandoning module DeviceProfileEditor (164)
[2016.02.09-21.00.54:020][489]LogModuleManager: Shutting down and abandoning module UndoHistory (163)
[2016.02.09-21.00.54:020][489]LogModuleManager: Shutting down and abandoning module GameplayTagsEditor (162)
[2016.02.09-21.00.54:020][489]LogModuleManager: Shutting down and abandoning module UserFeedback (161)
[2016.02.09-21.00.54:020][489]LogModuleManager: Shutting down and abandoning module XmlParser (160)
[2016.02.09-21.00.54:020][489]LogModuleManager: Shutting down and abandoning module Blutility (159)
[2016.02.09-21.00.54:020][489]LogModuleManager: Shutting down and abandoning module ProjectTargetPlatformEditor (158)
[2016.02.09-21.00.54:020][489]LogModuleManager: Shutting down and abandoning module ProjectSettingsViewer (157)
[2016.02.09-21.00.54:020][489]LogModuleManager: Shutting down and abandoning module InputBindingEditor (156)
[2016.02.09-21.00.54:020][489]LogModuleManager: Shutting down and abandoning module EditorSettingsViewer (155)
[2016.02.09-21.00.54:021][489]LogModuleManager: Shutting down and abandoning module SettingsEditor (154)
[2016.02.09-21.00.54:021][489]LogModuleManager: Shutting down and abandoning module ProjectLauncher (153)
[2016.02.09-21.00.54:021][489]LogModuleManager: Shutting down and abandoning module SessionFrontend (152)
[2016.02.09-21.00.54:021][489]LogModuleManager: Shutting down and abandoning module ProfilerClient (151)
[2016.02.09-21.00.54:021][489]LogModuleManager: Shutting down and abandoning module TargetDeviceServices (150)
[2016.02.09-21.00.54:021][489]LogModuleManager: Shutting down and abandoning module DeviceManager (149)
[2016.02.09-21.00.54:021][489]LogModuleManager: Shutting down and abandoning module AutomationController (148)
[2016.02.09-21.00.54:021][489]LogModuleManager: Shutting down and abandoning module AutomationWindow (147)
[2016.02.09-21.00.54:021][489]LogModuleManager: Shutting down and abandoning module Layers (146)
[2016.02.09-21.00.54:021][489]LogModuleManager: Shutting down and abandoning module ComponentVisualizers (145)
[2016.02.09-21.00.54:021][489]LogModuleManager: Shutting down and abandoning module DetailCustomizations (144)
[2016.02.09-21.00.54:021][489]LogModuleManager: Shutting down and abandoning module PackagesDialog (143)
[2016.02.09-21.00.54:021][489]LogModuleManager: Shutting down and abandoning module Persona (142)
[2016.02.09-21.00.54:021][489]LogModuleManager: Shutting down and abandoning module Kismet (141)
[2016.02.09-21.00.54:021][489]LogModuleManager: Shutting down and abandoning module GraphEditor (140)
[2016.02.09-21.00.54:021][489]LogModuleManager: Shutting down and abandoning module ClassViewer (139)
[2016.02.09-21.00.54:021][489]LogModuleManager: Shutting down and abandoning module Toolbox (138)
[2016.02.09-21.00.54:021][489]LogModuleManager: Shutting down and abandoning module ModuleUI (137)
[2016.02.09-21.00.54:021][489]LogModuleManager: Shutting down and abandoning module MovieSceneTools (136)
[2016.02.09-21.00.54:021][489]LogModuleManager: Shutting down and abandoning module OutputLog (135)
[2016.02.09-21.00.54:021][489]LogModuleManager: Shutting down and abandoning module GammaUI (134)
[2016.02.09-21.00.54:021][489]LogModuleManager: Shutting down and abandoning module Documentation (133)
[2016.02.09-21.00.54:021][489]LogModuleManager: Shutting down and abandoning module GameLiveStreaming (132)
[2016.02.09-21.00.54:021][489]LogModuleManager: Shutting down and abandoning module StreamingPauseRendering (131)
[2016.02.09-21.00.54:021][489]LogModuleManager: Shutting down and abandoning module AnalyticsET (130)
[2016.02.09-21.00.54:021][489]LogModuleManager: Shutting down and abandoning module Analytics (129)
[2016.02.09-21.00.54:021][489]LogModuleManager: Shutting down and abandoning module AITestSuite (128)
[2016.02.09-21.00.54:021][489]LogModuleManager: Shutting down and abandoning module GameplayDebugger (127)
[2016.02.09-21.00.54:021][489]LogModuleManager: Shutting down and abandoning module AIModule (126)
[2016.02.09-21.00.54:021][489]LogModuleManager: Shutting down and abandoning module ProfilerService (125)
[2016.02.09-21.00.54:233][489]LogModuleManager: Shutting down and abandoning module TaskGraph (124)
[2016.02.09-21.00.54:233][489]LogModuleManager: Shutting down and abandoning module SubstanceEditor (123)
[2016.02.09-21.00.54:233][489]LogModuleManager: Shutting down and abandoning module SlateRemote (122)
[2016.02.09-21.00.54:233][489]LogModuleManager: Shutting down and abandoning module SteamVRController (121)
[2016.02.09-21.00.54:233][489]LogModuleManager: Shutting down and abandoning module SteamVR (120)
[2016.02.09-21.00.54:233][489]LogModuleManager: Shutting down and abandoning module ProceduralMeshComponent (119)
[2016.02.09-21.00.54:233][489]LogModuleManager: Shutting down and abandoning module OculusLibrary (118)
[2016.02.09-21.00.54:233][489]LogModuleManager: Shutting down and abandoning module OculusInput (117)
[2016.02.09-21.00.54:233][489]LogModuleManager: Shutting down and abandoning module LeapMotionController (116)
[2016.02.09-21.00.54:245][489]LogModuleManager: Shutting down and abandoning module CustomMeshComponent (115)
[2016.02.09-21.00.54:245][489]LogModuleManager: Shutting down and abandoning module CableComponent (114)
[2016.02.09-21.00.54:245][489]LogModuleManager: Shutting down and abandoning module ArchVisCharacter (113)
[2016.02.09-21.00.54:245][489]LogModuleManager: Shutting down and abandoning module MessagingDebugger (112)
[2016.02.09-21.00.54:245][489]LogModuleManager: Shutting down and abandoning module MediaPlayerEditor (111)
[2016.02.09-21.00.54:245][489]LogModuleManager: Shutting down and abandoning module HTML5Networking (110)
[2016.02.09-21.00.54:245][489]LogModuleManager: Shutting down and abandoning module SpeedTreeImporter (109)
[2016.02.09-21.00.54:245][489]LogModuleManager: Shutting down and abandoning module PluginBrowser (108)
[2016.02.09-21.00.54:245][489]LogModuleManager: Shutting down and abandoning module EpicSurvey (107)
[2016.02.09-21.00.54:245][489]LogModuleManager: Shutting down and abandoning module DesktopPlatform (106)
[2016.02.09-21.00.54:245][489]LogModuleManager: Shutting down and abandoning module VisualStudioSourceCodeAccess (105)
[2016.02.09-21.00.54:245][489]LogModuleManager: Shutting down and abandoning module UObjectPlugin (104)
[2016.02.09-21.00.54:245][489]LogModuleManager: Shutting down and abandoning module SubversionSourceControl (103)
[2016.02.09-21.00.54:245][489]LogModuleManager: Shutting down and abandoning module PerforceSourceControl (102)
[2016.02.09-21.00.54:245][489]LogModuleManager: Shutting down and abandoning module SourceControl (101)
[2016.02.09-21.00.54:245][489]LogModuleManager: Shutting down and abandoning module GitSourceControl (100)
[2016.02.09-21.00.54:245][489]LogModuleManager: Shutting down and abandoning module LightPropagationVolumeEditor (99)
[2016.02.09-21.00.54:245][489]LogModuleManager: Shutting down and abandoning module PaperTiledImporter (98)
[2016.02.09-21.00.54:245][489]LogModuleManager: Shutting down and abandoning module PaperSpriteSheetImporter (97)
[2016.02.09-21.00.54:245][489]LogModuleManager: Shutting down and abandoning module MeshPaint (96)
[2016.02.09-21.00.54:245][489]LogModuleManager: Shutting down and abandoning module SlateReflector (95)
[2016.02.09-21.00.54:246][489]LogModuleManager: Shutting down and abandoning module HotReload (94)
[2016.02.09-21.00.54:246][489]LogModuleManager: Shutting down and abandoning module MainFrame (93)
[2016.02.09-21.00.54:246][489]LogModuleManager: Shutting down and abandoning module LevelEditor (92)
[2016.02.09-21.00.54:246][489]LogModuleManager: Shutting down and abandoning module ContentBrowser (91)
[2016.02.09-21.00.54:247][489]LogModuleManager: Shutting down and abandoning module Paper2DEditor (90)
[2016.02.09-21.00.54:247][489]LogModuleManager: Shutting down and abandoning module UdpMessaging (89)
[2016.02.09-21.00.54:347][489]LogModuleManager: Shutting down and abandoning module DirectoryWatcher (88)
[2016.02.09-21.00.54:347][489]LogModuleManager: Shutting down and abandoning module AssetRegistry (87)
[2016.02.09-21.00.54:414][489]LogModuleManager: Shutting down and abandoning module SubstanceCore (86)
[2016.02.09-21.00.54:414][489]LogModuleManager: Shutting down and abandoning module LightPropagationVolumeRuntime (85)
[2016.02.09-21.00.54:414][489]LogModuleManager: Shutting down and abandoning module Paper2D (84)
[2016.02.09-21.00.54:414][489]LogModuleManager: Shutting down and abandoning module WindowsMoviePlayer (83)
[2016.02.09-21.00.54:420][489]LogModuleManager: Shutting down and abandoning module Media (82)
[2016.02.09-21.00.54:420][489]LogModuleManager: Shutting down and abandoning module WmfMedia (81)
[2016.02.09-21.00.54:420][489]LogModuleManager: Shutting down and abandoning module OnlineBlueprintSupport (80)
[2016.02.09-21.00.54:421][489]LogModuleManager: Shutting down and abandoning module GameplayTasksEditor (79)
[2016.02.09-21.00.54:421][489]LogModuleManager: Shutting down and abandoning module PropertyEditor (78)
[2016.02.09-21.00.54:421][489]LogModuleManager: Shutting down and abandoning module BehaviorTreeEditor (77)
[2016.02.09-21.00.54:421][489]LogModuleManager: Shutting down and abandoning module FunctionalTesting (76)
[2016.02.09-21.00.54:421][489]LogModuleManager: Shutting down and abandoning module CollisionAnalyzer (75)
[2016.02.09-21.00.54:421][489]LogModuleManager: Shutting down and abandoning module WorkspaceMenuStructure (74)
[2016.02.09-21.00.54:421][489]LogModuleManager: Shutting down and abandoning module MessageLog (73)
[2016.02.09-21.00.54:421][489]LogModuleManager: Shutting down and abandoning module Sequencer (72)
[2016.02.09-21.00.54:421][489]LogModuleManager: Shutting down and abandoning module AssetTools (71)
[2016.02.09-21.00.54:421][489]LogModuleManager: Shutting down and abandoning module UMGEditor (70)
[2016.02.09-21.00.54:421][489]LogModuleManager: Shutting down and abandoning module UMG (69)
[2016.02.09-21.00.54:421][489]LogModuleManager: Shutting down and abandoning module Slate (68)
[2016.02.09-21.00.54:421][489]LogModuleManager: Shutting down and abandoning module EditorStyle (67)
[2016.02.09-21.00.54:426][489]LogModuleManager: Shutting down and abandoning module SessionServices (66)
[2016.02.09-21.00.54:426][489]LogModuleManager: Shutting down and abandoning module SourceCodeAccess (65)
[2016.02.09-21.00.54:426][489]LogModuleManager: Shutting down and abandoning module HeadMountedDisplay (64)
[2016.02.09-21.00.54:426][489]LogModuleManager: Shutting down and abandoning module XAudio2 (63)
[2016.02.09-21.00.54:426][489]LogModuleManager: Shutting down and abandoning module Networking (61)
[2016.02.09-21.00.54:426][489]LogModuleManager: Shutting down and abandoning module Core (60)
[2016.02.09-21.00.54:426][489]LogModuleManager: Shutting down and abandoning module KismetCompiler (59)
[2016.02.09-21.00.54:426][489]LogModuleManager: Shutting down and abandoning module PhysXFormats (58)
[2016.02.09-21.00.54:426][489]LogModuleManager: Shutting down and abandoning module MeshUtilities (57)
[2016.02.09-21.00.54:426][489]LogModuleManager: Shutting down and abandoning module DerivedDataCache (56)
[2016.02.09-21.00.54:520][489]LogDerivedDataCache: Shutdown
[2016.02.09-21.00.54:520][489]LogModuleManager: Shutting down and abandoning module ShaderFormatOpenGL (55)
[2016.02.09-21.00.54:520][489]LogModuleManager: Shutting down and abandoning module ShaderFormatD3D (54)
[2016.02.09-21.00.54:520][489]LogModuleManager: Shutting down and abandoning module MetalShaderFormat (53)
[2016.02.09-21.00.54:520][489]LogModuleManager: Shutting down and abandoning module TextureFormatUncompressed (52)
[2016.02.09-21.00.54:520][489]LogModuleManager: Shutting down and abandoning module TextureFormatPVR (51)
[2016.02.09-21.00.54:520][489]LogModuleManager: Shutting down and abandoning module TextureFormatIntelISPCTexComp (50)
[2016.02.09-21.00.54:520][489]LogModuleManager: Shutting down and abandoning module TextureFormatDXT (49)
[2016.02.09-21.00.54:520][489]LogModuleManager: Shutting down and abandoning module ImageWrapper (48)
[2016.02.09-21.00.54:520][489]LogModuleManager: Shutting down and abandoning module TextureFormatASTC (47)
[2016.02.09-21.00.54:520][489]LogModuleManager: Shutting down and abandoning module TextureFormatAndroid (46)
[2016.02.09-21.00.54:520][489]LogModuleManager: Shutting down and abandoning module AudioFormatOpus (45)
[2016.02.09-21.00.54:520][489]LogModuleManager: Shutting down and abandoning module AudioFormatOgg (44)
[2016.02.09-21.00.54:520][489]LogModuleManager: Shutting down and abandoning module AudioFormatADPCM (43)
[2016.02.09-21.00.54:520][489]LogModuleManager: Shutting down and abandoning module LinuxTargetPlatform (42)
[2016.02.09-21.00.54:520][489]LogModuleManager: Shutting down and abandoning module LinuxServerTargetPlatform (41)
[2016.02.09-21.00.54:520][489]LogModuleManager: Shutting down and abandoning module LinuxNoEditorTargetPlatform (40)
[2016.02.09-21.00.54:520][489]LogModuleManager: Shutting down and abandoning module Messaging (39)
[2016.02.09-21.00.54:520][489]LogModuleManager: Shutting down and abandoning module IOSTargetPlatform (38)
[2016.02.09-21.00.54:520][489]LogModuleManager: Shutting down and abandoning module HTML5TargetPlatform (37)
[2016.02.09-21.00.54:520][489]LogModuleManager: Shutting down and abandoning module Android_PVRTCTargetPlatform (36)
[2016.02.09-21.00.54:520][489]LogModuleManager: Shutting down and abandoning module Android_MultiTargetPlatform (35)
[2016.02.09-21.00.54:520][489]LogModuleManager: Shutting down and abandoning module Android_ETC2TargetPlatform (34)
[2016.02.09-21.00.54:520][489]LogModuleManager: Shutting down and abandoning module Android_ETC1TargetPlatform (33)
[2016.02.09-21.00.54:520][489]LogModuleManager: Shutting down and abandoning module Android_DXTTargetPlatform (32)
[2016.02.09-21.00.54:520][489]LogModuleManager: Shutting down and abandoning module Android_ATCTargetPlatform (31)
[2016.02.09-21.00.54:520][489]LogModuleManager: Shutting down and abandoning module Android_ASTCTargetPlatform (30)
[2016.02.09-21.00.54:520][489]LogModuleManager: Shutting down and abandoning module AndroidTargetPlatform (29)
[2016.02.09-21.00.54:520][489]LogModuleManager: Shutting down and abandoning module WindowsTargetPlatform (28)
[2016.02.09-21.00.54:520][489]LogModuleManager: Shutting down and abandoning module WindowsServerTargetPlatform (27)
[2016.02.09-21.00.54:520][489]LogModuleManager: Shutting down and abandoning module WindowsNoEditorTargetPlatform (26)
[2016.02.09-21.00.54:520][489]LogModuleManager: Shutting down and abandoning module WindowsClientTargetPlatform (25)
[2016.02.09-21.00.54:520][489]LogModuleManager: Shutting down and abandoning module AllDesktopTargetPlatform (24)
[2016.02.09-21.00.54:520][489]LogModuleManager: Shutting down and abandoning module TargetPlatform (23)
[2016.02.09-21.00.54:520][489]LogModuleManager: Shutting down and abandoning module InputCore (22)
[2016.02.09-21.00.54:520][489]LogModuleManager: Shutting down and abandoning module Settings (21)
[2016.02.09-21.00.54:520][489]LogModuleManager: Shutting down and abandoning module OnlineSubsystem (19)
[2016.02.09-21.00.54:520][489]LogModuleManager: Shutting down and abandoning module HTTP (18)
[2016.02.09-21.00.55:521][489]LogModuleManager: Shutting down and abandoning module XMPP (17)
[2016.02.09-21.00.55:521][489]LogModuleManager: Shutting down and abandoning module OculusRift (16)
[2016.02.09-21.00.55:521][489]LogModuleManager: Shutting down and abandoning module ExampleDeviceProfileSelector (15)
[2016.02.09-21.00.55:521][489]LogModuleManager: Shutting down and abandoning module TextureCompressor (14)
[2016.02.09-21.00.55:521][489]LogModuleManager: Shutting down and abandoning module ShaderCore (13)
[2016.02.09-21.00.55:521][489]LogModuleManager: Shutting down and abandoning module Landscape (12)
[2016.02.09-21.00.55:521][489]LogModuleManager: Shutting down and abandoning module SlateRHIRenderer (11)
[2016.02.09-21.00.55:522][489]LogModuleManager: Shutting down and abandoning module OpenGLDrv (10)
[2016.02.09-21.00.55:522][489]LogModuleManager: Shutting down and abandoning module D3D11RHI (9)
[2016.02.09-21.00.55:522][489]LogModuleManager: Shutting down and abandoning module AnimGraphRuntime (8)
[2016.02.09-21.00.55:522][489]LogModuleManager: Shutting down and abandoning module Renderer (7)
[2016.02.09-21.00.55:522][489]LogModuleManager: Shutting down and abandoning module Engine (6)
[2016.02.09-21.00.55:522][489]LogModuleManager: Shutting down and abandoning module CoreUObject (5)
[2016.02.09-21.00.55:522][489]LogModuleManager: Shutting down and abandoning module NetworkFile (4)
[2016.02.09-21.00.55:522][489]LogModuleManager: Shutting down and abandoning module StreamingFile (3)
[2016.02.09-21.00.55:522][489]LogModuleManager: Shutting down and abandoning module SandboxFile (2)
[2016.02.09-21.00.55:522][489]LogModuleManager: Shutting down and abandoning module PakFile (1)
[2016.02.09-21.00.55:525][489]LogExit: Exiting.
[2016.02.09-21.00.55:544][489]Log file closed, 02/09/16 16:00:55
