[2016.02.01-06.42.25:813][  0]Log file open, 02/01/16 01:42:25
[2016.02.01-06.42.25:813][  0]LogInit:Display: Running engine for game: HotelBete
[2016.02.01-06.42.25:813][  0]LogPlatformFile: Not using cached read wrapper
[2016.02.01-06.42.25:813][  0]LogInit:Display: RandInit(1458686066) SRandInit(1458686068).
[2016.02.01-06.42.25:813][  0]LogTaskGraph: Started task graph with 4 named threads and 5 total threads.
[2016.02.01-06.42.25:813][  0]LogStats: Stats thread started at 0.086924
[2016.02.01-06.42.25:813][  0]LogInit: Version: 4.10.2-2818068+++depot+UE4-Releases+4.10
[2016.02.01-06.42.25:813][  0]LogInit: API Version: 2758231
[2016.02.01-06.42.25:813][  0]LogInit: Compiled (64-bit): Jan  6 2016 17:36:42
[2016.02.01-06.42.25:813][  0]LogInit: Compiled with Visual C++: 19.00.23026.00
[2016.02.01-06.42.25:813][  0]LogInit: Build Configuration: Development
[2016.02.01-06.42.25:813][  0]LogInit: Branch Name: ++depot+UE4-Releases+4.10
[2016.02.01-06.42.25:813][  0]LogInit: Command line:  
[2016.02.01-06.42.25:813][  0]LogInit: Base directory: C:/Program Files/Epic Games/4.10/Engine/Binaries/Win64/
[2016.02.01-06.42.25:813][  0]LogInit: Rocket: 1
[2016.02.01-06.42.25:832][  0]LogInit: Using libcurl 7.41.0
[2016.02.01-06.42.25:832][  0]LogInit:  - built for x86_64-pc-win32
[2016.02.01-06.42.25:832][  0]LogInit:  - supports SSL with WinSSL
[2016.02.01-06.42.25:832][  0]LogInit:  - other features:
[2016.02.01-06.42.25:832][  0]LogInit:      CURL_VERSION_SSL
[2016.02.01-06.42.25:832][  0]LogInit:      CURL_VERSION_IPV6
[2016.02.01-06.42.25:832][  0]LogInit:      CURL_VERSION_ASYNCHDNS
[2016.02.01-06.42.25:832][  0]LogInit:      CURL_VERSION_LARGEFILE
[2016.02.01-06.42.25:832][  0]LogInit:      CURL_VERSION_IDN
[2016.02.01-06.42.25:833][  0]LogInit:  CurlRequestOptions (configurable via config and command line):
[2016.02.01-06.42.25:833][  0]LogInit:  - bVerifyPeer = true  - Libcurl will verify peer certificate
[2016.02.01-06.42.25:833][  0]LogInit:  - bUseHttpProxy = false  - Libcurl will NOT use HTTP proxy
[2016.02.01-06.42.25:833][  0]LogInit:  - bDontReuseConnections = false  - Libcurl will reuse connections
[2016.02.01-06.42.25:833][  0]LogInit:  - CertBundlePath = nullptr  - Libcurl will use whatever was configured at build time.
[2016.02.01-06.42.25:850][  0]LogInit: Presizing for 0 objects not considered by GC, pre-allocating 0 bytes.
[2016.02.01-06.42.25:863][  0]LogInit: Object subsystem initialized
[2016.02.01-06.42.25:866][  0]LogInit: Selected Device Profile: [Windows]
[2016.02.01-06.42.25:866][  0]LogInit: Applying CVar settings loaded from the selected device profile: [Windows]
[2016.02.01-06.42.25:889][  0]LogInit: Computer: CONOR-LAPTOP
[2016.02.01-06.42.25:889][  0]LogInit: User: jcc44000
[2016.02.01-06.42.25:889][  0]LogInit: CPU Page size=4096, Cores=2
[2016.02.01-06.42.25:889][  0]LogInit: High frequency timer resolution =2.240908 MHz
[2016.02.01-06.42.25:889][  0]LogMemory: Memory total: Physical=11.9GB (12GB approx)
[2016.02.01-06.42.25:889][  0]LogMemory: Platform Memory Stats for Windows
[2016.02.01-06.42.25:889][  0]LogMemory: Process Physical Memory: 54.48 MB used, 54.48 MB peak
[2016.02.01-06.42.25:889][  0]LogMemory: Process Virtual Memory: 55.29 MB used, 55.29 MB peak
[2016.02.01-06.42.25:889][  0]LogMemory: Physical Memory: 4140.47 MB used, 12171.62 MB total
[2016.02.01-06.42.25:889][  0]LogMemory: Virtual Memory: 363.36 MB used, 134217728.00 MB total
[2016.02.01-06.42.25:937][  0]LogTextLocalizationManager: No specific translations for ('en-US') exist, so ('en') translations will be used.
[2016.02.01-06.42.27:049][  0]LogD3D11RHI: Found D3D11 adapter 0: Intel(R) HD Graphics Family (Feature Level 11_0)
[2016.02.01-06.42.27:049][  0]LogD3D11RHI: Adapter has 32MB of dedicated video memory, 0MB of dedicated system memory, and 1760MB of shared system memory, 1 output[s]
[2016.02.01-06.42.27:052][  0]LogD3D11RHI: Found D3D11 adapter 1: Microsoft Basic Render Driver (Feature Level 11_0)
[2016.02.01-06.42.27:052][  0]LogD3D11RHI: Adapter has 0MB of dedicated video memory, 0MB of dedicated system memory, and 256MB of shared system memory, 0 output[s]
[2016.02.01-06.42.27:052][  0]LogD3D11RHI: Chosen D3D11 Adapter Id = 0
[2016.02.01-06.42.27:064][  0]LogD3D11RHI: !Direct3DDevice
[2016.02.01-06.42.27:065][  0]LogRHI: Texture pool is 638 MB (70% of 912 MB)
[2016.02.01-06.42.27:076][  0]LogD3D11RHI: Async texture creation enabled
[2016.02.01-06.42.27:086][  0]LogShaderCompilers: Guid format shader working directory is -11 characters bigger than the processId version (../../../../../../Users/jcc44_000/Documents/GitHub/HotelBete/Intermediate/Shaders/WorkingDirectory/7900/).
[2016.02.01-06.42.27:087][  0]LogShaderCompilers: Cleaned the shader compiler working directory 'C:/Users/JCC44_~1/AppData/Local/Temp/UnrealShaderWorkingDir/28EE49154F5B73A3E25A4EBF22E55B66/'.
[2016.02.01-06.42.27:087][  0]LogShaderCompilers:Display: Using Local Shader Compiler.
[2016.02.01-06.42.28:930][  0]LogTemp:Display: Loaded TP AllDesktopTargetPlatform
[2016.02.01-06.42.28:940][  0]LogTemp:Display: Loaded TP WindowsClientTargetPlatform
[2016.02.01-06.42.28:951][  0]LogTemp:Display: Loaded TP WindowsNoEditorTargetPlatform
[2016.02.01-06.42.28:960][  0]LogTemp:Display: Loaded TP WindowsServerTargetPlatform
[2016.02.01-06.42.28:969][  0]LogTemp:Display: Loaded TP WindowsTargetPlatform
[2016.02.01-06.42.28:976][  0]LogTemp:Display: Loaded TP AndroidTargetPlatform
[2016.02.01-06.42.28:982][  0]LogTemp:Display: Loaded TP Android_ASTCTargetPlatform
[2016.02.01-06.42.28:987][  0]LogTemp:Display: Loaded TP Android_ATCTargetPlatform
[2016.02.01-06.42.28:995][  0]LogTemp:Display: Loaded TP Android_DXTTargetPlatform
[2016.02.01-06.42.29:002][  0]LogTemp:Display: Loaded TP Android_ETC1TargetPlatform
[2016.02.01-06.42.29:010][  0]LogTemp:Display: Loaded TP Android_ETC2TargetPlatform
[2016.02.01-06.42.29:024][  0]LogTemp:Display: Loaded TP Android_MultiTargetPlatform
[2016.02.01-06.42.29:024][  0]LogTemp:Display: Loaded TP Android_PVRTCTargetPlatform
[2016.02.01-06.42.29:025][  0]LogTemp:Display: Loaded TP HTML5TargetPlatform
[2016.02.01-06.42.29:048][  0]LogTemp:Display: Loaded TP IOSTargetPlatform
[2016.02.01-06.42.29:054][  0]LogTemp:Display: Loaded TP LinuxNoEditorTargetPlatform
[2016.02.01-06.42.29:059][  0]LogTemp:Display: Loaded TP LinuxServerTargetPlatform
[2016.02.01-06.42.29:066][  0]LogTemp:Display: Loaded TP LinuxTargetPlatform
[2016.02.01-06.42.29:066][  0]LogTargetPlatformManager:Display: Building Assets For Windows
[2016.02.01-06.42.29:235][  0]LogDerivedDataCache:Display: Max Cache Size: 512 MB
[2016.02.01-06.42.29:322][  0]LogDerivedDataCache: Loaded boot cache 0.09s 41MB C:/Users/jcc44_000/AppData/Local/UnrealEngine/4.10/DerivedDataCache/Boot.ddc.
[2016.02.01-06.42.29:322][  0]LogDerivedDataCache:Display: Loaded Boot cache: C:/Users/jcc44_000/AppData/Local/UnrealEngine/4.10/DerivedDataCache/Boot.ddc
[2016.02.01-06.42.29:323][  0]LogDerivedDataCache: FDerivedDataBackendGraph:  Pak pak cache file ../../../../../../Users/jcc44_000/Documents/GitHub/HotelBete/DerivedDataCache/DDC.ddp not found, will not use a pak cache.
[2016.02.01-06.42.29:323][  0]LogDerivedDataCache: Unable to find inner node Pak for hierarchical cache Hierarchy.
[2016.02.01-06.42.29:323][  0]LogDerivedDataCache: FDerivedDataBackendGraph:  CompressedPak pak cache file ../../../../../../Users/jcc44_000/Documents/GitHub/HotelBete/DerivedDataCache/Compressed.ddp not found, will not use a pak cache.
[2016.02.01-06.42.29:323][  0]LogDerivedDataCache: Unable to find inner node CompressedPak for hierarchical cache Hierarchy.
[2016.02.01-06.42.29:485][  0]LogDerivedDataCache:Display: Pak cache opened for reading ../../../Engine/DerivedDataCache/Compressed.ddp.
[2016.02.01-06.42.29:498][  0]LogDerivedDataCache: Using Local data cache path C:/Users/jcc44_000/AppData/Local/UnrealEngine/Common/DerivedDataCache: Writable
[2016.02.01-06.42.29:864][  0]LogInit: Selected Device Profile: [Windows]
[2016.02.01-06.42.29:869][  0]LogContentStreaming: Texture pool size is 0.000000MB
[2016.02.01-06.42.30:109][  0]LogMeshUtilities: No automatic mesh reduction module available
[2016.02.01-06.42.30:109][  0]LogMeshUtilities: No automatic mesh merging module available
[2016.02.01-06.42.30:717][  0]LogInit: WinSock: version 1.1 (2.2), MaxSocks=32767, MaxUdp=65467
[2016.02.01-06.42.32:344][  0]LogAssetRegistry: FAssetRegistry took 0.0111 seconds to start up
[2016.02.01-06.42.32:379][  0]UdpMessaging: Initializing bridge on interface 0.0.0.0:0 to multicast group 230.0.0.1:6666.
[2016.02.01-06.42.32:863][  0]SourceControl: Info Source control is disabled
[2016.02.01-06.42.32:864][  0]SourceControl: Info Source control is disabled
[2016.02.01-06.42.32:892][  0]SourceControl: Info Source control is disabled
[2016.02.01-06.42.32:919][  0]SourceControl: Info Source control is disabled
[2016.02.01-06.42.33:366][  0]LogObj: 28802 objects as part of root set at end of initial load.
[2016.02.01-06.42.33:366][  0]LogUObjectAllocator: 6129776 out of 0 bytes used by permanent object pool.
[2016.02.01-06.42.33:469][  0]LogEngine: Initializing Engine...
[2016.02.01-06.42.33:474][  0]LogHMD: Can't find Oculus library dev build: is proper Runtime installed? Version: 0.8.0.0
[2016.02.01-06.42.33:475][  0]LogHMD: SteamVR failed to initialize.  Err: 110
[2016.02.01-06.42.33:705][  0]LogAIModule: Creating AISystem for world NewWorld
[2016.02.01-06.42.33:711][  0]LogInit: XAudio2 using 'Speakers (Realtek High Definition Audio)' : 2 channels at 48 kHz using 32 bits per sample (channel mask 0x3)
[2016.02.01-06.42.33:784][  0]LogInit: FAudioDevice initialized.
[2016.02.01-06.42.33:820][  0]LogDerivedDataCache: Saved boot cache 0.04s 41MB C:/Users/jcc44_000/AppData/Local/UnrealEngine/4.10/DerivedDataCache/Boot.ddc.
[2016.02.01-06.42.33:828][  0]LogInit: Texture streaming: Enabled
[2016.02.01-06.42.33:840][  0]LogAnalytics: Creating configured Analytics provider AnalyticsET
[2016.02.01-06.42.33:840][  0]LogAnalytics: [UEEditor.Rocket.Release] APIServer = http://et2.epicgames.com/ET2/. AppVersion = 4.10.2-2818068+++depot+UE4-Releases+4.10
[2016.02.01-06.42.33:840][  0]LogAnalytics: [UEEditor.Rocket.Release] SetUserId a00de05446ef577f40030a85b6572d0b|78e6d53e0a594b3ca03846b462c1cd9f|0660c053-9676-4ff0-a488-6e040aefb54e
[2016.02.01-06.42.33:840][  0]LogAnalytics: [UEEditor.Rocket.Release] AnalyticsET::StartSession
[2016.02.01-06.42.33:857][  0]LogInit: Transaction tracking system initialized
[2016.02.01-06.42.33:914][  0]BlueprintLog: New page: Editor Load
[2016.02.01-06.42.34:092][  0]LocalizationService: Info Localization service is disabled
[2016.02.01-06.42.34:232][  0]LogConsoleResponse:Display: 
[2016.02.01-06.42.34:442][  0]LogCook:Display: Done creating registry. It took  0.00s.
[2016.02.01-06.42.34:488][  0]LogFileCache: Scanning file cache for directory 'C:/Users/jcc44_000/Documents/GitHub/HotelBete/Content/' took 0.02s
[2016.02.01-06.42.34:561][  0]SourceControl: Info Source control is disabled
[2016.02.01-06.42.34:561][  0]Cmd: MAP LOAD FILE="../../../../../../Users/jcc44_000/Documents/GitHub/HotelBete/Content/FirstPersonBP/Level/BondsLevel.umap" TEMPLATE=0 SHOWPROGRESS=1 FEATURELEVEL=3
[2016.02.01-06.42.34:561][  0]LogEditorServer:Warning: Can't find file '../../../../../../Users/jcc44_000/Documents/GitHub/HotelBete/Content/FirstPersonBP/Level/BondsLevel.umap'
[2016.02.01-06.42.34:561][  0]Cmd: MAP CHECKDEP NOCLEARLOG
[2016.02.01-06.42.34:626][  0]MapCheck: Info Map check complete: 0 Error(s), 0 Warning(s), took 64.272ms to complete.
[2016.02.01-06.42.34:626][  0]LogFileHelpers: Loading map 'BondsLevel' took 0.065
[2016.02.01-06.42.34:817][  0]LogCollectionManager: Loaded 0 collections in 0.003347 seconds
[2016.02.01-06.42.34:862][  0]LogFileCache: Scanning file cache for directory 'C:/Users/jcc44_000/Documents/GitHub/HotelBete/Saved/Collections/' took 0.01s
[2016.02.01-06.42.34:862][  0]LogFileCache: Scanning file cache for directory 'C:/Users/jcc44_000/Documents/GitHub/HotelBete/Content/Developers/jcc44000/Collections/' took 0.01s
[2016.02.01-06.42.34:862][  0]LogFileCache: Scanning file cache for directory 'C:/Users/jcc44_000/Documents/GitHub/HotelBete/Content/Collections/' took 0.01s
[2016.02.01-06.42.34:862][  0]LogCollectionManager: Rebuilt the GUID cache for 0 collections in 0.000003 seconds
[2016.02.01-06.42.34:876][  0]LogContentBrowser: Native class hierarchy populated in 0.0140 seconds. Added 1908 classes and 344 folders.
[2016.02.01-06.42.34:887][  0]LogContentBrowser: Native class hierarchy updated for 'WidgetCarousel' in 0.0004 seconds. Added 0 classes and 0 folders.
[2016.02.01-06.42.34:957][  0]LogContentBrowser: Native class hierarchy updated for 'AddContentDialog' in 0.0005 seconds. Added 0 classes and 0 folders.
[2016.02.01-06.42.34:964][  0]LogContentBrowser: Native class hierarchy updated for 'SceneOutliner' in 0.0009 seconds. Added 1 classes and 2 folders.
[2016.02.01-06.42.35:197][  0]LogCrashTracker: Crashtracker disabled due to settings.
[2016.02.01-06.42.35:204][  0]LogUObjectGlobals:Warning: Failed to find object 'Class None.'
[2016.02.01-06.42.35:230][  0]LogLoad: Full Startup: 10.23 seconds (BP compile: 0.01 seconds)
[2016.02.01-06.42.35:248][  0]LogWindowsTextInputMethodSystem:Display: IME system now deactivated.
[2016.02.01-06.42.35:248][  0]LogWindowsTextInputMethodSystem:Display: IME system now deactivated.
[2016.02.01-06.42.35:254][  0]LogOcInput: Can't find Oculus library dev build: is proper Runtime installed? Version: 0.8.0.0
[2016.02.01-06.42.35:314][  0]LogContentStreaming: Texture pool size now 1000 MB
[2016.02.01-06.42.35:552][  0]LogRenderer: Reallocating scene render targets to support 888x432 (Frame:2).
[2016.02.01-06.42.37:105][  4]LogAssetRegistry: Asset discovery search completed in 4.7712 seconds
[2016.02.01-06.42.37:105][  4]LogCollectionManager: Rebuilt the object cache for 0 collections in 0.000002 seconds (found 0 objects)
[2016.02.01-06.42.37:105][  4]LogCollectionManager: Fixed up redirectors for 0 collections in 0.000056 seconds (updated 0 objects)
[2016.02.01-06.43.35:932][376]LogFactory: FactoryCreateBinary: Texture with ReimportTextureFactory (0 0 ../../../../../../Users/jcc44_000/Downloads/textures/bathroom [AlbedoM].png)
[2016.02.01-06.43.36:065][376]LogTexture:Display: Building textures: bathroom__AlbedoM_ (AutoDXT)
[2016.02.01-06.43.45:477][421]LogFactory: FactoryCreateBinary: Texture with ReimportTextureFactory (0 0 ../../../../../../Users/jcc44_000/Downloads/textures/bathroom [Normal].png)
[2016.02.01-06.43.45:568][421]LogTexture:Display: Building textures: bathroom__Normal_ (BC5)
[2016.02.01-06.43.55:511][612]LogFactory: FactoryCreateBinary: Texture with ReimportTextureFactory (0 0 ../../../../../../Users/jcc44_000/Downloads/textures/bathroom [Roughness].png)
[2016.02.01-06.43.55:531][612]LogTexture:Display: Building textures: bathroom__Roughness_ (AutoDXT)
[2016.02.01-06.44.02:532][707]LogFactory: FactoryCreateBinary: Texture with ReimportTextureFactory (0 0 ../../../../../../Users/jcc44_000/Downloads/textures/hallway [AlbedoM].png)
[2016.02.01-06.44.02:614][707]LogTexture:Display: Building textures: hallway__AlbedoM_ (AutoDXT)
[2016.02.01-06.44.06:710][735]LogFactory: FactoryCreateBinary: Texture with ReimportTextureFactory (0 0 ../../../../../../Users/jcc44_000/Downloads/textures/hallway [Normal].png)
[2016.02.01-06.44.06:831][735]LogTexture:Display: Building textures: hallway__Normal_ (BC5)
[2016.02.01-06.44.12:770][830]LogFactory: FactoryCreateBinary: Texture with ReimportTextureFactory (0 0 ../../../../../../Users/jcc44_000/Downloads/textures/hallway [Roughness].png)
[2016.02.01-06.44.12:782][830]LogTexture:Display: Building textures: hallway__Roughness_ (AutoDXT)
[2016.02.01-06.44.16:776][864]LogFactory: FactoryCreateBinary: Texture with ReimportTextureFactory (0 0 ../../../../../../Users/jcc44_000/Downloads/textures/Room [AlbedoM].png)
[2016.02.01-06.44.16:856][864]LogTexture:Display: Building textures: Room__AlbedoM_ (AutoDXT)
[2016.02.01-06.44.21:187][895]LogFactory: FactoryCreateBinary: Texture with ReimportTextureFactory (0 0 ../../../../../../Users/jcc44_000/Downloads/textures/Room [Normal].png)
[2016.02.01-06.44.21:281][895]LogTexture:Display: Building textures: Room__Normal_ (BC5)
[2016.02.01-06.44.26:597][993]LogFactory: FactoryCreateBinary: Texture with ReimportTextureFactory (0 0 ../../../../../../Users/jcc44_000/Downloads/textures/Room [Roughness].png)
[2016.02.01-06.44.26:612][993]LogTexture:Display: Building textures: Room__Roughness_ (AutoDXT)
[2016.02.01-06.44.48:817][410]Cmd: CLOSE_SLATE_MAINFRAME
[2016.02.01-06.44.52:054][410]Cmd: OBJ SAVEPACKAGE PACKAGE="/Game/Hotel/Art/Models/bathroom__AlbedoM_" FILE="../../../../../../Users/jcc44_000/Documents/GitHub/HotelBete/Content/Hotel/Art/Models/bathroom__AlbedoM_.uasset" SILENT=true
[2016.02.01-06.44.52:232][410]LogSavePackage: Save=165.571716ms
[2016.02.01-06.44.52:232][410]LogSavePackage: Moving '../../../../../../Users/jcc44_000/Documents/GitHub/HotelBete/Saved/bathroom__AlbedoM_6FD8BCA44B5CD60E58662F91FD007C33.tmp' to '../../../../../../Users/jcc44_000/Documents/GitHub/HotelBete/Content/Hotel/Art/Models/bathroom__AlbedoM_.uasset'
[2016.02.01-06.44.52:261][410]LogSavePackage: Total save time: 203.020830ms
[2016.02.01-06.44.52:261][410]LogSavePackage:Display: Finished SavePackage ../../../../../../Users/jcc44_000/Documents/GitHub/HotelBete/Content/Hotel/Art/Models/bathroom__AlbedoM_.uasset
[2016.02.01-06.44.52:291][410]Cmd: OBJ SAVEPACKAGE PACKAGE="/Game/Hotel/Art/Models/bathroom__Normal_" FILE="../../../../../../Users/jcc44_000/Documents/GitHub/HotelBete/Content/Hotel/Art/Models/bathroom__Normal_.uasset" SILENT=true
[2016.02.01-06.44.52:419][410]LogSavePackage: Save=126.226509ms
[2016.02.01-06.44.52:420][410]LogSavePackage: Moving '../../../../../../Users/jcc44_000/Documents/GitHub/HotelBete/Saved/bathroom__Normal_D44D7D264C169A0CEC154B9AF14979E9.tmp' to '../../../../../../Users/jcc44_000/Documents/GitHub/HotelBete/Content/Hotel/Art/Models/bathroom__Normal_.uasset'
[2016.02.01-06.44.52:424][410]LogSavePackage: Total save time: 130.757265ms
[2016.02.01-06.44.52:424][410]LogSavePackage:Display: Finished SavePackage ../../../../../../Users/jcc44_000/Documents/GitHub/HotelBete/Content/Hotel/Art/Models/bathroom__Normal_.uasset
[2016.02.01-06.44.52:498][410]LogSavePackage: Save=45.581524ms
[2016.02.01-06.44.52:498][410]LogSavePackage: Moving '../../../../../../Users/jcc44_000/Documents/GitHub/HotelBete/Saved/bathroom__Roughness_AD0E4B404439EBFA0F676CBE682CEBDC.tmp' to '../../../../../../Users/jcc44_000/Documents/GitHub/HotelBete/Content/Hotel/Art/Models/bathroom__Roughness_.uasset'
[2016.02.01-06.44.52:502][410]LogSavePackage: Total save time: 49.636129ms
[2016.02.01-06.44.52:502][410]LogSavePackage:Display: Finished SavePackage ../../../../../../Users/jcc44_000/Documents/GitHub/HotelBete/Content/Hotel/Art/Models/bathroom__Roughness_.uasset
[2016.02.01-06.44.52:534][410]Cmd: OBJ SAVEPACKAGE PACKAGE="/Game/Hotel/Art/Models/hallway__AlbedoM_" FILE="../../../../../../Users/jcc44_000/Documents/GitHub/HotelBete/Content/Hotel/Art/Models/hallway__AlbedoM_.uasset" SILENT=true
[2016.02.01-06.44.52:685][410]LogSavePackage: Save=148.379135ms
[2016.02.01-06.44.52:685][410]LogSavePackage: Moving '../../../../../../Users/jcc44_000/Documents/GitHub/HotelBete/Saved/hallway__AlbedoM_C6D962F948881374F824678AF56DF2F3.tmp' to '../../../../../../Users/jcc44_000/Documents/GitHub/HotelBete/Content/Hotel/Art/Models/hallway__AlbedoM_.uasset'
[2016.02.01-06.44.52:690][410]LogSavePackage: Total save time: 153.008066ms
[2016.02.01-06.44.52:690][410]LogSavePackage:Display: Finished SavePackage ../../../../../../Users/jcc44_000/Documents/GitHub/HotelBete/Content/Hotel/Art/Models/hallway__AlbedoM_.uasset
[2016.02.01-06.44.52:723][410]Cmd: OBJ SAVEPACKAGE PACKAGE="/Game/Hotel/Art/Models/hallway__Normal_" FILE="../../../../../../Users/jcc44_000/Documents/GitHub/HotelBete/Content/Hotel/Art/Models/hallway__Normal_.uasset" SILENT=true
[2016.02.01-06.44.52:909][410]LogSavePackage: Save=183.929016ms
[2016.02.01-06.44.52:909][410]LogSavePackage: Moving '../../../../../../Users/jcc44_000/Documents/GitHub/HotelBete/Saved/hallway__Normal_B3442A354A7F95750B1FBEB4B3A2D8BE.tmp' to '../../../../../../Users/jcc44_000/Documents/GitHub/HotelBete/Content/Hotel/Art/Models/hallway__Normal_.uasset'
[2016.02.01-06.44.52:914][410]LogSavePackage: Total save time: 189.118426ms
[2016.02.01-06.44.52:914][410]LogSavePackage:Display: Finished SavePackage ../../../../../../Users/jcc44_000/Documents/GitHub/HotelBete/Content/Hotel/Art/Models/hallway__Normal_.uasset
[2016.02.01-06.44.52:971][410]LogSavePackage: Save=27.521879ms
[2016.02.01-06.44.52:971][410]LogSavePackage: Moving '../../../../../../Users/jcc44_000/Documents/GitHub/HotelBete/Saved/hallway__Roughness_2994AF0E44CB8815ACE4F6B4EE7D860E.tmp' to '../../../../../../Users/jcc44_000/Documents/GitHub/HotelBete/Content/Hotel/Art/Models/hallway__Roughness_.uasset'
[2016.02.01-06.44.52:975][410]LogSavePackage: Total save time: 32.277543ms
[2016.02.01-06.44.52:975][410]LogSavePackage:Display: Finished SavePackage ../../../../../../Users/jcc44_000/Documents/GitHub/HotelBete/Content/Hotel/Art/Models/hallway__Roughness_.uasset
[2016.02.01-06.44.53:000][410]Cmd: OBJ SAVEPACKAGE PACKAGE="/Game/Hotel/Art/Models/Room__AlbedoM_" FILE="../../../../../../Users/jcc44_000/Documents/GitHub/HotelBete/Content/Hotel/Art/Models/Room__AlbedoM_.uasset" SILENT=true
[2016.02.01-06.44.53:162][410]LogSavePackage: Save=159.657150ms
[2016.02.01-06.44.53:162][410]LogSavePackage: Moving '../../../../../../Users/jcc44_000/Documents/GitHub/HotelBete/Saved/Room__AlbedoM_0DE3126C4BF8298A8E800AB435F42DD8.tmp' to '../../../../../../Users/jcc44_000/Documents/GitHub/HotelBete/Content/Hotel/Art/Models/Room__AlbedoM_.uasset'
[2016.02.01-06.44.53:166][410]LogSavePackage: Total save time: 163.663570ms
[2016.02.01-06.44.53:166][410]LogSavePackage:Display: Finished SavePackage ../../../../../../Users/jcc44_000/Documents/GitHub/HotelBete/Content/Hotel/Art/Models/Room__AlbedoM_.uasset
[2016.02.01-06.44.53:193][410]Cmd: OBJ SAVEPACKAGE PACKAGE="/Game/Hotel/Art/Models/Room__Normal_" FILE="../../../../../../Users/jcc44_000/Documents/GitHub/HotelBete/Content/Hotel/Art/Models/Room__Normal_.uasset" SILENT=true
[2016.02.01-06.44.53:374][410]LogSavePackage: Save=178.524948ms
[2016.02.01-06.44.53:374][410]LogSavePackage: Moving '../../../../../../Users/jcc44_000/Documents/GitHub/HotelBete/Saved/Room__Normal_42CE5D904BE659B792CB5D87711FB4A8.tmp' to '../../../../../../Users/jcc44_000/Documents/GitHub/HotelBete/Content/Hotel/Art/Models/Room__Normal_.uasset'
[2016.02.01-06.44.53:379][410]LogSavePackage: Total save time: 184.034776ms
[2016.02.01-06.44.53:379][410]LogSavePackage:Display: Finished SavePackage ../../../../../../Users/jcc44_000/Documents/GitHub/HotelBete/Content/Hotel/Art/Models/Room__Normal_.uasset
[2016.02.01-06.44.53:405][410]Cmd: OBJ SAVEPACKAGE PACKAGE="/Game/Hotel/Art/Models/Room__Roughness_" FILE="../../../../../../Users/jcc44_000/Documents/GitHub/HotelBete/Content/Hotel/Art/Models/Room__Roughness_.uasset" SILENT=true
[2016.02.01-06.44.53:447][410]LogSavePackage: Save=40.236816ms
[2016.02.01-06.44.53:447][410]LogSavePackage: Moving '../../../../../../Users/jcc44_000/Documents/GitHub/HotelBete/Saved/Room__Roughness_56A679F74F1F5B300AACF487B0F4CE93.tmp' to '../../../../../../Users/jcc44_000/Documents/GitHub/HotelBete/Content/Hotel/Art/Models/Room__Roughness_.uasset'
[2016.02.01-06.44.53:453][410]LogSavePackage: Total save time: 45.971096ms
[2016.02.01-06.44.53:453][410]LogSavePackage:Display: Finished SavePackage ../../../../../../Users/jcc44_000/Documents/GitHub/HotelBete/Content/Hotel/Art/Models/Room__Roughness_.uasset
[2016.02.01-06.44.53:868][410]LogWindowsTextInputMethodSystem:Display: IME system now deactivated.
[2016.02.01-06.44.53:869][410]LogWindowsTextInputMethodSystem:Display: IME system now deactivated.
[2016.02.01-06.44.54:221][411]Cmd: QUIT_EDITOR
[2016.02.01-06.44.54:532][411]LogExit: Preparing to exit.
[2016.02.01-06.44.55:529][411]LogExit: Editor shut down
[2016.02.01-06.44.55:531][411]LogParticles: Destroying 0 GPU particle simulations for FXSystem 0x000000596C747B00
[2016.02.01-06.44.55:531][411]LogExit: Transaction tracking system shut down
[2016.02.01-06.44.55:532][411]LogParticles: Destroying 0 GPU particle simulations for FXSystem 0x000000595C27CAE0
[2016.02.01-06.44.55:532][411]LogParticles: Destroying 0 GPU particle simulations for FXSystem 0x0000005973E1D260
[2016.02.01-06.44.55:768][411]LogExit: Object subsystem successfully closed.
[2016.02.01-06.44.55:781][411]LogD3D11RHI: Shutdown
[2016.02.01-06.44.55:781][411]LogD3D11RHI: CleanupD3DDevice
[2016.02.01-06.44.55:887][411]LogD3D11RHI: ~FD3D11DynamicRHI
[2016.02.01-06.44.55:911][411]LogModuleManager: Shutting down and abandoning module CookingStats (200)
[2016.02.01-06.44.55:911][411]LogModuleManager: Shutting down and abandoning module CrashTracker (199)
[2016.02.01-06.44.55:911][411]LogModuleManager: Shutting down and abandoning module SceneOutliner (198)
[2016.02.01-06.44.55:911][411]LogModuleManager: Shutting down and abandoning module SuperSearch (197)
[2016.02.01-06.44.55:911][411]LogModuleManager: Shutting down and abandoning module WidgetCarousel (196)
[2016.02.01-06.44.55:911][411]LogModuleManager: Shutting down and abandoning module AddContentDialog (195)
[2016.02.01-06.44.55:913][411]LogModuleManager: Shutting down and abandoning module EditorWidgets (194)
[2016.02.01-06.44.55:913][411]LogModuleManager: Shutting down and abandoning module CollectionManager (193)
[2016.02.01-06.44.55:913][411]LogModuleManager: Shutting down and abandoning module FoliageEdit (192)
[2016.02.01-06.44.55:913][411]LogModuleManager: Shutting down and abandoning module LandscapeEditor (191)
[2016.02.01-06.44.55:913][411]LogModuleManager: Shutting down and abandoning module ActorPickerMode (190)
[2016.02.01-06.44.55:913][411]LogModuleManager: Shutting down and abandoning module GeometryMode (189)
[2016.02.01-06.44.55:913][411]LogModuleManager: Shutting down and abandoning module TextureAlignMode (188)
[2016.02.01-06.44.55:913][411]LogModuleManager: Shutting down and abandoning module BspMode (187)
[2016.02.01-06.44.55:913][411]LogModuleManager: Shutting down and abandoning module PlacementMode (186)
[2016.02.01-06.44.55:914][411]LogModuleManager: Shutting down and abandoning module AutomationWorker (185)
[2016.02.01-06.44.55:914][411]LogModuleManager: Shutting down and abandoning module CharacterAI (184)
[2016.02.01-06.44.55:914][411]LogModuleManager: Shutting down and abandoning module SmartSnapping (183)
[2016.02.01-06.44.55:914][411]LogModuleManager: Shutting down and abandoning module ViewportSnapping (182)
[2016.02.01-06.44.55:914][411]LogModuleManager: Shutting down and abandoning module LogVisualizer (181)
[2016.02.01-06.44.55:914][411]LogModuleManager: Shutting down and abandoning module GameProjectGeneration (180)
[2016.02.01-06.44.55:914][411]LogModuleManager: Shutting down and abandoning module IntroTutorials (179)
[2016.02.01-06.44.55:914][411]LogModuleManager: Shutting down and abandoning module EditorLiveStreaming (178)
[2016.02.01-06.44.55:914][411]LogModuleManager: Shutting down and abandoning module IOSPlatformEditor (177)
[2016.02.01-06.44.55:914][411]LogModuleManager: Shutting down and abandoning module HTML5PlatformEditor (176)
[2016.02.01-06.44.55:914][411]LogModuleManager: Shutting down and abandoning module AndroidDeviceDetection (175)
[2016.02.01-06.44.56:264][411]LogModuleManager: Shutting down and abandoning module AndroidPlatformEditor (174)
[2016.02.01-06.44.56:264][411]LogModuleManager: Shutting down and abandoning module IOSRuntimeSettings (173)
[2016.02.01-06.44.56:264][411]LogModuleManager: Shutting down and abandoning module AndroidRuntimeSettings (172)
[2016.02.01-06.44.56:264][411]LogModuleManager: Shutting down and abandoning module MergeActors (171)
[2016.02.01-06.44.56:264][411]LogModuleManager: Shutting down and abandoning module SizeMap (170)
[2016.02.01-06.44.56:264][411]LogModuleManager: Shutting down and abandoning module TreeMap (169)
[2016.02.01-06.44.56:264][411]LogModuleManager: Shutting down and abandoning module ReferenceViewer (168)
[2016.02.01-06.44.56:264][411]LogModuleManager: Shutting down and abandoning module LocalizationService (167)
[2016.02.01-06.44.56:264][411]LogModuleManager: Shutting down and abandoning module LocalizationDashboard (166)
[2016.02.01-06.44.56:264][411]LogModuleManager: Shutting down and abandoning module HardwareTargeting (165)
[2016.02.01-06.44.56:264][411]LogModuleManager: Shutting down and abandoning module DeviceProfileEditor (164)
[2016.02.01-06.44.56:264][411]LogModuleManager: Shutting down and abandoning module UndoHistory (163)
[2016.02.01-06.44.56:264][411]LogModuleManager: Shutting down and abandoning module GameplayTagsEditor (162)
[2016.02.01-06.44.56:264][411]LogModuleManager: Shutting down and abandoning module UserFeedback (161)
[2016.02.01-06.44.56:264][411]LogModuleManager: Shutting down and abandoning module XmlParser (160)
[2016.02.01-06.44.56:264][411]LogModuleManager: Shutting down and abandoning module Blutility (159)
[2016.02.01-06.44.56:265][411]LogModuleManager: Shutting down and abandoning module ProjectTargetPlatformEditor (158)
[2016.02.01-06.44.56:265][411]LogModuleManager: Shutting down and abandoning module ProjectSettingsViewer (157)
[2016.02.01-06.44.56:265][411]LogModuleManager: Shutting down and abandoning module InputBindingEditor (156)
[2016.02.01-06.44.56:265][411]LogModuleManager: Shutting down and abandoning module EditorSettingsViewer (155)
[2016.02.01-06.44.56:265][411]LogModuleManager: Shutting down and abandoning module SettingsEditor (154)
[2016.02.01-06.44.56:265][411]LogModuleManager: Shutting down and abandoning module ProjectLauncher (153)
[2016.02.01-06.44.56:265][411]LogModuleManager: Shutting down and abandoning module SessionFrontend (152)
[2016.02.01-06.44.56:265][411]LogModuleManager: Shutting down and abandoning module ProfilerClient (151)
[2016.02.01-06.44.56:265][411]LogModuleManager: Shutting down and abandoning module TargetDeviceServices (150)
[2016.02.01-06.44.56:265][411]LogModuleManager: Shutting down and abandoning module DeviceManager (149)
[2016.02.01-06.44.56:265][411]LogModuleManager: Shutting down and abandoning module AutomationController (148)
[2016.02.01-06.44.56:265][411]LogModuleManager: Shutting down and abandoning module AutomationWindow (147)
[2016.02.01-06.44.56:265][411]LogModuleManager: Shutting down and abandoning module Layers (146)
[2016.02.01-06.44.56:265][411]LogModuleManager: Shutting down and abandoning module ComponentVisualizers (145)
[2016.02.01-06.44.56:265][411]LogModuleManager: Shutting down and abandoning module DetailCustomizations (144)
[2016.02.01-06.44.56:266][411]LogModuleManager: Shutting down and abandoning module PackagesDialog (143)
[2016.02.01-06.44.56:266][411]LogModuleManager: Shutting down and abandoning module Persona (142)
[2016.02.01-06.44.56:266][411]LogModuleManager: Shutting down and abandoning module Kismet (141)
[2016.02.01-06.44.56:266][411]LogModuleManager: Shutting down and abandoning module GraphEditor (140)
[2016.02.01-06.44.56:266][411]LogModuleManager: Shutting down and abandoning module ClassViewer (139)
[2016.02.01-06.44.56:266][411]LogModuleManager: Shutting down and abandoning module Toolbox (138)
[2016.02.01-06.44.56:266][411]LogModuleManager: Shutting down and abandoning module ModuleUI (137)
[2016.02.01-06.44.56:266][411]LogModuleManager: Shutting down and abandoning module MovieSceneTools (136)
[2016.02.01-06.44.56:266][411]LogModuleManager: Shutting down and abandoning module OutputLog (135)
[2016.02.01-06.44.56:266][411]LogModuleManager: Shutting down and abandoning module GammaUI (134)
[2016.02.01-06.44.56:266][411]LogModuleManager: Shutting down and abandoning module Documentation (133)
[2016.02.01-06.44.56:266][411]LogModuleManager: Shutting down and abandoning module GameLiveStreaming (132)
[2016.02.01-06.44.56:266][411]LogModuleManager: Shutting down and abandoning module StreamingPauseRendering (131)
[2016.02.01-06.44.56:266][411]LogModuleManager: Shutting down and abandoning module AnalyticsET (130)
[2016.02.01-06.44.56:266][411]LogModuleManager: Shutting down and abandoning module Analytics (129)
[2016.02.01-06.44.56:266][411]LogModuleManager: Shutting down and abandoning module AITestSuite (128)
[2016.02.01-06.44.56:266][411]LogModuleManager: Shutting down and abandoning module GameplayDebugger (127)
[2016.02.01-06.44.56:266][411]LogModuleManager: Shutting down and abandoning module AIModule (126)
[2016.02.01-06.44.56:266][411]LogModuleManager: Shutting down and abandoning module ProfilerService (125)
[2016.02.01-06.44.56:515][411]LogModuleManager: Shutting down and abandoning module TaskGraph (124)
[2016.02.01-06.44.56:515][411]LogModuleManager: Shutting down and abandoning module SubstanceEditor (123)
[2016.02.01-06.44.56:515][411]LogModuleManager: Shutting down and abandoning module SlateRemote (122)
[2016.02.01-06.44.56:515][411]LogModuleManager: Shutting down and abandoning module SteamVRController (121)
[2016.02.01-06.44.56:515][411]LogModuleManager: Shutting down and abandoning module SteamVR (120)
[2016.02.01-06.44.56:515][411]LogModuleManager: Shutting down and abandoning module ProceduralMeshComponent (119)
[2016.02.01-06.44.56:515][411]LogModuleManager: Shutting down and abandoning module OculusLibrary (118)
[2016.02.01-06.44.56:515][411]LogModuleManager: Shutting down and abandoning module OculusInput (117)
[2016.02.01-06.44.56:515][411]LogModuleManager: Shutting down and abandoning module LeapMotionController (116)
[2016.02.01-06.44.56:544][411]LogModuleManager: Shutting down and abandoning module CustomMeshComponent (115)
[2016.02.01-06.44.56:544][411]LogModuleManager: Shutting down and abandoning module CableComponent (114)
[2016.02.01-06.44.56:544][411]LogModuleManager: Shutting down and abandoning module ArchVisCharacter (113)
[2016.02.01-06.44.56:544][411]LogModuleManager: Shutting down and abandoning module MessagingDebugger (112)
[2016.02.01-06.44.56:544][411]LogModuleManager: Shutting down and abandoning module MediaPlayerEditor (111)
[2016.02.01-06.44.56:544][411]LogModuleManager: Shutting down and abandoning module HTML5Networking (110)
[2016.02.01-06.44.56:544][411]LogModuleManager: Shutting down and abandoning module SpeedTreeImporter (109)
[2016.02.01-06.44.56:544][411]LogModuleManager: Shutting down and abandoning module PluginBrowser (108)
[2016.02.01-06.44.56:544][411]LogModuleManager: Shutting down and abandoning module EpicSurvey (107)
[2016.02.01-06.44.56:544][411]LogModuleManager: Shutting down and abandoning module DesktopPlatform (106)
[2016.02.01-06.44.56:545][411]LogModuleManager: Shutting down and abandoning module VisualStudioSourceCodeAccess (105)
[2016.02.01-06.44.56:545][411]LogModuleManager: Shutting down and abandoning module UObjectPlugin (104)
[2016.02.01-06.44.56:545][411]LogModuleManager: Shutting down and abandoning module SubversionSourceControl (103)
[2016.02.01-06.44.56:545][411]LogModuleManager: Shutting down and abandoning module PerforceSourceControl (102)
[2016.02.01-06.44.56:545][411]LogModuleManager: Shutting down and abandoning module SourceControl (101)
[2016.02.01-06.44.56:545][411]LogModuleManager: Shutting down and abandoning module GitSourceControl (100)
[2016.02.01-06.44.56:545][411]LogModuleManager: Shutting down and abandoning module LightPropagationVolumeEditor (99)
[2016.02.01-06.44.56:545][411]LogModuleManager: Shutting down and abandoning module PaperTiledImporter (98)
[2016.02.01-06.44.56:545][411]LogModuleManager: Shutting down and abandoning module PaperSpriteSheetImporter (97)
[2016.02.01-06.44.56:545][411]LogModuleManager: Shutting down and abandoning module MeshPaint (96)
[2016.02.01-06.44.56:545][411]LogModuleManager: Shutting down and abandoning module SlateReflector (95)
[2016.02.01-06.44.56:545][411]LogModuleManager: Shutting down and abandoning module HotReload (94)
[2016.02.01-06.44.56:545][411]LogModuleManager: Shutting down and abandoning module MainFrame (93)
[2016.02.01-06.44.56:545][411]LogModuleManager: Shutting down and abandoning module LevelEditor (92)
[2016.02.01-06.44.56:547][411]LogModuleManager: Shutting down and abandoning module ContentBrowser (91)
[2016.02.01-06.44.56:548][411]LogModuleManager: Shutting down and abandoning module Paper2DEditor (90)
[2016.02.01-06.44.56:548][411]LogModuleManager: Shutting down and abandoning module UdpMessaging (89)
[2016.02.01-06.44.56:649][411]LogModuleManager: Shutting down and abandoning module DirectoryWatcher (88)
[2016.02.01-06.44.56:649][411]LogModuleManager: Shutting down and abandoning module AssetRegistry (87)
[2016.02.01-06.44.56:799][411]LogModuleManager: Shutting down and abandoning module SubstanceCore (86)
[2016.02.01-06.44.56:800][411]LogModuleManager: Shutting down and abandoning module LightPropagationVolumeRuntime (85)
[2016.02.01-06.44.56:800][411]LogModuleManager: Shutting down and abandoning module Paper2D (84)
[2016.02.01-06.44.56:800][411]LogModuleManager: Shutting down and abandoning module WindowsMoviePlayer (83)
[2016.02.01-06.44.56:803][411]LogModuleManager: Shutting down and abandoning module Media (82)
[2016.02.01-06.44.56:803][411]LogModuleManager: Shutting down and abandoning module WmfMedia (81)
[2016.02.01-06.44.56:803][411]LogModuleManager: Shutting down and abandoning module OnlineBlueprintSupport (80)
[2016.02.01-06.44.56:803][411]LogModuleManager: Shutting down and abandoning module GameplayTasksEditor (79)
[2016.02.01-06.44.56:803][411]LogModuleManager: Shutting down and abandoning module PropertyEditor (78)
[2016.02.01-06.44.56:803][411]LogModuleManager: Shutting down and abandoning module BehaviorTreeEditor (77)
[2016.02.01-06.44.56:803][411]LogModuleManager: Shutting down and abandoning module FunctionalTesting (76)
[2016.02.01-06.44.56:804][411]LogModuleManager: Shutting down and abandoning module CollisionAnalyzer (75)
[2016.02.01-06.44.56:804][411]LogModuleManager: Shutting down and abandoning module WorkspaceMenuStructure (74)
[2016.02.01-06.44.56:804][411]LogModuleManager: Shutting down and abandoning module MessageLog (73)
[2016.02.01-06.44.56:804][411]LogModuleManager: Shutting down and abandoning module Sequencer (72)
[2016.02.01-06.44.56:804][411]LogModuleManager: Shutting down and abandoning module AssetTools (71)
[2016.02.01-06.44.56:804][411]LogModuleManager: Shutting down and abandoning module UMGEditor (70)
[2016.02.01-06.44.56:804][411]LogModuleManager: Shutting down and abandoning module UMG (69)
[2016.02.01-06.44.56:804][411]LogModuleManager: Shutting down and abandoning module Slate (68)
[2016.02.01-06.44.56:804][411]LogModuleManager: Shutting down and abandoning module EditorStyle (67)
[2016.02.01-06.44.56:808][411]LogModuleManager: Shutting down and abandoning module SessionServices (66)
[2016.02.01-06.44.56:808][411]LogModuleManager: Shutting down and abandoning module SourceCodeAccess (65)
[2016.02.01-06.44.56:808][411]LogModuleManager: Shutting down and abandoning module HeadMountedDisplay (64)
[2016.02.01-06.44.56:808][411]LogModuleManager: Shutting down and abandoning module XAudio2 (63)
[2016.02.01-06.44.56:808][411]LogModuleManager: Shutting down and abandoning module Networking (61)
[2016.02.01-06.44.56:808][411]LogModuleManager: Shutting down and abandoning module Core (60)
[2016.02.01-06.44.56:808][411]LogModuleManager: Shutting down and abandoning module KismetCompiler (59)
[2016.02.01-06.44.56:808][411]LogModuleManager: Shutting down and abandoning module PhysXFormats (58)
[2016.02.01-06.44.56:808][411]LogModuleManager: Shutting down and abandoning module MeshUtilities (57)
[2016.02.01-06.44.56:808][411]LogModuleManager: Shutting down and abandoning module DerivedDataCache (56)
[2016.02.01-06.44.56:839][411]LogDerivedDataCache: Shutdown
[2016.02.01-06.44.56:839][411]LogModuleManager: Shutting down and abandoning module ShaderFormatOpenGL (55)
[2016.02.01-06.44.56:839][411]LogModuleManager: Shutting down and abandoning module ShaderFormatD3D (54)
[2016.02.01-06.44.56:839][411]LogModuleManager: Shutting down and abandoning module MetalShaderFormat (53)
[2016.02.01-06.44.56:839][411]LogModuleManager: Shutting down and abandoning module TextureFormatUncompressed (52)
[2016.02.01-06.44.56:839][411]LogModuleManager: Shutting down and abandoning module TextureFormatPVR (51)
[2016.02.01-06.44.56:839][411]LogModuleManager: Shutting down and abandoning module TextureFormatIntelISPCTexComp (50)
[2016.02.01-06.44.56:839][411]LogModuleManager: Shutting down and abandoning module TextureFormatDXT (49)
[2016.02.01-06.44.56:839][411]LogModuleManager: Shutting down and abandoning module ImageWrapper (48)
[2016.02.01-06.44.56:839][411]LogModuleManager: Shutting down and abandoning module TextureFormatASTC (47)
[2016.02.01-06.44.56:839][411]LogModuleManager: Shutting down and abandoning module TextureFormatAndroid (46)
[2016.02.01-06.44.56:839][411]LogModuleManager: Shutting down and abandoning module AudioFormatOpus (45)
[2016.02.01-06.44.56:839][411]LogModuleManager: Shutting down and abandoning module AudioFormatOgg (44)
[2016.02.01-06.44.56:839][411]LogModuleManager: Shutting down and abandoning module AudioFormatADPCM (43)
[2016.02.01-06.44.56:839][411]LogModuleManager: Shutting down and abandoning module LinuxTargetPlatform (42)
[2016.02.01-06.44.56:840][411]LogModuleManager: Shutting down and abandoning module LinuxServerTargetPlatform (41)
[2016.02.01-06.44.56:840][411]LogModuleManager: Shutting down and abandoning module LinuxNoEditorTargetPlatform (40)
[2016.02.01-06.44.56:840][411]LogModuleManager: Shutting down and abandoning module Messaging (39)
[2016.02.01-06.44.56:840][411]LogModuleManager: Shutting down and abandoning module IOSTargetPlatform (38)
[2016.02.01-06.44.56:840][411]LogModuleManager: Shutting down and abandoning module HTML5TargetPlatform (37)
[2016.02.01-06.44.56:840][411]LogModuleManager: Shutting down and abandoning module Android_PVRTCTargetPlatform (36)
[2016.02.01-06.44.56:840][411]LogModuleManager: Shutting down and abandoning module Android_MultiTargetPlatform (35)
[2016.02.01-06.44.56:840][411]LogModuleManager: Shutting down and abandoning module Android_ETC2TargetPlatform (34)
[2016.02.01-06.44.56:840][411]LogModuleManager: Shutting down and abandoning module Android_ETC1TargetPlatform (33)
[2016.02.01-06.44.56:840][411]LogModuleManager: Shutting down and abandoning module Android_DXTTargetPlatform (32)
[2016.02.01-06.44.56:840][411]LogModuleManager: Shutting down and abandoning module Android_ATCTargetPlatform (31)
[2016.02.01-06.44.56:840][411]LogModuleManager: Shutting down and abandoning module Android_ASTCTargetPlatform (30)
[2016.02.01-06.44.56:840][411]LogModuleManager: Shutting down and abandoning module AndroidTargetPlatform (29)
[2016.02.01-06.44.56:840][411]LogModuleManager: Shutting down and abandoning module WindowsTargetPlatform (28)
[2016.02.01-06.44.56:840][411]LogModuleManager: Shutting down and abandoning module WindowsServerTargetPlatform (27)
[2016.02.01-06.44.56:840][411]LogModuleManager: Shutting down and abandoning module WindowsNoEditorTargetPlatform (26)
[2016.02.01-06.44.56:840][411]LogModuleManager: Shutting down and abandoning module WindowsClientTargetPlatform (25)
[2016.02.01-06.44.56:840][411]LogModuleManager: Shutting down and abandoning module AllDesktopTargetPlatform (24)
[2016.02.01-06.44.56:840][411]LogModuleManager: Shutting down and abandoning module TargetPlatform (23)
[2016.02.01-06.44.56:840][411]LogModuleManager: Shutting down and abandoning module InputCore (22)
[2016.02.01-06.44.56:840][411]LogModuleManager: Shutting down and abandoning module Settings (21)
[2016.02.01-06.44.56:841][411]LogModuleManager: Shutting down and abandoning module OnlineSubsystem (19)
[2016.02.01-06.44.56:841][411]LogModuleManager: Shutting down and abandoning module HTTP (18)
[2016.02.01-06.44.58:843][411]LogModuleManager: Shutting down and abandoning module XMPP (17)
[2016.02.01-06.44.58:843][411]LogModuleManager: Shutting down and abandoning module OculusRift (16)
[2016.02.01-06.44.58:843][411]LogModuleManager: Shutting down and abandoning module ExampleDeviceProfileSelector (15)
[2016.02.01-06.44.58:843][411]LogModuleManager: Shutting down and abandoning module TextureCompressor (14)
[2016.02.01-06.44.58:843][411]LogModuleManager: Shutting down and abandoning module ShaderCore (13)
[2016.02.01-06.44.58:843][411]LogModuleManager: Shutting down and abandoning module Landscape (12)
[2016.02.01-06.44.58:843][411]LogModuleManager: Shutting down and abandoning module SlateRHIRenderer (11)
[2016.02.01-06.44.58:844][411]LogModuleManager: Shutting down and abandoning module OpenGLDrv (10)
[2016.02.01-06.44.58:844][411]LogModuleManager: Shutting down and abandoning module D3D11RHI (9)
[2016.02.01-06.44.58:844][411]LogModuleManager: Shutting down and abandoning module AnimGraphRuntime (8)
[2016.02.01-06.44.58:844][411]LogModuleManager: Shutting down and abandoning module Renderer (7)
[2016.02.01-06.44.58:844][411]LogModuleManager: Shutting down and abandoning module Engine (6)
[2016.02.01-06.44.58:844][411]LogModuleManager: Shutting down and abandoning module CoreUObject (5)
[2016.02.01-06.44.58:844][411]LogModuleManager: Shutting down and abandoning module NetworkFile (4)
[2016.02.01-06.44.58:844][411]LogModuleManager: Shutting down and abandoning module StreamingFile (3)
[2016.02.01-06.44.58:844][411]LogModuleManager: Shutting down and abandoning module SandboxFile (2)
[2016.02.01-06.44.58:844][411]LogModuleManager: Shutting down and abandoning module PakFile (1)
[2016.02.01-06.44.58:846][411]LogExit: Exiting.
[2016.02.01-06.44.58:884][411]Log file closed, 02/01/16 01:44:58
