[2016.02.01-07.11.21:809][  0]Log file open, 02/01/16 02:11:21
[2016.02.01-07.11.21:809][  0]LogInit:Display: Running engine for game: HotelBete
[2016.02.01-07.11.21:809][  0]LogPlatformFile: Not using cached read wrapper
[2016.02.01-07.11.21:809][  0]LogInit:Display: RandInit(1053951654) SRandInit(1053951656).
[2016.02.01-07.11.21:809][  0]LogTaskGraph: Started task graph with 4 named threads and 5 total threads.
[2016.02.01-07.11.21:809][  0]LogStats: Stats thread started at 0.090750
[2016.02.01-07.11.21:809][  0]LogInit: Version: 4.10.2-2818068+++depot+UE4-Releases+4.10
[2016.02.01-07.11.21:809][  0]LogInit: API Version: 2758231
[2016.02.01-07.11.21:809][  0]LogInit: Compiled (64-bit): Jan  6 2016 17:36:42
[2016.02.01-07.11.21:809][  0]LogInit: Compiled with Visual C++: 19.00.23026.00
[2016.02.01-07.11.21:809][  0]LogInit: Build Configuration: Development
[2016.02.01-07.11.21:809][  0]LogInit: Branch Name: ++depot+UE4-Releases+4.10
[2016.02.01-07.11.21:809][  0]LogInit: Command line:  
[2016.02.01-07.11.21:809][  0]LogInit: Base directory: C:/Program Files/Epic Games/4.10/Engine/Binaries/Win64/
[2016.02.01-07.11.21:809][  0]LogInit: Rocket: 1
[2016.02.01-07.11.21:830][  0]LogInit: Using libcurl 7.41.0
[2016.02.01-07.11.21:830][  0]LogInit:  - built for x86_64-pc-win32
[2016.02.01-07.11.21:830][  0]LogInit:  - supports SSL with WinSSL
[2016.02.01-07.11.21:830][  0]LogInit:  - other features:
[2016.02.01-07.11.21:830][  0]LogInit:      CURL_VERSION_SSL
[2016.02.01-07.11.21:830][  0]LogInit:      CURL_VERSION_IPV6
[2016.02.01-07.11.21:830][  0]LogInit:      CURL_VERSION_ASYNCHDNS
[2016.02.01-07.11.21:830][  0]LogInit:      CURL_VERSION_LARGEFILE
[2016.02.01-07.11.21:830][  0]LogInit:      CURL_VERSION_IDN
[2016.02.01-07.11.21:830][  0]LogInit:  CurlRequestOptions (configurable via config and command line):
[2016.02.01-07.11.21:830][  0]LogInit:  - bVerifyPeer = true  - Libcurl will verify peer certificate
[2016.02.01-07.11.21:830][  0]LogInit:  - bUseHttpProxy = false  - Libcurl will NOT use HTTP proxy
[2016.02.01-07.11.21:830][  0]LogInit:  - bDontReuseConnections = false  - Libcurl will reuse connections
[2016.02.01-07.11.21:830][  0]LogInit:  - CertBundlePath = nullptr  - Libcurl will use whatever was configured at build time.
[2016.02.01-07.11.21:844][  0]LogInit: Presizing for 0 objects not considered by GC, pre-allocating 0 bytes.
[2016.02.01-07.11.21:855][  0]LogInit: Object subsystem initialized
[2016.02.01-07.11.21:857][  0]LogInit: Selected Device Profile: [Windows]
[2016.02.01-07.11.21:857][  0]LogInit: Applying CVar settings loaded from the selected device profile: [Windows]
[2016.02.01-07.11.21:875][  0]LogInit: Computer: CONOR-LAPTOP
[2016.02.01-07.11.21:875][  0]LogInit: User: jcc44000
[2016.02.01-07.11.21:875][  0]LogInit: CPU Page size=4096, Cores=2
[2016.02.01-07.11.21:875][  0]LogInit: High frequency timer resolution =2.240908 MHz
[2016.02.01-07.11.21:875][  0]LogMemory: Memory total: Physical=11.9GB (12GB approx)
[2016.02.01-07.11.21:875][  0]LogMemory: Platform Memory Stats for Windows
[2016.02.01-07.11.21:875][  0]LogMemory: Process Physical Memory: 54.44 MB used, 54.44 MB peak
[2016.02.01-07.11.21:875][  0]LogMemory: Process Virtual Memory: 55.30 MB used, 55.30 MB peak
[2016.02.01-07.11.21:875][  0]LogMemory: Physical Memory: 3254.80 MB used, 12171.62 MB total
[2016.02.01-07.11.21:875][  0]LogMemory: Virtual Memory: 363.36 MB used, 134217728.00 MB total
[2016.02.01-07.11.21:926][  0]LogTextLocalizationManager: No specific translations for ('en-US') exist, so ('en') translations will be used.
[2016.02.01-07.11.22:837][  0]LogD3D11RHI: Found D3D11 adapter 0: Intel(R) HD Graphics Family (Feature Level 11_0)
[2016.02.01-07.11.22:837][  0]LogD3D11RHI: Adapter has 32MB of dedicated video memory, 0MB of dedicated system memory, and 1760MB of shared system memory, 1 output[s]
[2016.02.01-07.11.22:838][  0]LogD3D11RHI: Found D3D11 adapter 1: Microsoft Basic Render Driver (Feature Level 11_0)
[2016.02.01-07.11.22:838][  0]LogD3D11RHI: Adapter has 0MB of dedicated video memory, 0MB of dedicated system memory, and 256MB of shared system memory, 0 output[s]
[2016.02.01-07.11.22:839][  0]LogD3D11RHI: Chosen D3D11 Adapter Id = 0
[2016.02.01-07.11.22:848][  0]LogD3D11RHI: !Direct3DDevice
[2016.02.01-07.11.22:848][  0]LogRHI: Texture pool is 638 MB (70% of 912 MB)
[2016.02.01-07.11.22:858][  0]LogD3D11RHI: Async texture creation enabled
[2016.02.01-07.11.22:866][  0]LogShaderCompilers: Guid format shader working directory is -11 characters bigger than the processId version (../../../../../../Users/jcc44_000/Documents/GitHub/HotelBete/Intermediate/Shaders/WorkingDirectory/9092/).
[2016.02.01-07.11.22:866][  0]LogShaderCompilers: Cleaned the shader compiler working directory 'C:/Users/JCC44_~1/AppData/Local/Temp/UnrealShaderWorkingDir/9D783FCD4DADD3BE567FC5B262F95B8E/'.
[2016.02.01-07.11.22:866][  0]LogShaderCompilers:Display: Using Local Shader Compiler.
[2016.02.01-07.11.24:529][  0]LogTemp:Display: Loaded TP AllDesktopTargetPlatform
[2016.02.01-07.11.24:540][  0]LogTemp:Display: Loaded TP WindowsClientTargetPlatform
[2016.02.01-07.11.24:552][  0]LogTemp:Display: Loaded TP WindowsNoEditorTargetPlatform
[2016.02.01-07.11.24:562][  0]LogTemp:Display: Loaded TP WindowsServerTargetPlatform
[2016.02.01-07.11.24:572][  0]LogTemp:Display: Loaded TP WindowsTargetPlatform
[2016.02.01-07.11.24:577][  0]LogTemp:Display: Loaded TP AndroidTargetPlatform
[2016.02.01-07.11.24:583][  0]LogTemp:Display: Loaded TP Android_ASTCTargetPlatform
[2016.02.01-07.11.24:589][  0]LogTemp:Display: Loaded TP Android_ATCTargetPlatform
[2016.02.01-07.11.24:593][  0]LogTemp:Display: Loaded TP Android_DXTTargetPlatform
[2016.02.01-07.11.24:601][  0]LogTemp:Display: Loaded TP Android_ETC1TargetPlatform
[2016.02.01-07.11.24:608][  0]LogTemp:Display: Loaded TP Android_ETC2TargetPlatform
[2016.02.01-07.11.24:620][  0]LogTemp:Display: Loaded TP Android_MultiTargetPlatform
[2016.02.01-07.11.24:620][  0]LogTemp:Display: Loaded TP Android_PVRTCTargetPlatform
[2016.02.01-07.11.24:621][  0]LogTemp:Display: Loaded TP HTML5TargetPlatform
[2016.02.01-07.11.24:645][  0]LogTemp:Display: Loaded TP IOSTargetPlatform
[2016.02.01-07.11.24:652][  0]LogTemp:Display: Loaded TP LinuxNoEditorTargetPlatform
[2016.02.01-07.11.24:658][  0]LogTemp:Display: Loaded TP LinuxServerTargetPlatform
[2016.02.01-07.11.24:666][  0]LogTemp:Display: Loaded TP LinuxTargetPlatform
[2016.02.01-07.11.24:667][  0]LogTargetPlatformManager:Display: Building Assets For Windows
[2016.02.01-07.11.24:835][  0]LogDerivedDataCache:Display: Max Cache Size: 512 MB
[2016.02.01-07.11.24:920][  0]LogDerivedDataCache: Loaded boot cache 0.08s 41MB C:/Users/jcc44_000/AppData/Local/UnrealEngine/4.10/DerivedDataCache/Boot.ddc.
[2016.02.01-07.11.24:920][  0]LogDerivedDataCache:Display: Loaded Boot cache: C:/Users/jcc44_000/AppData/Local/UnrealEngine/4.10/DerivedDataCache/Boot.ddc
[2016.02.01-07.11.24:920][  0]LogDerivedDataCache: FDerivedDataBackendGraph:  Pak pak cache file ../../../../../../Users/jcc44_000/Documents/GitHub/HotelBete/DerivedDataCache/DDC.ddp not found, will not use a pak cache.
[2016.02.01-07.11.24:920][  0]LogDerivedDataCache: Unable to find inner node Pak for hierarchical cache Hierarchy.
[2016.02.01-07.11.24:920][  0]LogDerivedDataCache: FDerivedDataBackendGraph:  CompressedPak pak cache file ../../../../../../Users/jcc44_000/Documents/GitHub/HotelBete/DerivedDataCache/Compressed.ddp not found, will not use a pak cache.
[2016.02.01-07.11.24:920][  0]LogDerivedDataCache: Unable to find inner node CompressedPak for hierarchical cache Hierarchy.
[2016.02.01-07.11.25:045][  0]LogDerivedDataCache:Display: Pak cache opened for reading ../../../Engine/DerivedDataCache/Compressed.ddp.
[2016.02.01-07.11.25:058][  0]LogDerivedDataCache: Using Local data cache path C:/Users/jcc44_000/AppData/Local/UnrealEngine/Common/DerivedDataCache: Writable
[2016.02.01-07.11.25:416][  0]LogInit: Selected Device Profile: [Windows]
[2016.02.01-07.11.25:421][  0]LogContentStreaming: Texture pool size is 0.000000MB
[2016.02.01-07.11.25:646][  0]LogMeshUtilities: No automatic mesh reduction module available
[2016.02.01-07.11.25:646][  0]LogMeshUtilities: No automatic mesh merging module available
[2016.02.01-07.11.26:135][  0]LogInit: WinSock: version 1.1 (2.2), MaxSocks=32767, MaxUdp=65467
[2016.02.01-07.11.27:551][  0]LogAssetRegistry: FAssetRegistry took 0.0107 seconds to start up
[2016.02.01-07.11.27:579][  0]UdpMessaging: Initializing bridge on interface 0.0.0.0:0 to multicast group 230.0.0.1:6666.
[2016.02.01-07.11.28:061][  0]SourceControl: Info Source control is disabled
[2016.02.01-07.11.28:062][  0]SourceControl: Info Source control is disabled
[2016.02.01-07.11.28:081][  0]SourceControl: Info Source control is disabled
[2016.02.01-07.11.28:099][  0]SourceControl: Info Source control is disabled
[2016.02.01-07.11.28:516][  0]LogObj: 28802 objects as part of root set at end of initial load.
[2016.02.01-07.11.28:516][  0]LogUObjectAllocator: 6129776 out of 0 bytes used by permanent object pool.
[2016.02.01-07.11.28:604][  0]LogEngine: Initializing Engine...
[2016.02.01-07.11.28:608][  0]LogHMD: Can't find Oculus library dev build: is proper Runtime installed? Version: 0.8.0.0
[2016.02.01-07.11.28:609][  0]LogHMD: SteamVR failed to initialize.  Err: 110
[2016.02.01-07.11.28:845][  0]LogAIModule: Creating AISystem for world NewWorld
[2016.02.01-07.11.28:851][  0]LogInit: XAudio2 using 'Speakers (Realtek High Definition Audio)' : 2 channels at 48 kHz using 32 bits per sample (channel mask 0x3)
[2016.02.01-07.11.28:927][  0]LogInit: FAudioDevice initialized.
[2016.02.01-07.11.28:962][  0]LogDerivedDataCache: Saved boot cache 0.04s 41MB C:/Users/jcc44_000/AppData/Local/UnrealEngine/4.10/DerivedDataCache/Boot.ddc.
[2016.02.01-07.11.28:971][  0]LogInit: Texture streaming: Enabled
[2016.02.01-07.11.28:983][  0]LogAnalytics: Creating configured Analytics provider AnalyticsET
[2016.02.01-07.11.28:983][  0]LogAnalytics: [UEEditor.Rocket.Release] APIServer = http://et2.epicgames.com/ET2/. AppVersion = 4.10.2-2818068+++depot+UE4-Releases+4.10
[2016.02.01-07.11.28:983][  0]LogAnalytics: [UEEditor.Rocket.Release] SetUserId a00de05446ef577f40030a85b6572d0b|78e6d53e0a594b3ca03846b462c1cd9f|0660c053-9676-4ff0-a488-6e040aefb54e
[2016.02.01-07.11.28:983][  0]LogAnalytics: [UEEditor.Rocket.Release] AnalyticsET::StartSession
[2016.02.01-07.11.29:000][  0]LogInit: Transaction tracking system initialized
[2016.02.01-07.11.29:054][  0]BlueprintLog: New page: Editor Load
[2016.02.01-07.11.29:220][  0]LocalizationService: Info Localization service is disabled
[2016.02.01-07.11.29:360][  0]LogConsoleResponse:Display: 
[2016.02.01-07.11.29:569][  0]LogCook:Display: Done creating registry. It took  0.00s.
[2016.02.01-07.11.29:671][  0]LogFileCache: Scanning file cache for directory 'C:/Users/jcc44_000/Documents/GitHub/HotelBete/Content/' took 0.02s
[2016.02.01-07.11.29:682][  0]SourceControl: Info Source control is disabled
[2016.02.01-07.11.29:682][  0]Cmd: MAP LOAD FILE="../../../../../../Users/jcc44_000/Documents/GitHub/HotelBete/Content/FirstPersonBP/Level/BondsLevel.umap" TEMPLATE=0 SHOWPROGRESS=1 FEATURELEVEL=3
[2016.02.01-07.11.29:682][  0]LogEditorServer:Warning: Can't find file '../../../../../../Users/jcc44_000/Documents/GitHub/HotelBete/Content/FirstPersonBP/Level/BondsLevel.umap'
[2016.02.01-07.11.29:682][  0]Cmd: MAP CHECKDEP NOCLEARLOG
[2016.02.01-07.11.29:745][  0]MapCheck: Info Map check complete: 0 Error(s), 0 Warning(s), took 62.689ms to complete.
[2016.02.01-07.11.29:745][  0]LogFileHelpers: Loading map 'BondsLevel' took 0.063
[2016.02.01-07.11.29:901][  0]LogCollectionManager: Loaded 0 collections in 0.004327 seconds
[2016.02.01-07.11.29:948][  0]LogFileCache: Scanning file cache for directory 'C:/Users/jcc44_000/Documents/GitHub/HotelBete/Saved/Collections/' took 0.01s
[2016.02.01-07.11.29:948][  0]LogFileCache: Scanning file cache for directory 'C:/Users/jcc44_000/Documents/GitHub/HotelBete/Content/Developers/jcc44000/Collections/' took 0.01s
[2016.02.01-07.11.29:948][  0]LogFileCache: Scanning file cache for directory 'C:/Users/jcc44_000/Documents/GitHub/HotelBete/Content/Collections/' took 0.01s
[2016.02.01-07.11.29:948][  0]LogCollectionManager: Rebuilt the GUID cache for 0 collections in 0.000005 seconds
[2016.02.01-07.11.29:960][  0]LogContentBrowser: Native class hierarchy populated in 0.0120 seconds. Added 1908 classes and 344 folders.
[2016.02.01-07.11.29:972][  0]LogContentBrowser: Native class hierarchy updated for 'WidgetCarousel' in 0.0007 seconds. Added 0 classes and 0 folders.
[2016.02.01-07.11.30:041][  0]LogContentBrowser: Native class hierarchy updated for 'AddContentDialog' in 0.0005 seconds. Added 0 classes and 0 folders.
[2016.02.01-07.11.30:049][  0]LogContentBrowser: Native class hierarchy updated for 'SceneOutliner' in 0.0007 seconds. Added 1 classes and 2 folders.
[2016.02.01-07.11.30:136][  0]LogCrashTracker: Crashtracker disabled due to settings.
[2016.02.01-07.11.30:142][  0]LogUObjectGlobals:Warning: Failed to find object 'Class None.'
[2016.02.01-07.11.30:168][  0]LogLoad: Full Startup: 9.16 seconds (BP compile: 0.00 seconds)
[2016.02.01-07.11.30:186][  0]LogWindowsTextInputMethodSystem:Display: IME system now deactivated.
[2016.02.01-07.11.30:187][  0]LogWindowsTextInputMethodSystem:Display: IME system now deactivated.
[2016.02.01-07.11.30:193][  0]LogOcInput: Can't find Oculus library dev build: is proper Runtime installed? Version: 0.8.0.0
[2016.02.01-07.11.30:259][  0]LogContentStreaming: Texture pool size now 1000 MB
[2016.02.01-07.11.30:520][  0]LogRenderer: Reallocating scene render targets to support 888x432 (Frame:2).
[2016.02.01-07.11.32:020][  4]LogAssetRegistry: Asset discovery search completed in 4.4803 seconds
[2016.02.01-07.11.32:021][  4]LogCollectionManager: Rebuilt the object cache for 0 collections in 0.000003 seconds (found 0 objects)
[2016.02.01-07.11.32:021][  4]LogCollectionManager: Fixed up redirectors for 0 collections in 0.000254 seconds (updated 0 objects)
[2016.02.01-07.11.47:499][326]LogSkeletalMesh: InitArticulated: Bodies already created (/Engine/Transient.DebugSkelMeshComponent_0) - call TermArticulated first.
[2016.02.01-07.11.47:762][327]LogRenderer: Reallocating scene render targets to support 888x448 (Frame:321).
[2016.02.01-07.12.05:454][487]LogRenderer: Reallocating scene render targets to support 888x500 (Frame:740).
[2016.02.01-07.12.43:283][489]LogSkeletalMesh: InitArticulated: Bodies already created (/Engine/Transient.DebugSkelMeshComponent_1) - call TermArticulated first.
[2016.02.01-07.14.12:387][366]LogMaterial:Warning: Material /Game/Hotel/Art/Models/ChairMat.ChairMat needed to have new flag set bUsedWithSkeletalMesh !
[2016.02.01-07.14.12:391][366]LogMaterial: Missing cached shader map for material ChairMat, compiling. 
[2016.02.01-07.14.12:443][366]LogMaterial: 0.000084 seconds spent updating 1 materials, 1 interfaces, 0 instances, 0 with static permutations.
[2016.02.01-07.14.21:428][426]LogMaterial: Missing cached shader map for material ChairMat, compiling. 
[2016.02.01-07.14.21:711][426]LogMaterial: Missing cached shader map for material ChairMat, compiling. 
[2016.02.01-07.14.21:735][426]LogMaterial: 0.000054 seconds spent updating 1 materials, 1 interfaces, 0 instances, 0 with static permutations.
[2016.02.01-07.14.35:949][617]LogMaterial: Missing cached shader map for material ChairMat, compiling. 
[2016.02.01-07.14.35:977][617]LogMaterial: 0.000097 seconds spent updating 1 materials, 1 interfaces, 0 instances, 0 with static permutations.
[2016.02.01-07.14.35:980][617]LogMaterial: Missing cached shader map for material FMatExpressionPreview MaterialExpressionTextureSample_0, compiling. 
[2016.02.01-07.14.36:016][617]LogMaterial: Missing cached shader map for material FMatExpressionPreview MaterialExpressionTextureSample_0, compiling. 
[2016.02.01-07.14.38:776][666]LogMaterial: Missing cached shader map for material ChairMat, compiling. 
[2016.02.01-07.14.38:807][666]LogMaterial: 0.000076 seconds spent updating 1 materials, 1 interfaces, 0 instances, 0 with static permutations.
[2016.02.01-07.14.38:841][666]LogMaterial: Missing cached shader map for material FMatExpressionPreview MaterialExpressionTextureSample_0, compiling. 
[2016.02.01-07.14.42:389][712]LogMaterial: Missing cached shader map for material ChairMat, compiling. 
[2016.02.01-07.14.42:415][712]LogMaterial: 0.000057 seconds spent updating 1 materials, 1 interfaces, 0 instances, 0 with static permutations.
[2016.02.01-07.14.42:417][712]LogMaterial: Missing cached shader map for material FMatExpressionPreview MaterialExpressionTextureSample_1, compiling. 
[2016.02.01-07.14.42:466][712]LogMaterial: Missing cached shader map for material FMatExpressionPreview MaterialExpressionTextureSample_0, compiling. 
[2016.02.01-07.14.42:473][712]LogMaterial: Missing cached shader map for material FMatExpressionPreview MaterialExpressionTextureSample_1, compiling. 
[2016.02.01-07.14.45:217][766]LogMaterial: Missing cached shader map for material ChairMat, compiling. 
[2016.02.01-07.14.45:249][766]LogMaterial: 0.000096 seconds spent updating 1 materials, 1 interfaces, 0 instances, 0 with static permutations.
[2016.02.01-07.14.45:283][766]LogMaterial: Missing cached shader map for material FMatExpressionPreview MaterialExpressionTextureSample_1, compiling. 
[2016.02.01-07.14.50:931][828]LogMaterial: Missing cached shader map for material ChairMat, compiling. 
[2016.02.01-07.14.50:959][828]LogMaterial: 0.000118 seconds spent updating 1 materials, 1 interfaces, 0 instances, 0 with static permutations.
[2016.02.01-07.14.50:961][828]LogMaterial: Missing cached shader map for material FMatExpressionPreview MaterialExpressionTextureSample_2, compiling. 
[2016.02.01-07.14.51:001][828]LogMaterial: Missing cached shader map for material FMatExpressionPreview MaterialExpressionTextureSample_0, compiling. 
[2016.02.01-07.14.51:009][828]LogMaterial: Missing cached shader map for material FMatExpressionPreview MaterialExpressionTextureSample_1, compiling. 
[2016.02.01-07.14.51:015][828]LogMaterial: Missing cached shader map for material FMatExpressionPreview MaterialExpressionTextureSample_2, compiling. 
[2016.02.01-07.14.54:668][905]LogMaterial: Missing cached shader map for material ChairMat, compiling. 
[2016.02.01-07.14.54:700][905]LogMaterial: 0.000078 seconds spent updating 1 materials, 1 interfaces, 0 instances, 0 with static permutations.
[2016.02.01-07.14.54:729][905]LogMaterial: Missing cached shader map for material FMatExpressionPreview MaterialExpressionTextureSample_2, compiling. 
[2016.02.01-07.15.02:885][984]LogMaterial: Missing cached shader map for material ChairMat, compiling. 
[2016.02.01-07.15.02:928][984]LogMaterial: 0.000103 seconds spent updating 1 materials, 1 interfaces, 0 instances, 0 with static permutations.
[2016.02.01-07.15.02:972][984]LogMaterial: Missing cached shader map for material ChairMat, compiling. 
[2016.02.01-07.15.03:022][984]LogMaterial: Missing cached shader map for material ChairMat, compiling. 
[2016.02.01-07.15.03:054][984]LogMaterial: 0.000865 seconds spent updating 1 materials, 1 interfaces, 0 instances, 0 with static permutations.
[2016.02.01-07.15.17:634][136]LogSkeletalMesh: InitArticulated: Bodies already created (/Engine/Transient.DebugSkelMeshComponent_2) - call TermArticulated first.
[2016.02.01-07.15.47:822][445]LogMaterial: Missing cached shader map for material PreviewMaterial_0, compiling. 
[2016.02.01-07.15.48:107][445]LogMaterial: Missing cached shader map for material PreviewMaterial_0, compiling. 
[2016.02.01-07.15.48:130][445]LogMaterial: 0.000078 seconds spent updating 1 materials, 1 interfaces, 0 instances, 0 with static permutations.
[2016.02.01-07.15.48:162][445]LogMaterial: Missing cached shader map for material FMatExpressionPreview MaterialExpressionTextureSample_0, compiling. 
[2016.02.01-07.15.48:169][445]LogMaterial: Missing cached shader map for material FMatExpressionPreview MaterialExpressionTextureSample_2, compiling. 
[2016.02.01-07.15.48:176][445]LogMaterial: Missing cached shader map for material FMatExpressionPreview MaterialExpressionTextureSample_1, compiling. 
[2016.02.01-07.16.18:896][658]Material