[2016.02.01-07.58.35:490][  0]Log file open, 02/01/16 02:58:35
[2016.02.01-07.58.35:490][  0]LogInit:Display: Running engine for game: HotelBete
[2016.02.01-07.58.35:490][  0]LogPlatformFile: Not using cached read wrapper
[2016.02.01-07.58.35:490][  0]LogInit:Display: RandInit(-1185988447) SRandInit(-1185988446).
[2016.02.01-07.58.35:490][  0]LogTaskGraph: Started task graph with 4 named threads and 5 total threads.
[2016.02.01-07.58.35:490][  0]LogStats: Stats thread started at 0.088291
[2016.02.01-07.58.35:490][  0]LogInit: Version: 4.10.2-2818068+++depot+UE4-Releases+4.10
[2016.02.01-07.58.35:490][  0]LogInit: API Version: 2758231
[2016.02.01-07.58.35:490][  0]LogInit: Compiled (64-bit): Jan  6 2016 17:36:42
[2016.02.01-07.58.35:490][  0]LogInit: Compiled with Visual C++: 19.00.23026.00
[2016.02.01-07.58.35:490][  0]LogInit: Build Configuration: Development
[2016.02.01-07.58.35:490][  0]LogInit: Branch Name: ++depot+UE4-Releases+4.10
[2016.02.01-07.58.35:490][  0]LogInit: Command line:  
[2016.02.01-07.58.35:490][  0]LogInit: Base directory: C:/Program Files/Epic Games/4.10/Engine/Binaries/Win64/
[2016.02.01-07.58.35:490][  0]LogInit: Rocket: 1
[2016.02.01-07.58.35:510][  0]LogInit: Using libcurl 7.41.0
[2016.02.01-07.58.35:510][  0]LogInit:  - built for x86_64-pc-win32
[2016.02.01-07.58.35:510][  0]LogInit:  - supports SSL with WinSSL
[2016.02.01-07.58.35:510][  0]LogInit:  - other features:
[2016.02.01-07.58.35:510][  0]LogInit:      CURL_VERSION_SSL
[2016.02.01-07.58.35:510][  0]LogInit:      CURL_VERSION_IPV6
[2016.02.01-07.58.35:510][  0]LogInit:      CURL_VERSION_ASYNCHDNS
[2016.02.01-07.58.35:510][  0]LogInit:      CURL_VERSION_LARGEFILE
[2016.02.01-07.58.35:510][  0]LogInit:      CURL_VERSION_IDN
[2016.02.01-07.58.35:510][  0]LogInit:  CurlRequestOptions (configurable via config and command line):
[2016.02.01-07.58.35:510][  0]LogInit:  - bVerifyPeer = true  - Libcurl will verify peer certificate
[2016.02.01-07.58.35:510][  0]LogInit:  - bUseHttpProxy = false  - Libcurl will NOT use HTTP proxy
[2016.02.01-07.58.35:510][  0]LogInit:  - bDontReuseConnections = false  - Libcurl will reuse connections
[2016.02.01-07.58.35:510][  0]LogInit:  - CertBundlePath = nullptr  - Libcurl will use whatever was configured at build time.
[2016.02.01-07.58.35:523][  0]LogInit: Presizing for 0 objects not considered by GC, pre-allocating 0 bytes.
[2016.02.01-07.58.35:534][  0]LogInit: Object subsystem initialized
[2016.02.01-07.58.35:536][  0]LogInit: Selected Device Profile: [Windows]
[2016.02.01-07.58.35:536][  0]LogInit: Applying CVar settings loaded from the selected device profile: [Windows]
[2016.02.01-07.58.35:558][  0]LogInit: Computer: CONOR-LAPTOP
[2016.02.01-07.58.35:558][  0]LogInit: User: jcc44000
[2016.02.01-07.58.35:558][  0]LogInit: CPU Page size=4096, Cores=2
[2016.02.01-07.58.35:558][  0]LogInit: High frequency timer resolution =2.240908 MHz
[2016.02.01-07.58.35:558][  0]LogMemory: Memory total: Physical=11.9GB (12GB approx)
[2016.02.01-07.58.35:558][  0]LogMemory: Platform Memory Stats for Windows
[2016.02.01-07.58.35:558][  0]LogMemory: Process Physical Memory: 54.50 MB used, 54.50 MB peak
[2016.02.01-07.58.35:558][  0]LogMemory: Process Virtual Memory: 55.27 MB used, 55.27 MB peak
[2016.02.01-07.58.35:558][  0]LogMemory: Physical Memory: 3610.91 MB used, 12171.62 MB total
[2016.02.01-07.58.35:558][  0]LogMemory: Virtual Memory: 363.36 MB used, 134217728.00 MB total
[2016.02.01-07.58.35:629][  0]LogTextLocalizationManager: No specific translations for ('en-US') exist, so ('en') translations will be used.
[2016.02.01-07.58.36:354][  0]LogD3D11RHI: Found D3D11 adapter 0: Intel(R) HD Graphics Family (Feature Level 11_0)
[2016.02.01-07.58.36:354][  0]LogD3D11RHI: Adapter has 32MB of dedicated video memory, 0MB of dedicated system memory, and 1760MB of shared system memory, 1 output[s]
[2016.02.01-07.58.36:356][  0]LogD3D11RHI: Found D3D11 adapter 1: Microsoft Basic Render Driver (Feature Level 11_0)
[2016.02.01-07.58.36:356][  0]LogD3D11RHI: Adapter has 0MB of dedicated video memory, 0MB of dedicated system memory, and 256MB of shared system memory, 0 output[s]
[2016.02.01-07.58.36:356][  0]LogD3D11RHI: Chosen D3D11 Adapter Id = 0
[2016.02.01-07.58.36:366][  0]LogD3D11RHI: !Direct3DDevice
[2016.02.01-07.58.36:366][  0]LogRHI: Texture pool is 638 MB (70% of 912 MB)
[2016.02.01-07.58.36:375][  0]LogD3D11RHI: Async texture creation enabled
[2016.02.01-07.58.36:384][  0]LogShaderCompilers: Guid format shader working directory is -11 characters bigger than the processId version (../../../../../../Users/jcc44_000/Documents/GitHub/HotelBete/Intermediate/Shaders/WorkingDirectory/7524/).
[2016.02.01-07.58.36:384][  0]LogShaderCompilers: Cleaned the shader compiler working directory 'C:/Users/JCC44_~1/AppData/Local/Temp/UnrealShaderWorkingDir/04DCDCF54CCCBF46B18ADDBDBDE114BF/'.
[2016.02.01-07.58.36:384][  0]LogShaderCompilers:Display: Using Local Shader Compiler.
[2016.02.01-07.58.38:073][  0]LogTemp:Display: Loaded TP AllDesktopTargetPlatform
[2016.02.01-07.58.38:085][  0]LogTemp:Display: Loaded TP WindowsClientTargetPlatform
[2016.02.01-07.58.38:095][  0]LogTemp:Display: Loaded TP WindowsNoEditorTargetPlatform
[2016.02.01-07.58.38:106][  0]LogTemp:Display: Loaded TP WindowsServerTargetPlatform
[2016.02.01-07.58.38:116][  0]LogTemp:Display: Loaded TP WindowsTargetPlatform
[2016.02.01-07.58.38:123][  0]LogTemp:Display: Loaded TP AndroidTargetPlatform
[2016.02.01-07.58.38:130][  0]LogTemp:Display: Loaded TP Android_ASTCTargetPlatform
[2016.02.01-07.58.38:135][  0]LogTemp:Display: Loaded TP Android_ATCTargetPlatform
[2016.02.01-07.58.38:141][  0]LogTemp:Display: Loaded TP Android_DXTTargetPlatform
[2016.02.01-07.58.38:149][  0]LogTemp:Display: Loaded TP Android_ETC1TargetPlatform
[2016.02.01-07.58.38:155][  0]LogTemp:Display: Loaded TP Android_ETC2TargetPlatform
[2016.02.01-07.58.38:170][  0]LogTemp:Display: Loaded TP Android_MultiTargetPlatform
[2016.02.01-07.58.38:170][  0]LogTemp:Display: Loaded TP Android_PVRTCTargetPlatform
[2016.02.01-07.58.38:171][  0]LogTemp:Display: Loaded TP HTML5TargetPlatform
[2016.02.01-07.58.38:196][  0]LogTemp:Display: Loaded TP IOSTargetPlatform
[2016.02.01-07.58.38:202][  0]LogTemp:Display: Loaded TP LinuxNoEditorTargetPlatform
[2016.02.01-07.58.38:207][  0]LogTemp:Display: Loaded TP LinuxServerTargetPlatform
[2016.02.01-07.58.38:216][  0]LogTemp:Display: Loaded TP LinuxTargetPlatform
[2016.02.01-07.58.38:216][  0]LogTargetPlatformManager:Display: Building Assets For Windows
[2016.02.01-07.58.38:391][  0]LogDerivedDataCache:Display: Max Cache Size: 512 MB
[2016.02.01-07.58.38:478][  0]LogDerivedDataCache: Loaded boot cache 0.09s 41MB C:/Users/jcc44_000/AppData/Local/UnrealEngine/4.10/DerivedDataCache/Boot.ddc.
[2016.02.01-07.58.38:478][  0]LogDerivedDataCache:Display: Loaded Boot cache: C:/Users/jcc44_000/AppData/Local/UnrealEngine/4.10/DerivedDataCache/Boot.ddc
[2016.02.01-07.58.38:479][  0]LogDerivedDataCache: FDerivedDataBackendGraph:  Pak pak cache file ../../../../../../Users/jcc44_000/Documents/GitHub/HotelBete/DerivedDataCache/DDC.ddp not found, will not use a pak cache.
[2016.02.01-07.58.38:479][  0]LogDerivedDataCache: Unable to find inner node Pak for hierarchical cache Hierarchy.
[2016.02.01-07.58.38:479][  0]LogDerivedDataCache: FDerivedDataBackendGraph:  CompressedPak pak cache file ../../../../../../Users/jcc44_000/Documents/GitHub/HotelBete/DerivedDataCache/Compressed.ddp not found, will not use a pak cache.
[2016.02.01-07.58.38:479][  0]LogDerivedDataCache: Unable to find inner node CompressedPak for hierarchical cache Hierarchy.
[2016.02.01-07.58.38:598][  0]LogDerivedDataCache:Display: Pak cache opened for reading ../../../Engine/DerivedDataCache/Compressed.ddp.
[2016.02.01-07.58.38:610][  0]LogDerivedDataCache: Using Local data cache path C:/Users/jcc44_000/AppData/Local/UnrealEngine/Common/DerivedDataCache: Writable
[2016.02.01-07.58.38:956][  0]LogInit: Selected Device Profile: [Windows]
[2016.02.01-07.58.38:962][  0]LogContentStreaming: Texture pool size is 0.000000MB
[2016.02.01-07.58.39:186][  0]LogMeshUtilities: No automatic mesh reduction module available
[2016.02.01-07.58.39:186][  0]LogMeshUtilities: No automatic mesh merging module available
[2016.02.01-07.58.39:647][  0]LogInit: WinSock: version 1.1 (2.2), MaxSocks=32767, MaxUdp=65467
[2016.02.01-07.58.41:054][  0]LogAssetRegistry: FAssetRegistry took 0.0117 seconds to start up
[2016.02.01-07.58.41:086][  0]UdpMessaging: Initializing bridge on interface 0.0.0.0:0 to multicast group 230.0.0.1:6666.
[2016.02.01-07.58.41:562][  0]SourceControl: Info Source control is disabled
[2016.02.01-07.58.41:563][  0]SourceControl: Info Source control is disabled
[2016.02.01-07.58.41:582][  0]SourceControl: Info Source control is disabled
[2016.02.01-07.58.41:609][  0]SourceControl: Info Source control is disabled
[2016.02.01-07.58.42:027][  0]LogObj: 28802 objects as part of root set at end of initial load.
[2016.02.01-07.58.42:027][  0]LogUObjectAllocator: 6129776 out of 0 bytes used by permanent object pool.
[2016.02.01-07.58.42:120][  0]LogEngine: Initializing Engine...
[2016.02.01-07.58.42:124][  0]LogHMD: Can't find Oculus library dev build: is proper Runtime installed? Version: 0.8.0.0
[2016.02.01-07.58.42:125][  0]LogHMD: SteamVR failed to initialize.  Err: 110
[2016.02.01-07.58.42:357][  0]LogAIModule: Creating AISystem for world NewWorld
[2016.02.01-07.58.42:363][  0]LogInit: XAudio2 using 'Speakers (Realtek High Definition Audio)' : 2 channels at 48 kHz using 32 bits per sample (channel mask 0x3)
[2016.02.01-07.58.42:438][  0]LogInit: FAudioDevice initialized.
[2016.02.01-07.58.42:472][  0]LogDerivedDataCache: Saved boot cache 0.03s 41MB C:/Users/jcc44_000/AppData/Local/UnrealEngine/4.10/DerivedDataCache/Boot.ddc.
[2016.02.01-07.58.42:480][  0]LogInit: Texture streaming: Enabled
[2016.02.01-07.58.42:492][  0]LogAnalytics: Creating configured Analytics provider AnalyticsET
[2016.02.01-07.58.42:492][  0]LogAnalytics: [UEEditor.Rocket.Release] APIServer = http://et2.epicgames.com/ET2/. AppVersion = 4.10.2-2818068+++depot+UE4-Releases+4.10
[2016.02.01-07.58.42:492][  0]LogAnalytics: [UEEditor.Rocket.Release] SetUserId a00de05446ef577f40030a85b6572d0b|78e6d53e0a594b3ca03846b462c1cd9f|0660c053-9676-4ff0-a488-6e040aefb54e
[2016.02.01-07.58.42:492][  0]LogAnalytics: [UEEditor.Rocket.Release] AnalyticsET::StartSession
[2016.02.01-07.58.42:508][  0]LogInit: Transaction tracking system initialized
[2016.02.01-07.58.42:568][  0]BlueprintLog: New page: Editor Load
[2016.02.01-07.58.42:736][  0]LocalizationService: Info Localization service is disabled
[2016.02.01-07.58.42:865][  0]LogConsoleResponse:Display: 
[2016.02.01-07.58.43:080][  0]LogCook:Display: Done creating registry. It took  0.00s.
[2016.02.01-07.58.43:192][  0]LogFileCache: Scanning file cache for directory 'C:/Users/jcc44_000/Documents/GitHub/HotelBete/Content/' took 0.02s
[2016.02.01-07.58.43:204][  0]SourceControl: Info Source control is disabled
[2016.02.01-07.58.43:204][  0]Cmd: MAP LOAD FILE="../../../../../../Users/jcc44_000/Documents/GitHub/HotelBete/Content/FirstPersonBP/Level/BondsLevel.umap" TEMPLATE=0 SHOWPROGRESS=1 FEATURELEVEL=3
[2016.02.01-07.58.43:204][  0]LogEditorServer:Warning: Can't find file '../../../../../../Users/jcc44_000/Documents/GitHub/HotelBete/Content/FirstPersonBP/Level/BondsLevel.umap'
[2016.02.01-07.58.43:204][  0]Cmd: MAP CHECKDEP NOCLEARLOG
[2016.02.01-07.58.43:268][  0]MapCheck: Info Map check complete: 0 Error(s), 0 Warning(s), took 63.203ms to complete.
[2016.02.01-07.58.43:268][  0]LogFileHelpers: Loading map 'BondsLevel' took 0.064
[2016.02.01-07.58.43:437][  0]LogCollectionManager: Loaded 0 collections in 0.005342 seconds
[2016.02.01-07.58.43:482][  0]LogFileCache: Scanning file cache for directory 'C:/Users/jcc44_000/Documents/GitHub/HotelBete/Saved/Collections/' took 0.01s
[2016.02.01-07.58.43:483][  0]LogFileCache: Scanning file cache for directory 'C:/Users/jcc44_000/Documents/GitHub/HotelBete/Content/Developers/jcc44000/Collections/' took 0.01s
[2016.02.01-07.58.43:483][  0]LogFileCache: Scanning file cache for directory 'C:/Users/jcc44_000/Documents/GitHub/HotelBete/Content/Collections/' took 0.01s
[2016.02.01-07.58.43:483][  0]LogCollectionManager: Rebuilt the GUID cache for 0 collections in 0.000003 seconds
[2016.02.01-07.58.43:495][  0]LogContentBrowser: Native class hierarchy populated in 0.0120 seconds. Added 1908 classes and 344 folders.
[2016.02.01-07.58.43:510][  0]LogContentBrowser: Native class hierarchy updated for 'WidgetCarousel' in 0.0008 seconds. Added 0 classes and 0 folders.
[2016.02.01-07.58.43:585][  0]LogContentBrowser: Native class hierarchy updated for 'AddContentDialog' in 0.0007 seconds. Added 0 classes and 0 folders.
[2016.02.01-07.58.43:593][  0]LogContentBrowser: Native class hierarchy updated for 'SceneOutliner' in 0.0005 seconds. Added 1 classes and 2 folders.
[2016.02.01-07.58.43:681][  0]LogCrashTracker: Crashtracker disabled due to settings.
[2016.02.01-07.58.43:708][  0]LogUObjectGlobals:Warning: Failed to find object 'Class None.'
[2016.02.01-07.58.43:732][  0]LogLoad: Full Startup: 9.06 seconds (BP compile: 0.01 seconds)
[2016.02.01-07.58.43:750][  0]LogWindowsTextInputMethodSystem:Display: IME system now deactivated.
[2016.02.01-07.58.43:750][  0]LogWindowsTextInputMethodSystem:Display: IME system now deactivated.
[2016.02.01-07.58.43:754][  0]LogOcInput: Can't find Oculus library dev build: is proper Runtime installed? Version: 0.8.0.0
[2016.02.01-07.58.43:826][  0]LogContentStreaming: Texture pool size now 1000 MB
[2016.02.01-07.58.44:066][  0]LogRenderer: Reallocating scene render targets to support 888x432 (Frame:2).
[2016.02.01-07.58.45:514][  3]LogAssetRegistry: Asset discovery search completed in 4.4719 seconds
[2016.02.01-07.58.45:514][  3]LogCollectionManager: Rebuilt the object cache for 0 collections in 0.000001 seconds (found 0 objects)
[2016.02.01-07.58.45:514][  3]LogCollectionManager: Fixed up redirectors for 0 collections in 0.000042 seconds (updated 0 objects)
[2016.02.01-07.59.03:733][424]LogRenderer: Reallocating scene render targets to support 888x612 (Frame:380).
[2016.02.01-07.59.11:169][505]LogMaterial: Missing cached shader map for material 01_-_Default, compiling. 
[2016.02.01-07.59.11:469][505]LogMaterial: Missing cached shader map for material 01_-_Default, compiling. 
[2016.02.01-07.59.11:479][505]LogMaterial: 0.000104 seconds spent updating 1 materials, 1 interfaces, 0 instances, 0 with static permutations.
[2016.02.01-07.59.11:512][505]LogMaterial: Missing cached shader map for material FMatExpressionPreview MaterialExpressionTextureSample_0, compiling. 
[2016.02.01-07.59.11:519][505]LogMaterial: Missing cached shader map for material FMatExpressionPreview MaterialExpressionTextureSample_1, compiling. 
[2016.02.01-07.59.21:749][645]LogMaterial: Missing cached shader map for material 01_-_Default, compiling. 
[2016.02.01-07.59.21:763][645]LogMaterial: 0.000059 seconds spent updating 1 materials, 1 interfaces, 0 instances, 0 with static permutations.
[2016.02.01-07.59.21:766][645]LogMaterial: Missing cached shader map for material FMatExpressionPreview MaterialExpressionTextureSample_2, compiling. 
[2016.02.01-07.59.21:804][645]LogMaterial: Missing cached shader map for material FMatExpressionPreview MaterialExpressionTextureSample_0, compiling. 
[2016.02.01-07.59.21:811][645]LogMaterial: Missing cached shader map for material FMatExpressionPreview MaterialExpressionTextureSample_1, compiling. 
[2016.02.01-07.59.21:819][645]LogMaterial: Missing cached shader map for material FMatExpressionPreview MaterialExpressionTextureSample_2, compiling. 
[2016.02.01-07.59.25:130][719]LogMaterial: Missing cached shader map for material 01_-_Default, compiling. 
[2016.02.01-07.59.25:144][719]LogMaterial: 0.000057 seconds spent updating 1 materials, 1 interfaces, 0 instances, 0 with static permutations.
[2016.02.01-07.59.25:195][719]LogMaterial: Missing cached shader map for material FMatExpressionPreview MaterialExpressionTextureSample_2, compiling. 
[2016.02.01-07.59.28:501][776]LogMaterialEditor: Saving and Compiling material 01_-_Default
[2016.02.01-07.59.29