[2016.02.01-06.38.26:550][  0]Log file open, 02/01/16 01:38:26
[2016.02.01-06.38.26:550][  0]LogInit:Display: Running engine for game: HotelBete
[2016.02.01-06.38.26:550][  0]LogPlatformFile: Not using cached read wrapper
[2016.02.01-06.38.26:550][  0]LogInit:Display: RandInit(922507802) SRandInit(922507803).
[2016.02.01-06.38.26:550][  0]LogTaskGraph: Started task graph with 4 named threads and 5 total threads.
[2016.02.01-06.38.26:550][  0]LogStats: Stats thread started at 0.071791
[2016.02.01-06.38.26:550][  0]LogInit: Version: 4.10.2-2818068+++depot+UE4-Releases+4.10
[2016.02.01-06.38.26:550][  0]LogInit: API Version: 2758231
[2016.02.01-06.38.26:550][  0]LogInit: Compiled (64-bit): Jan  6 2016 17:36:42
[2016.02.01-06.38.26:550][  0]LogInit: Compiled with Visual C++: 19.00.23026.00
[2016.02.01-06.38.26:550][  0]LogInit: Build Configuration: Development
[2016.02.01-06.38.26:550][  0]LogInit: Branch Name: ++depot+UE4-Releases+4.10
[2016.02.01-06.38.26:551][  0]LogInit: Command line:  
[2016.02.01-06.38.26:551][  0]LogInit: Base directory: C:/Program Files/Epic Games/4.10/Engine/Binaries/Win64/
[2016.02.01-06.38.26:551][  0]LogInit: Rocket: 1
[2016.02.01-06.38.26:560][  0]LogInit: Using libcurl 7.41.0
[2016.02.01-06.38.26:560][  0]LogInit:  - built for x86_64-pc-win32
[2016.02.01-06.38.26:560][  0]LogInit:  - supports SSL with WinSSL
[2016.02.01-06.38.26:560][  0]LogInit:  - other features:
[2016.02.01-06.38.26:560][  0]LogInit:      CURL_VERSION_SSL
[2016.02.01-06.38.26:560][  0]LogInit:      CURL_VERSION_IPV6
[2016.02.01-06.38.26:560][  0]LogInit:      CURL_VERSION_ASYNCHDNS
[2016.02.01-06.38.26:560][  0]LogInit:      CURL_VERSION_LARGEFILE
[2016.02.01-06.38.26:560][  0]LogInit:      CURL_VERSION_IDN
[2016.02.01-06.38.26:560][  0]LogInit:  CurlRequestOptions (configurable via config and command line):
[2016.02.01-06.38.26:560][  0]LogInit:  - bVerifyPeer = true  - Libcurl will verify peer certificate
[2016.02.01-06.38.26:560][  0]LogInit:  - bUseHttpProxy = false  - Libcurl will NOT use HTTP proxy
[2016.02.01-06.38.26:560][  0]LogInit:  - bDontReuseConnections = false  - Libcurl will reuse connections
[2016.02.01-06.38.26:560][  0]LogInit:  - CertBundlePath = nullptr  - Libcurl will use whatever was configured at build time.
[2016.02.01-06.38.26:570][  0]LogInit: Presizing for 0 objects not considered by GC, pre-allocating 0 bytes.
[2016.02.01-06.38.26:576][  0]LogInit: Object subsystem initialized
[2016.02.01-06.38.26:577][  0]LogInit: Selected Device Profile: [Windows]
[2016.02.01-06.38.26:577][  0]LogInit: Applying CVar settings loaded from the selected device profile: [Windows]
[2016.02.01-06.38.26:589][  0]LogInit: Computer: CONOR-LAPTOP
[2016.02.01-06.38.26:589][  0]LogInit: User: jcc44000
[2016.02.01-06.38.26:589][  0]LogInit: CPU Page size=4096, Cores=2
[2016.02.01-06.38.26:589][  0]LogInit: High frequency timer resolution =2.240908 MHz
[2016.02.01-06.38.26:589][  0]LogMemory: Memory total: Physical=11.9GB (12GB approx)
[2016.02.01-06.38.26:589][  0]LogMemory: Platform Memory Stats for Windows
[2016.02.01-06.38.26:589][  0]LogMemory: Process Physical Memory: 54.52 MB used, 54.52 MB peak
[2016.02.01-06.38.26:589][  0]LogMemory: Process Virtual Memory: 55.26 MB used, 55.26 MB peak
[2016.02.01-06.38.26:589][  0]LogMemory: Physical Memory: 4197.34 MB used, 12171.62 MB total
[2016.02.01-06.38.26:589][  0]LogMemory: Virtual Memory: 363.36 MB used, 134217728.00 MB total
[2016.02.01-06.38.26:627][  0]LogTextLocalizationManager: No specific translations for ('en-US') exist, so ('en') translations will be used.
[2016.02.01-06.38.27:106][  0]LogD3D11RHI: Found D3D11 adapter 0: Intel(R) HD Graphics Family (Feature Level 11_0)
[2016.02.01-06.38.27:106][  0]LogD3D11RHI: Adapter has 32MB of dedicated video memory, 0MB of dedicated system memory, and 1760MB of shared system memory, 1 output[s]
[2016.02.01-06.38.27:107][  0]LogD3D11RHI: Found D3D11 adapter 1: Microsoft Basic Render Driver (Feature Level 11_0)
[2016.02.01-06.38.27:107][  0]LogD3D11RHI: Adapter has 0MB of dedicated video memory, 0MB of dedicated system memory, and 256MB of shared system memory, 0 output[s]
[2016.02.01-06.38.27:108][  0]LogD3D11RHI: Chosen D3D11 Adapter Id = 0
[2016.02.01-06.38.27:116][  0]LogD3D11RHI: !Direct3DDevice
[2016.02.01-06.38.27:116][  0]LogRHI: Texture pool is 638 MB (70% of 912 MB)
[2016.02.01-06.38.27:126][  0]LogD3D11RHI: Async texture creation enabled
[2016.02.01-06.38.27:130][  0]LogShaderCompilers: Guid format shader working directory is -11 characters bigger than the processId version (../../../../../../Users/jcc44_000/Documents/GitHub/HotelBete/Intermediate/Shaders/WorkingDirectory/8388/).
[2016.02.01-06.38.27:130][  0]LogShaderCompilers: Cleaned the shader compiler working directory 'C:/Users/JCC44_~1/AppData/Local/Temp/UnrealShaderWorkingDir/12E24FBB4894AF9A9859469DDC3829BF/'.
[2016.02.01-06.38.27:130][  0]LogShaderCompilers:Display: Using Local Shader Compiler.
[2016.02.01-06.38.28:147][  0]LogTemp:Display: Loaded TP AllDesktopTargetPlatform
[2016.02.01-06.38.28:153][  0]LogTemp:Display: Loaded TP WindowsClientTargetPlatform
[2016.02.01-06.38.28:158][  0]LogTemp:Display: Loaded TP WindowsNoEditorTargetPlatform
[2016.02.01-06.38.28:164][  0]LogTemp:Display: Loaded TP WindowsServerTargetPlatform
[2016.02.01-06.38.28:169][  0]LogTemp:Display: Loaded TP WindowsTargetPlatform
[2016.02.01-06.38.28:173][  0]LogTemp:Display: Loaded TP AndroidTargetPlatform
[2016.02.01-06.38.28:176][  0]LogTemp:Display: Loaded TP Android_ASTCTargetPlatform
[2016.02.01-06.38.28:180][  0]LogTemp:Display: Loaded TP Android_ATCTargetPlatform
[2016.02.01-06.38.28:183][  0]LogTemp:Display: Loaded TP Android_DXTTargetPlatform
[2016.02.01-06.38.28:187][  0]LogTemp:Display: Loaded TP Android_ETC1TargetPlatform
[2016.02.01-06.38.28:190][  0]LogTemp:Display: Loaded TP Android_ETC2TargetPlatform
[2016.02.01-06.38.28:198][  0]LogTemp:Display: Loaded TP Android_MultiTargetPlatform
[2016.02.01-06.38.28:198][  0]LogTemp:Display: Loaded TP Android_PVRTCTargetPlatform
[2016.02.01-06.38.28:199][  0]LogTemp:Display: Loaded TP HTML5TargetPlatform
[2016.02.01-06.38.28:218][  0]LogTemp:Display: Loaded TP IOSTargetPlatform
[2016.02.01-06.38.28:223][  0]LogTemp:Display: Loaded TP LinuxNoEditorTargetPlatform
[2016.02.01-06.38.28:226][  0]LogTemp:Display: Loaded TP LinuxServerTargetPlatform
[2016.02.01-06.38.28:231][  0]LogTemp:Display: Loaded TP LinuxTargetPlatform
[2016.02.01-06.38.28:231][  0]LogTargetPlatformManager:Display: Building Assets For Windows
[2016.02.01-06.38.28:328][  0]LogDerivedDataCache:Display: Max Cache Size: 512 MB
[2016.02.01-06.38.28:397][  0]LogDerivedDataCache: Loaded boot cache 0.07s 41MB C:/Users/jcc44_000/AppData/Local/UnrealEngine/4.10/DerivedDataCache/Boot.ddc.
[2016.02.01-06.38.28:397][  0]LogDerivedDataCache:Display: Loaded Boot cache: C:/Users/jcc44_000/AppData/Local/UnrealEngine/4.10/DerivedDataCache/Boot.ddc
[2016.02.01-06.38.28:397][  0]LogDerivedDataCache: FDerivedDataBackendGraph:  Pak pak cache file ../../../../../../Users/jcc44_000/Documents/GitHub/HotelBete/DerivedDataCache/DDC.ddp not found, will not use a pak cache.
[2016.02.01-06.38.28:397][  0]LogDerivedDataCache: Unable to find inner node Pak for hierarchical cache Hierarchy.
[2016.02.01-06.38.28:397][  0]LogDerivedDataCache: FDerivedDataBackendGraph:  CompressedPak pak cache file ../../../../../../Users/jcc44_000/Documents/GitHub/HotelBete/DerivedDataCache/Compressed.ddp not found, will not use a pak cache.
[2016.02.01-06.38.28:397][  0]LogDerivedDataCache: Unable to find inner node CompressedPak for hierarchical cache Hierarchy.
[2016.02.01-06.38.28:471][  0]LogDerivedDataCache:Display: Pak cache opened for reading ../../../Engine/DerivedDataCache/Compressed.ddp.
[2016.02.01-06.38.28:483][  0]LogDerivedDataCache: Using Local data cache path C:/Users/jcc44_000/AppData/Local/UnrealEngine/Common/DerivedDataCache: Writable
[2016.02.01-06.38.28:738][  0]LogInit: Selected Device Profile: [Windows]
[2016.02.01-06.38.28:741][  0]LogContentStreaming: Texture pool size is 0.000000MB
[2016.02.01-06.38.28:878][  0]LogMeshUtilities: No automatic mesh reduction module available
[2016.02.01-06.38.28:878][  0]LogMeshUtilities: No automatic mesh merging module available
[2016.02.01-06.38.29:161][  0]LogInit: WinSock: version 1.1 (2.2), MaxSocks=32767, MaxUdp=65467
[2016.02.01-06.38.30:062][  0]LogAssetRegistry: FAssetRegistry took 0.0116 seconds to start up
[2016.02.01-06.38.30:081][  0]UdpMessaging: Initializing bridge on interface 0.0.0.0:0 to multicast group 230.0.0.1:6666.
[2016.02.01-06.38.30:392][  0]SourceControl: Info Source control is disabled
[2016.02.01-06.38.30:393][  0]SourceControl: Info Source control is disabled
[2016.02.01-06.38.30:405][  0]SourceControl: Info Source control is disabled
[2016.02.01-06.38.30:417][  0]SourceControl: Info Source control is disabled
[2016.02.01-06.38.30:692][  0]LogObj: 28802 objects as part of root set at end of initial load.
[2016.02.01-06.38.30:692][  0]LogUObjectAllocator: 6129776 out of 0 bytes used by permanent object pool.
[2016.02.01-06.38.30:758][  0]LogEngine: Initializing Engine...
[2016.02.01-06.38.30:761][  0]LogHMD: Can't find Oculus library dev build: is proper Runtime installed? Version: 0.8.0.0
[2016.02.01-06.38.30:761][  0]LogHMD: SteamVR failed to initialize.  Err: 110
[2016.02.01-06.38.30:903][  0]LogAIModule: Creating AISystem for world NewWorld
[2016.02.01-06.38.30:907][  0]LogInit: XAudio2 using 'Speakers (Realtek High Definition Audio)' : 2 channels at 48 kHz using 32 bits per sample (channel mask 0x3)
[2016.02.01-06.38.31:125][  0]LogInit: FAudioDevice initialized.
[2016.02.01-06.38.31:149][  0]LogDerivedDataCache: Saved boot cache 0.02s 41MB C:/Users/jcc44_000/AppData/Local/UnrealEngine/4.10/DerivedDataCache/Boot.ddc.
[2016.02.01-06.38.31:156][  0]LogInit: Texture streaming: Enabled
[2016.02.01-06.38.31:162][  0]LogAnalytics: Creating configured Analytics provider AnalyticsET
[2016.02.01-06.38.31:162][  0]LogAnalytics: [UEEditor.Rocket.Release] APIServer = http://et2.epicgames.com/ET2/. AppVersion = 4.10.2-2818068+++depot+UE4-Releases+4.10
[2016.02.01-06.38.31:162][  0]LogAnalytics: [UEEditor.Rocket.Release] SetUserId a00de05446ef577f40030a85b6572d0b|78e6d53e0a594b3ca03846b462c1cd9f|0660c053-9676-4ff0-a488-6e040aefb54e
[2016.02.01-06.38.31:162][  0]LogAnalytics: [UEEditor.Rocket.Release] AnalyticsET::StartSession
[2016.02.01-06.38.31:173][  0]LogInit: Transaction tracking system initialized
[2016.02.01-06.38.31:206][  0]BlueprintLog: New page: Editor Load
[2016.02.01-06.38.31:308][  0]LocalizationService: Info Localization service is disabled
[2016.02.01-06.38.31:404][  0]LogConsoleResponse:Display: 
[2016.02.01-06.38.31:542][  0]LogCook:Display: Done creating registry. It took  0.00s.
[2016.02.01-06.38.31:611][  0]LogFileCache: Scanning file cache for directory 'C:/Users/jcc44_000/Documents/GitHub/HotelBete/Content/' took 0.02s
[2016.02.01-06.38.31:611][  0]SourceControl: Info Source control is disabled
[2016.02.01-06.38.31:611][  0]Cmd: MAP LOAD FILE="../../../../../../Users/jcc44_000/Documents/GitHub/HotelBete/Content/FirstPersonBP/Level/BondsLevel.umap" TEMPLATE=0 SHOWPROGRESS=1 FEATURELEVEL=3
[2016.02.01-06.38.31:612][  0]LogEditorServer:Warning: Can't find file '../../../../../../Users/jcc44_000/Documents/GitHub/HotelBete/Content/FirstPersonBP/Level/BondsLevel.umap'
[2016.02.01-06.38.31:612][  0]Cmd: MAP CHECKDEP NOCLEARLOG
[2016.02.01-06.38.31:650][  0]MapCheck: Info Map check complete: 0 Error(s), 0 Warning(s), took 38.087ms to complete.
[2016.02.01-06.38.31:650][  0]LogFileHelpers: Loading map 'BondsLevel' took 0.039
[2016.02.01-06.38.31:817][  0]LogCollectionManager: Loaded 0 collections in 0.002848 seconds
[2016.02.01-06.38.31:859][  0]LogFileCache: Scanning file cache for directory 'C:/Users/jcc44_000/Documents/GitHub/HotelBete/Saved/Collections/' took 0.01s
[2016.02.01-06.38.31:859][  0]LogFileCache: Scanning file cache for directory 'C:/Users/jcc44_000/Documents/GitHub/HotelBete/Content/Developers/jcc44000/Collections/' took 0.01s
[2016.02.01-06.38.31:859][  0]LogFileCache: Scanning file cache for directory 'C:/Users/jcc44_000/Documents/GitHub/HotelBete/Content/Collections/' took 0.01s
[2016.02.01-06.38.31:859][  0]LogCollectionManager: Rebuilt the GUID cache for 0 collections in 0.000001 seconds
[2016.02.01-06.38.31:869][  0]LogContentBrowser: Native class hierarchy populated in 0.0090 seconds. Added 1908 classes and 344 folders.
[2016.02.01-06.38.31:877][  0]LogContentBrowser: Native class hierarchy updated for 'WidgetCarousel' in 0.0003 seconds. Added 0 classes and 0 folders.
[2016.02.01-06.38.31:926][  0]LogContentBrowser: Native class hierarchy updated for 'AddContentDialog' in 0.0004 seconds. Added 0 classes and 0 folders.
[2016.02.01-06.38.31:930][  0]LogContentBrowser: Native class hierarchy updated for 'SceneOutliner' in 0.0004 seconds. Added 1 classes and 2 folders.
[2016.02.01-06.38.31:980][  0]LogCrashTracker: Crashtracker disabled due to settings.
[2016.02.01-06.38.31:985][  0]LogUObjectGlobals:Warning: Failed to find object 'Class None.'
[2016.02.01-06.38.32:011][  0]LogLoad: Full Startup: 6.26 seconds (BP compile: 0.00 seconds)
[2016.02.01-06.38.32:028][  0]LogWindowsTextInputMethodSystem:Display: IME system now deactivated.
[2016.02.01-06.38.32:029][  0]LogWindowsTextInputMethodSystem:Display: IME system now deactivated.
[2016.02.01-06.38.32:031][  0]LogOcInput: Can't find Oculus library dev build: is proper Runtime installed? Version: 0.8.0.0
[2016.02.01-06.38.32:082][  0]LogContentStreaming: Texture pool size now 1000 MB
[2016.02.01-06.38.32:247][  0]LogRenderer: Reallocating scene render targets to support 888x432 (Frame:2).
[2016.02.01-06.38.33:340][  3]LogAssetRegistry: Asset discovery search completed in 3.2889 seconds
[2016.02.01-06.38.33:340][  3]LogCollectionManager: Rebuilt the object cache for 0 collections in 0.000001 seconds (found 0 objects)
[2016.02.01-06.38.33:340][  3]LogCollectionManager: Fixed up redirectors for 0 collections in 0.000035 seconds (updated 0 objects)
[2016.02.01-06.39.40:511][454]LogFactory: FactoryCreateBinary: StaticMesh with FbxFactory (0 0 C:\Users\jcc44_000\Downloads\textures\haunted_room1.FBX)
[2016.02.01-06.39.40:542][454]LogFbx: ItemName: GlobalSettings, ItemCount : 1
[2016.02.01-06.39.40:542][454]LogFbx: ItemName: AnimationStack, ItemCount : 1
[2016.02.01-06.39.40:542][454]LogFbx: ItemName: AnimationLayer, ItemCount : 1
[2016.02.01-06.39.40:542][454]LogFbx: ItemName: Model, ItemCount : 3
[2016.02.01-06.39.40:542][454]LogFbx: ItemName: Geometry, ItemCount : 3
[2016.02.01-06.39.40:542][454]LogFbx: ItemName: Material, ItemCount : 3
[2016.02.01-06.39.40:651][454]LogFbx: Loading FBX Scene from C:\Users\jcc44_000\Downloads\textures\haunted_room1.FBX
[2016.02.01-06.39.40:785][454]LogFbx: FBX Scene Loaded Succesfully
[2016.02.01-06.40.00:984][454]LogFbx: Loading FBX Scene from C:\Users\jcc44_000\Downloads\textures\haunted_room1.FBX
[2016.02.01-06.40.01:117][454]LogFbx: FBX Scene Loaded Succesfully
[2016.02.01-06.40.01:157][454]LogLinker:Warning: Can't find file '/Game/Hotel/Art/Models/02_-_Default'
[2016.02.01-06.40.01:157][454]LogLinker:Warning: Can't find file '/Game/Hotel/Art/Models/02_-_Default'
[2016.02.01-06.40.01:165][454]LogMaterial: Missing cached shader map for material 02_-_Default, compiling. 
[2016.02.01-06.40.01:192][454]LogLinker:Warning: Can't find file '/Game/Hotel/Art/Models/03_-_Default'
[2016.02.01-06.40.01:192][454]LogLinker:Warning: Can't find file '/Game/Hotel/Art/Models/03_-_Default'
[2016.02.01-06.40.01:200][454]LogMaterial: Missing cached shader map for material 03_-_Default, compiling. 
[2016.02.01-06.40.01:209][454]LogLinker:Warning: Can't find file '/Game/Hotel/Art/Models/01_-_Default'
[2016.02.01-06.40.01:209][454]LogLinker:Warning: Can't find file '/Game/Hotel/Art/Models/01_-_Default'
[2016.02.01-06.40.01:216][454]LogMaterial: Missing cached shader map for material 01_-_Default, compiling. 
[2016.02.01-06.40.01:226][454]LogFbx:Warning: Triangulating static mesh bathroom
[2016.02.01-06.40.01:250][454]LogFbx:Warning: Triangulating static mesh hallway
[2016.02.01-06.40.01:272][454]LogStaticMesh: Building static mesh h