[2016.02.01-14.27.01:193][  0]Log file open, 02/01/16 09:27:01
[2016.02.01-14.27.01:193][  0]LogInit:Display: Running engine without a game
[2016.02.01-14.27.01:193][  0]LogPlatformFile: Not using cached read wrapper
[2016.02.01-14.27.01:193][  0]LogInit:Display: Loading recent project file: ../../../../../../My Media/UCF Documents/DIG 4725-2/HotelBete/HotelBete.uproject
[2016.02.01-14.27.01:193][  0]LogInit:Display: RandInit(-1393239434) SRandInit(-1393239432).
[2016.02.01-14.27.01:193][  0]LogTaskGraph: Started task graph with 4 named threads and 7 total threads.
[2016.02.01-14.27.01:193][  0]LogStats: Stats thread started at 0.099786
[2016.02.01-14.27.01:193][  0]LogExit: Preparing to exit.
[2016.02.01-14.27.01:194][  0]LogModuleManager: Shutting down and abandoning module TextureCompressor (14)
[2016.02.01-14.27.01:194][  0]LogModuleManager: Shutting down and abandoning module ShaderCore (13)
[2016.02.01-14.27.01:194][  0]LogModuleManager: Shutting down and abandoning module Landscape (12)
[2016.02.01-14.27.01:194][  0]LogModuleManager: Shutting down and abandoning module SlateRHIRenderer (11)
[2016.02.01-14.27.01:194][  0]LogModuleManager: Shutting down and abandoning module OpenGLDrv (10)
[2016.02.01-14.27.01:194][  0]LogModuleManager: Shutting down and abandoning module D3D11RHI (9)
[2016.02.01-14.27.01:194][  0]LogModuleManager: Shutting down and abandoning module AnimGraphRuntime (8)
[2016.02.01-14.27.01:194][  0]LogModuleManager: Shutting down and abandoning module Renderer (7)
[2016.02.01-14.27.01:194][  0]LogModuleManager: Shutting down and abandoning module Engine (6)
[2016.02.01-14.27.01:194][  0]LogModuleManager: Shutting down and abandoning module CoreUObject (5)
[2016.02.01-14.27.01:194][  0]LogModuleManager: Shutting down and abandoning module NetworkFile (4)
[2016.02.01-14.27.01:194][  0]LogModuleManager: Shutting down and abandoning module StreamingFile (3)
[2016.02.01-14.27.01:194][  0]LogModuleManager: Shutting down and abandoning module SandboxFile (2)
[2016.02.01-14.27.01:194][  0]LogModuleManager: Shutting down and abandoning module PakFile (1)
[2016.02.01-14.27.01:195][  0]LogExit: Exiting.
[2016.02.01-14.27.01:196][  0]Log file closed, 02/01/16 09:27:01
