[2016.02.01-06.45.41:445][  0]Log file open, 02/01/16 01:45:41
[2016.02.01-06.45.41:445][  0]LogInit:Display: Running engine for game: HotelBete
[2016.02.01-06.45.41:445][  0]LogPlatformFile: Not using cached read wrapper
[2016.02.01-06.45.41:445][  0]LogInit:Display: RandInit(1897038718) SRandInit(1897038721).
[2016.02.01-06.45.41:445][  0]LogTaskGraph: Started task graph with 4 named threads and 5 total threads.
[2016.02.01-06.45.41:445][  0]LogStats: Stats thread started at 0.101166
[2016.02.01-06.45.41:445][  0]LogInit: Version: 4.10.2-2818068+++depot+UE4-Releases+4.10
[2016.02.01-06.45.41:445][  0]LogInit: API Version: 2758231
[2016.02.01-06.45.41:445][  0]LogInit: Compiled (64-bit): Jan  6 2016 17:36:42
[2016.02.01-06.45.41:445][  0]LogInit: Compiled with Visual C++: 19.00.23026.00
[2016.02.01-06.45.41:445][  0]LogInit: Build Configuration: Development
[2016.02.01-06.45.41:445][  0]LogInit: Branch Name: ++depot+UE4-Releases+4.10
[2016.02.01-06.45.41:445][  0]LogInit: Command line:  
[2016.02.01-06.45.41:445][  0]LogInit: Base directory: C:/Program Files/Epic Games/4.10/Engine/Binaries/Win64/
[2016.02.01-06.45.41:445][  0]LogInit: Rocket: 1
[2016.02.01-06.45.41:461][  0]LogInit: Using libcurl 7.41.0
[2016.02.01-06.45.41:461][  0]LogInit:  - built for x86_64-pc-win32
[2016.02.01-06.45.41:461][  0]LogInit:  - supports SSL with WinSSL
[2016.02.01-06.45.41:461][  0]LogInit:  - other features:
[2016.02.01-06.45.41:461][  0]LogInit:      CURL_VERSION_SSL
[2016.02.01-06.45.41:461][  0]LogInit:      CURL_VERSION_IPV6
[2016.02.01-06.45.41:461][  0]LogInit:      CURL_VERSION_ASYNCHDNS
[2016.02.01-06.45.41:461][  0]LogInit:      CURL_VERSION_LARGEFILE
[2016.02.01-06.45.41:461][  0]LogInit:      CURL_VERSION_IDN
[2016.02.01-06.45.41:461][  0]LogInit:  CurlRequestOptions (configurable via config and command line):
[2016.02.01-06.45.41:461][  0]LogInit:  - bVerifyPeer = true  - Libcurl will verify peer certificate
[2016.02.01-06.45.41:461][  0]LogInit:  - bUseHttpProxy = false  - Libcurl will NOT use HTTP proxy
[2016.02.01-06.45.41:461][  0]LogInit:  - bDontReuseConnections = false  - Libcurl will reuse connections
[2016.02.01-06.45.41:461][  0]LogInit:  - CertBundlePath = nullptr  - Libcurl will use whatever was configured at build time.
[2016.02.01-06.45.41:476][  0]LogInit: Presizing for 0 objects not considered by GC, pre-allocating 0 bytes.
[2016.02.01-06.45.41:489][  0]LogInit: Object subsystem initialized
[2016.02.01-06.45.41:491][  0]LogInit: Selected Device Profile: [Windows]
[2016.02.01-06.45.41:491][  0]LogInit: Applying CVar settings loaded from the selected device profile: [Windows]
[2016.02.01-06.45.41:512][  0]LogInit: Computer: CONOR-LAPTOP
[2016.02.01-06.45.41:512][  0]LogInit: User: jcc44000
[2016.02.01-06.45.41:512][  0]LogInit: CPU Page size=4096, Cores=2
[2016.02.01-06.45.41:512][  0]LogInit: High frequency timer resolution =2.240908 MHz
[2016.02.01-06.45.41:512][  0]LogMemory: Memory total: Physical=11.9GB (12GB approx)
[2016.02.01-06.45.41:512][  0]LogMemory: Platform Memory Stats for Windows
[2016.02.01-06.45.41:512][  0]LogMemory: Process Physical Memory: 54.45 MB used, 54.45 MB peak
[2016.02.01-06.45.41:512][  0]LogMemory: Process Virtual Memory: 55.30 MB used, 55.30 MB peak
[2016.02.01-06.45.41:512][  0]LogMemory: Physical Memory: 3676.03 MB used, 12171.62 MB total
[2016.02.01-06.45.41:512][  0]LogMemory: Virtual Memory: 363.36 MB used, 134217728.00 MB total
[2016.02.01-06.45.41:559][  0]LogTextLocalizationManager: No specific translations for ('en-US') exist, so ('en') translations will be used.
[2016.02.01-06.45.42:464][  0]LogD3D11RHI: Found D3D11 adapter 0: Intel(R) HD Graphics Family (Feature Level 11_0)
[2016.02.01-06.45.42:464][  0]LogD3D11RHI: Adapter has 32MB of dedicated video memory, 0MB of dedicated system memory, and 1760MB of shared system memory, 1 output[s]
[2016.02.01-06.45.42:466][  0]LogD3D11RHI: Found D3D11 adapter 1: Microsoft Basic Render Driver (Feature Level 11_0)
[2016.02.01-06.45.42:466][  0]LogD3D11RHI: Adapter has 0MB of dedicated video memory, 0MB of dedicated system memory, and 256MB of shared system memory, 0 output[s]
[2016.02.01-06.45.42:466][  0]LogD3D11RHI: Chosen D3D11 Adapter Id = 0
[2016.02.01-06.45.42:476][  0]LogD3D11RHI: !Direct3DDevice
[2016.02.01-06.45.42:477][  0]LogRHI: Texture pool is 638 MB (70% of 912 MB)
[2016.02.01-06.45.42:486][  0]LogD3D11RHI: Async texture creation enabled
[2016.02.01-06.45.42:494][  0]LogShaderCompilers: Guid format shader working directory is -11 characters bigger than the processId version (../../../../../../Users/jcc44_000/Documents/GitHub/HotelBete/Intermediate/Shaders/WorkingDirectory/7896/).
[2016.02.01-06.45.42:495][  0]LogShaderCompilers: Cleaned the shader compiler working directory 'C:/Users/JCC44_~1/AppData/Local/Temp/UnrealShaderWorkingDir/5CE6D747447769AFE691C5A163084DEB/'.
[2016.02.01-06.45.42:495][  0]LogShaderCompilers:Display: Using Local Shader Compiler.
[2016.02.01-06.45.44:240][  0]LogTemp:Display: Loaded TP AllDesktopTargetPlatform
[2016.02.01-06.45.44:253][  0]LogTemp:Display: Loaded TP WindowsClientTargetPlatform
[2016.02.01-06.45.44:264][  0]LogTemp:Display: Loaded TP WindowsNoEditorTargetPlatform
[2016.02.01-06.45.44:277][  0]LogTemp:Display: Loaded TP WindowsServerTargetPlatform
[2016.02.01-06.45.44:289][  0]LogTemp:Display: Loaded TP WindowsTargetPlatform
[2016.02.01-06.45.44:297][  0]LogTemp:Display: Loaded TP AndroidTargetPlatform
[2016.02.01-06.45.44:306][  0]LogTemp:Display: Loaded TP Android_ASTCTargetPlatform
[2016.02.01-06.45.44:313][  0]LogTemp:Display: Loaded TP Android_ATCTargetPlatform
[2016.02.01-06.45.44:320][  0]LogTemp:Display: Loaded TP Android_DXTTargetPlatform
[2016.02.01-06.45.44:328][  0]LogTemp:Display: Loaded TP Android_ETC1TargetPlatform
[2016.02.01-06.45.44:336][  0]LogTemp:Display: Loaded TP Android_ETC2TargetPlatform
[2016.02.01-06.45.44:354][  0]LogTemp:Display: Loaded TP Android_MultiTargetPlatform
[2016.02.01-06.45.44:354][  0]LogTemp:Display: Loaded TP Android_PVRTCTargetPlatform
[2016.02.01-06.45.44:356][  0]LogTemp:Display: Loaded TP HTML5TargetPlatform
[2016.02.01-06.45.44:386][  0]LogTemp:Display: Loaded TP IOSTargetPlatform
[2016.02.01-06.45.44:392][  0]LogTemp:Display: Loaded TP LinuxNoEditorTargetPlatform
[2016.02.01-06.45.44:398][  0]LogTemp:Display: Loaded TP LinuxServerTargetPlatform
[2016.02.01-06.45.44:408][  0]LogTemp:Display: Loaded TP LinuxTargetPlatform
[2016.02.01-06.45.44:408][  0]LogTargetPlatformManager:Display: Building Assets For Windows
[2016.02.01-06.45.44:596][  0]LogDerivedDataCache:Display: Max Cache Size: 512 MB
[2016.02.01-06.45.44:695][  0]LogDerivedDataCache: Loaded boot cache 0.10s 41MB C:/Users/jcc44_000/AppData/Local/UnrealEngine/4.10/DerivedDataCache/Boot.ddc.
[2016.02.01-06.45.44:695][  0]LogDerivedDataCache:Display: Loaded Boot cache: C:/Users/jcc44_000/AppData/Local/UnrealEngine/4.10/DerivedDataCache/Boot.ddc
[2016.02.01-06.45.44:696][  0]LogDerivedDataCache: FDerivedDataBackendGraph:  Pak pak cache file ../../../../../../Users/jcc44_000/Documents/GitHub/HotelBete/DerivedDataCache/DDC.ddp not found, will not use a pak cache.
[2016.02.01-06.45.44:696][  0]LogDerivedDataCache: Unable to find inner node Pak for hierarchical cache Hierarchy.
[2016.02.01-06.45.44:696][  0]LogDerivedDataCache: FDerivedDataBackendGraph:  CompressedPak pak cache file ../../../../../../Users/jcc44_000/Documents/GitHub/HotelBete/DerivedDataCache/Compressed.ddp not found, will not use a pak cache.
[2016.02.01-06.45.44:696][  0]LogDerivedDataCache: Unable to find inner node CompressedPak for hierarchical cache Hierarchy.
[2016.02.01-06.45.44:841][  0]LogDerivedDataCache:Display: Pak cache opened for reading ../../../Engine/DerivedDataCache/Compressed.ddp.
[2016.02.01-06.45.44:855][  0]LogDerivedDataCache: Using Local data cache path C:/Users/jcc44_000/AppData/Local/UnrealEngine/Common/DerivedDataCache: Writable
[2016.02.01-06.45.45:225][  0]LogInit: Selected Device Profile: [Windows]
[2016.02.01-06.45.45:231][  0]LogContentStreaming: Texture pool size is 0.000000MB
[2016.02.01-06.45.45:459][  0]LogMeshUtilities: No automatic mesh reduction module available
[2016.02.01-06.45.45:460][  0]LogMeshUtilities: No automatic mesh merging module available
[2016.02.01-06.45.45:982][  0]LogInit: WinSock: version 1.1 (2.2), MaxSocks=32767, MaxUdp=65467
[2016.02.01-06.45.47:483][  0]LogAssetRegistry: FAssetRegistry took 0.0117 seconds to start up
[2016.02.01-06.45.47:516][  0]UdpMessaging: Initializing bridge on interface 0.0.0.0:0 to multicast group 230.0.0.1:6666.
[2016.02.01-06.45.47:977][  0]SourceControl: Info Source control is disabled
[2016.02.01-06.45.47:978][  0]SourceControl: Info Source control is disabled
[2016.02.01-06.45.47:999][  0]SourceControl: Info Source control is disabled
[2016.02.01-06.45.48:018][  0]SourceControl: Info Source control is disabled
[2016.02.01-06.45.48:461][  0]LogObj: 28802 objects as part of root set at end of initial load.
[2016.02.01-06.45.48:461][  0]LogUObjectAllocator: 6129776 out of 0 bytes used by permanent object pool.
[2016.02.01-06.45.48:566][  0]LogEngine: Initializing Engine...
[2016.02.01-06.45.48:570][  0]LogHMD: Can't find Oculus library dev build: is proper Runtime installed? Version: 0.8.0.0
[2016.02.01-06.45.48:571][  0]LogHMD: SteamVR failed to initialize.  Err: 110
[2016.02.01-06.45.48:814][  0]LogAIModule: Creating AISystem for world NewWorld
[2016.02.01-06.45.48:820][  0]LogInit: XAudio2 using 'Speakers (Realtek High Definition Audio)' : 2 channels at 48 kHz using 32 bits per sample (channel mask 0x3)
[2016.02.01-06.45.49:044][  0]LogInit: FAudioDevice initialized.
[2016.02.01-06.45.49:078][  0]LogDerivedDataCache: Saved boot cache 0.03s 41MB C:/Users/jcc44_000/AppData/Local/UnrealEngine/4.10/DerivedDataCache/Boot.ddc.
[2016.02.01-06.45.49:086][  0]LogInit: Texture streaming: Enabled
[2016.02.01-06.45.49:096][  0]LogAnalytics: Creating configured Analytics provider AnalyticsET
[2016.02.01-06.45.49:096][  0]LogAnalytics: [UEEditor.Rocket.Release] APIServer = http://et2.epicgames.com/ET2/. AppVersion = 4.10.2-2818068+++depot+UE4-Releases+4.10
[2016.02.01-06.45.49:096][  0]LogAnalytics: [UEEditor.Rocket.Release] SetUserId a00de05446ef577f40030a85b6572d0b|78e6d53e0a594b3ca03846b462c1cd9f|0660c053-9676-4ff0-a488-6e040aefb54e
[2016.02.01-06.45.49:096][  0]LogAnalytics: [UEEditor.Rocket.Release] AnalyticsET::StartSession
[2016.02.01-06.45.49:111][  0]LogInit: Transaction tracking system initialized
[2016.02.01-06.45.49:163][  0]BlueprintLog: New page: Editor Load
[2016.02.01-06.45.49:325][  0]LocalizationService: Info Localization service is disabled
[2016.02.01-06.45.49:467][  0]LogConsoleResponse:Display: 
[2016.02.01-06.45.49:681][  0]LogCook:Display: Done creating registry. It took  0.00s.
[2016.02.01-06.45.49:798][  0]LogFileCache: Scanning file cache for directory 'C:/Users/jcc44_000/Documents/GitHub/HotelBete/Content/' took 0.02s
[2016.02.01-06.45.49:798][  0]SourceControl: Info Source control is disabled
[2016.02.01-06.45.49:798][  0]Cmd: MAP LOAD FILE="../../../../../../Users/jcc44_000/Documents/GitHub/HotelBete/Content/FirstPersonBP/Level/BondsLevel.umap" TEMPLATE=0 SHOWPROGRESS=1 FEATURELEVEL=3
[2016.02.01-06.45.49:799][  0]LogEditorServer:Warning: Can't find file '../../../../../../Users/jcc44_000/Documents/GitHub/HotelBete/Content/FirstPersonBP/Level/BondsLevel.umap'
[2016.02.01-06.45.49:799][  0]Cmd: MAP CHECKDEP NOCLEARLOG
[2016.02.01-06.45.49:861][  0]MapCheck: Info Map check complete: 0 Error(s), 0 Warning(s), took 61.734ms to complete.
[2016.02.01-06.45.49:861][  0]LogFileHelpers: Loading map 'BondsLevel' took 0.063
[2016.02.01-06.45.50:046][  0]LogCollectionManager: Loaded 0 collections in 0.003709 seconds
[2016.02.01-06.45.50:091][  0]LogFileCache: Scanning file cache for directory 'C:/Users/jcc44_000/Documents/GitHub/HotelBete/Saved/Collections/' took 0.01s
[2016.02.01-06.45.50:091][  0]LogFileCache: Scanning file cache for directory 'C:/Users/jcc44_000/Documents/GitHub/HotelBete/Content/Developers/jcc44000/Collections/' took 0.01s
[2016.02.01-06.45.50:091][  0]LogFileCache: Scanning file cache for directory 'C:/Users/jcc44_000/Documents/GitHub/HotelBete/Content/Collections/' took 0.01s
[2016.02.01-06.45.50:091][  0]LogCollectionManager: Rebuilt the GUID cache for 0 collections in 0.000002 seconds
[2016.02.01-06.45.50:104][  0]LogContentBrowser: Native class hierarchy populated in 0.0124 seconds. Added 1908 classes and 344 folders.
[2016.02.01-06.45.50:116][  0]LogContentBrowser: Native class hierarchy updated for 'WidgetCarousel' in 0.0006 seconds. Added 0 classes and 0 folders.
[2016.02.01-06.45.50:189][  0]LogContentBrowser: Native class hierarchy updated for 'AddContentDialog' in 0.0011 seconds. Added 0 classes and 0 folders.
[2016.02.01-06.45.50:197][  0]LogContentBrowser: Native class hierarchy updated for 'SceneOutliner' in 0.0007 seconds. Added 1 classes and 2 folders.
[2016.02.01-06.45.50:279][  0]LogCrashTracker: Crashtracker disabled due to settings.
[2016.02.01-06.45.50:285][  0]LogUObjectGlobals:Warning: Failed to find object 'Class None.'
[2016.02.01-06.45.50:310][  0]LogLoad: Full Startup: 9.71 seconds (BP compile: 0.01 seconds)
[2016.02.01-06.45.50:328][  0]LogWindowsTextInputMethodSystem:Display: IME system now deactivated.
[2016.02.01-06.45.50:328][  0]LogWindowsTextInputMethodSystem:Display: IME system now deactivated.
[2016.02.01-06.45.50:333][  0]LogOcInput: Can't find Oculus library dev build: is proper Runtime installed? Version: 0.8.0.0
[2016.02.01-06.45.50:404][  0]LogContentStreaming: Texture pool size now 1000 MB
[2016.02.01-06.45.50:649][  0]LogRenderer: Reallocating scene render targets to support 888x432 (Frame:2).
[2016.02.01-06.45.52:196][  4]LogAssetRegistry: Asset discovery search completed in 4.7255 seconds
[2016.02.01-06.45.52:196][  4]LogCollectionManager: Rebuilt the object cache for 0 collections in 0.000001 seconds (found 0 objects)
[2016.02.01-06.45.52:196][  4]LogCollectionManager: Fixed up redirectors for 0 collections in 0.000029 seconds (updated 0 objects)
[2016.02.01-06.46.48:363][229]LogFactory: FactoryCreateBinary: StaticMesh with FbxFactory (0 0 C:\Users\jcc44_000\Downloads\textures\haunted_room1.FBX)
[2016.02.01-06.46.48:401][229]LogFbx: ItemName: GlobalSettings, ItemCount : 1
[2016.02.01-06.46.48:401][229]LogFbx: ItemName: AnimationStack, ItemCount : 1
[2016.02.01-06.46.48:401][229]LogFbx: ItemName: AnimationLayer, ItemCount : 1
[2016.02.01-06.46.48:401][229]LogFbx: ItemName: Model, ItemCount : 3
[2016.02.01-06.46.48:401][229]LogFbx: ItemName: Geometry, ItemCount : 3
[2016.02.01-06.46.48:401][229]LogFbx: ItemName: Material, ItemCount : 3
[2016.02.01-06.46.48:535][229]LogFbx: Loading FBX Scene from C:\Users\jcc44_000\Downloads\textures\haunted_room1.FBX
[2016.02.01-06.46.48:706][229]LogFbx: FBX Scene Loaded Succesfully
[2016.02.01-06.46.53:568][229]LogFbx: Loading FBX Scene from C:\Users\jcc44_000\Downloads\textures\haunted_room1.FBX
[2016.02.01-06.46.53:750][229]LogFbx: FBX Scene Loaded Succesfully
[2016.02.01-06.46.53:801][229]LogLinker:Warning: Can't find file '/Game/Hotel/Art/Models/02_-_Default'
[2016.02.01-06.46.53:801][229]LogLinker:Warning: Can't find file '/Game/Hotel/Art/Models/02_-_Default'
[2016.02.01-06.46.53:809][229]LogMaterial: Missing cached shader map for material 02_-_Default, compiling. 
[2016.02.01-06.46.53:847][229]LogLinker:Warning: Can't find file '/Game/Hotel/Art/Models/03_-_Default'
[2016.02.01-06.46.53:847][229]LogLinker:Warning: Can't find file '/Game/Hotel/Art/Models/03_-_Default'
[2016.02.01-06.46.53:854][229]LogMaterial: Missing cached shader map for material 03_-_Default, compiling. 
[2016.02.01-06.46.53:865][229]LogLinker:Warning: Can't find file '/Game/Hotel/Art/Models/01_-_Default'
[2016.02.01-06.46.53:865][229]LogLinker:Warning: Can't find file '/Game/Hotel/Art/Models/01_-_Default'
[2016.02.01-06.46.53:873][229]LogMaterial: Missing cached shader map for material 01_-_Default, compiling. 
[2016.02.01-06.46.53:881][229]LogFbx:Warning: Triangulating static mesh bathroom
[2016.02.01-06.46.53:905][229]LogFbx:Warning: Triangulating static mesh hallway
[2016.02.01-06.46.53:932][229]LogStaticMesh: Building static mesh haunted_room1...
[2016.02.01-06.46.53:961][229]LogStaticMesh: Built static mesh [0.029519.2s] /Game/Hotel/Art/Models/haunted_room1.haunted_room1
[2016.02.01-06.46.53:968][229]FBXImport:Warning: Warning Warning: No smoothing group information was found in this FBX scene.  Please make sure to enable the 'Export Smoothing Groups' option in the FBX Exporter plug-in before exporting the file.  Even for tools that don't support smoothing groups, the FBX Exporter will generate appropriate smoothing data at export-time so that correct vertex normals can be inferred while importing. 
[2016.02.01-06.47.08:647][652]Cmd: CLOSE_SLATE_MAINFRAME
[2016.02.01-06.47.29:587][652]Cmd: OBJ SAVEPACKAGE PACKAGE="/Game/Hotel/Art/Models/01_-_Default" FILE="../../../../../../Users/jcc44_000/Documents/GitHub/HotelBete/Content/Hotel/Art/Models/01_-_Default.uasset" SILENT=true
[2016.02.01-06.47.29:622][652]LogSavePackage: Save=26.977457ms
[2016.02.01-06.47.29:622][652]LogSavePackage: Moving '../../../../../../Users/jcc44_000/Documents/GitHub/HotelBete/Saved/01_-_Default82C02BF74967DFB7721C4293AD74EFA3.tmp' to '../../../../../../Users/jcc44_000/Documents/GitHub/HotelBete/Content/Hotel/Art/Models/01_-_Default.uasset'
[2016.02.01-06.47.29:626][652]LogSavePackage: Total save time: 36.497261ms
[2016.02.01-06.47.29:626][652]LogSavePackage:Display: Finished SavePackage ../../../../../../Users/jcc44_000/Documents/GitHub/HotelBete/Content/Hotel/Art/Models/01_-_Default.uasset
[2016.02.01-06.47.29:703][652]Cmd: OBJ SAVEPACKAGE PACKAGE="/Game/Hotel/Art/Models/02_-_Default" FILE="../../../../../../Users/jcc44_000/Documents/GitHub/HotelBete/Content/Hotel/Art/Models/02_-_Default.uasset" SILENT=true
[2016.02.01-06.47.29:739][652]LogSavePackage: Save=32.886223ms
[2016.02.01-06.47.29:739][652]LogSavePackage: Moving '../../../../../../Users/jcc44_000/Documents/GitHub/HotelBete/Saved/02_-_DefaultE567839B448FA8BBFF6886865C8B9B0F.tmp' to '../../../../../../Users/jcc44_000/Documents/GitHub/HotelBete/Content/Hotel/Art/Models/02_-_Default.uasset'
[2016.02.01-06.47.29:743][652]LogSavePackage: Total save time: 37.578963ms
[2016.02.01-06.47.29:743][652]LogSavePackage:Display: Finished SavePackage ../../../../../../Users/jcc44_000/Documents/GitHub/HotelBete/Content/Hotel/Art/Models/02_-_Default.uasset
[2016.02.01-06.47.29:819][652]Cmd: OBJ SAVEPACKAGE PACKAGE="/Game/Hotel/Art/Models/03_-_Default" FILE="../../../../../../Users/jcc44_000/Documents/GitHub/HotelBete/Content/Hotel/Art/Models/03_-_Default.uasset" SILENT=true
[2016.02.01-06.47.29:851][652]LogSavePackage: Save=29.663422ms
[2016.02.01-06.47.29:851][652]LogSavePackage: Moving '../../../../../../Users/jcc44_000/Documents/GitHub/HotelBete/Saved/03_-_Default6019DBCB47D20A75D8FD0BB1209B715A.tmp' to '../../../../../../Users/jcc44_000/Documents/GitHub/HotelBete/Content/Hotel/Art/Models/03_-_Default.uasset'
[2016.02.01-06.47.29:856][652]LogSavePackage: Total save time: 34.888536ms
[2016.02.01-06.47.29:856][652]LogSavePackage:Display: Finished SavePackage ../../../../../../Users/jcc44_000/Documents/GitHub/HotelBete/Content/Hotel/Art/Models/03_-_Default.uasset
[2016.02.01-06.47.29:929][652]Cmd: OBJ SAVEPACKAGE PACKAGE="/Game/Hotel/Art/Models/haunted_room1" FILE="../../../../../../Users/jcc44_000/Documents/GitHub/HotelBete/Content/Hotel/Art/Models/haunted_room1.uasset" SILENT=true
[2016.02.01-06.47.30:031][652]LogSavePackage: Save=26.807882ms
[2016.02.01-06.47.30:031][652]LogSavePackage: Moving '../../../../../../Users/jcc44_000/Documents/GitHub/HotelBete/Saved/haunted_room13E6C6B7C41E1CD36D9B8358ECB62D5C3.tmp' to '../../../../../../Users/jcc44_000/Documents/GitHub/HotelBete/Content/Hotel/Art/Models/haunted_room1.uasset'
[2016.02.01-06.47.30:035][652]LogSavePackage: Total save time: 31.337742ms
[2016.02.01-06.47.30:035][652]LogSavePackage:Display: Finished SavePackage ../../../../../../Users/jcc44_000/Documents/GitHub/HotelBete/Content/Hotel/Art/Models/haunted_room1.uasset
[2016.02.01-06.47.30:294][652]LogWindowsTextInputMethodSystem:Display: IME system now deactivated.
[2016.02.01-06.47.30:294][652]LogWindowsTextInputMethodSystem:Display: IME system now deactivated.
[2016.02.01-06.47.30:668][653]Cmd: QUIT_EDITOR
[2016.02.01-06.47.31:076][653]LogExit: Preparing to exit.
[2016.02.01-06.47.31:738][653]LogExit: Editor shut down
[2016.02.01-06.47.31:740][653]LogParticles: Destroying 0 GPU particle simulations for FXSystem 0x000000B8D4FCFB00
[2016.02.01-06.47.31:740][653]LogExit: Transaction tracking system shut down
[2016.02.01-06.47.31:741][653]LogParticles: Destroying 0 GPU particle simulations for FXSystem 0x000000B8C4ABC540
[2016.02.01-06.47.31:741][653]LogParticles: Destroying 0 GPU particle simulations for FXSystem 0x000000B8DBF84CC0
[2016.02.01-06.47.31:741][653]LogParticles: Destroying 0 GPU particle simulations for FXSystem 0x000000B8DC404CC0
[2016.02.01-06.47.31:983][653]LogExit: Object subsystem successfully closed.
[2016.02.01-06.47.31:999][653]LogD3D11RHI: Shutdown
[2016.02.01-06.47.31:999][653]LogD3D11RHI: CleanupD3DDevice
[2016.02.01-06.47.32:123][653]LogD3D11RHI: ~FD3D11DynamicRHI
[2016.02.01-06.47.32:154][653]LogModuleManager: Shutting down and abandoning module CookingStats (200)
[2016.02.01-06.47.32:154][653]LogModuleManager: Shutting down and abandoning module CrashTracker (199)
[2016.02.01-06.47.32:154][653]LogModuleManager: Shutting down and abandoning module SceneOutliner (198)
[2016.02.01-06.47.32:154][653]LogModuleManager: Shutting down and abandoning module SuperSearch (197)
[2016.02.01-06.47.32:154][653]LogModuleManager: Shutting down and abandoning module WidgetCarousel (196)
[2016.02.01-06.47.32:154][653]LogModuleManager: Shutting down and abandoning module AddContentDialog (195)
[2016.02.01-06.47.32:156][653]LogModuleManager: Shutting down and abandoning module EditorWidgets (194)
[2016.02.01-06.47.32:156][653]LogModuleManager: Shutting down and abandoning module CollectionManager (193)
[2016.02.01-06.47.32:156][653]LogModuleManager: Shutting down and abandoning module FoliageEdit (192)
[2016.02.01-06.47.32:156][653]LogModuleManager: Shutting down and abandoning module LandscapeEditor (191)
[2016.02.01-06.47.32:157][653]LogModuleManager: Shutting down and abandoning module ActorPickerMode (190)
[2016.02.01-06.47.32:157][653]LogModuleManager: Shutting down and abandoning module GeometryMode (189)
[2016.02.01-06.47.32:157][653]LogModuleManager: Shutting down and abandoning module TextureAlignMode (188)
[2016.02.01-06.47.32:157][653]LogModuleManager: Shutting down and abandoning module BspMode (187)
[2016.02.01-06.47.32:157][653]LogModuleManager: Shutting down and abandoning module PlacementMode (186)
[2016.02.01-06.47.32:157][653]LogModuleManager: Shutting down and abandoning module AutomationWorker (185)
[2016.02.01-06.47.32:157][653]LogModuleManager: Shutting down and abandoning module CharacterAI (184)
[2016.02.01-06.47.32:157][653]LogModuleManager: Shutting down and abandoning module SmartSnapping (183)
[2016.02.01-06.47.32:157][653]LogModuleManager: Shutting down and abandoning module ViewportSnapping (182)
[2016.02.01-06.47.32:157][653]LogModuleManager: Shutting down and abandoning module LogVisualizer (181)
[2016.02.01-06.47.32:157][653]LogModuleManager: Shutting down and abandoning module GameProjectGeneration (180)
[2016.02.01-06.47.32:157][653]LogModuleManager: Shutting down and abandoning module IntroTutorials (179)
[2016.02.01-06.47.32:157][653]LogModuleManager: Shutting down and abandoning module EditorLiveStreaming (178)
[2016.02.01-06.47.32:157][653]LogModuleManager: Shutting down and abandoning module IOSPlatformEditor (177)
[2016.02.01-06.47.32:157][653]LogModuleManager: Shutting down and abandoning module HTML5PlatformEditor (176)
[2016.02.01-06.47.32:157][653]LogModuleManager: Shutting down and abandoning module AndroidDeviceDetection (175)
[2016.02.01-06.47.32:471][653]LogModuleManager: Shutting down and abandoning module AndroidPlatformEditor (174)
[2016.02.01-06.47.32:471][653]LogModuleManager: Shutting down and abandoning module IOSRuntimeSettings (173)
[2016.02.01-06.47.32:471][653]LogModuleManager: Shutting down and abandoning module AndroidRuntimeSettings (172)
[2016.02.01-06.47.32:471][653]LogModuleManager: Shutting down and abandoning module MergeActors (171)
[2016.02.01-06.47.32:471][653]LogModuleManager: Shutting down and abandoning module SizeMap (170)
[2016.02.01-06.47.32:471][653]LogModuleManager: Shutting down and abandoning module TreeMap (169)
[2016.02.01-06.47.32:471][653]LogModuleManager: Shutting down and abandoning module ReferenceViewer (168)
[2016.02.01-06.47.32:471][653]LogModuleManager: Shutting down and abandoning module LocalizationService (167)
[2016.02.01-06.47.32:471][653]LogModuleManager: Shutting down and abandoning module LocalizationDashboard (166)
[2016.02.01-06.47.32:471][653]LogModuleManager: Shutting down and abandoning module HardwareTargeting (165)
[2016.02.01-06.47.32:471][653]LogModuleManager: Shutting down and abandoning module DeviceProfileEditor (164)
[2016.02.01-06.47.32:471][653]LogModuleManager: Shutting down and abandoning module UndoHistory (163)
[2016.02.01-06.47.32:471][653]LogModuleManager: Shutting down and abandoning module GameplayTagsEditor (162)
[2016.02.01-06.47.32:471][653]LogModuleManager: Shutting down and abandoning module UserFeedback (161)
[2016.02.01-06.47.32:471][653]LogModuleManager: Shutting down and abandoning module XmlParser (160)
[2016.02.01-06.47.32:471][653]LogModuleManager: Shutting down and abandoning module Blutility (159)
[2016.02.01-06.47.32:471][653]LogModuleManager: Shutting down and abandoning module ProjectTargetPlatformEditor (158)
[2016.02.01-06.47.32:471][653]LogModuleManager: Shutting down and abandoning module ProjectSettingsViewer (157)
[2016.02.01-06.47.32:472][653]LogModuleManager: Shutting down and abandoning module InputBindingEditor (156)
[2016.02.01-06.47.32:472][653]LogModuleManager: Shutting down and abandoning module EditorSettingsViewer (155)
[2016.02.01-06.47.32:472][653]LogModuleManager: Shutting down and abandoning module SettingsEditor (154)
[2016.02.01-06.47.32:472][653]LogModuleManager: Shutting down and abandoning module ProjectLauncher (153)
[2016.02.01-06.47.32:472][653]LogModuleManager: Shutting down and abandoning module SessionFrontend (152)
[2016.02.01-06.47.32:472][653]LogModuleManager: Shutting down and abandoning module ProfilerClient (151)
[2016.02.01-06.47.32:472][653]LogModuleManager: Shutting down and abandoning module TargetDeviceServices (150)
[2016.02.01-06.47.32:472][653]LogModuleManager: Shutting down and abandoning module DeviceManager (149)
[2016.02.01-06.47.32:472][653]LogModuleManager: Shutting down and abandoning module AutomationController (148)
[2016.02.01-06.47.32:472][653]LogModuleManager: Shutting down and abandoning module AutomationWindow (147)
[2016.02.01-06.47.32:472][653]LogModuleManager: Shutting down and abandoning module Layers (146)
[2016.02.01-06.47.32:472][653]LogModuleManager: Shutting down and abandoning module ComponentVisualizers (145)
[2016.02.01-06.47.32:472][653]LogModuleManager: Shutting down and abandoning module DetailCustomizations (144)
[2016.02.01-06.47.32:472][653]LogModuleManager: Shutting down and abandoning module PackagesDialog (143)
[2016.02.01-06.47.32:472][653]LogModuleManager: Shutting down and abandoning module Persona (142)
[2016.02.01-06.47.32:473][653]LogModuleManager: Shutting down and abandoning module Kismet (141)
[2016.02.01-06.47.32:473][653]LogModuleManager: Shutting down and abandoning module GraphEditor (140)
[2016.02.01-06.47.32:473][653]LogModuleManager: Shutting down and abandoning module ClassViewer (139)
[2016.02.01-06.47.32:473][653]LogModuleManager: Shutting down and abandoning module Toolbox (138)
[2016.02.01-06.47.32:473][653]LogModuleManager: Shutting down and abandoning module ModuleUI (137)
[2016.02.01-06.47.32:473][653]LogModuleManager: Shutting down and abandoning module MovieSceneTools (136)
[2016.02.01-06.47.32:473][653]LogModuleManager: Shutting down and abandoning module OutputLog (135)
[2016.02.01-06.47.32:473][653]LogModuleManager: Shutting down and abandoning module GammaUI (134)
[2016.02.01-06.47.32:473][653]LogModuleManager: Shutting down and abandoning module Documentation (133)
[2016.02.01-06.47.32:473][653]LogModuleManager: Shutting down and abandoning module GameLiveStreaming (132)
[2016.02.01-06.47.32:473][653]LogModuleManager: Shutting down and abandoning module StreamingPauseRendering (131)
[2016.02.01-06.47.32:473][653]LogModuleManager: Shutting down and abandoning module AnalyticsET (130)
[2016.02.01-06.47.32:473][653]LogModuleManager: Shutting down and abandoning module Analytics (129)
[2016.02.01-06.47.32:473][653]LogModuleManager: Shutting down and abandoning module AITestSuite (128)
[2016.02.01-06.47.32:473][653]LogModuleManager: Shutting down and abandoning module GameplayDebugger (127)
[2016.02.01-06.47.32:473][653]LogModuleManager: Shutting down and abandoning module AIModule (126)
[2016.02.01-06.47.32:473][653]LogModuleManager: Shutting down and abandoning module ProfilerService (125)
[2016.02.01-06.47.32:613][653]LogModuleManager: Shutting down and abandoning module TaskGraph (124)
[2016.02.01-06.47.32:613][653]LogModuleManager: Shutting down and abandoning module SubstanceEditor (123)
[2016.02.01-06.47.32:613][653]LogModuleManager: Shutting down and abandoning module SlateRemote (122)
[2016.02.01-06.47.32:613][653]LogModuleManager: Shutting down and abandoning module SteamVRController (121)
[2016.02.01-06.47.32:613][653]LogModuleManager: Shutting down and abandoning module SteamVR (120)
[2016.02.01-06.47.32:613][653]LogModuleManager: Shutting down and abandoning module ProceduralMeshComponent (119)
[2016.02.01-06.47.32:613][653]LogModuleManager: Shutting down and abandoning module OculusLibrary (118)
[2016.02.01-06.47.32:613][653]LogModuleManager: Shutting down and abandoning module OculusInput (117)
[2016.02.01-06.47.32:613][653]LogModuleManager: Shutting down and abandoning module LeapMotionController (116)
[2016.02.01-06.47.32:643][653]LogModuleManager: Shutting down and abandoning module CustomMeshComponent (115)
[2016.02.01-06.47.32:643][653]LogModuleManager: Shutting down and abandoning module CableComponent (114)
[2016.02.01-06.47.32:644][653]LogModuleManager: Shutting down and abandoning module ArchVisCharacter (113)
[2016.02.01-06.47.32:644][653]LogModuleManager: Shutting down and abandoning module MessagingDebugger (112)
[2016.02.01-06.47.32:644][653]LogModuleManager: Shutting down and abandoning module MediaPlayerEditor (111)
[2016.02.01-06.47.32:644][653]LogModuleManager: Shutting down and abandoning module HTML5Networking (110)
[2016.02.01-06.47.32:644][653]LogModuleManager: Shutting down and abandoning module SpeedTreeImporter (109)
[2016.02.01-06.47.32:644][653]LogModuleManager: Shutting down and abandoning module PluginBrowser (108)
[2016.02.01-06.47.32:644][653]LogModuleManager: Shutting down and abandoning module EpicSurvey (107)
[2016.02.01-06.47.32:644][653]LogModuleManager: Shutting down and abandoning module DesktopPlatform (106)
[2016.02.01-06.47.32:644][653]LogModuleManager: Shutting down and abandoning module VisualStudioSourceCodeAccess (105)
[2016.02.01-06.47.32:644][653]LogModuleManager: Shutting down and abandoning module UObjectPlugin (104)
[2016.02.01-06.47.32:644][653]LogModuleManager: Shutting down and abandoning module SubversionSourceControl (103)
[2016.02.01-06.47.32:644][653]LogModuleManager: Shutting down and abandoning module PerforceSourceControl (102)
[2016.02.01-06.47.32:644][653]LogModuleManager: Shutting down and abandoning module SourceControl (101)
[2016.02.01-06.47.32:644][653]LogModuleManager: Shutting down and abandoning module GitSourceControl (100)
[2016.02.01-06.47.32:644][653]LogModuleManager: Shutting down and abandoning module LightPropagationVolumeEditor (99)
[2016.02.01-06.47.32:644][653]LogModuleManager: Shutting down and abandoning module PaperTiledImporter (98)
[2016.02.01-06.47.32:644][653]LogModuleManager: Shutting down and abandoning module PaperSpriteSheetImporter (97)
[2016.02.01-06.47.32:644][653]LogModuleManager: Shutting down and abandoning module MeshPaint (96)
[2016.02.01-06.47.32:644][653]LogModuleManager: Shutting down and abandoning module SlateReflector (95)
[2016.02.01-06.47.32:644][653]LogModuleManager: Shutting down and abandoning module HotReload (94)
[2016.02.01-06.47.32:644][653]LogModuleManager: Shutting down and abandoning module MainFrame (93)
[2016.02.01-06.47.32:644][653]LogModuleManager: Shutting down and abandoning module LevelEditor (92)
[2016.02.01-06.47.32:646][653]LogModuleManager: Shutting down and abandoning module ContentBrowser (91)
[2016.02.01-06.47.32:647][653]LogModuleManager: Shutting down and abandoning module Paper2DEditor (90)
[2016.02.01-06.47.32:647][653]LogModuleManager: Shutting down and abandoning module UdpMessaging (89)
[2016.02.01-06.47.32:749][653]LogModuleManager: Shutting down and abandoning module DirectoryWatcher (88)
[2016.02.01-06.47.32:750][653]LogModuleManager: Shutting down and abandoning module AssetRegistry (87)
[2016.02.01-06.47.32:803][653]LogModuleManager: Shutting down and abandoning module SubstanceCore (86)
[2016.02.01-06.47.32:803][653]LogModuleManager: Shutting down and abandoning module LightPropagationVolumeRuntime (85)
[2016.02.01-06.47.32:803][653]LogModuleManager: Shutting down and abandoning module Paper2D (84)
[2016.02.01-06.47.32:803][653]LogModuleManager: Shutting down and abandoning module WindowsMoviePlayer (83)
[2016.02.01-06.47.32:809][653]LogModuleManager: Shutting down and abandoning module Media (82)
[2016.02.01-06.47.32:809][653]LogModuleManager: Shutting down and abandoning module WmfMedia (81)
[2016.02.01-06.47.32:809][653]LogModuleManager: Shutting down and abandoning module OnlineBlueprintSupport (80)
[2016.02.01-06.47.32:810][653]LogModuleManager: Shutting down and abandoning module GameplayTasksEditor (79)
[2016.02.01-06.47.32:810][653]LogModuleManager: Shutting down and abandoning module PropertyEditor (78)
[2016.02.01-06.47.32:810][653]LogModuleManager: Shutting down and abandoning module BehaviorTreeEditor (77)
[2016.02.01-06.47.32:810][653]LogModuleManager: Shutting down and abandoning module FunctionalTesting (76)
[2016.02.01-06.47.32:810][653]LogModuleManager: Shutting down and abandoning module CollisionAnalyzer (75)
[2016.02.01-06.47.32:810][653]LogModuleManager: Shutting down and abandoning module WorkspaceMenuStructure (74)
[2016.02.01-06.47.32:810][653]LogModuleManager: Shutting down and abandoning module MessageLog (73)
[2016.02.01-06.47.32:810][653]LogModuleManager: Shutting down and abandoning module Sequencer (72)
[2016.02.01-06.47.32:810][653]LogModuleManager: Shutting down and abandoning module AssetTools (71)
[2016.02.01-06.47.32:811][653]LogModuleManager: Shutting down and abandoning module UMGEditor (70)
[2016.02.01-06.47.32:811][653]LogModuleManager: Shutting down and abandoning module UMG (69)
[2016.02.01-06.47.32:811][653]LogModuleManager: Shutting down and abandoning module Slate (68)
[2016.02.01-06.47.32:811][653]LogModuleManager: Shutting down and abandoning module EditorStyle (67)
[2016.02.01-06.47.32:815][653]LogModuleManager: Shutting down and abandoning module SessionServices (66)
[2016.02.01-06.47.32:815][653]LogModuleManager: Shutting down and abandoning module SourceCodeAccess (65)
[2016.02.01-06.47.32:815][653]LogModuleManager: Shutting down and abandoning module HeadMountedDisplay (64)
[2016.02.01-06.47.32:815][653]LogModuleManager: Shutting down and abandoning module XAudio2 (63)
[2016.02.01-06.47.32:815][653]LogModuleManager: Shutting down and abandoning module Networking (61)
[2016.02.01-06.47.32:815][653]LogModuleManager: Shutting down and abandoning module Core (60)
[2016.02.01-06.47.32:815][653]LogModuleManager: Shutting down and abandoning module KismetCompiler (59)
[2016.02.01-06.47.32:815][653]LogModuleManager: Shutting down and abandoning module PhysXFormats (58)
[2016.02.01-06.47.32:815][653]LogModuleManager: Shutting down and abandoning module MeshUtilities (57)
[2016.02.01-06.47.32:815][653]LogModuleManager: Shutting down and abandoning module DerivedDataCache (56)
[2016.02.01-06.47.32:947][653]LogDerivedDataCache: Shutdown
[2016.02.01-06.47.32:947][653]LogModuleManager: Shutting down and abandoning module ShaderFormatOpenGL (55)
[2016.02.01-06.47.32:947][653]LogModuleManager: Shutting down and abandoning module ShaderFormatD3D (54)
[2016.02.01-06.47.32:947][653]LogModuleManager: Shutting down and abandoning module MetalShaderFormat (53)
[2016.02.01-06.47.32:947][653]LogModuleManager: Shutting down and abandoning module TextureFormatUncompressed (52)
[2016.02.01-06.47.32:947][653]LogModuleManager: Shutting down and abandoning module TextureFormatPVR (51)
[2016.02.01-06.47.32:947][653]LogModuleManager: Shutting down and abandoning module TextureFormatIntelISPCTexComp (50)
[2016.02.01-06.47.32:947][653]LogModuleManager: Shutting down and abandoning module TextureFormatDXT (49)
[2016.02.01-06.47.32:947][653]LogModuleManager: Shutting down and abandoning module ImageWrapper (48)
[2016.02.01-06.47.32:947][653]LogModuleManager: Shutting down and abandoning module TextureFormatASTC (47)
[2016.02.01-06.47.32:947][653]LogModuleManager: Shutting down and abandoning module TextureFormatAndroid (46)
[2016.02.01-06.47.32:947][653]LogModuleManager: Shutting down and abandoning module AudioFormatOpus (45)
[2016.02.01-06.47.32:947][653]LogModuleManager: Shutting down and abandoning module AudioFormatOgg (44)
[2016.02.01-06.47.32:947][653]LogModuleManager: Shutting down and abandoning module AudioFormatADPCM (43)
[2016.02.01-06.47.32:947][653]LogModuleManager: Shutting down and abandoning module LinuxTargetPlatform (42)
[2016.02.01-06.47.32:947][653]LogModuleManager: Shutting down and abandoning module LinuxServerTargetPlatform (41)
[2016.02.01-06.47.32:947][653]LogModuleManager: Shutting down and abandoning module LinuxNoEditorTargetPlatform (40)
[2016.02.01-06.47.32:947][653]LogModuleManager: Shutting down and abandoning module Messaging (39)
[2016.02.01-06.47.32:947][653]LogModuleManager: Shutting down and abandoning module IOSTargetPlatform (38)
[2016.02.01-06.47.32:947][653]LogModuleManager: Shutting down and abandoning module HTML5TargetPlatform (37)
[2016.02.01-06.47.32:947][653]LogModuleManager: Shutting down and abandoning module Android_PVRTCTargetPlatform (36)
[2016.02.01-06.47.32:947][653]LogModuleManager: Shutting down and abandoning module Android_MultiTargetPlatform (35)
[2016.02.01-06.47.32:947][653]LogModuleManager: Shutting down and abandoning module Android_ETC2TargetPlatform (34)
[2016.02.01-06.47.32:947][653]LogModuleManager: Shutting down and abandoning module Android_ETC1TargetPlatform (33)
[2016.02.01-06.47.32:947][653]LogModuleManager: Shutting down and abandoning module Android_DXTTargetPlatform (32)
[2016.02.01-06.47.32:947][653]LogModuleManager: Shutting down and abandoning module Android_ATCTargetPlatform (31)
[2016.02.01-06.47.32:947][653]LogModuleManager: Shutting down and abandoning module Android_ASTCTargetPlatform (30)
[2016.02.01-06.47.32:947][653]LogModuleManager: Shutting down and abandoning module AndroidTargetPlatform (29)
[2016.02.01-06.47.32:947][653]LogModuleManager: Shutting down and abandoning module WindowsTargetPlatform (28)
[2016.02.01-06.47.32:947][653]LogModuleManager: Shutting down and abandoning module WindowsServerTargetPlatform (27)
[2016.02.01-06.47.32:947][653]LogModuleManager: Shutting down and abandoning module WindowsNoEditorTargetPlatform (26)
[2016.02.01-06.47.32:947][653]LogModuleManager: Shutting down and abandoning module WindowsClientTargetPlatform (25)
[2016.02.01-06.47.32:947][653]LogModuleManager: Shutting down and abandoning module AllDesktopTargetPlatform (24)
[2016.02.01-06.47.32:947][653]LogModuleManager: Shutting down and abandoning module TargetPlatform (23)
[2016.02.01-06.47.32:947][653]LogModuleManager: Shutting down and abandoning module InputCore (22)
[2016.02.01-06.47.32:947][653]LogModuleManager: Shutting down and abandoning module Settings (21)
[2016.02.01-06.47.32:947][653]LogModuleManager: Shutting down and abandoning module OnlineSubsystem (19)
[2016.02.01-06.47.32:947][653]LogModuleManager: Shutting down and abandoning module HTTP (18)
[2016.02.01-06.47.34:949][653]LogModuleManager: Shutting down and abandoning module XMPP (17)
[2016.02.01-06.47.34:949][653]LogModuleManager: Shutting down and abandoning module OculusRift (16)
[2016.02.01-06.47.34:949][653]LogModuleManager: Shutting down and abandoning module ExampleDeviceProfileSelector (15)
[2016.02.01-06.47.34:949][653]LogModuleManager: Shutting down and abandoning module TextureCompressor (14)
[2016.02.01-06.47.34:949][653]LogModuleManager: Shutting down and abandoning module ShaderCore (13)
[2016.02.01-06.47.34:949][653]LogModuleManager: Shutting down and abandoning module Landscape (12)
[2016.02.01-06.47.34:949][653]LogModuleManager: Shutting down and abandoning module SlateRHIRenderer (11)
[2016.02.01-06.47.34:950][653]LogModuleManager: Shutting down and abandoning module OpenGLDrv (10)
[2016.02.01-06.47.34:950][653]LogModuleManager: Shutting down and abandoning module D3D11RHI (9)
[2016.02.01-06.47.34:950][653]LogModuleManager: Shutting down and abandoning module AnimGraphRuntime (8)
[2016.02.01-06.47.34:950][653]LogModuleManager: Shutting down and abandoning module Renderer (7)
[2016.02.01-06.47.34:950][653]LogModuleManager: Shutting down and abandoning module Engine (6)
[2016.02.01-06.47.34:950][653]LogModuleManager: Shutting down and abandoning module CoreUObject (5)
[2016.02.01-06.47.34:950][653]LogModuleManager: Shutting down and abandoning module NetworkFile (4)
[2016.02.01-06.47.34:951][653]LogModuleManager: Shutting down and abandoning module StreamingFile (3)
[2016.02.01-06.47.34:951][653]LogModuleManager: Shutting down and abandoning module SandboxFile (2)
[2016.02.01-06.47.34:951][653]LogModuleManager: Shutting down and abandoning module PakFile (1)
[2016.02.01-06.47.34:952][653]LogExit: Exiting.
[2016.02.01-06.47.34:955][653]Log file closed, 02/01/16 01:47:34
