[2016.01.31-22.08.06:644][  0]Log file open, 01/31/16 17:08:06
[2016.01.31-22.08.06:644][  0]LogInit:Display: Running engine for game: HotelBete
[2016.01.31-22.08.06:644][  0]LogPlatformFile: Not using cached read wrapper
[2016.01.31-22.08.06:644][  0]LogInit:Display: RandInit(879883281) SRandInit(879883282).
[2016.01.31-22.08.06:644][  0]LogTaskGraph: Started task graph with 4 named threads and 7 total threads.
[2016.01.31-22.08.06:644][  0]LogStats: Stats thread started at 0.088202
[2016.01.31-22.08.06:644][  0]LogInit: Version: 4.10.2-2818068+++depot+UE4-Releases+4.10
[2016.01.31-22.08.06:644][  0]LogInit: API Version: 2758231
[2016.01.31-22.08.06:644][  0]LogInit: Compiled (64-bit): Jan  6 2016 17:36:42
[2016.01.31-22.08.06:644][  0]LogInit: Compiled with Visual C++: 19.00.23026.00
[2016.01.31-22.08.06:644][  0]LogInit: Build Configuration: Development
[2016.01.31-22.08.06:644][  0]LogInit: Branch Name: ++depot+UE4-Releases+4.10
[2016.01.31-22.08.06:644][  0]LogInit: Command line:  
[2016.01.31-22.08.06:644][  0]LogInit: Base directory: C:/Program Files/Epic Games/4.10/Engine/Binaries/Win64/
[2016.01.31-22.08.06:644][  0]LogInit: Rocket: 1
[2016.01.31-22.08.06:660][  0]LogInit: Using libcurl 7.41.0
[2016.01.31-22.08.06:660][  0]LogInit:  - built for x86_64-pc-win32
[2016.01.31-22.08.06:660][  0]LogInit:  - supports SSL with WinSSL
[2016.01.31-22.08.06:660][  0]LogInit:  - other features:
[2016.01.31-22.08.06:660][  0]LogInit:      CURL_VERSION_SSL
[2016.01.31-22.08.06:660][  0]LogInit:      CURL_VERSION_IPV6
[2016.01.31-22.08.06:660][  0]LogInit:      CURL_VERSION_ASYNCHDNS
[2016.01.31-22.08.06:660][  0]LogInit:      CURL_VERSION_LARGEFILE
[2016.01.31-22.08.06:660][  0]LogInit:      CURL_VERSION_IDN
[2016.01.31-22.08.06:660][  0]LogInit:  CurlRequestOptions (configurable via config and command line):
[2016.01.31-22.08.06:660][  0]LogInit:  - bVerifyPeer = true  - Libcurl will verify peer certificate
[2016.01.31-22.08.06:660][  0]LogInit:  - bUseHttpProxy = false  - Libcurl will NOT use HTTP proxy
[2016.01.31-22.08.06:660][  0]LogInit:  - bDontReuseConnections = false  - Libcurl will reuse connections
[2016.01.31-22.08.06:660][  0]LogInit:  - CertBundlePath = nullptr  - Libcurl will use whatever was configured at build time.
[2016.01.31-22.08.06:660][  0]LogInit: Presizing for 0 objects not considered by GC, pre-allocating 0 bytes.
[2016.01.31-22.08.06:660][  0]LogInit: Object subsystem initialized
[2016.01.31-22.08.06:660][  0]LogInit: Selected Device Profile: [Windows]
[2016.01.31-22.08.06:660][  0]LogInit: Applying CVar settings loaded from the selected device profile: [Windows]
[2016.01.31-22.08.06:707][  0]LogInit: Computer: MRRBOND-PC
[2016.01.31-22.08.06:707][  0]LogInit: User: MrrBond
[2016.01.31-22.08.06:707][  0]LogInit: CPU Page size=4096, Cores=4
[2016.01.31-22.08.06:707][  0]LogInit: High frequency timer resolution =3.416005 MHz
[2016.01.31-22.08.06:707][  0]LogMemory: Memory total: Physical=7.9GB (8GB approx)
[2016.01.31-22.08.06:707][  0]LogMemory: Platform Memory Stats for Windows
[2016.01.31-22.08.06:707][  0]LogMemory: Process Physical Memory: 57.59 MB used, 57.59 MB peak
[2016.01.31-22.08.06:707][  0]LogMemory: Process Virtual Memory: 57.51 MB used, 57.51 MB peak
[2016.01.31-22.08.06:707][  0]LogMemory: Physical Memory: 3031.55 MB used, 8134.93 MB total
[2016.01.31-22.08.06:707][  0]LogMemory: Virtual Memory: 351.33 MB used, 8388608.00 MB total
[2016.01.31-22.08.06:740][  0]LogTextLocalizationManager: No specific translations for ('en-US') exist, so ('en') translations will be used.
[2016.01.31-22.08.07:097][  0]LogD3D11RHI: Found D3D11 adapter 0: NVIDIA GeForce GTX 770 (Feature Level 11_0)
[2016.01.31-22.08.07:097][  0]LogD3D11RHI: Adapter has 1989MB of dedicated video memory, 0MB of dedicated system memory, and 2048MB of shared system memory, 1 output[s]
[2016.01.31-22.08.07:097][  0]LogD3D11RHI: Chosen D3D11 Adapter Id = 0
[2016.01.31-22.08.07:102][  0]LogD3D11RHI: !Direct3DDevice
[2016.01.31-22.08.07:102][  0]LogRHI: Texture pool is 1361 MB (70% of 1945 MB)
[2016.01.31-22.08.07:110][  0]LogD3D11RHI: Async texture creation enabled
[2016.01.31-22.08.07:120][  0]LogShaderCompilers: Guid format shader working directory is -10 characters bigger than the processId version (../../../../../../Users/MrrBond/Documents/GitHub/HotelBete/Intermediate/Shaders/WorkingDirectory/8068/).
[2016.01.31-22.08.07:120][  0]LogShaderCompilers: Cleaned the shader compiler working directory 'C:/Users/MrrBond/AppData/Local/Temp/UnrealShaderWorkingDir/E947FA8C40885B336EE143861389C687/'.
[2016.01.31-22.08.07:120][  0]LogShaderCompilers:Display: Using Local Shader Compiler.
[2016.01.31-22.08.07:768][  0]LogTemp:Display: Loaded TP AllDesktopTargetPlatform
[2016.01.31-22.08.07:771][  0]LogTemp:Display: Loaded TP WindowsClientTargetPlatform
[2016.01.31-22.08.07:775][  0]LogTemp:Display: Loaded TP WindowsNoEditorTargetPlatform
[2016.01.31-22.08.07:779][  0]LogTemp:Display: Loaded TP WindowsServerTargetPlatform
[2016.01.31-22.08.07:782][  0]LogTemp:Display: Loaded TP WindowsTargetPlatform
[2016.01.31-22.08.07:785][  0]LogTemp:Display: Loaded TP AndroidTargetPlatform
[2016.01.31-22.08.07:787][  0]LogTemp:Display: Loaded TP Android_ASTCTargetPlatform
[2016.01.31-22.08.07:790][  0]LogTemp:Display: Loaded TP Android_ATCTargetPlatform
[2016.01.31-22.08.07:792][  0]LogTemp:Display: Loaded TP Android_DXTTargetPlatform
[2016.01.31-22.08.07:794][  0]LogTemp:Display: Loaded TP Android_ETC1TargetPlatform
[2016.01.31-22.08.07:797][  0]LogTemp:Display: Loaded TP Android_ETC2TargetPlatform
[2016.01.31-22.08.07:802][  0]LogTemp:Display: Loaded TP Android_MultiTargetPlatform
[2016.01.31-22.08.07:802][  0]LogTemp:Display: Loaded TP Android_PVRTCTargetPlatform
[2016.01.31-22.08.07:802][  0]LogTemp:Display: Loaded TP HTML5TargetPlatform
[2016.01.31-22.08.07:818][  0]LogTemp:Display: Loaded TP IOSTargetPlatform
[2016.01.31-22.08.07:820][  0]LogTemp:Display: Loaded TP LinuxNoEditorTargetPlatform
[2016.01.31-22.08.07:822][  0]LogTemp:Display: Loaded TP LinuxServerTargetPlatform
[2016.01.31-22.08.07:825][  0]LogTemp:Display: Loaded TP LinuxTargetPlatform
[2016.01.31-22.08.07:825][  0]LogTargetPlatformManager:Display: Building Assets For Windows
[2016.01.31-22.08.07:892][  0]LogDerivedDataCache:Display: Max Cache Size: 512 MB
[2016.01.31-22.08.07:931][  0]LogDerivedDataCache: Loaded boot cache 0.04s 41MB C:/Users/MrrBond/AppData/Local/UnrealEngine/4.10/DerivedDataCache/Boot.ddc.
[2016.01.31-22.08.07:931][  0]LogDerivedDataCache:Display: Loaded Boot cache: C:/Users/MrrBond/AppData/Local/UnrealEngine/4.10/DerivedDataCache/Boot.ddc
[2016.01.31-22.08.07:931][  0]LogDerivedDataCache: FDerivedDataBackendGraph:  Pak pak cache file ../../../../../../Users/MrrBond/Documents/GitHub/HotelBete/DerivedDataCache/DDC.ddp not found, will not use a pak cache.
[2016.01.31-22.08.07:931][  0]LogDerivedDataCache: Unable to find inner node Pak for hierarchical cache Hierarchy.
[2016.01.31-22.08.07:931][  0]LogDerivedDataCache: FDerivedDataBackendGraph:  CompressedPak pak cache file ../../../../../../Users/MrrBond/Documents/GitHub/HotelBete/DerivedDataCache/Compressed.ddp not found, will not use a pak cache.
[2016.01.31-22.08.07:931][  0]LogDerivedDataCache: Unable to find inner node CompressedPak for hierarchical cache Hierarchy.
[2016.01.31-22.08.07:975][  0]LogDerivedDataCache:Display: Pak cache opened for reading ../../../Engine/DerivedDataCache/Compressed.ddp.
[2016.01.31-22.08.07:989][  0]LogDerivedDataCache: Using Local data cache path C:/Users/MrrBond/AppData/Local/UnrealEngine/Common/DerivedDataCache: Writable
[2016.01.31-22.08.08:124][  0]LogInit: Selected Device Profile: [Windows]
[2016.01.31-22.08.08:125][  0]LogContentStreaming: Texture pool size is 0.000000MB
[2016.01.31-22.08.08:154][  0]LogMeshUtilities: No automatic mesh reduction module available
[2016.01.31-22.08.08:154][  0]LogMeshUtilities: No automatic mesh merging module available
[2016.01.31-22.08.08:410][  0]LogInit: WinSock: version 1.1 (2.2), MaxSocks=32767, MaxUdp=65467
[2016.01.31-22.08.09:290][  0]UdpMessaging: Initializing bridge on interface 0.0.0.0:0 to multicast group 230.0.0.1:6666.
[2016.01.31-22.08.09:385][  0]LogAssetRegistry: FAssetRegistry took 0.0099 seconds to start up
[2016.01.31-22.08.09:532][  0]SourceControl: Info Source control is disabled
[2016.01.31-22.08.09:533][  0]SourceControl: Info Source control is disabled
[2016.01.31-22.08.09:544][  0]SourceControl: Info Source control is disabled
[2016.01.31-22.08.09:554][  0]SourceControl: Info Source control is disabled
[2016.01.31-22.08.09:766][  0]LogObj: 28633 objects as part of root set at end of initial load.
[2016.01.31-22.08.09:766][  0]LogUObjectAllocator: 6099752 out of 0 bytes used by permanent object pool.
[2016.01.31-22.08.09:812][  0]LogEngine: Initializing Engine...
[2016.01.31-22.08.09:813][  0]LogHMD: Can't find Oculus library dev build: is proper Runtime installed? Version: 0.8.0.0
[2016.01.31-22.08.09:814][  0]LogHMD: SteamVR failed to initialize.  Err: 110
[2016.01.31-22.08.09:912][  0]LogAIModule: Creating AISystem for world NewWorld
[2016.01.31-22.08.09:918][  0]LogInit: XAudio2 using 'Speakers (Realtek High Definition Audio)' : 2 channels at 48 kHz using 32 bits per sample (channel mask 0x3)
[2016.01.31-22.08.09:947][  0]LogInit: FAudioDevice initialized.
[2016.01.31-22.08.09:972][  0]LogDerivedDataCache: Saved boot cache 0.02s 41MB C:/Users/MrrBond/AppData/Local/UnrealEngine/4.10/DerivedDataCache/Boot.ddc.
[2016.01.31-22.08.09:976][  0]LogInit: Texture streaming: Enabled
[2016.01.31-22.08.09:981][  0]LogAnalytics: Creating configured Analytics provider AnalyticsET
[2016.01.31-22.08.09:981][  0]LogAnalytics: [UEEditor.Rocket.Release] APIServer = http://et2.epicgames.com/ET2/. AppVersion = 4.10.2-2818068+++depot+UE4-Releases+4.10
[2016.01.31-22.08.09:981][  0]LogAnalytics: [UEEditor.Rocket.Release] SetUserId 70d505b9489753c526a513886a8eb1a2|20388df98dc841109316ca5aa4c25788|5df8a1b8-928f-4cc0-8ccd-f95831ba8036
[2016.01.31-22.08.09:981][  0]LogAnalytics: [UEEditor.Rocket.Release] AnalyticsET::StartSession
[2016.01.31-22.08.10:002][  0]LogInit: Transaction tracking system initialized
[2016.01.31-22.08.10:024][  0]BlueprintLog: New page: Editor Load
[2016.01.31-22.08.10:091][  0]LocalizationService: Info Localization service is disabled
[2016.01.31-22.08.10:146][  0]LogLinker:Warning: Can't find file '/Game/FirstPersonBP/FirstPersonOverview'
[2016.01.31-22.08.10:146][  0]LogLinker:Warning: Can't find file '/Game/FirstPersonBP/FirstPersonOverview'
[2016.01.31-22.08.10:146][  0]LogUObjectGlobals:Warning: Failed to find object 'Class /Game/FirstPersonBP/FirstPersonOverview.FirstPersonOverview_C'
[2016.01.31-22.08.10:165][  0]LogConsoleResponse:Display: 
[2016.01.31-22.08.10:257][  0]LogCook:Display: Done creating registry. It took  0.00s.
[2016.01.31-22.08.10:306][  0]LogFileCache: Scanning file cache for directory 'C:/Users/MrrBond/Documents/GitHub/HotelBete/Content/' took 0.01s
[2016.01.31-22.08.10:306][  0]SourceControl: Info Source control is disabled
[2016.01.31-22.08.10:306][  0]Cmd: MAP LOAD FILE="../../../../../../Users/MrrBond/Documents/GitHub/HotelBete/Content/FirstPersonBP/Level/BondsLevel.umap" TEMPLATE=0 SHOWPROGRESS=1 FEATURELEVEL=3
[2016.01.31-22.08.10:307][  0]LightingResults: New page: Lighting Build
[2016.01.31-22.08.10:309][  0]MapCheck: New page: Map Check
[2016.01.31-22.08.10:309][  0]LightingResults: New page: Lighting Build
[2016.01.31-22.08.10:319][  0]LogParticles: Destroying 0 GPU particle simulations for FXSystem 0x000000002386E160
[2016.01.31-22.08.10:379][  0]LogLinker:Warning: Asset '../../../../../../Users/MrrBond/Documents/GitHub/HotelBete/Content/FirstPerson/Meshes/FirstPersonProjectileMesh.uasset' has been saved with empty engine version. The asset will be loaded but may be incompatible.
[2016.01.31-22.08.10:892][  0]LogAIModule: Creating AISystem for world BondsLevel
[2016.01.31-22.08.10:903][  0]LogEditorServer: Finished looking for orphan Actors (0.000 secs)
[2016.01.31-22.08.10:904][  0]Cmd: MAP CHECKDEP NOCLEARLOG
[2016.01.31-22.08.10:954][  0]MapCheck: Info Map check complete: 0 Error(s), 0 Warning(s), took 50.418ms to complete.
[2016.01.31-22.08.10:954][  0]LogFileHelpers: Loading map 'BondsLevel' took 0.648
[2016.01.31-22.08.11:037][  0]LogCollectionManager: Loaded 0 collections in 0.001806 seconds
[2016.01.31-22.08.11:072][  0]LogFileCache: Scanning file cache for directory 'C:/Users/MrrBond/Documents/GitHub/HotelBete/Saved/Collections/' took 0.01s
[2016.01.31-22.08.11:072][  0]LogFileCache: Scanning file cache for directory 'C:/Users/MrrBond/Documents/GitHub/HotelBete/Content/Developers/MrrBond/Collections/' took 0.01s
[2016.01.31-22.08.11:072][  0]LogFileCache: Scanning file cache for directory 'C:/Users/MrrBond/Documents/GitHub/HotelBete/Content/Collections/' took 0.01s
[2016.01.31-22.08.11:072][  0]LogCollectionManager: Rebuilt the GUID cache for 0 collections in 0.000001 seconds
[2016.01.31-22.08.11:078][  0]LogContentBrowser: Native class hierarchy populated in 0.0059 seconds. Added 1893 classes and 338 folders.
[2016.01.31-22.08.11:084][  0]LogContentBrowser: Native class hierarchy updated for 'WidgetCarousel' in 0.0003 seconds. Added 0 classes and 0 folders.
[2016.01.31-22.08.11:132][  0]LogContentBrowser: Native class hierarchy updated for 'AddContentDialog' in 0.0003 seconds. Added 0 classes and 0 folders.
[2016.01.31-22.08.11:136][  0]LogContentBrowser: Native class hierarchy updated for 'SceneOutliner' in 0.0003 seconds. Added 1 classes and 2 folders.
[2016.01.31-22.08.11:147][  0]LogCrashTracker: Crashtracker disabled due to settings.
[2016.01.31-22.08.11:149][  0]LogUObjectGlobals:Warning: Failed to find object 'Class None.'
[2016.01.31-22.08.11:170][  0]LogLoad: Full Startup: 5.01 seconds (BP compile: 0.16 seconds)
[2016.01.31-22.08.11:179][  0]LogOcInput: Can't find Oculus library dev build: is proper Runtime installed? Version: 0.8.0.0
[2016.01.31-22.08.11:257][  0]LogRenderer: Reallocating scene render targets to support 256x256 (Frame:1).
[2016.01.31-22.08.11:272][  0]LogContentStreaming: Texture pool size now 1000 MB
[2016.01.31-22.08.11:371][  0]LogRenderer: Reallocating scene render targets to support 1208x572 (Frame:2).
[2016.01.31-22.08.11:563][  5]LogAssetRegistry: Asset discovery search completed in 2.1883 seconds
[2016.01.31-22.08.11:563][  5]LogCollectionManager: Rebuilt the object cache for 0 collections in 0.000001 seconds (found 0 objects)
[2016.01.31-22.08.11:563][  5]LogCollectionManager: Fixed up redirectors for 0 collections in 0.000025 seconds (updated 0 objects)
[2016.01.31-22.08.17:637][642]LogLinker:Warning: Asset '../../../Engine/Content/ArtTools/RenderToTexture/Macros/RenderToTextureMacros.uasset' has been saved with empty engine version. The asset will be loaded but may be incompatible.
[2016.01.31-22.08.17:920][642]LogContentBrowser: Native class hierarchy updated for 'BlueprintGraph' in 0.0006 seconds. Added 107 classes and 0 folders.
[2016.01.31-22.08.19:885][806]LogRenderer: Reallocating scene render targets to support 1208x612 (Frame:1461).
[2016.01.31-22.08.43:291][391]BlueprintLog: New page: Compile EnemySpawnA
[2016.01.31-22.08.43:398][391]BlueprintEditorCompileResults: Info [0037.23] Compile of EnemySpawnA successful! [in 107 ms]
[2016.01.31-22.08.50:189][158]BlueprintLog: New page: Compile EnemySpawnA
[2016.01.31-22.08.50:247][158]BlueprintEditorCompileResults: Info [0044.08] Compile of EnemySpawnA successful! [in 58 ms]
[2016.01.31-22.08.50:923][234]Cmd: OBJ SAVEPACKAGE PACKAGE="/Game/FirstPersonBP/Blueprints/EnemySpawnA" FILE="../../../../../../Users/MrrBond/Documents/GitHub/HotelBete/Content/FirstPersonBP/Blueprints/EnemySpawnA.uasset" SILENT=true
[2016.01.31-22.08.50:959][234]LogSavePackage: Save=17.658054ms
[2016.01.31-22.08.50:959][234]LogSavePackage: Moving '../../../../../../Users/MrrBond/Documents/GitHub/HotelBete/Saved/EnemySpawnAA77A934444FCE4D3CA16F6B61D90C730.tmp' to '../../../../../../Users/MrrBond/Documents/GitHub/HotelBete/Content/FirstPersonBP/Blueprints/EnemySpawnA.uasset'
[2016.01.31-22.08.50:963][234]LogSavePackage: Total save time: 36.316987ms
[2016.01.31-22.08.50:963][234]LogSavePackage:Display: Finished SavePackage ../../../../../../Users/MrrBond/Documents/GitHub/HotelBete/Content/FirstPersonBP/Blueprints/EnemySpawnA.uasset
[2016.01.31-22.08.53:078][475]LogPlayLevel: PlayLevel: No blueprints needed recompiling
[2016.01.31-22.08.53:078][475]PIE: New page: PIE session: BondsLevel (Jan 31, 2016, 12:08:53 PM)
[2016.01.31-22.08.53:078][475]LogPlayLevel: Creating play world package: /Game/FirstPersonBP/Level/UEDPIE_0_BondsLevel
[2016.01.31-22.08.53:102][475]LogPlayLevel: PIE: StaticDuplicateObject took: (0.024448s)
[2016.01.31-22.08.53:104][475]LogAIModule: Creating AISystem for world BondsLevel
[2016.01.31-22.08.53:104][475]LogPlayLevel: PIE: World Init took: (0.001207s)
[2016.01.31-22.08.53:104][475]LogPlayLevel: PIE: Created PIE world by copying editor world from /Game/FirstPersonBP/Level/BondsLevel.BondsLevel to /Game/FirstPersonBP/Level/UEDPIE_0_BondsLevel.BondsLevel (0.025911s)
[2016.01.31-22.08.53:133][475]LogInit: XAudio2 using 'Speakers (Realtek High Definition Audio)' : 2 channels at 48 kHz using 32 bits per sample (channel mask 0x3)
[2016.01.31-22.08.53:140][475]LogInit: FAudioDevice initialized.
[2016.01.31-22.08.53:186][475]LogWorld: Game class is 'FirstPersonGameMode_C'
[2016.01.31-22.08.53:190][475]LogWorld: Bringing World /Game/FirstPersonBP/Level/UEDPIE_0_BondsLevel.BondsLevel up for play (max tick rate 0) at 2016.01.31-17.08.53
[2016.01.31-22.08.53:190][475]LogActor:Warning: GameSession /Game/FirstPersonBP/Level/UEDPIE_0_BondsLevel.BondsLevel:PersistentLevel.GameSession_0 has natively added scene component(s), but none of them were set as the actor's RootComponent - picking one arbitrarily
[2016.01.31-22.08.53:190][475]LogActor:Warning: GameNetworkManager /Game/FirstPersonBP/Level/UEDPIE_0_BondsLevel.BondsLevel:PersistentLevel.GameNetworkManager_0 has natively added scene component(s), but none of them were set as the actor's RootComponent - picking one arbitrarily
[2016.01.31-22.08.53:190][475]LogWorld: Bringing up level for play took: 0.003815
[2016.01.31-22.08.53:190][475]LogPathFollowing:Warning: No NavigationData found while trying to cache it for AIController_0's PathFollowingComponent
[2016.01.31-22.08.53:191][475]LogSpawn:Warning: SpawnActor failed because no class was specified
[2016.01.31-22.08.53:192][475]PIE: Info Play in editor start time for /Game/FirstPersonBP/Level/UEDPIE_0_BondsLevel 0.421
[2016.01.31-22.08.55:982][806]LogScript:Warning: Accessed None 'TriggerA'
	FirstPersonGameMode_C /Game/FirstPersonBP/Level/UEDPIE_0_BondsLevel.BondsLevel:PersistentLevel.FirstPersonGameMode_C_0
	Function /Game/FirstPersonBP/Blueprints/FirstPersonGameMode.FirstPersonGameMode_C:Triggered:0013
[2016.01.31-22.08.55:982][806]PIE:Error: Error Accessed None 'TriggerA' from node Branch in graph 'Triggered' in blueprint FirstPersonGameMode
[2016.01.31-22.08.55:982][806]LogBlueprintUserMessages: [FirstPersonGameMode_C_0] Hello
[2016.01.31-22.08.55:982][806]LogScript:Warning: Accessed None 'SpawnA'
	FirstPersonGameMode_C /Game/FirstPersonBP/Level/UEDPIE_0_BondsLevel.BondsLevel:PersistentLevel.FirstPersonGameMode_C_0
	Function /Game/FirstPersonBP/Blueprints/FirstPersonGameMode.FirstPersonGameMode_C:Triggered:009E
[2016.01.31-22.08.55:982][806]PIE:Error: Error Accessed None 'SpawnA' from node SpawnActor Enemy in graph 'Triggered' in blueprint FirstPersonGameMode
[2016.01.31-22.08.55:982][806]LogScript:Warning: Accessed None
	FirstPersonGameMode_C /Game/FirstPersonBP/Level/UEDPIE_0_BondsLevel.BondsLevel:PersistentLevel.FirstPersonGameMode_C_0
	Function /Game/FirstPersonBP/Blueprints/FirstPersonGameMode.FirstPersonGameMode_C:Triggered:00B3
[2016.01.31-22.08.55:982][806]PIE:Error: Error Accessed None from node SpawnActor Enemy in graph 'Triggered' in blueprint FirstPersonGameMode
[2016.01.31-22.08.55:982][806]LogScript:Warning: Accessed None 'SpawnA'
	FirstPersonGameMode_C /Game/FirstPersonBP/Level/UEDPIE_0_BondsLevel.BondsLevel:PersistentLevel.FirstPersonGameMode_C_0
	Function /Game/FirstPersonBP/Blueprints/FirstPersonGameMode.FirstPersonGameMode_C:Triggered:014D
[2016.01.31-22.08.55:982][806]PIE:Error: Error Accessed None 'SpawnA' from node SpawnActor Enemy in graph 'Triggered' in blueprint FirstPersonGameMode
[2016.01.31-22.08.55:982][806]LogScript:Warning: Accessed None
	FirstPersonGameMode_C /Game/FirstPersonBP/Level/UEDPIE_0_BondsLevel.BondsLevel:PersistentLevel.FirstPersonGameMode_C_0
	Function /Game/FirstPersonBP/Blueprints/FirstPersonGameMode.FirstPersonGameMode_C:Triggered:0162
[2016.01.31-22.08.55:982][806]PIE:Error: Error Accessed None from node SpawnActor Enemy in graph 'Triggered' in blueprint FirstPersonGameMode
[2016.01.31-22.08.57:261][953]LogParticles: Destroying 0 GPU particle simulations for FXSystem 0x00000000416B6DE0
[2016.01.31-22.16.27:391][862]LogParticles: Destroying 0 GPU particle simulations for FXSystem 0x00000000612818A0
[2016.01.31-22.16.27:579][862]LogSavePackage: Save=45.205730ms
[2016.01.31-22.16.27:579][862]LogSavePackage: Moving '../../../../../../Users/MrrBond/Documents/GitHub/HotelBete/Saved/BondsLevel81DF97BA442A0B264746F48011EB2188.tmp' to '../../../../../../Users/MrrBond/Documents/GitHub/HotelBete/Content/FirstPersonBP/Level/BondsLevel.umap'
[2016.01.31-22.16.27:584][862]LogSavePackage: Total save time: 67.398906ms
[2016.01.31-22.16.27:584][862]LogSavePackage:Display: Finished SavePackage ../../../../../../Users/MrrBond/Documents/GitHub/HotelBete/Content/FirstPersonBP/Level/BondsLevel.umap
[2016.01.31-22.16.27:613][862]LogFileHelpers: Saving map 'BondsLevel' took 0.208
[2016.01.31-22.16.28:370][950]LogParticles: Destroying 0 GPU particle simulations for FXSystem 0x0000000029D358A0
[2016.01.31-22.16.28:615][951]Cmd: QUIT_EDITOR
[2016.01.31-22.16.28:725][951]LogExit: Preparing to exit.
[2016.01.31-22.16.29:430][951]LogExit: Editor shut down
[2016.01.31-22.16.29:430][951]LogExit: Transaction tracking system shut down
[2016.01.31-22.16.29:432][951]LogParticles: Destroying 0 GPU particle simulations for FXSystem 0x000000001214BEC0
[2016.01.31-22.16.29:432][951]LogParticles: Destroying 0 GPU particle simulations for FXSystem 0x000000001F2E7880
[2016.01.31-22.16.29:432][951]LogParticles: Destroying 0 GPU particle simulations for FXSystem 0x0000000033C725C0
[2016.01.31-22.16.29:432][951]LogParticles: Destroying 0 GPU particle simulations for FXSystem 0x000000004759F880
[2016.01.31-22.16.29:432][951]LogParticles: Destroying 0 GPU particle simulations for FXSystem 0x000000004759F600
[2016.01.31-22.16.29:580][951]LogExit: Object subsystem successfully closed.
[2016.01.31-22.16.29:593][951]LogD3D11RHI: Shutdown
[2016.01.31-22.16.29:593][951]LogD3D11RHI: CleanupD3DDevice
[2016.01.31-22.16.29:646][951]LogD3D11RHI: ~FD3D11DynamicRHI
[2016.01.31-22.16.29:658][951]LogModuleManager: Shutting down and abandoning module CookingStats (200)
[2016.01.31-22.16.29:658][951]LogModuleManager: Shutting down and abandoning module BlueprintGraph (199)
[2016.01.31-22.16.29:658][951]LogModuleManager: Shutting down and abandoning module CrashTracker (198)
[2016.01.31-22.16.29:658][951]LogModuleManager: Shutting down and abandoning module SceneOutliner (197)
[2016.01.31-22.16.29:658][951]LogModuleManager: Shutting down and abandoning module SuperSearch (196)
[2016.01.31-22.16.29:658][951]LogModuleManager: Shutting down and abandoning module WidgetCarousel (195)
[2016.01.31-22.16.29:658][951]LogModuleManager: Shutting down and abandoning module AddContentDialog (194)
[2016.01.31-22.16.29:659][951]LogModuleManager: Shutting down and abandoning module EditorWidgets (193)
[2016.01.31-22.16.29:659][951]LogModuleManager: Shutting down and abandoning module CollectionManager (192)
[2016.01.31-22.16.29:659][951]LogModuleManager: Shutting down and abandoning module StatsViewer (191)
[2016.01.31-22.16.29:659][951]LogModuleManager: Shutting down and abandoning module FoliageEdit (190)
[2016.01.31-22.16.29:659][951]LogModuleManager: Shutting down and abandoning module LandscapeEditor (189)
[2016.01.31-22.16.29:660][951]LogModuleManager: Shutting down and abandoning module ActorPickerMode (188)
[2016.01.31-22.16.29:660][951]LogModuleManager: Shutting down and abandoning module GeometryMode (187)
[2016.01.31-22.16.29:660][951]LogModuleManager: Shutting down and abandoning module TextureAlignMode (186)
[2016.01.31-22.16.29:660][951]LogModuleManager: Shutting down and abandoning module BspMode (185)
[2016.01.31-22.16.29:660][951]LogModuleManager: Shutting down and abandoning module PlacementMode (184)
[2016.01.31-22.16.29:660][951]LogModuleManager: Shutting down and abandoning module AutomationWorker (183)
[2016.01.31-22.16.29:660][951]LogModuleManager: Shutting down and abandoning module CharacterAI (182)
[2016.01.31-22.16.29:660][951]LogModuleManager: Shutting down and abandoning module SmartSnapping (181)
[2016.01.31-22.16.29:660][951]LogModuleManager: Shutting down and abandoning module ViewportSnapping (180)
[2016.01.31-22.16.29:660][951]LogModuleManager: Shutting down and abandoning module LogVisualizer (179)
[2016.01.31-22.16.29:660][951]LogModuleManager: Shutting down and abandoning module GameProjectGeneration (178)
[2016.01.31-22.16.29:660][951]LogModuleManager: Shutting down and abandoning module IntroTutorials (177)
[2016.01.31-22.16.29:660][951]LogModuleManager: Shutting down and abandoning module EditorLiveStreaming (176)
[2016.01.31-22.16.29:660][951]LogModuleManager: Shutting down and abandoning module IOSPlatformEditor (175)
[2016.01.31-22.16.29:660][951]LogModuleManager: Shutting down and abandoning module HTML5PlatformEditor (174)
[2016.01.31-22.16.29:660][951]LogModuleManager: Shutting down and abandoning module AndroidDeviceDetection (173)
[2016.01.31-22.16.30:162][951]LogModuleManager: Shutting down and abandoning module AndroidPlatformEditor (172)
[2016.01.31-22.16.30:162][951]LogModuleManager: Shutting down and abandoning module IOSRuntimeSettings (171)
[2016.01.31-22.16.30:162][951]LogModuleManager: Shutting down and abandoning module AndroidRuntimeSettings (170)
[2016.01.31-22.16.30:162][951]LogModuleManager: Shutting down and abandoning module MergeActors (169)
[2016.01.31-22.16.30:162][951]LogModuleManager: Shutting down and abandoning module SizeMap (168)
[2016.01.31-22.16.30:162][951]LogModuleManager: Shutting down and abandoning module TreeMap (167)
[2016.01.31-22.16.30:162][951]LogModuleManager: Shutting down and abandoning module ReferenceViewer (166)
[2016.01.31-22.16.30:162][951]LogModuleManager: Shutting down and abandoning module LocalizationService (165)
[2016.01.31-22.16.30:162][951]LogModuleManager: Shutting down and abandoning module LocalizationDashboard (164)
[2016.01.31-22.16.30:162][951]LogModuleManager: Shutting down and abandoning module HardwareTargeting (163)
[2016.01.31-22.16.30:162][951]LogModuleManager: Shutting down and abandoning module DeviceProfileEditor (162)
[2016.01.31-22.16.30:162][951]LogModuleManager: Shutting down and abandoning module UndoHistory (161)
[2016.01.31-22.16.30:162][951]LogModuleManager: Shutting down and abandoning module GameplayTagsEditor (160)
[2016.01.31-22.16.30:163][951]LogModuleManager: Shutting down and abandoning module UserFeedback (159)
[2016.01.31-22.16.30:163][951]LogModuleManager: Shutting down and abandoning module XmlParser (158)
[2016.01.31-22.16.30:163][951]LogModuleManager: Shutting down and abandoning module Blutility (157)
[2016.01.31-22.16.30:163][951]LogModuleManager: Shutting down and abandoning module ProjectTargetPlatformEditor (156)
[2016.01.31-22.16.30:163][951]LogModuleManager: Shutting down and abandoning module ProjectSettingsViewer (155)
[2016.01.31-22.16.30:163][951]LogModuleManager: Shutting down and abandoning module InputBindingEditor (154)
[2016.01.31-22.16.30:163][951]LogModuleManager: Shutting down and abandoning module EditorSettingsViewer (153)
[2016.01.31-22.16.30:163][951]LogModuleManager: Shutting down and abandoning module SettingsEditor (152)
[2016.01.31-22.16.30:163][951]LogModuleManager: Shutting down and abandoning module ProjectLauncher (151)
[2016.01.31-22.16.30:163][951]LogModuleManager: Shutting down and abandoning module SessionFrontend (150)
[2016.01.31-22.16.30:163][951]LogModuleManager: Shutting down and abandoning module ProfilerClient (149)
[2016.01.31-22.16.30:164][951]LogModuleManager: Shutting down and abandoning module TargetDeviceServices (148)
[2016.01.31-22.16.30:164][951]LogModuleManager: Shutting down and abandoning module DeviceManager (147)
[2016.01.31-22.16.30:164][951]LogModuleManager: Shutting down and abandoning module AutomationController (146)
[2016.01.31-22.16.30:164][951]LogModuleManager: Shutting down and abandoning module AutomationWindow (145)
[2016.01.31-22.16.30:164][951]LogModuleManager: Shutting down and abandoning module Layers (144)
[2016.01.31-22.16.30:164][951]LogModuleManager: Shutting down and abandoning module ComponentVisualizers (143)
[2016.01.31-22.16.30:164][951]LogModuleManager: Shutting down and abandoning module DetailCustomizations (142)
[2016.01.31-22.16.30:164][951]LogModuleManager: Shutting down and abandoning module PackagesDialog (141)
[2016.01.31-22.16.30:164][951]LogModuleManager: Shutting down and abandoning module Persona (140)
[2016.01.31-22.16.30:164][951]LogModuleManager: Shutting down and abandoning module Kismet (139)
[2016.01.31-22.16.30:164][951]LogModuleManager: Shutting down and abandoning module GraphEditor (138)
[2016.01.31-22.16.30:165][951]LogModuleManager: Shutting down and abandoning module ClassViewer (137)
[2016.01.31-22.16.30:165][951]LogModuleManager: Shutting down and abandoning module Toolbox (136)
[2016.01.31-22.16.30:165][951]LogModuleManager: Shutting down and abandoning module ModuleUI (135)
[2016.01.31-22.16.30:165][951]LogModuleManager: Shutting down and abandoning module MovieSceneTools (134)
[2016.01.31-22.16.30:165][951]LogModuleManager: Shutting down and abandoning module OutputLog (133)
[2016.01.31-22.16.30:165][951]LogModuleManager: Shutting down and abandoning module GammaUI (132)
[2016.01.31-22.16.30:165][951]LogModuleManager: Shutting down and abandoning module Documentation (131)
[2016.01.31-22.16.30:165][951]LogModuleManager: Shutting down and abandoning module GameLiveStreaming (130)
[2016.01.31-22.16.30:165][951]LogModuleManager: Shutting down and abandoning module StreamingPauseRendering (129)
[2016.01.31-22.16.30:165][951]LogModuleManager: Shutting down and abandoning module AnalyticsET (128)
[2016.01.31-22.16.30:165][951]LogModuleManager: Shutting down and abandoning module Analytics (127)
[2016.01.31-22.16.30:165][951]LogModuleManager: Shutting down and abandoning module AITestSuite (126)
[2016.01.31-22.16.30:165][951]LogModuleManager: Shutting down and abandoning module GameplayDebugger (125)
[2016.01.31-22.16.30:165][951]LogModuleManager: Shutting down and abandoning module AIModule (124)
[2016.01.31-22.16.30:165][951]LogModuleManager: Shutting down and abandoning module ProfilerService (123)
[2016.01.31-22.16.30:354][951]LogModuleManager: Shutting down and abandoning module TaskGraph (122)
[2016.01.31-22.16.30:354][951]LogModuleManager: Shutting down and abandoning module SlateRemote (121)
[2016.01.31-22.16.30:354][951]LogModuleManager: Shutting down and abandoning module SteamVRController (120)
[2016.01.31-22.16.30:354][951]LogModuleManager: Shutting down and abandoning module SteamVR (119)
[2016.01.31-22.16.30:354][951]LogModuleManager: Shutting down and abandoning module ProceduralMeshComponent (118)
[2016.01.31-22.16.30:354][951]LogModuleManager: Shutting down and abandoning module OculusLibrary (117)
[2016.01.31-22.16.30:354][951]LogModuleManager: Shutting down and abandoning module OculusInput (116)
[2016.01.31-22.16.30:354][951]LogModuleManager: Shutting down and abandoning module LeapMotionController (115)
[2016.01.31-22.16.30:383][951]LogModuleManager: Shutting down and abandoning module CustomMeshComponent (114)
[2016.01.31-22.16.30:383][951]LogModuleManager: Shutting down and abandoning module CableComponent (113)
[2016.01.31-22.16.30:383][951]LogModuleManager: Shutting down and abandoning module ArchVisCharacter (112)
[2016.01.31-22.16.30:383][951]LogModuleManager: Shutting down and abandoning module MessagingDebugger (111)
[2016.01.31-22.16.30:383][951]LogModuleManager: Shutting down and abandoning module MediaPlayerEditor (110)
[2016.01.31-22.16.30:383][951]LogModuleManager: Shutting down and abandoning module HTML5Networking (109)
[2016.01.31-22.16.30:383][951]LogModuleManager: Shutting down and abandoning module SpeedTreeImporter (108)
[2016.01.31-22.16.30:383][951]LogModuleManager: Shutting down and abandoning module PluginBrowser (107)
[2016.01.31-22.16.30:383][951]LogModuleManager: Shutting down and abandoning module EpicSurvey (106)
[2016.01.31-22.16.30:383][951]LogModuleManager: Shutting down and abandoning module DesktopPlatform (105)
[2016.01.31-22.16.30:383][951]LogModuleManager: Shutting down and abandoning module VisualStudioSourceCodeAccess (104)
[2016.01.31-22.16.30:383][951]LogModuleManager: Shutting down and abandoning module UObjectPlugin (103)
[2016.01.31-22.16.30:383][951]LogModuleManager: Shutting down and abandoning module SubversionSourceControl (102)
[2016.01.31-22.16.30:383][951]LogModuleManager: Shutting down and abandoning module PerforceSourceControl (101)
[2016.01.31-22.16.30:383][951]LogModuleManager: Shutting down and abandoning module SourceControl (100)
[2016.01.31-22.16.30:383][951]LogModuleManager: Shutting down and abandoning module GitSourceControl (99)
[2016.01.31-22.16.30:383][951]LogModuleManager: Shutting down and abandoning module LightPropagationVolumeEditor (98)
[2016.01.31-22.16.30:383][951]LogModuleManager: Shutting down and abandoning module PaperTiledImporter (97)
[2016.01.31-22.16.30:383][951]LogModuleManager: Shutting down and abandoning module PaperSpriteSheetImporter (96)
[2016.01.31-22.16.30:384][951]LogModuleManager: Shutting down and abandoning module MeshPaint (95)
[2016.01.31-22.16.30:384][951]LogModuleManager: Shutting down and abandoning module SlateReflector (94)
[2016.01.31-22.16.30:384][951]LogModuleManager: Shutting down and abandoning module HotReload (93)
[2016.01.31-22.16.30:384][951]LogModuleManager: Shutting down and abandoning module MainFrame (92)
[2016.01.31-22.16.30:384][951]LogModuleManager: Shutting down and abandoning module LevelEditor (91)
[2016.01.31-22.16.30:385][951]LogModuleManager: Shutting down and abandoning module DirectoryWatcher (90)
[2016.01.31-22.16.30:385][951]LogModuleManager: Shutting down and abandoning module AssetRegistry (89)
[2016.01.31-22.16.30:511][951]LogModuleManager: Shutting down and abandoning module ContentBrowser (88)
[2016.01.31-22.16.30:512][951]LogModuleManager: Shutting down and abandoning module Paper2DEditor (87)
[2016.01.31-22.16.30:512][951]LogModuleManager: Shutting down and abandoning module UdpMessaging (86)
[2016.01.31-22.16.30:612][951]LogModuleManager: Shutting down and abandoning module LightPropagationVolumeRuntime (85)
[2016.01.31-22.16.30:612][951]LogModuleManager: Shutting down and abandoning module Paper2D (84)
[2016.01.31-22.16.30:612][951]LogModuleManager: Shutting down and abandoning module WindowsMoviePlayer (83)
[2016.01.31-22.16.30:620][951]LogModuleManager: Shutting down and abandoning module Media (82)
[2016.01.31-22.16.30:620][951]LogModuleManager: Shutting down and abandoning module WmfMedia (81)
[2016.01.31-22.16.30:622][951]LogModuleManager: Shutting down and abandoning module OnlineBlueprintSupport (80)
[2016.01.31-22.16.30:622][951]LogModuleManager: Shutting down and abandoning module GameplayTasksEditor (79)
[2016.01.31-22.16.30:622][951]LogModuleManager: Shutting down and abandoning module PropertyEditor (78)
[2016.01.31-22.16.30:622][951]LogModuleManager: Shutting down and abandoning module BehaviorTreeEditor (77)
[2016.01.31-22.16.30:622][951]LogModuleManager: Shutting down and abandoning module FunctionalTesting (76)
[2016.01.31-22.16.30:622][951]LogModuleManager: Shutting down and abandoning module CollisionAnalyzer (75)
[2016.01.31-22.16.30:622][951]LogModuleManager: Shutting down and abandoning module WorkspaceMenuStructure (74)
[2016.01.31-22.16.30:622][951]LogModuleManager: Shutting down and abandoning module MessageLog (73)
[2016.01.31-22.16.30:622][951]LogModuleManager: Shutting down and abandoning module Sequencer (72)
[2016.01.31-22.16.30:622][951]LogModuleManager: Shutting down and abandoning module AssetTools (71)
[2016.01.31-22.16.30:623][951]LogModuleManager: Shutting down and abandoning module UMGEditor (70)
[2016.01.31-22.16.30:623][951]LogModuleManager: Shutting down and abandoning module UMG (69)
[2016.01.31-22.16.30:623][951]LogModuleManager: Shutting down and abandoning module Slate (68)
[2016.01.31-22.16.30:623][951]LogModuleManager: Shutting down and abandoning module EditorStyle (67)
[2016.01.31-22.16.30:630][951]LogModuleManager: Shutting down and abandoning module SessionServices (66)
[2016.01.31-22.16.30:630][951]LogModuleManager: Shutting down and abandoning module SourceCodeAccess (65)
[2016.01.31-22.16.30:630][951]LogModuleManager: Shutting down and abandoning module HeadMountedDisplay (64)
[2016.01.31-22.16.30:630][951]LogModuleManager: Shutting down and abandoning module XAudio2 (63)
[2016.01.31-22.16.30:630][951]LogModuleManager: Shutting down and abandoning module Networking (61)
[2016.01.31-22.16.30:630][951]LogModuleManager: Shutting down and abandoning module Core (60)
[2016.01.31-22.16.30:630][951]LogModuleManager: Shutting down and abandoning module KismetCompiler (59)
[2016.01.31-22.16.30:630][951]LogModuleManager: Shutting down and abandoning module PhysXFormats (58)
[2016.01.31-22.16.30:630][951]LogModuleManager: Shutting down and abandoning module MeshUtilities (57)
[2016.01.31-22.16.30:630][951]LogModuleManager: Shutting down and abandoning module DerivedDataCache (56)
[2016.01.31-22.16.30:691][951]LogDerivedDataCache: Shutdown
[2016.01.31-22.16.30:691][951]LogModuleManager: Shutting down and abandoning module ShaderFormatOpenGL (55)
[2016.01.31-22.16.30:691][951]LogModuleManager: Shutting down and abandoning module ShaderFormatD3D (54)
[2016.01.31-22.16.30:692][951]LogModuleManager: Shutting down and abandoning module MetalShaderFormat (53)
[2016.01.31-22.16.30:692][951]LogModuleManager: Shutting down and abandoning module TextureFormatUncompressed (52)
[2016.01.31-22.16.30:692][951]LogModuleManager: Shutting down and abandoning module TextureFormatPVR (51)
[2016.01.31-22.16.30:692][951]LogModuleManager: Shutting down and abandoning module TextureFormatIntelISPCTexComp (50)
[2016.01.31-22.16.30:692][951]LogModuleManager: Shutting down and abandoning module TextureFormatDXT (49)
[2016.01.31-22.16.30:692][951]LogModuleManager: Shutting down and abandoning module ImageWrapper (48)
[2016.01.31-22.16.30:692][951]LogModuleManager: Shutting down and abandoning module TextureFormatASTC (47)
[2016.01.31-22.16.30:692][951]LogModuleManager: Shutting down and abandoning module TextureFormatAndroid (46)
[2016.01.31-22.16.30:692][951]LogModuleManager: Shutting down and abandoning module AudioFormatOpus (45)
[2016.01.31-22.16.30:692][951]LogModuleManager: Shutting down and abandoning module AudioFormatOgg (44)
[2016.01.31-22.16.30:692][951]LogModuleManager: Shutting down and abandoning module AudioFormatADPCM (43)
[2016.01.31-22.16.30:692][951]LogModuleManager: Shutting down and abandoning module LinuxTargetPlatform (42)
[2016.01.31-22.16.30:692][951]LogModuleManager: Shutting down and abandoning module LinuxServerTargetPlatform (41)
[2016.01.31-22.16.30:692][951]LogModuleManager: Shutting down and abandoning module LinuxNoEditorTargetPlatform (40)
[2016.01.31-22.16.30:692][951]LogModuleManager: Shutting down and abandoning module Messaging (39)
[2016.01.31-22.16.30:692][951]LogModuleManager: Shutting down and abandoning module IOSTargetPlatform (38)
[2016.01.31-22.16.30:692][951]LogModuleManager: Shutting down and abandoning module HTML5TargetPlatform (37)
[2016.01.31-22.16.30:692][951]LogModuleManager: Shutting down and abandoning module Android_PVRTCTargetPlatform (36)
[2016.01.31-22.16.30:692][951]LogModuleManager: Shutting down and abandoning module Android_MultiTargetPlatform (35)
[2016.01.31-22.16.30:692][951]LogModuleManager: Shutting down and abandoning module Android_ETC2TargetPlatform (34)
[2016.01.31-22.16.30:692][951]LogModuleManager: Shutting down and abandoning module Android_ETC1TargetPlatform (33)
[2016.01.31-22.16.30:692][951]LogModuleManager: Shutting down and abandoning module Android_DXTTargetPlatform (32)
[2016.01.31-22.16.30:692][951]LogModuleManager: Shutting down and abandoning module Android_ATCTargetPlatform (31)
[2016.01.31-22.16.30:692][951]LogModuleManager: Shutting down and abandoning module Android_ASTCTargetPlatform (30)
[2016.01.31-22.16.30:692][951]LogModuleManager: Shutting down and abandoning module AndroidTargetPlatform (29)
[2016.01.31-22.16.30:692][951]LogModuleManager: Shutting down and abandoning module WindowsTargetPlatform (28)
[2016.01.31-22.16.30:692][951]LogModuleManager: Shutting down and abandoning module WindowsServerTargetPlatform (27)
[2016.01.31-22.16.30:692][951]LogModuleManager: Shutting down and abandoning module WindowsNoEditorTargetPlatform (26)
[2016.01.31-22.16.30:692][951]LogModuleManager: Shutting down and abandoning module WindowsClientTargetPlatform (25)
[2016.01.31-22.16.30:692][951]LogModuleManager: Shutting down and abandoning module AllDesktopTargetPlatform (24)
[2016.01.31-22.16.30:693][951]LogModuleManager: Shutting down and abandoning module TargetPlatform (23)
[2016.01.31-22.16.30:693][951]LogModuleManager: Shutting down and abandoning module InputCore (22)
[2016.01.31-22.16.30:693][951]LogModuleManager: Shutting down and abandoning module Settings (21)
[2016.01.31-22.16.30:693][951]LogModuleManager: Shutting down and abandoning module OnlineSubsystem (19)
[2016.01.31-22.16.30:693][951]LogModuleManager: Shutting down and abandoning module HTTP (18)
[2016.01.31-22.16.32:693][951]LogModuleManager: Shutting down and abandoning module XMPP (17)
[2016.01.31-22.16.32:693][951]LogModuleManager: Shutting down and abandoning module OculusRift (16)
[2016.01.31-22.16.32:693][951]LogModuleManager: Shutting down and abandoning module ExampleDeviceProfileSelector (15)
[2016.01.31-22.16.32:693][951]LogModuleManager: Shutting down and abandoning module TextureCompressor (14)
[2016.01.31-22.16.32:693][951]LogModuleManager: Shutting down and abandoning module ShaderCore (13)
[2016.01.31-22.16.32:693][951]LogModuleManager: Shutting down and abandoning module Landscape (12)
[2016.01.31-22.16.32:693][951]LogModuleManager: Shutting down and abandoning module SlateRHIRenderer (11)
[2016.01.31-22.16.32:695][951]LogModuleManager: Shutting down and abandoning module OpenGLDrv (10)
[2016.01.31-22.16.32:695][951]LogModuleManager: Shutting down and abandoning module D3D11RHI (9)
[2016.01.31-22.16.32:695][951]LogModuleManager: Shutting down and abandoning module AnimGraphRuntime (8)
[2016.01.31-22.16.32:695][951]LogModuleManager: Shutting down and abandoning module Renderer (7)
[2016.01.31-22.16.32:695][951]LogModuleManager: Shutting down and abandoning module Engine (6)
[2016.01.31-22.16.32:695][951]LogModuleManager: Shutting down and abandoning module CoreUObject (5)
[2016.01.31-22.16.32:695][951]LogModuleManager: Shutting down and abandoning module NetworkFile (4)
[2016.01.31-22.16.32:695][951]LogModuleManager: Shutting down and abandoning module StreamingFile (3)
[2016.01.31-22.16.32:695][951]LogModuleManager: Shutting down and abandoning module SandboxFile (2)
[2016.01.31-22.16.32:696][951]LogModuleManager: Shutting down and abandoning module PakFile (1)
[2016.01.31-22.16.32:699][951]LogExit: Exiting.
[2016.01.31-22.16.32:702][951]Log file closed, 01/31/16 17:16:32
