[2016.01.31-04.43.47:773][  0]Log file open, 01/30/16 23:43:47
[2016.01.31-04.43.47:773][  0]LogInit:Display: Running engine for game: HotelBete
[2016.01.31-04.43.47:773][  0]LogPlatformFile: Not using cached read wrapper
[2016.01.31-04.43.47:773][  0]LogInit:Display: RandInit(945237778) SRandInit(945237779).
[2016.01.31-04.43.47:773][  0]LogTaskGraph: Started task graph with 4 named threads and 7 total threads.
[2016.01.31-04.43.47:773][  0]LogStats: Stats thread started at 0.069089
[2016.01.31-04.43.47:773][  0]LogInit: Version: 4.10.2-2818068+++depot+UE4-Releases+4.10
[2016.01.31-04.43.47:773][  0]LogInit: API Version: 2758231
[2016.01.31-04.43.47:773][  0]LogInit: Compiled (64-bit): Jan  6 2016 17:36:42
[2016.01.31-04.43.47:773][  0]LogInit: Compiled with Visual C++: 19.00.23026.00
[2016.01.31-04.43.47:773][  0]LogInit: Build Configuration: Development
[2016.01.31-04.43.47:773][  0]LogInit: Branch Name: ++depot+UE4-Releases+4.10
[2016.01.31-04.43.47:773][  0]LogInit: Command line:  
[2016.01.31-04.43.47:773][  0]LogInit: Base directory: C:/Program Files/Epic Games/4.10/Engine/Binaries/Win64/
[2016.01.31-04.43.47:773][  0]LogInit: Rocket: 1
[2016.01.31-04.43.47:778][  0]LogInit: Using libcurl 7.41.0
[2016.01.31-04.43.47:778][  0]LogInit:  - built for x86_64-pc-win32
[2016.01.31-04.43.47:778][  0]LogInit:  - supports SSL with WinSSL
[2016.01.31-04.43.47:778][  0]LogInit:  - other features:
[2016.01.31-04.43.47:778][  0]LogInit:      CURL_VERSION_SSL
[2016.01.31-04.43.47:778][  0]LogInit:      CURL_VERSION_IPV6
[2016.01.31-04.43.47:778][  0]LogInit:      CURL_VERSION_ASYNCHDNS
[2016.01.31-04.43.47:778][  0]LogInit:      CURL_VERSION_LARGEFILE
[2016.01.31-04.43.47:778][  0]LogInit:      CURL_VERSION_IDN
[2016.01.31-04.43.47:778][  0]LogInit:  CurlRequestOptions (configurable via config and command line):
[2016.01.31-04.43.47:778][  0]LogInit:  - bVerifyPeer = true  - Libcurl will verify peer certificate
[2016.01.31-04.43.47:778][  0]LogInit:  - bUseHttpProxy = false  - Libcurl will NOT use HTTP proxy
[2016.01.31-04.43.47:778][  0]LogInit:  - bDontReuseConnections = false  - Libcurl will reuse connections
[2016.01.31-04.43.47:778][  0]LogInit:  - CertBundlePath = nullptr  - Libcurl will use whatever was configured at build time.
[2016.01.31-04.43.47:784][  0]LogInit: Presizing for 0 objects not considered by GC, pre-allocating 0 bytes.
[2016.01.31-04.43.47:789][  0]LogInit: Object subsystem initialized
[2016.01.31-04.43.47:789][  0]LogInit: Selected Device Profile: [Windows]
[2016.01.31-04.43.47:789][  0]LogInit: Applying CVar settings loaded from the selected device profile: [Windows]
[2016.01.31-04.43.47:795][  0]LogInit: Computer: MRRBOND-PC
[2016.01.31-04.43.47:795][  0]LogInit: User: MrrBond
[2016.01.31-04.43.47:795][  0]LogInit: CPU Page size=4096, Cores=4
[2016.01.31-04.43.47:795][  0]LogInit: High frequency timer resolution =3.416044 MHz
[2016.01.31-04.43.47:795][  0]LogMemory: Memory total: Physical=7.9GB (8GB approx)
[2016.01.31-04.43.47:795][  0]LogMemory: Platform Memory Stats for Windows
[2016.01.31-04.43.47:795][  0]LogMemory: Process Physical Memory: 57.60 MB used, 57.60 MB peak
[2016.01.31-04.43.47:795][  0]LogMemory: Process Virtual Memory: 57.53 MB used, 57.53 MB peak
[2016.01.31-04.43.47:795][  0]LogMemory: Physical Memory: 4706.22 MB used, 8134.93 MB total
[2016.01.31-04.43.47:795][  0]LogMemory: Virtual Memory: 351.33 MB used, 8388608.00 MB total
[2016.01.31-04.43.47:833][  0]LogTextLocalizationManager: No specific translations for ('en-US') exist, so ('en') translations will be used.
[2016.01.31-04.43.48:169][  0]LogD3D11RHI: Found D3D11 adapter 0: NVIDIA GeForce GTX 770 (Feature Level 11_0)
[2016.01.31-04.43.48:169][  0]LogD3D11RHI: Adapter has 1989MB of dedicated video memory, 0MB of dedicated system memory, and 2048MB of shared system memory, 1 output[s]
[2016.01.31-04.43.48:169][  0]LogD3D11RHI: Chosen D3D11 Adapter Id = 0
[2016.01.31-04.43.48:174][  0]LogD3D11RHI: !Direct3DDevice
[2016.01.31-04.43.48:174][  0]LogRHI: Texture pool is 1361 MB (70% of 1945 MB)
[2016.01.31-04.43.48:183][  0]LogD3D11RHI: Async texture creation enabled
[2016.01.31-04.43.48:195][  0]LogShaderCompilers: Guid format shader working directory is -10 characters bigger than the processId version (../../../../../../Users/MrrBond/Documents/GitHub/HotelBete/Intermediate/Shaders/WorkingDirectory/6948/).
[2016.01.31-04.43.48:196][  0]LogShaderCompilers: Cleaned the shader compiler working directory 'C:/Users/MrrBond/AppData/Local/Temp/UnrealShaderWorkingDir/F2861F4843D05DBD1E7065B47F6DA779/'.
[2016.01.31-04.43.48:196][  0]LogShaderCompilers:Display: Using Local Shader Compiler.
[2016.01.31-04.43.48:835][  0]LogTemp:Display: Loaded TP AllDesktopTargetPlatform
[2016.01.31-04.43.48:839][  0]LogTemp:Display: Loaded TP WindowsClientTargetPlatform
[2016.01.31-04.43.48:842][  0]LogTemp:Display: Loaded TP WindowsNoEditorTargetPlatform
[2016.01.31-04.43.48:846][  0]LogTemp:Display: Loaded TP WindowsServerTargetPlatform
[2016.01.31-04.43.48:849][  0]LogTemp:Display: Loaded TP WindowsTargetPlatform
[2016.01.31-04.43.48:852][  0]LogTemp:Display: Loaded TP AndroidTargetPlatform
[2016.01.31-04.43.48:854][  0]LogTemp:Display: Loaded TP Android_ASTCTargetPlatform
[2016.01.31-04.43.48:856][  0]LogTemp:Display: Loaded TP Android_ATCTargetPlatform
[2016.01.31-04.43.48:859][  0]LogTemp:Display: Loaded TP Android_DXTTargetPlatform
[2016.01.31-04.43.48:861][  0]LogTemp:Display: Loaded TP Android_ETC1TargetPlatform
[2016.01.31-04.43.48:864][  0]LogTemp:Display: Loaded TP Android_ETC2TargetPlatform
[2016.01.31-04.43.48:870][  0]LogTemp:Display: Loaded TP Android_MultiTargetPlatform
[2016.01.31-04.43.48:870][  0]LogTemp:Display: Loaded TP Android_PVRTCTargetPlatform
[2016.01.31-04.43.48:871][  0]LogTemp:Display: Loaded TP HTML5TargetPlatform
[2016.01.31-04.43.48:904][  0]LogTemp:Display: Loaded TP IOSTargetPlatform
[2016.01.31-04.43.48:906][  0]LogTemp:Display: Loaded TP LinuxNoEditorTargetPlatform
[2016.01.31-04.43.48:909][  0]LogTemp:Display: Loaded TP LinuxServerTargetPlatform
[2016.01.31-04.43.48:912][  0]LogTemp:Display: Loaded TP LinuxTargetPlatform
[2016.01.31-04.43.48:912][  0]LogTargetPlatformManager:Display: Building Assets For Windows
[2016.01.31-04.43.48:983][  0]LogDerivedDataCache:Display: Max Cache Size: 512 MB
[2016.01.31-04.43.49:036][  0]LogDerivedDataCache: Loaded boot cache 0.05s 41MB C:/Users/MrrBond/AppData/Local/UnrealEngine/4.10/DerivedDataCache/Boot.ddc.
[2016.01.31-04.43.49:036][  0]LogDerivedDataCache:Display: Loaded Boot cache: C:/Users/MrrBond/AppData/Local/UnrealEngine/4.10/DerivedDataCache/Boot.ddc
[2016.01.31-04.43.49:036][  0]LogDerivedDataCache: FDerivedDataBackendGraph:  Pak pak cache file ../../../../../../Users/MrrBond/Documents/GitHub/HotelBete/DerivedDataCache/DDC.ddp not found, will not use a pak cache.
[2016.01.31-04.43.49:036][  0]LogDerivedDataCache: Unable to find inner node Pak for hierarchical cache Hierarchy.
[2016.01.31-04.43.49:036][  0]LogDerivedDataCache: FDerivedDataBackendGraph:  CompressedPak pak cache file ../../../../../../Users/MrrBond/Documents/GitHub/HotelBete/DerivedDataCache/Compressed.ddp not found, will not use a pak cache.
[2016.01.31-04.43.49:036][  0]LogDerivedDataCache: Unable to find inner node CompressedPak for hierarchical cache Hierarchy.
[2016.01.31-04.43.49:081][  0]LogDerivedDataCache:Display: Pak cache opened for reading ../../../Engine/DerivedDataCache/Compressed.ddp.
[2016.01.31-04.43.49:096][  0]LogDerivedDataCache: Using Local data cache path C:/Users/MrrBond/AppData/Local/UnrealEngine/Common/DerivedDataCache: Writable
[2016.01.31-04.43.49:258][  0]LogInit: Selected Device Profile: [Windows]
[2016.01.31-04.43.49:258][  0]LogContentStreaming: Texture pool size is 0.000000MB
[2016.01.31-04.43.49:288][  0]LogMeshUtilities: No automatic mesh reduction module available
[2016.01.31-04.43.49:288][  0]LogMeshUtilities: No automatic mesh merging module available
[2016.01.31-04.43.49:546][  0]LogInit: WinSock: version 1.1 (2.2), MaxSocks=32767, MaxUdp=65467
[2016.01.31-04.43.50:216][  0]UdpMessaging: Initializing bridge on interface 0.0.0.0:0 to multicast group 230.0.0.1:6666.
[2016.01.31-04.43.50:306][  0]LogAssetRegistry: FAssetRegistry took 0.0105 seconds to start up
[2016.01.31-04.43.50:455][  0]SourceControl: Info Source control is disabled
[2016.01.31-04.43.50:456][  0]SourceControl: Info Source control is disabled
[2016.01.31-04.43.50:470][  0]SourceControl: Info Source control is disabled
[2016.01.31-04.43.50:480][  0]SourceControl: Info Source control is disabled
[2016.01.31-04.43.50:683][  0]LogObj: 28633 objects as part of root set at end of initial load.
[2016.01.31-04.43.50:683][  0]LogUObjectAllocator: 6099744 out of 0 bytes used by permanent object pool.
[2016.01.31-04.43.50:730][  0]LogEngine: Initializing Engine...
[2016.01.31-04.43.50:731][  0]LogHMD: Can't find Oculus library dev build: is proper Runtime installed? Version: 0.8.0.0
[2016.01.31-04.43.50:732][  0]LogHMD: SteamVR failed to initialize.  Err: 110
[2016.01.31-04.43.50:834][  0]LogAIModule: Creating AISystem for world NewWorld
[2016.01.31-04.43.50:840][  0]LogInit: XAudio2 using 'Speakers (Realtek High Definition Audio)' : 2 channels at 48 kHz using 32 bits per sample (channel mask 0x3)
[2016.01.31-04.43.50:849][  0]LogInit: FAudioDevice initialized.
[2016.01.31-04.43.50:872][  0]LogDerivedDataCache: Saved boot cache 0.02s 41MB C:/Users/MrrBond/AppData/Local/UnrealEngine/4.10/DerivedDataCache/Boot.ddc.
[2016.01.31-04.43.50:876][  0]LogInit: Texture streaming: Enabled
[2016.01.31-04.43.50:881][  0]LogAnalytics: Creating configured Analytics provider AnalyticsET
[2016.01.31-04.43.50:881][  0]LogAnalytics: [UEEditor.Rocket.Release] APIServer = http://et2.epicgames.com/ET2/. AppVersion = 4.10.2-2818068+++depot+UE4-Releases+4.10
[2016.01.31-04.43.50:881][  0]LogAnalytics: [UEEditor.Rocket.Release] SetUserId 70d505b9489753c526a513886a8eb1a2|20388df98dc841109316ca5aa4c25788|5df8a1b8-928f-4cc0-8ccd-f95831ba8036
[2016.01.31-04.43.50:881][  0]LogAnalytics: [UEEditor.Rocket.Release] AnalyticsET::StartSession
[2016.01.31-04.43.50:900][  0]LogInit: Transaction tracking system initialized
[2016.01.31-04.43.50:923][  0]BlueprintLog: New page: Editor Load
[2016.01.31-04.43.50:995][  0]LocalizationService: Info Localization service is disabled
[2016.01.31-04.43.51:060][  0]LogConsoleResponse:Display: 
[2016.01.31-04.43.51:178][  0]LogCook:Display: Done creating registry. It took  0.00s.
[2016.01.31-04.43.51:236][  0]LogFileCache: Scanning file cache for directory 'C:/Users/MrrBond/Documents/GitHub/HotelBete/Content/' took 0.01s
[2016.01.31-04.43.51:236][  0]SourceControl: Info Source control is disabled
[2016.01.31-04.43.51:236][  0]Cmd: MAP LOAD FILE="../../../../../../Users/MrrBond/Documents/GitHub/HotelBete/Content/FirstPersonBP/Maps/FirstPersonExampleMap.umap" TEMPLATE=0 SHOWPROGRESS=1 FEATURELEVEL=3
[2016.01.31-04.43.51:236][  0]LogEditorServer:Warning: Can't find file '../../../../../../Users/MrrBond/Documents/GitHub/HotelBete/Content/FirstPersonBP/Maps/FirstPersonExampleMap.umap'
[2016.01.31-04.43.51:236][  0]Cmd: MAP CHECKDEP NOCLEARLOG
[2016.01.31-04.43.51:276][  0]MapCheck: Info Map check complete: 0 Error(s), 0 Warning(s), took 40.172ms to complete.
[2016.01.31-04.43.51:276][  0]LogFileHelpers: Loading map 'FirstPersonExampleMap' took 0.040
[2016.01.31-04.43.51:363][  0]LogCollectionManager: Loaded 0 collections in 0.001668 seconds
[2016.01.31-04.43.51:398][  0]LogFileCache: Scanning file cache for directory 'C:/Users/MrrBond/Documents/GitHub/HotelBete/Saved/Collections/' took 0.01s
[2016.01.31-04.43.51:398][  0]LogFileCache: Scanning file cache for directory 'C:/Users/MrrBond/Documents/GitHub/HotelBete/Content/Developers/MrrBond/Collections/' took 0.01s
[2016.01.31-04.43.51:398][  0]LogFileCache: Scanning file cache for directory 'C:/Users/MrrBond/Documents/GitHub/HotelBete/Content/Collections/' took 0.01s
[2016.01.31-04.43.51:398][  0]LogCollectionManager: Rebuilt the GUID cache for 0 collections in 0.000001 seconds
[2016.01.31-04.43.51:404][  0]LogContentBrowser: Native class hierarchy populated in 0.0054 seconds. Added 1893 classes and 338 folders.
[2016.01.31-04.43.51:409][  0]LogContentBrowser: Native class hierarchy updated for 'WidgetCarousel' in 0.0003 seconds. Added 0 classes and 0 folders.
[2016.01.31-04.43.51:455][  0]LogContentBrowser: Native class hierarchy updated for 'AddContentDialog' in 0.0003 seconds. Added 0 classes and 0 folders.
[2016.01.31-04.43.51:459][  0]LogContentBrowser: Native class hierarchy updated for 'SceneOutliner' in 0.0004 seconds. Added 1 classes and 2 folders.
[2016.01.31-04.43.51:478][  0]LogCrashTracker: Crashtracker disabled due to settings.
[2016.01.31-04.43.51:481][  0]LogUObjectGlobals:Warning: Failed to find object 'Class None.'
[2016.01.31-04.43.51:502][  0]LogLoad: Full Startup: 4.09 seconds (BP compile: 0.00 seconds)
[2016.01.31-04.43.51:512][  0]LogOcInput: Can't find Oculus library dev build: is proper Runtime installed? Version: 0.8.0.0
[2016.01.31-04.43.51:544][  0]LogContentStreaming: Texture pool size now 1000 MB
[2016.01.31-04.43.51:655][  0]LogRenderer: Reallocating scene render targets to support 1208x572 (Frame:2).
[2016.01.31-04.43.51:753][  1]LogAssetRegistry: Asset discovery search completed in 1.4599 seconds
[2016.01.31-04.43.51:753][  1]LogCollectionManager: Rebuilt the object cache for 0 collections in 0.000001 seconds (found 0 objects)
[2016.01.31-04.43.51:753][  1]LogCollectionManager: Fixed up redirectors for 0 collections in 0.000014 seconds (updated 0 objects)
[2016.01.31-04.43.59:194][815]LogAIModule: Creating AISystem for world BondsLevel
[2016.01.31-04.43.59:235][815]Cmd: MAP LOAD FILE="../../../../../../Users/MrrBond/Documents/GitHub/HotelBete/Content/Hotel/Levels/BondsLevel.umap" TEMPLATE=0 SHOWPROGRESS=1 FEATURELEVEL=3
[2016.01.31-04.43.59:235][815]LightingResults: New page: Lighting Build
[2016.01.31-04.43.59:237][815]LogContentBrowser: Native class hierarchy updated for 'StatsViewer' in 0.0003 seconds. Added 5 classes and 0 folders.
[2016.01.31-04.43.59:252][815]LoadErrors: New page: Loading map: BondsLevel.umap
[2016.01.31-04.43.59:252][815]MapCheck: New page: Map Check
[2016.01.31-04.43.59:252][815]LightingResults: New page: Lighting Build
[2016.01.31-04.43.59:260][815]LogParticles: Destroying 0 GPU particle simulations for FXSystem 0x000000002415EAC0
[2016.01.31-04.43.59:263][815]LogEditorServer: Finished looking for orphan Actors (0.000 secs)
[2016.01.31-04.43.59:281][815]Cmd: MAP CHECKDEP NOCLEARLOG
[2016.01.31-04.43.59:325][815]MapCheck: Info Map check complete: 0 Error(s), 0 Warning(s), took 44.14ms to complete.
[2016.01.31-04.43.59:325][815]LogFileHelpers: Loading map 'BondsLevel' took 0.092
[2016.01.31-04.44.11:343][230]LogSavePackage: Save=39.242470ms
[2016.01.31-04.44.11:343][230]LogSavePackage: Moving '../../../../../../Users/MrrBond/Documents/GitHub/HotelBete/Saved/BondsLevelEF3D2EBD48C104FFF285EFBB1C4728A8.tmp' to '../../../../../../Users/MrrBond/Documents/GitHub/HotelBete/Content/Hotel/Levels/BondsLevel.umap'
[2016.01.31-04.44.11:345][230]LogSavePackage: Total save time: 47.644876ms
[2016.01.31-04.44.11:345][230]LogSavePackage:Display: Finished SavePackage ../../../../../../Users/MrrBond/Documents/GitHub/HotelBete/Content/Hotel/Levels/BondsLevel.umap
[2016.01.31-04.44.12:896][386]Cmd: QUIT_EDITOR
[2016.01.31-04.44.13:025][386]LogExit: Preparing to exit.
[2016.01.31-04.44.13:312][386]LogExit: Editor shut down
[2016.01.31-04.44.13:312][386]LogExit: Transaction tracking system shut down
[2016.01.31-04.44.13:313][386]LogParticles: Destroying 0 GPU particle simulations for FXSystem 0x00000000116A28E0
[2016.01.31-04.44.13:314][386]LogParticles: Destroying 0 GPU particle simulations for FXSystem 0x0000000011A25B20
[2016.01.31-04.44.13:422][386]LogParticles: Destroying 0 GPU particle simulations for FXSystem 0x0000000011A26B60
[2016.01.31-04.44.13:422][386]LogExit: Object subsystem successfully closed.
[2016.01.31-04.44.13:438][386]LogD3D11RHI: Shutdown
[2016.01.31-04.44.13:438][386]LogD3D11RHI: CleanupD3DDevice
[2016.01.31-04.44.13:486][386]LogD3D11RHI: ~FD3D11DynamicRHI
[2016.01.31-04.44.13:498][386]LogModuleManager: Shutting down and abandoning module CookingStats (199)
[2016.01.31-04.44.13:498][386]LogModuleManager: Shutting down and abandoning module StatsViewer (198)
[2016.01.31-04.44.13:498][386]LogModuleManager: Shutting down and abandoning module CrashTracker (197)
[2016.01.31-04.44.13:498][386]LogModuleManager: Shutting down and abandoning module SceneOutliner (196)
[2016.01.31-04.44.13:498][386]LogModuleManager: Shutting down and abandoning module SuperSearch (195)
[2016.01.31-04.44.13:498][386]LogModuleManager: Shutting down and abandoning module WidgetCarousel (194)
[2016.01.31-04.44.13:498][386]LogModuleManager: Shutting down and abandoning module AddContentDialog (193)
[2016.01.31-04.44.13:499][386]LogModuleManager: Shutting down and abandoning module EditorWidgets (192)
[2016.01.31-04.44.13:499][386]LogModuleManager: Shutting down and abandoning module CollectionManager (191)
[2016.01.31-04.44.13:499][386]LogModuleManager: Shutting down and abandoning module FoliageEdit (190)
[2016.01.31-04.44.13:499][386]LogModuleManager: Shutting down and abandoning module LandscapeEditor (189)
[2016.01.31-04.44.13:499][386]LogModuleManager: Shutting down and abandoning module ActorPickerMode (188)
[2016.01.31-04.44.13:499][386]LogModuleManager: Shutting down and abandoning module GeometryMode (187)
[2016.01.31-04.44.13:499][386]LogModuleManager: Shutting down and abandoning module TextureAlignMode (186)
[2016.01.31-04.44.13:499][386]LogModuleManager: Shutting down and abandoning module BspMode (185)
[2016.01.31-04.44.13:499][386]LogModuleManager: Shutting down and abandoning module PlacementMode (184)
[2016.01.31-04.44.13:499][386]LogModuleManager: Shutting down and abandoning module AutomationWorker (183)
[2016.01.31-04.44.13:499][386]LogModuleManager: Shutting down and abandoning module CharacterAI (182)
[2016.01.31-04.44.13:499][386]LogModuleManager: Shutting down and abandoning module SmartSnapping (181)
[2016.01.31-04.44.13:499][386]LogModuleManager: Shutting down and abandoning module ViewportSnapping (180)
[2016.01.31-04.44.13:499][386]LogModuleManager: Shutting down and abandoning module LogVisualizer (179)
[2016.01.31-04.44.13:499][386]LogModuleManager: Shutting down and abandoning module GameProjectGeneration (178)
[2016.01.31-04.44.13:499][386]LogModuleManager: Shutting down and abandoning module IntroTutorials (177)
[2016.01.31-04.44.13:499][386]LogModuleManager: Shutting down and abandoning module EditorLiveStreaming (176)
[2016.01.31-04.44.13:499][386]LogModuleManager: Shutting down and abandoning module IOSPlatformEditor (175)
[2016.01.31-04.44.13:499][386]LogModuleManager: Shutting down and abandoning module HTML5PlatformEditor (174)
[2016.01.31-04.44.13:499][386]LogModuleManager: Shutting down and abandoning module AndroidDeviceDetection (173)
[2016.01.31-04.44.14:030][386]LogModuleManager: Shutting down and abandoning module AndroidPlatformEditor (172)
[2016.01.31-04.44.14:031][386]LogModuleManager: Shutting down and abandoning module IOSRuntimeSettings (171)
[2016.01.31-04.44.14:031][386]LogModuleManager: Shutting down and abandoning module AndroidRuntimeSettings (170)
[2016.01.31-04.44.14:031][386]LogModuleManager: Shutting down and abandoning module MergeActors (169)
[2016.01.31-04.44.14:031][386]LogModuleManager: Shutting down and abandoning module SizeMap (168)
[2016.01.31-04.44.14:031][386]LogModuleManager: Shutting down and abandoning module TreeMap (167)
[2016.01.31-04.44.14:031][386]LogModuleManager: Shutting down and abandoning module ReferenceViewer (166)
[2016.01.31-04.44.14:031][386]LogModuleManager: Shutting down and abandoning module LocalizationService (165)
[2016.01.31-04.44.14:031][386]LogModuleManager: Shutting down and abandoning module LocalizationDashboard (164)
[2016.01.31-04.44.14:031][386]LogModuleManager: Shutting down and abandoning module HardwareTargeting (163)
[2016.01.31-04.44.14:031][386]LogModuleManager: Shutting down and abandoning module DeviceProfileEditor (162)
[2016.01.31-04.44.14:031][386]LogModuleManager: Shutting down and abandoning module UndoHistory (161)
[2016.01.31-04.44.14:031][386]LogModuleManager: Shutting down and abandoning module GameplayTagsEditor (160)
[2016.01.31-04.44.14:031][386]LogModuleManager: Shutting down and abandoning module UserFeedback (159)
[2016.01.31-04.44.14:031][386]LogModuleManager: Shutting down and abandoning module XmlParser (158)
[2016.01.31-04.44.14:031][386]LogModuleManager: Shutting down and abandoning module Blutility (157)
[2016.01.31-04.44.14:031][386]LogModuleManager: Shutting down and abandoning module ProjectTargetPlatformEditor (156)
[2016.01.31-04.44.14:032][386]LogModuleManager: Shutting down and abandoning module ProjectSettingsViewer (155)
[2016.01.31-04.44.14:032][386]LogModuleManager: Shutting down and abandoning module InputBindingEditor (154)
[2016.01.31-04.44.14:032][386]LogModuleManager: Shutting down and abandoning module EditorSettingsViewer (153)
[2016.01.31-04.44.14:032][386]LogModuleManager: Shutting down and abandoning module SettingsEditor (152)
[2016.01.31-04.44.14:032][386]LogModuleManager: Shutting down and abandoning module ProjectLauncher (151)
[2016.01.31-04.44.14:032][386]LogModuleManager: Shutting down and abandoning module SessionFrontend (150)
[2016.01.31-04.44.14:032][386]LogModuleManager: Shutting down and abandoning module ProfilerClient (149)
[2016.01.31-04.44.14:032][386]LogModuleManager: Shutting down and abandoning module TargetDeviceServices (148)
[2016.01.31-04.44.14:032][386]LogModuleManager: Shutting down and abandoning module DeviceManager (147)
[2016.01.31-04.44.14:032][386]LogModuleManager: Shutting down and abandoning module AutomationController (146)
[2016.01.31-04.44.14:032][386]LogModuleManager: Shutting down and abandoning module AutomationWindow (145)
[2016.01.31-04.44.14:032][386]LogModuleManager: Shutting down and abandoning module Layers (144)
[2016.01.31-04.44.14:033][386]LogModuleManager: Shutting down and abandoning module ComponentVisualizers (143)
[2016.01.31-04.44.14:033][386]LogModuleManager: Shutting down and abandoning module DetailCustomizations (142)
[2016.01.31-04.44.14:033][386]LogModuleManager: Shutting down and abandoning module PackagesDialog (141)
[2016.01.31-04.44.14:034][386]LogModuleManager: Shutting down and abandoning module Persona (140)
[2016.01.31-04.44.14:034][386]LogModuleManager: Shutting down and abandoning module Kismet (139)
[2016.01.31-04.44.14:034][386]LogModuleManager: Shutting down and abandoning module GraphEditor (138)
[2016.01.31-04.44.14:034][386]LogModuleManager: Shutting down and abandoning module ClassViewer (137)
[2016.01.31-04.44.14:034][386]LogModuleManager: Shutting down and abandoning module Toolbox (136)
[2016.01.31-04.44.14:034][386]LogModuleManager: Shutting down and abandoning module ModuleUI (135)
[2016.01.31-04.44.14:035][386]LogModuleManager: Shutting down and abandoning module MovieSceneTools (134)
[2016.01.31-04.44.14:035][386]LogModuleManager: Shutting down and abandoning module OutputLog (133)
[2016.01.31-04.44.14:035][386]LogModuleManager: Shutting down and abandoning module GammaUI (132)
[2016.01.31-04.44.14:035][386]LogModuleManager: Shutting down and abandoning module Documentation (131)
[2016.01.31-04.44.14:035][386]LogModuleManager: Shutting down and abandoning module GameLiveStreaming (130)
[2016.01.31-04.44.14:035][386]LogModuleManager: Shutting down and abandoning module StreamingPauseRendering (129)
[2016.01.31-04.44.14:035][386]LogModuleManager: Shutting down and abandoning module AnalyticsET (128)
[2016.01.31-04.44.14:035][386]LogModuleManager: Shutting down and abandoning module Analytics (127)
[2016.01.31-04.44.14:035][386]LogModuleManager: Shutting down and abandoning module AITestSuite (126)
[2016.01.31-04.44.14:035][386]LogModuleManager: Shutting down and abandoning module GameplayDebugger (125)
[2016.01.31-04.44.14:035][386]LogModuleManager: Shutting down and abandoning module AIModule (124)
[2016.01.31-04.44.14:035][386]LogModuleManager: Shutting down and abandoning module ProfilerService (123)
[2016.01.31-04.44.14:190][386]LogModuleManager: Shutting down and abandoning module TaskGraph (122)
[2016.01.31-04.44.14:190][386]LogModuleManager: Shutting down and abandoning module SlateRemote (121)
[2016.01.31-04.44.14:190][386]LogModuleManager: Shutting down and abandoning module SteamVRController (120)
[2016.01.31-04.44.14:190][386]LogModuleManager: Shutting down and abandoning module SteamVR (119)
[2016.01.31-04.44.14:190][386]LogModuleManager: Shutting down and abandoning module ProceduralMeshComponent (118)
[2016.01.31-04.44.14:190][386]LogModuleManager: Shutting down and abandoning module OculusLibrary (117)
[2016.01.31-04.44.14:190][386]LogModuleManager: Shutting down and abandoning module OculusInput (116)
[2016.01.31-04.44.14:190][386]LogModuleManager: Shutting down and abandoning module LeapMotionController (115)
[2016.01.31-04.44.14:200][386]LogModuleManager: Shutting down and abandoning module CustomMeshComponent (114)
[2016.01.31-04.44.14:200][386]LogModuleManager: Shutting down and abandoning module CableComponent (113)
[2016.01.31-04.44.14:200][386]LogModuleManager: Shutting down and abandoning module ArchVisCharacter (112)
[2016.01.31-04.44.14:200][386]LogModuleManager: Shutting down and abandoning module MessagingDebugger (111)
[2016.01.31-04.44.14:200][386]LogModuleManager: Shutting down and abandoning module MediaPlayerEditor (110)
[2016.01.31-04.44.14:200][386]LogModuleManager: Shutting down and abandoning module HTML5Networking (109)
[2016.01.31-04.44.14:200][386]LogModuleManager: Shutting down and abandoning module SpeedTreeImporter (108)
[2016.01.31-04.44.14:200][386]LogModuleManager: Shutting down and abandoning module PluginBrowser (107)
[2016.01.31-04.44.14:200][386]LogModuleManager: Shutting down and abandoning module EpicSurvey (106)
[2016.01.31-04.44.14:200][386]LogModuleManager: Shutting down and abandoning module DesktopPlatform (105)
[2016.01.31-04.44.14:200][386]LogModuleManager: Shutting down and abandoning module VisualStudioSourceCodeAccess (104)
[2016.01.31-04.44.14:200][386]LogModuleManager: Shutting down and abandoning module UObjectPlugin (103)
[2016.01.31-04.44.14:200][386]LogModuleManager: Shutting down and abandoning module SubversionSourceControl (102)
[2016.01.31-04.44.14:200][386]LogModuleManager: Shutting down and abandoning module PerforceSourceControl (101)
[2016.01.31-04.44.14:200][386]LogModuleManager: Shutting down and abandoning module SourceControl (100)
[2016.01.31-04.44.14:200][386]LogModuleManager: Shutting down and abandoning module GitSourceControl (99)
[2016.01.31-04.44.14:200][386]LogModuleManager: Shutting down and abandoning module LightPropagationVolumeEditor (98)
[2016.01.31-04.44.14:200][386]LogModuleManager: Shutting down and abandoning module PaperTiledImporter (97)
[2016.01.31-04.44.14:200][386]LogModuleManager: Shutting down and abandoning module PaperSpriteSheetImporter (96)
[2016.01.31-04.44.14:200][386]LogModuleManager: Shutting down and abandoning module MeshPaint (95)
[2016.01.31-04.44.14:200][386]LogModuleManager: Shutting down and abandoning module SlateReflector (94)
[2016.01.31-04.44.14:200][386]LogModuleManager: Shutting down and abandoning module HotReload (93)
[2016.01.31-04.44.14:200][386]LogModuleManager: Shutting down and abandoning module MainFrame (92)
[2016.01.31-04.44.14:200][386]LogModuleManager: Shutting down and abandoning module LevelEditor (91)
[2016.01.31-04.44.14:201][386]LogModuleManager: Shutting down and abandoning module DirectoryWatcher (90)
[2016.01.31-04.44.14:201][386]LogModuleManager: Shutting down and abandoning module AssetRegistry (89)
[2016.01.31-04.44.14:260][386]LogModuleManager: Shutting down and abandoning module ContentBrowser (88)
[2016.01.31-04.44.14:260][386]LogModuleManager: Shutting down and abandoning module Paper2DEditor (87)
[2016.01.31-04.44.14:260][386]LogModuleManager: Shutting down and abandoning module UdpMessaging (86)
[2016.01.31-04.44.14:361][386]LogModuleManager: Shutting down and abandoning module LightPropagationVolumeRuntime (85)
[2016.01.31-04.44.14:361][386]LogModuleManager: Shutting down and abandoning module Paper2D (84)
[2016.01.31-04.44.14:361][386]LogModuleManager: Shutting down and abandoning module WindowsMoviePlayer (83)
[2016.01.31-04.44.14:369][386]LogModuleManager: Shutting down and abandoning module Media (82)
[2016.01.31-04.44.14:369][386]LogModuleManager: Shutting down and abandoning module WmfMedia (81)
[2016.01.31-04.44.14:370][386]LogModuleManager: Shutting down and abandoning module OnlineBlueprintSupport (80)
[2016.01.31-04.44.14:370][386]LogModuleManager: Shutting down and abandoning module GameplayTasksEditor (79)
[2016.01.31-04.44.14:370][386]LogModuleManager: Shutting down and abandoning module PropertyEditor (78)
[2016.01.31-04.44.14:370][386]LogModuleManager: Shutting down and abandoning module BehaviorTreeEditor (77)
[2016.01.31-04.44.14:370][386]LogModuleManager: Shutting down and abandoning module FunctionalTesting (76)
[2016.01.31-04.44.14:370][386]LogModuleManager: Shutting down and abandoning module CollisionAnalyzer (75)
[2016.01.31-04.44.14:370][386]LogModuleManager: Shutting down and abandoning module WorkspaceMenuStructure (74)
[2016.01.31-04.44.14:370][386]LogModuleManager: Shutting down and abandoning module MessageLog (73)
[2016.01.31-04.44.14:370][386]LogModuleManager: Shutting down and abandoning module Sequencer (72)
[2016.01.31-04.44.14:371][386]LogModuleManager: Shutting down and abandoning module AssetTools (71)
[2016.01.31-04.44.14:371][386]LogModuleManager: Shutting down and abandoning module UMGEditor (70)
[2016.01.31-04.44.14:371][386]LogModuleManager: Shutting down and abandoning module UMG (69)
[2016.01.31-04.44.14:371][386]LogModuleManager: Shutting down and abandoning module Slate (68)
[2016.01.31-04.44.14:371][386]LogModuleManager: Shutting down and abandoning module EditorStyle (67)
[2016.01.31-04.44.14:378][386]LogModuleManager: Shutting down and abandoning module SessionServices (66)
[2016.01.31-04.44.14:378][386]LogModuleManager: Shutting down and abandoning module SourceCodeAccess (65)
[2016.01.31-04.44.14:378][386]LogModuleManager: Shutting down and abandoning module HeadMountedDisplay (64)
[2016.01.31-04.44.14:378][386]LogModuleManager: Shutting down and abandoning module XAudio2 (63)
[2016.01.31-04.44.14:378][386]LogModuleManager: Shutting down and abandoning module Networking (61)
[2016.01.31-04.44.14:378][386]LogModuleManager: Shutting down and abandoning module Core (60)
[2016.01.31-04.44.14:378][386]LogModuleManager: Shutting down and abandoning module KismetCompiler (59)
[2016.01.31-04.44.14:378][386]LogModuleManager: Shutting down and abandoning module PhysXFormats (58)
[2016.01.31-04.44.14:378][386]LogModuleManager: Shutting down and abandoning module MeshUtilities (57)
[2016.01.31-04.44.14:378][386]LogModuleManager: Shutting down and abandoning module DerivedDataCache (56)
[2016.01.31-04.44.14:594][386]LogDerivedDataCache: Shutdown
[2016.01.31-04.44.14:594][386]LogModuleManager: Shutting down and abandoning module ShaderFormatOpenGL (55)
[2016.01.31-04.44.14:594][386]LogModuleManager: Shutting down and abandoning module ShaderFormatD3D (54)
[2016.01.31-04.44.14:594][386]LogModuleManager: Shutting down and abandoning module MetalShaderFormat (53)
[2016.01.31-04.44.14:594][386]LogModuleManager: Shutting down and abandoning module TextureFormatUncompressed (52)
[2016.01.31-04.44.14:594][386]LogModuleManager: Shutting down and abandoning module TextureFormatPVR (51)
[2016.01.31-04.44.14:595][386]LogModuleManager: Shutting down and abandoning module TextureFormatIntelISPCTexComp (50)
[2016.01.31-04.44.14:595][386]LogModuleManager: Shutting down and abandoning module TextureFormatDXT (49)
[2016.01.31-04.44.14:595][386]LogModuleManager: Shutting down and abandoning module ImageWrapper (48)
[2016.01.31-04.44.14:595][386]LogModuleManager: Shutting down and abandoning module TextureFormatASTC (47)
[2016.01.31-04.44.14:595][386]LogModuleManager: Shutting down and abandoning module TextureFormatAndroid (46)
[2016.01.31-04.44.14:595][386]LogModuleManager: Shutting down and abandoning module AudioFormatOpus (45)
[2016.01.31-04.44.14:595][386]LogModuleManager: Shutting down and abandoning module AudioFormatOgg (44)
[2016.01.31-04.44.14:595][386]LogModuleManager: Shutting down and abandoning module AudioFormatADPCM (43)
[2016.01.31-04.44.14:595][386]LogModuleManager: Shutting down and abandoning module LinuxTargetPlatform (42)
[2016.01.31-04.44.14:595][386]LogModuleManager: Shutting down and abandoning module LinuxServerTargetPlatform (41)
[2016.01.31-04.44.14:595][386]LogModuleManager: Shutting down and abandoning module LinuxNoEditorTargetPlatform (40)
[2016.01.31-04.44.14:595][386]LogModuleManager: Shutting down and abandoning module Messaging (39)
[2016.01.31-04.44.14:595][386]LogModuleManager: Shutting down and abandoning module IOSTargetPlatform (38)
[2016.01.31-04.44.14:595][386]LogModuleManager: Shutting down and abandoning module HTML5TargetPlatform (37)
[2016.01.31-04.44.14:595][386]LogModuleManager: Shutting down and abandoning module Android_PVRTCTargetPlatform (36)
[2016.01.31-04.44.14:595][386]LogModuleManager: Shutting down and abandoning module Android_MultiTargetPlatform (35)
[2016.01.31-04.44.14:595][386]LogModuleManager: Shutting down and abandoning module Android_ETC2TargetPlatform (34)
[2016.01.31-04.44.14:595][386]LogModuleManager: Shutting down and abandoning module Android_ETC1TargetPlatform (33)
[2016.01.31-04.44.14:595][386]LogModuleManager: Shutting down and abandoning module Android_DXTTargetPlatform (32)
[2016.01.31-04.44.14:595][386]LogModuleManager: Shutting down and abandoning module Android_ATCTargetPlatform (31)
[2016.01.31-04.44.14:595][386]LogModuleManager: Shutting down and abandoning module Android_ASTCTargetPlatform (30)
[2016.01.31-04.44.14:595][386]LogModuleManager: Shutting down and abandoning module AndroidTargetPlatform (29)
[2016.01.31-04.44.14:595][386]LogModuleManager: Shutting down and abandoning module WindowsTargetPlatform (28)
[2016.01.31-04.44.14:595][386]LogModuleManager: Shutting down and abandoning module WindowsServerTargetPlatform (27)
[2016.01.31-04.44.14:595][386]LogModuleManager: Shutting down and abandoning module WindowsNoEditorTargetPlatform (26)
[2016.01.31-04.44.14:595][386]LogModuleManager: Shutting down and abandoning module WindowsClientTargetPlatform (25)
[2016.01.31-04.44.14:595][386]LogModuleManager: Shutting down and abandoning module AllDesktopTargetPlatform (24)
[2016.01.31-04.44.14:595][386]LogModuleManager: Shutting down and abandoning module TargetPlatform (23)
[2016.01.31-04.44.14:595][386]LogModuleManager: Shutting down and abandoning module InputCore (22)
[2016.01.31-04.44.14:595][386]LogModuleManager: Shutting down and abandoning module Settings (21)
[2016.01.31-04.44.14:596][386]LogModuleManager: Shutting down and abandoning module OnlineSubsystem (19)
[2016.01.31-04.44.14:596][386]LogModuleManager: Shutting down and abandoning module HTTP (18)
[2016.01.31-04.44.16:597][386]LogModuleManager: Shutting down and abandoning module XMPP (17)
[2016.01.31-04.44.16:597][386]LogModuleManager: Shutting down and abandoning module OculusRift (16)
[2016.01.31-04.44.16:597][386]LogModuleManager: Shutting down and abandoning module ExampleDeviceProfileSelector (15)
[2016.01.31-04.44.16:597][386]LogModuleManager: Shutting down and abandoning module TextureCompressor (14)
[2016.01.31-04.44.16:597][386]LogModuleManager: Shutting down and abandoning module ShaderCore (13)
[2016.01.31-04.44.16:597][386]LogModuleManager: Shutting down and abandoning module Landscape (12)
[2016.01.31-04.44.16:597][386]LogModuleManager: Shutting down and abandoning module SlateRHIRenderer (11)
[2016.01.31-04.44.16:599][386]LogModuleManager: Shutting down and abandoning module OpenGLDrv (10)
[2016.01.31-04.44.16:599][386]LogModuleManager: Shutting down and abandoning module D3D11RHI (9)
[2016.01.31-04.44.16:599][386]LogModuleManager: Shutting down and abandoning module AnimGraphRuntime (8)
[2016.01.31-04.44.16:599][386]LogModuleManager: Shutting down and abandoning module Renderer (7)
[2016.01.31-04.44.16:599][386]LogModuleManager: Shutting down and abandoning module Engine (6)
[2016.01.31-04.44.16:599][386]LogModuleManager: Shutting down and abandoning module CoreUObject (5)
[2016.01.31-04.44.16:599][386]LogModuleManager: Shutting down and abandoning module NetworkFile (4)
[2016.01.31-04.44.16:599][386]LogModuleManager: Shutting down and abandoning module StreamingFile (3)
[2016.01.31-04.44.16:599][386]LogModuleManager: Shutting down and abandoning module SandboxFile (2)
[2016.01.31-04.44.16:599][386]LogModuleManager: Shutting down and abandoning module PakFile (1)
[2016.01.31-04.44.16:603][386]LogExit: Exiting.
[2016.01.31-04.44.16:606][386]Log file closed, 01/30/16 23:44:16
