[2016.02.09-22.19.51:389][  0]Log file open, 02/09/16 17:19:51
[2016.02.09-22.19.51:389][  0]LogInit:Display: Running engine for game: HotelBete
[2016.02.09-22.19.51:389][  0]LogPlatformFile: Not using cached read wrapper
[2016.02.09-22.19.51:389][  0]LogInit:Display: RandInit(-122334346) SRandInit(-122334345).
[2016.02.09-22.19.51:389][  0]LogTaskGraph: Started task graph with 4 named threads and 7 total threads.
[2016.02.09-22.19.51:389][  0]LogStats: Stats thread started at 0.074219
[2016.02.09-22.19.51:389][  0]LogInit: Version: 4.10.2-2818068+++depot+UE4-Releases+4.10
[2016.02.09-22.19.51:389][  0]LogInit: API Version: 2758231
[2016.02.09-22.19.51:389][  0]LogInit: Compiled (64-bit): Jan  6 2016 17:36:42
[2016.02.09-22.19.51:389][  0]LogInit: Compiled with Visual C++: 19.00.23026.00
[2016.02.09-22.19.51:389][  0]LogInit: Build Configuration: Development
[2016.02.09-22.19.51:389][  0]LogInit: Branch Name: ++depot+UE4-Releases+4.10
[2016.02.09-22.19.51:389][  0]LogInit: Command line:  
[2016.02.09-22.19.51:389][  0]LogInit: Base directory: C:/Program Files/Epic Games/4.10/Engine/Binaries/Win64/
[2016.02.09-22.19.51:389][  0]LogInit: Rocket: 1
[2016.02.09-22.19.51:389][  0]LogInit: Using libcurl 7.41.0
[2016.02.09-22.19.51:389][  0]LogInit:  - built for x86_64-pc-win32
[2016.02.09-22.19.51:389][  0]LogInit:  - supports SSL with WinSSL
[2016.02.09-22.19.51:389][  0]LogInit:  - other features:
[2016.02.09-22.19.51:389][  0]LogInit:      CURL_VERSION_SSL
[2016.02.09-22.19.51:389][  0]LogInit:      CURL_VERSION_IPV6
[2016.02.09-22.19.51:389][  0]LogInit:      CURL_VERSION_ASYNCHDNS
[2016.02.09-22.19.51:389][  0]LogInit:      CURL_VERSION_LARGEFILE
[2016.02.09-22.19.51:389][  0]LogInit:      CURL_VERSION_IDN
[2016.02.09-22.19.51:389][  0]LogInit:  CurlRequestOptions (configurable via config and command line):
[2016.02.09-22.19.51:389][  0]LogInit:  - bVerifyPeer = true  - Libcurl will verify peer certificate
[2016.02.09-22.19.51:389][  0]LogInit:  - bUseHttpProxy = false  - Libcurl will NOT use HTTP proxy
[2016.02.09-22.19.51:389][  0]LogInit:  - bDontReuseConnections = false  - Libcurl will reuse connections
[2016.02.09-22.19.51:389][  0]LogInit:  - CertBundlePath = nullptr  - Libcurl will use whatever was configured at build time.
[2016.02.09-22.19.51:399][  0]LogInit: Presizing for 0 objects not considered by GC, pre-allocating 0 bytes.
[2016.02.09-22.19.51:399][  0]LogInit: Object subsystem initialized
[2016.02.09-22.19.51:409][  0]LogInit: Selected Device Profile: [Windows]
[2016.02.09-22.19.51:409][  0]LogInit: Applying CVar settings loaded from the selected device profile: [Windows]
[2016.02.09-22.19.51:409][  0]LogInit: Computer: MRRBOND-PC
[2016.02.09-22.19.51:409][  0]LogInit: User: MrrBond
[2016.02.09-22.19.51:409][  0]LogInit: CPU Page size=4096, Cores=4
[2016.02.09-22.19.51:409][  0]LogInit: High frequency timer resolution =3.416025 MHz
[2016.02.09-22.19.51:409][  0]LogMemory: Memory total: Physical=7.9GB (8GB approx)
[2016.02.09-22.19.51:409][  0]LogMemory: Platform Memory Stats for Windows
[2016.02.09-22.19.51:409][  0]LogMemory: Process Physical Memory: 57.20 MB used, 57.20 MB peak
[2016.02.09-22.19.51:409][  0]LogMemory: Process Virtual Memory: 60.55 MB used, 60.55 MB peak
[2016.02.09-22.19.51:409][  0]LogMemory: Physical Memory: 3102.16 MB used, 8134.93 MB total
[2016.02.09-22.19.51:409][  0]LogMemory: Virtual Memory: 354.33 MB used, 8388608.00 MB total
[2016.02.09-22.19.51:445][  0]LogTextLocalizationManager: No specific translations for ('en-US') exist, so ('en') translations will be used.
[2016.02.09-22.19.51:796][  0]LogD3D11RHI: Found D3D11 adapter 0: NVIDIA GeForce GTX 770 (Feature Level 11_0)
[2016.02.09-22.19.51:796][  0]LogD3D11RHI: Adapter has 1989MB of dedicated video memory, 0MB of dedicated system memory, and 2048MB of shared system memory, 1 output[s]
[2016.02.09-22.19.51:796][  0]LogD3D11RHI: Chosen D3D11 Adapter Id = 0
[2016.02.09-22.19.51:802][  0]LogD3D11RHI: !Direct3DDevice
[2016.02.09-22.19.51:802][  0]LogRHI: Texture pool is 1361 MB (70% of 1945 MB)
[2016.02.09-22.19.51:811][  0]LogD3D11RHI: Async texture creation enabled
[2016.02.09-22.19.51:825][  0]LogShaderCompilers: Guid format shader working directory is -10 characters bigger than the processId version (../../../../../../Users/MrrBond/Documents/GitHub/HotelBete/Intermediate/Shaders/WorkingDirectory/6768/).
[2016.02.09-22.19.51:825][  0]LogShaderCompilers: Cleaned the shader compiler working directory 'C:/Users/MrrBond/AppData/Local/Temp/UnrealShaderWorkingDir/0AAE8D58493A30F5DAC147973D2FEEFF/'.
[2016.02.09-22.19.51:825][  0]LogShaderCompilers:Display: Using Local Shader Compiler.
[2016.02.09-22.19.52:548][  0]LogTemp:Display: Loaded TP AllDesktopTargetPlatform
[2016.02.09-22.19.52:554][  0]LogTemp:Display: Loaded TP WindowsClientTargetPlatform
[2016.02.09-22.19.52:558][  0]LogTemp:Display: Loaded TP WindowsNoEditorTargetPlatform
[2016.02.09-22.19.52:562][  0]LogTemp:Display: Loaded TP WindowsServerTargetPlatform
[2016.02.09-22.19.52:565][  0]LogTemp:Display: Loaded TP WindowsTargetPlatform
[2016.02.09-22.19.52:568][  0]LogTemp:Display: Loaded TP AndroidTargetPlatform
[2016.02.09-22.19.52:571][  0]LogTemp:Display: Loaded TP Android_ASTCTargetPlatform
[2016.02.09-22.19.52:573][  0]LogTemp:Display: Loaded TP Android_ATCTargetPlatform
[2016.02.09-22.19.52:576][  0]LogTemp:Display: Loaded TP Android_DXTTargetPlatform
[2016.02.09-22.19.52:578][  0]LogTemp:Display: Loaded TP Android_ETC1TargetPlatform
[2016.02.09-22.19.52:581][  0]LogTemp:Display: Loaded TP Android_ETC2TargetPlatform
[2016.02.09-22.19.52:586][  0]LogTemp:Display: Loaded TP Android_MultiTargetPlatform
[2016.02.09-22.19.52:586][  0]LogTemp:Display: Loaded TP Android_PVRTCTargetPlatform
[2016.02.09-22.19.52:587][  0]LogTemp:Display: Loaded TP HTML5TargetPlatform
[2016.02.09-22.19.52:603][  0]LogTemp:Display: Loaded TP IOSTargetPlatform
[2016.02.09-22.19.52:605][  0]LogTemp:Display: Loaded TP LinuxNoEditorTargetPlatform
[2016.02.09-22.19.52:608][  0]LogTemp:Display: Loaded TP LinuxServerTargetPlatform
[2016.02.09-22.19.52:611][  0]LogTemp:Display: Loaded TP LinuxTargetPlatform
[2016.02.09-22.19.52:611][  0]LogTargetPlatformManager:Display: Building Assets For Windows
[2016.02.09-22.19.52:690][  0]LogDerivedDataCache:Display: Max Cache Size: 512 MB
[2016.02.09-22.19.52:735][  0]LogDerivedDataCache: Loaded boot cache 0.04s 41MB C:/Users/MrrBond/AppData/Local/UnrealEngine/4.10/DerivedDataCache/Boot.ddc.
[2016.02.09-22.19.52:735][  0]LogDerivedDataCache:Display: Loaded Boot cache: C:/Users/MrrBond/AppData/Local/UnrealEngine/4.10/DerivedDataCache/Boot.ddc
[2016.02.09-22.19.52:736][  0]LogDerivedDataCache: FDerivedDataBackendGraph:  Pak pak cache file ../../../../../../Users/MrrBond/Documents/GitHub/HotelBete/DerivedDataCache/DDC.ddp not found, will not use a pak cache.
[2016.02.09-22.19.52:736][  0]LogDerivedDataCache: Unable to find inner node Pak for hierarchical cache Hierarchy.
[2016.02.09-22.19.52:736][  0]LogDerivedDataCache: FDerivedDataBackendGraph:  CompressedPak pak cache file ../../../../../../Users/MrrBond/Documents/GitHub/HotelBete/DerivedDataCache/Compressed.ddp not found, will not use a pak cache.
[2016.02.09-22.19.52:736][  0]LogDerivedDataCache: Unable to find inner node CompressedPak for hierarchical cache Hierarchy.
[2016.02.09-22.19.52:788][  0]LogDerivedDataCache:Display: Pak cache opened for reading ../../../Engine/DerivedDataCache/Compressed.ddp.
[2016.02.09-22.19.52:802][  0]LogDerivedDataCache: Using Local data cache path C:/Users/MrrBond/AppData/Local/UnrealEngine/Common/DerivedDataCache: Writable
[2016.02.09-22.19.52:953][  0]LogInit: Selected Device Profile: [Windows]
[2016.02.09-22.19.52:953][  0]LogContentStreaming: Texture pool size is 0.000000MB
[2016.02.09-22.19.52:991][  0]LogMeshUtilities: No automatic mesh reduction module available
[2016.02.09-22.19.52:991][  0]LogMeshUtilities: No automatic mesh merging module available
[2016.02.09-22.19.53:261][  0]LogInit: WinSock: version 1.1 (2.2), MaxSocks=32767, MaxUdp=65467
[2016.02.09-22.19.54:360][  0]LogAssetRegistry: FAssetRegistry took 0.0106 seconds to start up
[2016.02.09-22.19.54:377][  0]UdpMessaging: Initializing bridge on interface 0.0.0.0:0 to multicast group 230.0.0.1:6666.
[2016.02.09-22.19.54:641][  0]SourceControl: Info Source control is disabled
[2016.02.09-22.19.54:643][  0]SourceControl: Info Source control is disabled
[2016.02.09-22.19.54:663][  0]SourceControl: Info Source control is disabled
[2016.02.09-22.19.54:675][  0]SourceControl: Info Source control is disabled
[2016.02.09-22.19.55:000][  0]LogObj: 28802 objects as part of root set at end of initial load.
[2016.02.09-22.19.55:001][  0]LogUObjectAllocator: 6129776 out of 0 bytes used by permanent object pool.
[2016.02.09-22.19.55:066][  0]LogEngine: Initializing Engine...
[2016.02.09-22.19.55:073][  0]LogHMD: Can't find Oculus library dev build: is proper Runtime installed? Version: 0.8.0.0
[2016.02.09-22.19.55:074][  0]LogHMD: SteamVR failed to initialize.  Err: 110
[2016.02.09-22.19.55:215][  0]LogAIModule: Creating AISystem for world NewWorld
[2016.02.09-22.19.55:222][  0]LogInit: XAudio2 using 'Speakers (Realtek High Definition Audio)' : 2 channels at 48 kHz using 32 bits per sample (channel mask 0x3)
[2016.02.09-22.19.55:238][  0]LogInit: FAudioDevice initialized.
[2016.02.09-22.19.55:281][  0]LogDerivedDataCache: Saved boot cache 0.04s 41MB C:/Users/MrrBond/AppData/Local/UnrealEngine/4.10/DerivedDataCache/Boot.ddc.
[2016.02.09-22.19.55:293][  0]LogInit: Texture streaming: Enabled
[2016.02.09-22.19.55:298][  0]LogAnalytics: Creating configured Analytics provider AnalyticsET
[2016.02.09-22.19.55:298][  0]LogAnalytics: [UEEditor.Rocket.Release] APIServer = http://et2.epicgames.com/ET2/. AppVersion = 4.10.2-2818068+++depot+UE4-Releases+4.10
[2016.02.09-22.19.55:299][  0]LogAnalytics: [UEEditor.Rocket.Release] SetUserId 70d505b9489753c526a513886a8eb1a2|20388df98dc841109316ca5aa4c25788|5df8a1b8-928f-4cc0-8ccd-f95831ba8036
[2016.02.09-22.19.55:299][  0]LogAnalytics: [UEEditor.Rocket.Release] AnalyticsET::StartSession
[2016.02.09-22.19.55:329][  0]LogInit: Transaction tracking system initialized
[2016.02.09-22.19.55:360][  0]BlueprintLog: New page: Editor Load
[2016.02.09-22.19.55:443][  0]LocalizationService: Info Localization service is disabled
[2016.02.09-22.19.55:525][  0]LogConsoleResponse:Display: 
[2016.02.09-22.19.55:668][  0]LogCook:Display: Done creating registry. It took  0.00s.
[2016.02.09-22.19.55:736][  0]LogFileCache: Scanning file cache for directory 'C:/Users/MrrBond/Documents/GitHub/HotelBete/Content/' took 0.02s
[2016.02.09-22.19.55:736][  0]SourceControl: Info Source control is disabled
[2016.02.09-22.20.12:807][  0]Cmd: MAP LOAD FILE="../../../../../../Users/MrrBond/Documents/GitHub/HotelBete/Content/Hotel/Levels/Menu.umap" TEMPLATE=0 SHOWPROGRESS=1 FEATURELEVEL=3
[2016.02.09-22.20.12:808][  0]LightingResults: New page: Lighting Build
[2016.02.09-22.20.12:816][  0]MapCheck: New page: Map Check
[2016.02.09-22.20.12:816][  0]LightingResults: New page: Lighting Build
[2016.02.09-22.20.12:827][  0]LogParticles: Destroying 0 GPU particle simulations for FXSystem 0x0000000023A76AC0
[2016.02.09-22.20.12:869][  0]LogAIModule: Creating AISystem for world Menu
[2016.02.09-22.20.12:871][  0]LogEditorServer: Finished looking for orphan Actors (0.000 secs)
[2016.02.09-22.20.12:872][  0]Cmd: MAP CHECKDEP NOCLEARLOG
[2016.02.09-22.20.12:917][  0]MapCheck: Info Map check complete: 0 Error(s), 0 Warning(s), took 45.007ms to complete.
[2016.02.09-22.20.12:917][  0]LogFileHelpers: Loading map 'Menu' took 0.110
[2016.02.09-22.20.12:961][  0]LogCollectionManager: Loaded 0 collections in 0.001661 seconds
[2016.02.09-22.20.12:998][  0]LogFileCache: Scanning file cache for directory 'C:/Users/MrrBond/Documents/GitHub/HotelBete/Saved/Collections/' took 0.01s
[2016.02.09-22.20.12:998][  0]LogFileCache: Scanning file cache for directory 'C:/Users/MrrBond/Documents/GitHub/HotelBete/Content/Developers/MrrBond/Collections/' took 0.01s
[2016.02.09-22.20.12:998][  0]LogFileCache: Scanning file cache for directory 'C:/Users/MrrBond/Documents/GitHub/HotelBete/Content/Collections/' took 0.01s
[2016.02.09-22.20.12:998][  0]LogCollectionManager: Rebuilt the GUID cache for 0 collections in 0.000001 seconds
[2016.02.09-22.20.13:004][  0]LogContentBrowser: Native class hierarchy populated in 0.0055 seconds. Added 1908 classes and 344 folders.
[2016.02.09-22.20.13:009][  0]LogContentBrowser: Native class hierarchy updated for 'WidgetCarousel' in 0.0003 seconds. Added 0 classes and 0 folders.
[2016.02.09-22.20.13:059][  0]LogContentBrowser: Native class hierarchy updated for 'AddContentDialog' in 0.0003 seconds. Added 0 classes and 0 folders.
[2016.02.09-22.20.13:062][  0]LogContentBrowser: Native class hierarchy updated for 'SceneOutliner' in 0.0005 seconds. Added 1 classes and 2 folders.
[2016.02.09-22.20.13:078][  0]LogCrashTracker: Crashtracker disabled due to settings.
[2016.02.09-22.20.13:081][  0]LogUObjectGlobals:Warning: Failed to find object 'Class None.'
[2016.02.09-22.20.13:102][  0]LogStats:Warning: MetaData mismatch. Did you assign a stat to two groups? New //STATGROUP_Threads//SplashScreenThread///Thread_21ac_0///####STATCAT_Advanced#### old //STATGROUP_Threads//SplashScreenThread///Thread_1eec_0///####STATCAT_Advanced####
[2016.02.09-22.20.13:102][  0]LogLoad: Full Startup: 22.13 seconds (BP compile: 0.02 seconds)
[2016.02.09-22.20.13:112][  0]LogOcInput: Can't find Oculus library dev build: is proper Runtime installed? Version: 0.8.0.0
[2016.02.09-22.20.13:149][  0]LogContentStreaming: Texture pool size now 1000 MB
[2016.02.09-22.20.13:260][  0]LogRenderer: Reallocating scene render targets to support 1208x572 (Frame:2).
[2016.02.09-22.20.13:354][  2]LogAssetRegistry: Asset discovery search completed in 19.0048 seconds
[2016.02.09-22.20.13:354][  2]LogCollectionManager: Rebuilt the object cache for 0 collections in 0.000000 seconds (found 0 objects)
[2016.02.09-22.20.13:354][  2]LogCollectionManager: Fixed up redirectors for 0 collections in 0.000015 seconds (updated 0 objects)
[2016.02.09-22.20.16:470][342]LogLinker:Warning: Asset '../../../../../../Users/MrrBond/Documents/GitHub/HotelBete/Content/FirstPerson/Meshes/FirstPersonProjectileMesh.uasset' has been saved with empty engine version. The asset will be loaded but may be incompatible.
[2016.02.09-22.20.16:854][342]LogLinker:Warning: Asset '../../../Engine/Content/ArtTools/RenderToTexture/Macros/RenderToTextureMacros.uasset' has been saved with empty engine version. The asset will be loaded but may be incompatible.
[2016.02.09-22.20.17:152][342]LogContentBrowser: Native class hierarchy updated for 'BlueprintGraph' in 0.0006 seconds. Added 107 classes and 0 folders.
[2016.02.09-22.20.40:080][108]LogAIModule: Creating AISystem for world Prototype
[2016.02.09-22.20.40:081][108]LogParticles:Warning: InitializeSystem called on an unregistered component. Template=/Game/StarterContent/Particles/P_Steam_Lit2.P_Steam_Lit2 Component=/Game/Hotel/Levels/Prototype.Prototype:PersistentLevel.P_Steam_Lit2_2.ParticleSystemComponent0
[2016.02.09-22.20.40:167][108]Cmd: MAP LOAD FILE="../../../../../../Users/MrrBond/Documents/GitHub/HotelBete/Content/Hotel/Levels/Prototype.umap" TEMPLATE=0 SHOWPROGRESS=1 FEATURELEVEL=3
[2016.02.09-22.20.40:167][108]LightingResults: New page: Lighting Build
[2016.02.09-22.20.40:189][108]LoadErrors: New page: Loading map: Prototype.umap
[2016.02.09-22.20.40:189][108]MapCheck: New page: Map Check
[2016.02.09-22.20.40:189][108]LightingResults: New page: Lighting Build
[2016.02.09-22.20.40:215][108]LogParticles: Destroying 0 GPU particle simulations for FXSystem 0x000000000FBB3BA0
[2016.02.09-22.20.40:226][108]LogEditorServer: Finished looking for orphan Actors (0.000 secs)
[2016.02.09-22.20.40:259][108]Cmd: MAP CHECKDEP NOCLEARLOG
[2016.02.09-22.20.40:320][108]MapCheck: Info Map check complete: 0 Error(s), 0 Warning(s), took 61.556ms to complete.
[2016.02.09-22.20.40:321][108]LogFileHelpers: Loading map 'Prototype' took 0.154
[2016.02.09-22.20.41:719][225]LogBlueprintUserMessages: Early PlayInEditor Detection: Level '/Game/Hotel/Levels/Prototype.Prototype:PersistentLevel' has LevelScriptBlueprint '/Game/Hotel/Levels/Prototype.Prototype:PersistentLevel.Prototype' with GeneratedClass '/Game/Hotel/Levels/Prototype.Prototype_C' with ClassGeneratedBy '/Game/Hotel/Levels/Prototype.Prototype:PersistentLevel.Prototype'
[2016.02.09-22.20.41:719][225]LogPlayLevel: PlayLevel: No blueprints needed recompiling
[2016.02.09-22.20.41:720][225]PIE: New page: PIE session: Prototype (Feb 9, 2016, 12:20:41 PM)
[2016.02.09-22.20.41:720][225]LogPlayLevel: Creating play world package: /Game/Hotel/Levels/UEDPIE_0_Prototype
[2016.02.09-22.20.41:757][225]LogPlayLevel: PIE: StaticDuplicateObject took: (0.037718s)
[2016.02.09-22.20.41:759][225]LogAIModule: Creating AISystem for world Prototype
[2016.02.09-22.20.41:759][225]LogPlayLevel: PIE: World Init took: (0.001198s)
[2016.02.09-22.20.41:759][225]LogPlayLevel: PIE: Created PIE world by copying editor world from /Game/Hotel/Levels/Prototype.Prototype to /Game/Hotel/Levels/UEDPIE_0_Prototype.Prototype (0.039143s)
[2016.02.09-22.20.41:818][225]LogInit: XAudio2 using 'Speakers (Realtek High Definition Audio)' : 2 channels at 48 kHz using 32 bits per sample (channel mask 0x3)
[2016.02.09-22.20.41:825][225]LogInit: FAudioDevice initialized.
[2016.02.09-22.20.41:991][225]LogWorld: Game class is 'FirstPersonGameMode_C'
[2016.02.09-22.20.41:994][225]LogWorld: Bringing World /Game/Hotel/Levels/UEDPIE_0_Prototype.Prototype up for play (max tick rate 0) at 2016.02.09-17.20.41
[2016.02.09-22.20.41:994][225]LogActor:Warning: GameSession /Game/Hotel/Levels/UEDPIE_0_Prototype.Prototype:PersistentLevel.GameSession_0 has natively added scene component(s), but none of them were set as the actor's RootComponent - picking one arbitrarily
[2016.02.09-22.20.41:995][225]LogActor:Warning: GameNetworkManager /Game/Hotel/Levels/UEDPIE_0_Prototype.Prototype:PersistentLevel.GameNetworkManager_0 has natively added scene component(s), but none of them were set as the actor's RootComponent - picking one arbitrarily
[2016.02.09-22.20.41:995][225]LogWorld: Bringing up level for play took: 0.002929
[2016.02.09-22.20.41:995][225]LogSpawn:Warning: SpawnActor failed because no class was specified
[2016.02.09-22.20.42:014][225]PIE: Info Play in editor start time for /Game/Hotel/Levels/UEDPIE_0_Prototype 1.099
[2016.02.09-22.20.42:014][225]LogBlueprintUserMessages: Late PlayInEditor Detection: Level '/Game/Hotel/Levels/Prototype.Prototype:PersistentLevel' has LevelScriptBlueprint '/Game/Hotel/Levels/Prototype.Prototype:PersistentLevel.Prototype' with GeneratedClass '/Game/Hotel/Levels/Prototype.Prototype_C' with ClassGeneratedBy '/Game/Hotel/Levels/Prototype.Prototype:PersistentLevel.Prototype'
[2016.02.09-22.20.42:035][226]LogRenderer: Reallocating scene render targets to support 1280x720 (Frame:963).
[2016.02.09-22.20.47:101][823]LogBlueprintUserMessages: Early EndPlayMap Detection: Level '/Game/Hotel/Levels/Prototype.Prototype:PersistentLevel' has LevelScriptBlueprint '/Game/Hotel/Levels/Prototype.Prototype:PersistentLevel.Prototype' with GeneratedClass '/Game/Hotel/Levels/Prototype.Prototype_C' with ClassGeneratedBy '/Game/Hotel/Levels/Prototype.Prototype:PersistentLevel.Prototype'
[2016.02.09-22.20.47:148][823]LogBlueprintUserMessages: Late EndPlayMap Detection: Level '/Game/Hotel/Levels/Prototype.Prototype:PersistentLevel' has LevelScriptBlueprint '/Game/Hotel/Levels/Prototype.Prototype:PersistentLevel.Prototype' with GeneratedClass '/Game/Hotel/Levels/Prototype.Prototype_C' with ClassGeneratedBy '/Game/Hotel/Levels/Prototype.Prototype:PersistentLevel.Prototype'
[2016.02.09-22.20.47:174][823]LogParticles: Destroying 0 GPU particle simulations for FXSystem 0x000000005F130720
[2016.02.09-22.21.32:240][104]BlueprintLog: New page: Compile TriggerSpook
[2016.02.09-22.21.32:246][104]LogBlueprint:Error: [compiler TriggerSpook] Error Could not find a function named "SpookyStuff" in 'Player_C'.
Make sure 'Player_C' has been compiled for  Spooky Stuff 
[2016.02.09-22.21.32:344][104]LogBlueprint:Warning: [compiler TriggerSpook] Warning [0101.37] Compile of TriggerSpook failed. 1 Fatal Issue(s) 0 Warning(s) [in 104 ms]
[2016.02.09-22.21.32:344][104]BlueprintEditorCompileResults:Error: Error Could not find a function named "SpookyStuff" in 'Player_C'.
Make sure 'Player_C' has been compiled for  Spooky Stuff 
[2016.02.09-22.21.32:344][104]BlueprintEditorCompileResults:Warning: Warning [0101.37] Compile of TriggerSpook failed. 1 Fatal Issue(s) 0 Warning(s) [in 104 ms]
[2016.02.09-22.21.39:652][979]BlueprintLog: New page: Compile Player
[2016.02.09-22.21.40:009][979]BlueprintEditorCompileResults: Info [0109.04] Compile of Player successful! [in 356 ms]
[2016.02.09-22.21.41:489][153]BlueprintLog: New page: Compile TriggerSpook
[2016.02.09-22.21.41:571][153]BlueprintEditorCompileResults: Info [0110.60] Compile of TriggerSpook successful! [in 81 ms]
[2016.02.09-22.22.07:167][144]BlueprintLog: New page: Compile SpookVision
[2016.02.09-22.22.07:253][144]BlueprintEditorCompileResults: Info [0136.28] Compile of SpookVision successful! [in 86 ms]
[2016.02.09-22.22.31:218][  5]LogEditorTransaction: Undo Rename Function
[2016.02.09-22.22.32:075][ 83]LogEditorTransaction: Undo Add New Function
[2016.02.09-22.22.42:990][351]BlueprintLog: New page: Compile SpookyObject
[2016.02.09-22.22.43:079][351]BlueprintEditorCompileResults: Info [0172.11] Compile of SpookyObject successful! [in 88 ms]
[2016.02.09-22.22.58:048][133]BlueprintLog: New page: Compile SpookVision
[2016.02.09-22.22.58:131][133]BlueprintEditorCompileResults: Info [0187.16] Compile of SpookVision successful! [in 82 ms]
[2016.02.09-22.23.30:840][213]BlueprintLog: New page: Compile Player
[2016.02.09-22.23.30:916][213]LogBlueprint:Error: [compiler Player] Error This blueprint (self) is not a SpookyObject_C, therefore ' Target ' must have a connection.
[2016.02.09-22.23.31:189][213]LogProperty:Warning: Serialized Class /Script/CoreUObject.Function for a property of Class /Script/Engine.EdGraph. Reference will be NULLed.
    Property = ObjectProperty /Script/Engine.Blueprint:EventGraphs.EventGraphs
    Item = Function /Game/FirstPersonBP/Blueprints/player.Player_C:ReceiveTick
[2016.02.09-22.23.31:189][213]LogProperty:Warning: Serialized Class /Script/CoreUObject.Function for a property of Class /Script/Engine.EdGraph. Reference will be NULLed.
    Property = ObjectProperty /Script/Engine.Blueprint:EventGraphs.EventGraphs
    Item = Function /Game/FirstPersonBP/Blueprints/player.Player_C:Start Heartbreat
[2016.02.09-22.23.31:189][213]LogProperty:Warning: Serialized Class /Script/CoreUObject.Function for a property of Class /Script/Engine.EdGraph. Reference will be NULLed.
    Property = ObjectProperty /Script/Engine.Blueprint:EventGraphs.EventGraphs
    Item = Function /Game/FirstPersonBP/Blueprints/player.Player_C:Stop Heartbeat
[2016.02.09-22.23.31:189][213]LogProperty:Warning: Serialized Class /Script/CoreUObject.Function for a property of Class /Script/Engine.EdGraph. Reference will be NULLed.
    Property = ObjectProperty /Script/Engine.Blueprint:EventGraphs.EventGraphs
    Item = Function /Game/FirstPersonBP/Blueprints/player.Player_C:InpAxisEvt_Turn_K2Node_InputAxisEvent_157
[2016.02.09-22.23.31:189][213]LogProperty:Warning: Serialized Class /Script/CoreUObject.Function for a property of Class /Script/Engine.EdGraph. Reference will be NULLed.
    Property = ObjectProperty /Script/Engine.Blueprint:EventGraphs.EventGraphs
    Item = Function /Game/FirstPersonBP/Blueprints/player.Player_C:NotMenu
[2016.02.09-22.23.31:189][213]LogProperty:Warning: Serialized Class /Script/CoreUObject.Function for a property of Class /Script/Engine.EdGraph. Reference will be NULLed.
    Property = ObjectProperty /Script/Engine.Blueprint:EventGraphs.EventGraphs
    Item = Function /Game/FirstPersonBP/Blueprints/player.Player_C:Spook
[2016.02.09-22.23.31:629][213]LogCrashTracker: 


[2016.02.09-22.23.31:629][213]LogThreadingWindows:Error: Runnable thread TaskGraphThread 0 crashed.
[2016.02.09-22.23.31:629][213]LogCrashTracker: 


[2016.02.09-22.23.31:629][213]LogWindows:Error: === Critical error: ===
Fatal error!


Crash in runnable thread TaskGraphThread 0

[2016.02.09-22.23.31:683][213]LogExit: Executing StaticShutdownAfterError
[2016.02.09-22.23.31:683][213]LogWindows: FPlatformMisc::RequestExit(1)
[2016.02.09-22.23.31:683][213]Log file closed, 02/09/16 17:23:31
