[2016.02.01-06.47.44:010][  0]Log file open, 02/01/16 01:47:44
[2016.02.01-06.47.44:010][  0]LogInit:Display: Running engine for game: HotelBete
[2016.02.01-06.47.44:010][  0]LogPlatformFile: Not using cached read wrapper
[2016.02.01-06.47.44:010][  0]LogInit:Display: RandInit(-2123474278) SRandInit(-2123474276).
[2016.02.01-06.47.44:010][  0]LogTaskGraph: Started task graph with 4 named threads and 5 total threads.
[2016.02.01-06.47.44:010][  0]LogStats: Stats thread started at 0.094854
[2016.02.01-06.47.44:010][  0]LogInit: Version: 4.10.2-2818068+++depot+UE4-Releases+4.10
[2016.02.01-06.47.44:010][  0]LogInit: API Version: 2758231
[2016.02.01-06.47.44:010][  0]LogInit: Compiled (64-bit): Jan  6 2016 17:36:42
[2016.02.01-06.47.44:010][  0]LogInit: Compiled with Visual C++: 19.00.23026.00
[2016.02.01-06.47.44:010][  0]LogInit: Build Configuration: Development
[2016.02.01-06.47.44:010][  0]LogInit: Branch Name: ++depot+UE4-Releases+4.10
[2016.02.01-06.47.44:010][  0]LogInit: Command line:  
[2016.02.01-06.47.44:010][  0]LogInit: Base directory: C:/Program Files/Epic Games/4.10/Engine/Binaries/Win64/
[2016.02.01-06.47.44:010][  0]LogInit: Rocket: 1
[2016.02.01-06.47.44:027][  0]LogInit: Using libcurl 7.41.0
[2016.02.01-06.47.44:027][  0]LogInit:  - built for x86_64-pc-win32
[2016.02.01-06.47.44:027][  0]LogInit:  - supports SSL with WinSSL
[2016.02.01-06.47.44:027][  0]LogInit:  - other features:
[2016.02.01-06.47.44:027][  0]LogInit:      CURL_VERSION_SSL
[2016.02.01-06.47.44:027][  0]LogInit:      CURL_VERSION_IPV6
[2016.02.01-06.47.44:027][  0]LogInit:      CURL_VERSION_ASYNCHDNS
[2016.02.01-06.47.44:027][  0]LogInit:      CURL_VERSION_LARGEFILE
[2016.02.01-06.47.44:027][  0]LogInit:      CURL_VERSION_IDN
[2016.02.01-06.47.44:028][  0]LogInit:  CurlRequestOptions (configurable via config and command line):
[2016.02.01-06.47.44:028][  0]LogInit:  - bVerifyPeer = true  - Libcurl will verify peer certificate
[2016.02.01-06.47.44:028][  0]LogInit:  - bUseHttpProxy = false  - Libcurl will NOT use HTTP proxy
[2016.02.01-06.47.44:028][  0]LogInit:  - bDontReuseConnections = false  - Libcurl will reuse connections
[2016.02.01-06.47.44:028][  0]LogInit:  - CertBundlePath = nullptr  - Libcurl will use whatever was configured at build time.
[2016.02.01-06.47.44:041][  0]LogInit: Presizing for 0 objects not considered by GC, pre-allocating 0 bytes.
[2016.02.01-06.47.44:054][  0]LogInit: Object subsystem initialized
[2016.02.01-06.47.44:057][  0]LogInit: Selected Device Profile: [Windows]
[2016.02.01-06.47.44:057][  0]LogInit: Applying CVar settings loaded from the selected device profile: [Windows]
[2016.02.01-06.47.44:083][  0]LogInit: Computer: CONOR-LAPTOP
[2016.02.01-06.47.44:083][  0]LogInit: User: jcc44000
[2016.02.01-06.47.44:083][  0]LogInit: CPU Page size=4096, Cores=2
[2016.02.01-06.47.44:083][  0]LogInit: High frequency timer resolution =2.240908 MHz
[2016.02.01-06.47.44:083][  0]LogMemory: Memory total: Physical=11.9GB (12GB approx)
[2016.02.01-06.47.44:083][  0]LogMemory: Platform Memory Stats for Windows
[2016.02.01-06.47.44:083][  0]LogMemory: Process Physical Memory: 54.48 MB used, 54.48 MB peak
[2016.02.01-06.47.44:083][  0]LogMemory: Process Virtual Memory: 55.29 MB used, 55.29 MB peak
[2016.02.01-06.47.44:083][  0]LogMemory: Physical Memory: 3676.80 MB used, 12171.62 MB total
[2016.02.01-06.47.44:083][  0]LogMemory: Virtual Memory: 363.36 MB used, 134217728.00 MB total
[2016.02.01-06.47.44:131][  0]LogTextLocalizationManager: No specific translations for ('en-US') exist, so ('en') translations will be used.
[2016.02.01-06.47.45:073][  0]LogD3D11RHI: Found D3D11 adapter 0: Intel(R) HD Graphics Family (Feature Level 11_0)
[2016.02.01-06.47.45:073][  0]LogD3D11RHI: Adapter has 32MB of dedicated video memory, 0MB of dedicated system memory, and 1760MB of shared system memory, 1 output[s]
[2016.02.01-06.47.45:075][  0]LogD3D11RHI: Found D3D11 adapter 1: Microsoft Basic Render Driver (Feature Level 11_0)
[2016.02.01-06.47.45:075][  0]LogD3D11RHI: Adapter has 0MB of dedicated video memory, 0MB of dedicated system memory, and 256MB of shared system memory, 0 output[s]
[2016.02.01-06.47.45:075][  0]LogD3D11RHI: Chosen D3D11 Adapter Id = 0
[2016.02.01-06.47.45:085][  0]LogD3D11RHI: !Direct3DDevice
[2016.02.01-06.47.45:085][  0]LogRHI: Texture pool is 638 MB (70% of 912 MB)
[2016.02.01-06.47.45:096][  0]LogD3D11RHI: Async texture creation enabled
[2016.02.01-06.47.45:104][  0]LogShaderCompilers: Guid format shader working directory is -11 characters bigger than the processId version (../../../../../../Users/jcc44_000/Documents/GitHub/HotelBete/Intermediate/Shaders/WorkingDirectory/3224/).
[2016.02.01-06.47.45:105][  0]LogShaderCompilers: Cleaned the shader compiler working directory 'C:/Users/JCC44_~1/AppData/Local/Temp/UnrealShaderWorkingDir/8843213F46668EACDA530DBFFCA4F782/'.
[2016.02.01-06.47.45:105][  0]LogShaderCompilers:Display: Using Local Shader Compiler.
[2016.02.01-06.47.46:791][  0]LogTemp:Display: Loaded TP AllDesktopTargetPlatform
[2016.02.01-06.47.46:806][  0]LogTemp:Display: Loaded TP WindowsClientTargetPlatform
[2016.02.01-06.47.46:814][  0]LogTemp:Display: Loaded TP WindowsNoEditorTargetPlatform
[2016.02.01-06.47.46:824][  0]LogTemp:Display: Loaded TP WindowsServerTargetPlatform
[2016.02.01-06.47.46:832][  0]LogTemp:Display: Loaded TP WindowsTargetPlatform
[2016.02.01-06.47.46:839][  0]LogTemp:Display: Loaded TP AndroidTargetPlatform
[2016.02.01-06.47.46:845][  0]LogTemp:Display: Loaded TP Android_ASTCTargetPlatform
[2016.02.01-06.47.46:853][  0]LogTemp:Display: Loaded TP Android_ATCTargetPlatform
[2016.02.01-06.47.46:859][  0]LogTemp:Display: Loaded TP Android_DXTTargetPlatform
[2016.02.01-06.47.46:867][  0]LogTemp:Display: Loaded TP Android_ETC1TargetPlatform
[2016.02.01-06.47.46:875][  0]LogTemp:Display: Loaded TP Android_ETC2TargetPlatform
[2016.02.01-06.47.46:889][  0]LogTemp:Display: Loaded TP Android_MultiTargetPlatform
[2016.02.01-06.47.46:889][  0]LogTemp:Display: Loaded TP Android_PVRTCTargetPlatform
[2016.02.01-06.47.46:890][  0]LogTemp:Display: Loaded TP HTML5TargetPlatform
[2016.02.01-06.47.46:914][  0]LogTemp:Display: Loaded TP IOSTargetPlatform
[2016.02.01-06.47.46:921][  0]LogTemp:Display: Loaded TP LinuxNoEditorTargetPlatform
[2016.02.01-06.47.46:925][  0]LogTemp:Display: Loaded TP LinuxServerTargetPlatform
[2016.02.01-06.47.46:931][  0]LogTemp:Display: Loaded TP LinuxTargetPlatform
[2016.02.01-06.47.46:931][  0]LogTargetPlatformManager:Display: Building Assets For Windows
[2016.02.01-06.47.47:108][  0]LogDerivedDataCache:Display: Max Cache Size: 512 MB
[2016.02.01-06.47.47:196][  0]LogDerivedDataCache: Loaded boot cache 0.09s 41MB C:/Users/jcc44_000/AppData/Local/UnrealEngine/4.10/DerivedDataCache/Boot.ddc.
[2016.02.01-06.47.47:196][  0]LogDerivedDataCache:Display: Loaded Boot cache: C:/Users/jcc44_000/AppData/Local/UnrealEngine/4.10/DerivedDataCache/Boot.ddc
[2016.02.01-06.47.47:196][  0]LogDerivedDataCache: FDerivedDataBackendGraph:  Pak pak cache file ../../../../../../Users/jcc44_000/Documents/GitHub/HotelBete/DerivedDataCache/DDC.ddp not found, will not use a pak cache.
[2016.02.01-06.47.47:196][  0]LogDerivedDataCache: Unable to find inner node Pak for hierarchical cache Hierarchy.
[2016.02.01-06.47.47:196][  0]LogDerivedDataCache: FDerivedDataBackendGraph:  CompressedPak pak cache file ../../../../../../Users/jcc44_000/Documents/GitHub/HotelBete/DerivedDataCache/Compressed.ddp not found, will not use a pak cache.
[2016.02.01-06.47.47:196][  0]LogDerivedDataCache: Unable to find inner node CompressedPak for hierarchical cache Hierarchy.
[2016.02.01-06.47.47:329][  0]LogDerivedDataCache:Display: Pak cache opened for reading ../../../Engine/DerivedDataCache/Compressed.ddp.
[2016.02.01-06.47.47:342][  0]LogDerivedDataCache: Using Local data cache path C:/Users/jcc44_000/AppData/Local/UnrealEngine/Common/DerivedDataCache: Writable
[2016.02.01-06.47.47:710][  0]LogInit: Selected Device Profile: [Windows]
[2016.02.01-06.47.47:715][  0]LogContentStreaming: Texture pool size is 0.000000MB
[2016.02.01-06.47.47:957][  0]LogMeshUtilities: No automatic mesh reduction module available
[2016.02.01-06.47.47:957][  0]LogMeshUtilities: No automatic mesh merging module available
[2016.02.01-06.47.48:449][  0]LogInit: WinSock: version 1.1 (2.2), MaxSocks=32767, MaxUdp=65467
[2016.02.01-06.47.49:896][  0]LogAssetRegistry: FAssetRegistry took 0.0115 seconds to start up
[2016.02.01-06.47.49:925][  0]UdpMessaging: Initializing bridge on interface 0.0.0.0:0 to multicast group 230.0.0.1:6666.
[2016.02.01-06.47.50:406][  0]SourceControl: Info Source control is disabled
[2016.02.01-06.47.50:407][  0]SourceControl: Info Source control is disabled
[2016.02.01-06.47.50:424][  0]SourceControl: Info Source control is disabled
[2016.02.01-06.47.50:443][  0]SourceControl: Info Source control is disabled
[2016.02.01-06.47.50:919][  0]LogObj: 28802 objects as part of root set at end of initial load.
[2016.02.01-06.47.50:919][  0]LogUObjectAllocator: 6129776 out of 0 bytes used by permanent object pool.
[2016.02.01-06.47.51:010][  0]LogEngine: Initializing Engine...
[2016.02.01-06.47.51:014][  0]LogHMD: Can't find Oculus library dev build: is proper Runtime installed? Version: 0.8.0.0
[2016.02.01-06.47.51:015][  0]LogHMD: SteamVR failed to initialize.  Err: 110
[2016.02.01-06.47.51:234][  0]LogAIModule: Creating AISystem for world NewWorld
[2016.02.01-06.47.51:240][  0]LogInit: XAudio2 using 'Speakers (Realtek High Definition Audio)' : 2 channels at 48 kHz using 32 bits per sample (channel mask 0x3)
[2016.02.01-06.47.51:464][  0]LogInit: FAudioDevice initialized.
[2016.02.01-06.47.51:499][  0]LogDerivedDataCache: Saved boot cache 0.03s 41MB C:/Users/jcc44_000/AppData/Local/UnrealEngine/4.10/DerivedDataCache/Boot.ddc.
[2016.02.01-06.47.51:508][  0]LogInit: Texture streaming: Enabled
[2016.02.01-06.47.51:520][  0]LogAnalytics: Creating configured Analytics provider AnalyticsET
[2016.02.01-06.47.51:520][  0]LogAnalytics: [UEEditor.Rocket.Release] APIServer = http://et2.epicgames.com/ET2/. AppVersion = 4.10.2-2818068+++depot+UE4-Releases+4.10
[2016.02.01-06.47.51:520][  0]LogAnalytics: [UEEditor.Rocket.Release] SetUserId a00de05446ef577f40030a85b6572d0b|78e6d53e0a594b3ca03846b462c1cd9f|0660c053-9676-4ff0-a488-6e040aefb54e
[2016.02.01-06.47.51:520][  0]LogAnalytics: [UEEditor.Rocket.Release] AnalyticsET::StartSession
[2016.02.01-06.47.51:540][  0]LogInit: Transaction tracking system initialized
[2016.02.01-06.47.51:593][  0]BlueprintLog: New page: Editor Load
[2016.02.01-06.47.51:754][  0]LocalizationService: Info Localization service is disabled
[2016.02.01-06.47.51:908][  0]LogConsoleResponse:Display: 
[2016.02.01-06.47.52:122][  0]LogCook:Display: Done creating registry. It took  0.00s.
[2016.02.01-06.47.52:246][  0]LogFileCache: Scanning file cache for directory 'C:/Users/jcc44_000/Documents/GitHub/HotelBete/Content/' took 0.02s
[2016.02.01-06.47.52:246][  0]SourceControl: Info Source control is disabled
[2016.02.01-06.47.52:246][  0]Cmd: MAP LOAD FILE="../../../../../../Users/jcc44_000/Documents/GitHub/HotelBete/Content/FirstPersonBP/Level/BondsLevel.umap" TEMPLATE=0 SHOWPROGRESS=1 FEATURELEVEL=3
[2016.02.01-06.47.52:246][  0]LogEditorServer:Warning: Can't find file '../../../../../../Users/jcc44_000/Documents/GitHub/HotelBete/Content/FirstPersonBP/Level/BondsLevel.umap'
[2016.02.01-06.47.52:247][  0]Cmd: MAP CHECKDEP NOCLEARLOG
[2016.02.01-06.47.52:309][  0]MapCheck: Info Map check complete: 0 Error(s), 0 Warning(s), took 62.506ms to complete.
[2016.02.01-06.47.52:310][  0]LogFileHelpers: Loading map 'BondsLevel' took 0.064
[2016.02.01-06.47.52:473][  0]LogCollectionManager: Loaded 0 collections in 0.003221 seconds
[2016.02.01-06.47.52:520][  0]LogFileCache: Scanning file cache for directory 'C:/Users/jcc44_000/Documents/GitHub/HotelBete/Saved/Collections/' took 0.01s
[2016.02.01-06.47.52:520][  0]LogFileCache: Scanning file cache for directory 'C:/Users/jcc44_000/Documents/GitHub/HotelBete/Content/Developers/jcc44000/Collections/' took 0.01s
[2016.02.01-06.47.52:520][  0]LogFileCache: Scanning file cache for directory 'C:/Us