[2016.02.01-04.37.19:268][  0]Log file open, 01/31/16 23:37:19
[2016.02.01-04.37.19:268][  0]LogInit:Display: Running engine for game: HotelBete
[2016.02.01-04.37.19:268][  0]LogPlatformFile: Not using cached read wrapper
[2016.02.01-04.37.19:268][  0]LogInit:Display: RandInit(1817281281) SRandInit(1817281282).
[2016.02.01-04.37.19:268][  0]LogTaskGraph: Started task graph with 4 named threads and 5 total threads.
[2016.02.01-04.37.19:268][  0]LogStats: Stats thread started at 0.068571
[2016.02.01-04.37.19:268][  0]LogInit: Version: 4.10.2-2818068+++depot+UE4-Releases+4.10
[2016.02.01-04.37.19:268][  0]LogInit: API Version: 2758231
[2016.02.01-04.37.19:268][  0]LogInit: Compiled (64-bit): Jan  6 2016 17:36:42
[2016.02.01-04.37.19:268][  0]LogInit: Compiled with Visual C++: 19.00.23026.00
[2016.02.01-04.37.19:268][  0]LogInit: Build Configuration: Development
[2016.02.01-04.37.19:268][  0]LogInit: Branch Name: ++depot+UE4-Releases+4.10
[2016.02.01-04.37.19:268][  0]LogInit: Command line:  
[2016.02.01-04.37.19:268][  0]LogInit: Base directory: C:/Program Files/Epic Games/4.10/Engine/Binaries/Win64/
[2016.02.01-04.37.19:268][  0]LogInit: Rocket: 1
[2016.02.01-04.37.19:279][  0]LogInit: Using libcurl 7.41.0
[2016.02.01-04.37.19:279][  0]LogInit:  - built for x86_64-pc-win32
[2016.02.01-04.37.19:279][  0]LogInit:  - supports SSL with WinSSL
[2016.02.01-04.37.19:279][  0]LogInit:  - other features:
[2016.02.01-04.37.19:279][  0]LogInit:      CURL_VERSION_SSL
[2016.02.01-04.37.19:279][  0]LogInit:      CURL_VERSION_IPV6
[2016.02.01-04.37.19:279][  0]LogInit:      CURL_VERSION_ASYNCHDNS
[2016.02.01-04.37.19:279][  0]LogInit:      CURL_VERSION_LARGEFILE
[2016.02.01-04.37.19:279][  0]LogInit:      CURL_VERSION_IDN
[2016.02.01-04.37.19:279][  0]LogInit:  CurlRequestOptions (configurable via config and command line):
[2016.02.01-04.37.19:279][  0]LogInit:  - bVerifyPeer = true  - Libcurl will verify peer certificate
[2016.02.01-04.37.19:279][  0]LogInit:  - bUseHttpProxy = false  - Libcurl will NOT use HTTP proxy
[2016.02.01-04.37.19:279][  0]LogInit:  - bDontReuseConnections = false  - Libcurl will reuse connections
[2016.02.01-04.37.19:279][  0]LogInit:  - CertBundlePath = nullptr  - Libcurl will use whatever was configured at build time.
[2016.02.01-04.37.19:290][  0]LogInit: Presizing for 0 objects not considered by GC, pre-allocating 0 bytes.
[2016.02.01-04.37.19:298][  0]LogInit: Object subsystem initialized
[2016.02.01-04.37.19:299][  0]LogInit: Selected Device Profile: [Windows]
[2016.02.01-04.37.19:299][  0]LogInit: Applying CVar settings loaded from the selected device profile: [Windows]
[2016.02.01-04.37.19:312][  0]LogInit: Computer: CONOR-LAPTOP
[2016.02.01-04.37.19:312][  0]LogInit: User: jcc44000
[2016.02.01-04.37.19:312][  0]LogInit: CPU Page size=4096, Cores=2
[2016.02.01-04.37.19:312][  0]LogInit: High frequency timer resolution =2.240908 MHz
[2016.02.01-04.37.19:312][  0]LogMemory: Memory total: Physical=11.9GB (12GB approx)
[2016.02.01-04.37.19:312][  0]LogMemory: Platform Memory Stats for Windows
[2016.02.01-04.37.19:312][  0]LogMemory: Process Physical Memory: 54.51 MB used, 54.51 MB peak
[2016.02.01-04.37.19:312][  0]LogMemory: Process Virtual Memory: 55.27 MB used, 55.27 MB peak
[2016.02.01-04.37.19:312][  0]LogMemory: Physical Memory: 4224.78 MB used, 12171.62 MB total
[2016.02.01-04.37.19:312][  0]LogMemory: Virtual Memory: 363.36 MB used, 134217728.00 MB total
[2016.02.01-04.37.19:350][  0]LogTextLocalizationManager: No specific translations for ('en-US') exist, so ('en') translations will be used.
[2016.02.01-04.37.20:031][  0]LogD3D11RHI: Found D3D11 adapter 0: Intel(R) HD Graphics Family (Feature Level 11_0)
[2016.02.01-04.37.20:031][  0]LogD3D11RHI: Adapter has 32MB of dedicated video memory, 0MB of dedicated system memory, and 1760MB of shared system memory, 1 output[s]
[2016.02.01-04.37.20:032][  0]LogD3D11RHI: Found D3D11 adapter 1: Microsoft Basic Render Driver (Feature Level 11_0)
[2016.02.01-04.37.20:033][  0]LogD3D11RHI: Adapter has 0MB of dedicated video memory, 0MB of dedicated system memory, and 256MB of shared system memory, 0 output[s]
[2016.02.01-04.37.20:033][  0]LogD3D11RHI: Chosen D3D11 Adapter Id = 0
[2016.02.01-04.37.20:040][  0]LogD3D11RHI: !Direct3DDevice
[2016.02.01-04.37.20:040][  0]LogRHI: Texture pool is 638 MB (70% of 912 MB)
[2016.02.01-04.37.20:048][  0]LogD3D11RHI: Async texture creation enabled
[2016.02.01-04.37.20:054][  0]LogShaderCompilers: Guid format shader working directory is -11 characters bigger than the processId version (../../../../../../Users/jcc44_000/Documents/GitHub/HotelBete/Intermediate/Shaders/WorkingDirectory/4128/).
[2016.02.01-04.37.20:054][  0]LogShaderCompilers: Cleaned the shader compiler working directory 'C:/Users/JCC44_~1/AppData/Local/Temp/UnrealShaderWorkingDir/8943C76942BC6A1178FFDCAD0EB2BBC5/'.
[2016.02.01-04.37.20:054][  0]LogShaderCompilers:Display: Using Local Shader Compiler.
[2016.02.01-04.37.21:164][  0]LogTemp:Display: Loaded TP AllDesktopTargetPlatform
[2016.02.01-04.37.21:171][  0]LogTemp:Display: Loaded TP WindowsClientTargetPlatform
[2016.02.01-04.37.21:180][  0]LogTemp:Display: Loaded TP WindowsNoEditorTargetPlatform
[2016.02.01-04.37.21:188][  0]LogTemp:Display: Loaded TP WindowsServerTargetPlatform
[2016.02.01-04.37.21:196][  0]LogTemp:Display: Loaded TP WindowsTargetPlatform
[2016.02.01-04.37.21:201][  0]LogTemp:Display: Loaded TP AndroidTargetPlatform
[2016.02.01-04.37.21:205][  0]LogTemp:Display: Loaded TP Android_ASTCTargetPlatform
[2016.02.01-04.37.21:210][  0]LogTemp:Display: Loaded TP Android_ATCTargetPlatform
[2016.02.01-04.37.21:214][  0]LogTemp:Display: Loaded TP Android_DXTTargetPlatform
[2016.02.01-04.37.21:218][  0]LogTemp:Display: Loaded TP Android_ETC1TargetPlatform
[2016.02.01-04.37.21:222][  0]LogTemp:Display: Loaded TP Android_ETC2TargetPlatform
[2016.02.01-04.37.21:231][  0]LogTemp:Display: Loaded TP Android_MultiTargetPlatform
[2016.02.01-04.37.21:231][  0]LogTemp:Display: Loaded TP Android_PVRTCTargetPlatform
[2016.02.01-04.37.21:232][  0]LogTemp:Display: Loaded TP HTML5TargetPlatform
[2016.02.01-04.37.21:251][  0]LogTemp:Display: Loaded TP IOSTargetPlatform
[2016.02.01-04.37.21:254][  0]LogTemp:Display: Loaded TP LinuxNoEditorTargetPlatform
[2016.02.01-04.37.21:258][  0]LogTemp:Display: Loaded TP LinuxServerTargetPlatform
[2016.02.01-04.37.21:261][  0]LogTemp:Display: Loaded TP LinuxTargetPlatform
[2016.02.01-04.37.21:261][  0]LogTargetPlatformManager:Display: Building Assets For Windows
[2016.02.01-04.37.21:374][  0]LogDerivedDataCache:Display: Max Cache Size: 512 MB
[2016.02.01-04.37.21:433][  0]LogDerivedDataCache: Loaded boot cache 0.06s 41MB C:/Users/jcc44_000/AppData/Local/UnrealEngine/4.10/DerivedDataCache/Boot.ddc.
[2016.02.01-04.37.21:433][  0]LogDerivedDataCache:Display: Loaded Boot cache: C:/Users/jcc44_000/AppData/Local/UnrealEngine/4.10/DerivedDataCache/Boot.ddc
[2016.02.01-04.37.21:433][  0]LogDerivedDataCache: FDerivedDataBackendGraph:  Pak pak cache file ../../../../../../Users/jcc44_000/Documents/GitHub/HotelBete/DerivedDataCache/DDC.ddp not found, will not use a pak cache.
[2016.02.01-04.37.21:433][  0]LogDerivedDataCache: Unable to find inner node Pak for hierarchical cache Hierarchy.
[2016.02.01-04.37.21:433][  0]LogDerivedDataCache: FDerivedDataBackendGraph:  CompressedPak pak cache file ../../../../../../Users/jcc44_000/Documents/GitHub/HotelBete/DerivedDataCache/Compressed.ddp not found, will not use a pak cache.
[2016.02.01-04.37.21:433][  0]LogDerivedDataCache: Unable to find inner node CompressedPak for hierarchical cache Hierarchy.
[2016.02.01-04.37.21:523][  0]LogDerivedDataCache:Display: Pak cache opened for reading ../../../Engine/DerivedDataCache/Compressed.ddp.
[2016.02.01-04.37.21:536][  0]LogDerivedDataCache: Using Local data cache path C:/Users/jcc44_000/AppData/Local/UnrealEngine/Common/DerivedDataCache: Writable
[2016.02.01-04.37.21:771][  0]LogInit: Selected Device Profile: [Windows]
[2016.02.01-04.37.21:775][  0]LogContentStreaming: Texture pool size is 0.000000MB
[2016.02.01-04.37.21:926][  0]LogMeshUtilities: No automatic mesh reduction module available
[2016.02.01-04.37.21:926][  0]LogMeshUtilities: No automatic mesh merging module available
[2016.02.01-04.37.22:302][  0]LogInit: WinSock: version 1.1 (2.2), MaxSocks=32767, MaxUdp=65467
[2016.02.01-04.37.23:325][  0]LogAssetRegistry: FAssetRegistry took 0.0109 seconds to start up
[2016.02.01-04.37.23:345][  0]UdpMessaging: Initializing bridge on interface 0.0.0.0:0 to multicast group 230.0.0.1:6666.
[2016.02.01-04.37.23:687][  0]SourceControl: Info Source control is disabled
[2016.02.01-04.37.23:688][  0]SourceControl: Info Source control is disabled
[2016.02.01-04.37.23:707][  0]SourceControl: Info Source control is disabled
[2016.02.01-04.37.23:724][  0]SourceControl: Info Source control is disabled
[2016.02.01-04.37.24:114][  0]LogObj: 28802 objects as part of root set at end of initial load.
[2016.02.01-04.37.24:114][  0]LogUObjectAllocator: 6129768 out of 0 bytes used by permanent object pool.
[2016.02.01-04.37.24:188][  0]LogEngine: Initializing Engine...
[2016.02.01-04.37.24:192][  0]LogHMD: Can't find Oculus library dev build: is proper Runtime installed? Version: 0.8.0.0
[2016.02.01-04.37.24:192][  0]LogHMD: SteamVR failed to initialize.  Err: 110
[2016.02.01-04.37.24:356][  0]LogAIModule: Creating AISystem for world NewWorld
[2016.02.01-04.37.24:360][  0]LogInit: XAudio2 using 'Speakers (Realtek High Definition Audio)' : 2 channels at 48 kHz using 32 bits per sample (channel mask 0x3)
[2016.02.01-04.37.24:671][  0]LogInit: FAudioDevice initialized.
[2016.02.01-04.37.24:696][  0]LogDerivedDataCache: Saved boot cache 0.02s 41MB C:/Users/jcc44_000/AppData/Local/UnrealEngine/4.10/DerivedDataCache/Boot.ddc.
[2016.02.01-04.37.24:702][  0]LogInit: Texture streaming: Enabled
[2016.02.01-04.37.24:711][  0]LogAnalytics: Creating configured Analytics provider AnalyticsET
[2016.02.01-04.37.24:711][  0]LogAnalytics: [UEEditor.Rocket.Release] APIServer = http://et2.epicgames.com/ET2/. AppVersion = 4.10.2-2818068+++depot+UE4-Releases+4.10
[2016.02.01-04.37.24:711][  0]LogAnalytics: [UEEditor.Rocket.Release] SetUserId a00de05446ef577f40030a85b6572d0b|78e6d53e0a594b3ca03846b462c1cd9f|0660c053-9676-4ff0-a488-6e040aefb54e
[2016.02.01-04.37.24:711][  0]LogAnalytics: [UEEditor.Rocket.Release] AnalyticsET::StartSession
[2016.02.01-04.37.24:724][  0]LogInit: Transaction tracking system initialized
[2016.02.01-04.37.24:763][  0]BlueprintLog: New page: Editor Load
[2016.02.01-04.37.24:893][  0]LocalizationService: Info Localization service is disabled
[2016.02.01-04.37.25:002][  0]LogConsoleResponse:Display: 
[2016.02.01-04.37.25:167][  0]LogCook:Display: Done creating registry. It took  0.00s.
[2016.02.01-04.37.25:247][  0]LogFileCache: Scanning file cache for directory 'C:/Users/jcc44_000/Documents/GitHub/HotelBete/Content/' took 0.02s
[2016.02.01-04.37.25:247][  0]SourceControl: Info Source control is disabled
[2016.02.01-04.37.25:247][  0]Cmd: MAP LOAD FILE="../../../../../../Users/jcc44_000/Documents/GitHub/HotelBete/Content/FirstPersonBP/Level/BondsLevel.umap" TEMPLATE=0 SHOWPROGRESS=1 FEATURELEVEL=3
[2016.02.01-04.37.25:247][  0]LogEditorServer:Warning: Can't find file '../../../../../../Users/jcc44_000/Documents/GitHub/HotelBete/Content/FirstPersonBP/Level/BondsLevel.umap'
[2016.02.01-04.37.25:247][  0]Cmd: MAP CHECKDEP NOCLEARLOG
[2016.02.01-04.37.25:292][  0]MapCheck: Info Map check complete: 0 Error(s), 0 Warning(s), took 44.689ms to complete.
[2016.02.01-04.37.25:292][  0]LogFileHelpers: Loading map 'BondsLevel' took 0.045
[2016.02.01-04.37.25:435][  0]LogCollectionManager: Loaded 0 collections in 0.003254 seconds
[2016.02.01-04.37.25:479][  0]LogFileCache: Scanning file cache for directory 'C:/Users/jcc44_000/Documents/GitHub/HotelBete/Saved/Collections/' took 0.01s
[2016.02.01-04.37.25:479][  0]LogFileCache: Scanning file cache for directory 'C:/Users/jcc44_000/Documents/GitHub/HotelBete/Content/Developers/jcc44000/Collections/' took 0.01s
[2016.02.01-04.37.25:479][  0]LogFileCache: Scanning file cache for directory 'C:/Users/jcc44_000/Documents/GitHub/HotelBete/Content/Collections/' took 0.01s
[2016.02.01-04.37.25:479][  0]LogCollectionManager: Rebuilt the GUID cache for 0 collections in 0.000002 seconds
[2016.02.01-04.37.25:491][  0]LogContentBrowser: Native class hierarchy populated in 0.0115 seconds. Added 1908 classes and 344 folders.
[2016.02.01-04.37.25:503][  0]LogContentBrowser: Native class hierarchy updated for 'WidgetCarousel' in 0.0004 seconds. Added 0 classes and 0 folders.
[2016.02.01-04.37.25:553][  0]LogContentBrowser: Native class hierarchy updated for 'AddContentDialog' in 0.0004 seconds. Added 0 classes and 0 folders.
[2016.02.01-04.37.25:559][  0]LogContentBrowser: Native class hierarchy updated for 'SceneOutliner' in 0.0006 seconds. Added 1 classes and 2 folders.
[2016.02.01-04.37.25:617][  0]LogCrashTracker: Crashtracker disabled due to settings.
[2016.02.01-04.37.25:622][  0]LogUObjectGlobals:Warning: Failed to find object 'Class None.'
[2016.02.01-04.37.25:651][  0]LogLoad: Full Startup: 7.07 seconds (BP compile: 0.00 seconds)
[2016.02.01-04.37.25:660][  0]LogWindowsTextInputMethodSystem:Display: IME system now deactivated.
[2016.02.01-04.37.25:661][  0]LogWindowsTextInputMethodSystem:Display: IME system now deactivated.
[2016.02.01-04.37.25:664][  0]LogOcInput: Can't find Oculus library dev build: is proper Runtime installed? Version: 0.8.0.0
[2016.02.01-04.37.25:725][  0]LogContentStreaming: Texture pool size now 1000 MB
[2016.02.01-04.37.25:908][  0]LogRenderer: Reallocating scene render targets to support 888x432 (Frame:2).
[2016.02.01-04.37.27:176][  6]LogAssetRegistry: Asset discovery search completed in 3.8617 seconds
[2016.02.01-04.37.27:176][  6]LogCollectionManager: Rebuilt the object cache for 0 collections in 0.000002 seconds (found 0 objects)
[2016.02.01-04.37.27:176][  6]LogCollectionManager: Fixed up redirectors for 0 collections in 0.000045 seconds (updated 0 objects)
[2016.02.01-04.37.48:940][886]LogAIModule: Creating AISystem for world Menu
[2016.02.01-04.37.48:941][886]LogAudioDerivedData:Display: Building compressed audio format OGG wave Creaking_Door_Spooky...
[2016.02.01-04.37.49:176][886]Cmd: MAP LOAD FILE="../../../../../../Users/jcc44_000/Documents/GitHub/HotelBete/Content/Hotel/Levels/Menu.umap" TEMPLATE=0 SHOWPROGRESS=1 FEATURELEVEL=3
[2016.02.01-04.37.49:176][886]LightingResults: New page: Lighting Build
[2016.02.01-04.37.49:182][886]LogContentBrowser: Native class hierarchy updated for 'StatsViewer' in 0.0004 seconds. Added 5 classes and 0 folders.
[2016.02.01-04.37.49:206][886]LoadErrors: New page: Loading map: Menu.umap
[2016.02.01-04.37.49:206][886]MapCheck: New page: Map Check
[2016.02.01-04.37.49:206][886]LightingResults: New page: Lighting Build
[2016.02.01-04.37.49:233][886]LogParticles: Destroying 0 GPU particle simulations for FXSystem 0x000000263A84FB00
[2016.02.01-04.37.49:326][886]LogEditorServer: Finished looking for orphan Actors (0.000 secs)
[2016.02.01-04.37.49:388][886]Cmd: MAP CHECKDEP NOCLEARLOG
[2016.02.01-04.37.49:439][886]MapCheck: Info Map check complete: 0 Error(s), 0 Warning(s), took 50.463ms to complete.
[2016.02.01-04.37.49:439][886]LogFileHelpers: Loading map 'Menu' took 0.265
[2016.02.01-04.38.35:079][185]LogLinker:Warning: Asset '../../../../../../Users/jcc44_000/Documents/GitHub/HotelBete/Content/FirstPerson/Meshes/FirstPersonProjectileMesh.uasset' has been saved with empty engine version. The asset will be loaded but may be incompatible.
[2016.02.01-04.38.36:275][185]LogTexture:Display: Building textures: HQ_Lightmap0_1 (AutoDXT)
[2016.02.01-04.38.38:121][185]LogTexture:Display: Building textures: HQ_Lightmap0_2 (AutoDXT)
[2016.02.01-04.38.40:709][185]LogTexture:Display: Building textures: HQ_Lightmap0_3 (AutoDXT)
[2016.02.01-04.38.41:956][185]LogTexture:Display: Building textures: HQ_Lightmap0_4 (AutoDXT)
[2016.02.01-04.38.43:124][185]LogTexture:Display: Building textures: HQ_Lightmap0_5 (AutoDXT)
[2016.02.01-04.38.44:425][185]LogTexture:Display: Building textures: HQ_Lightmap0_6 (AutoDXT)
[2016.02.01-04.38.44:439][185]LogTexture:Display: Building textures: HQ_Lightmap0_7 (AutoDXT)
[2016.02.01-04.38.44:528][185]LogTexture:Display: Building textures: LQ_Lightmap_0_1 (DXT1)
[2016.02.01-04.38.45:033][185]LogTexture:Display: Building textures: LQ_Lightmap_0_2 (DXT1)
[2016.02.01-04.38.45:646][185]LogTexture:Display: Building textures: LQ_Lightmap_0_3 (DXT1)
[2016.02.01-04.38.46:178][185]LogTexture:Display: Building textures: LQ_Lightmap_0_4 (DXT1)
[2016.02.01-04.38.46:689][185]LogTexture:Display: Building textures: LQ_Lightmap_0_5 (DXT1)
[2016.02.01-04.38.47:155][185]LogTexture:Display: Building textures: LQ_Lightmap_0_6 (DXT1)
[2016.02.01-04.38.47:160][185]LogTexture:Display: Building textures: LQ_Lightmap_0_7 (DXT1)
[2016.02.01-04.38.47:191][185]LogTexture:Display: Building textures: SkyOcclusion0_1 (AutoDXT)
[2016.02.01-04.38.47:700][185]LogTexture:Display: Building textures: SkyOcclusion0_2 (AutoDXT)
[2016.02.01-04.38.48:501][185]LogTexture:Display: Building textures: SkyOcclusion0_3 (AutoDXT)
[2016.02.01-04.38.49:114][185]LogTexture:Display: Building textures: SkyOcclusion0_4 (AutoDXT)
[2016.02.01-04.38.49:728][185]LogTexture:Display: Building textures: SkyOcclusion0_5 (AutoDXT)
[2016.02.01-04.38.50:428][185]LogTexture:Display: Building textures: SkyOcclusion0_6 (AutoDXT)
[2016.02.01-04.38.50:435][185]LogTexture:Display: Building textures: SkyOcclusion0_7 (AutoDXT)
[2016.02.01-04.38.50:458][185]LogTexture:Display: Building textures: ShadowMapTexture2D_0 (G8)
[2016.02.01-04.38.50:590][185]LogTexture:Display: Building textures: ShadowMapTexture2D_1 (G8)
[2016.02.01-04.38.50:713][185]LogTexture:Display: Building textures: ShadowMapTexture2D_2 (G8)
[2016.02.01-04.38.50:841][185]LogTexture:Display: Building textures: ShadowMapTexture2D_3 (G8)
[2016.02.01-04.38.50:972][185]LogTexture:Display: Building textures: ShadowMapTexture2D_4 (G8)
[2016.02.01-04.38.51:094][185]LogTexture:Display: Building textures: ShadowMapTexture2D_5 (G8)
[2016.02.01-04.38.51:095][185]LogTexture:Display: Building textures: ShadowMapTexture2D_6 (G8)
[2016.02.01-04.38.51:468][185]LogTexture:Display: Building textures: Faith (AutoDXT)
[2016.02.01-04.38.51:496][185]LogTexture:Display: Building textures: HoopPic (AutoDXT)
[2016.02.01-04.38.51:644][185]LogMaterial: Missing cached shader map for material CamTarget_Mat, compiling. 
[2016.02.01-04.38.51:725][185]LogAIModule: Creating AISystem for world Prototype
[2016.02.01-04.38.51:837][185]Cmd: MAP LOAD FILE="../../../../../../Users/jcc44_000/Documents/GitHub/HotelBete/Content/Hotel/Levels/Prototype.umap" TEMPLATE=0 SHOWPROGRESS=1 FEATURELEVEL=3
[2016.02.01-04.38.51:837][185]LightingResults: New page: Lighting Build
[2016.02.01-04.38.51:864][185]LoadErrors: New page: Loading map: Prototype.umap
[2016.02.01-04.38.51:864][185]MapCheck: New page: Map Check
[2016.02.01-04.38.51:864][185]LightingResults: New page: Lighting Build
[2016.02.01-04.38.51:891][185]LogParticles: Destroying 0 GPU particle simulations for FXSystem 0x00000026367C5260
[2016.02.01-04.38.52:053][185]LogEditorServer: Finished looking for orphan Actors (0.000 secs)
[2016.02.01-04.38.52:125][185]Cmd: MAP CHECKDEP NOCLEARLOG
[2016.02.01-04.38.52:187][185]MapCheck: Info Map check complete: 0 Error(s), 0 Warning(s), took 62.321ms to complete.
[2016.02.01-04.38.52:187][185]LogFileHelpers: Loading map 'Prototype' took 0.352
[2016.02.01-04.39.53:630][295]LogEditorViewport: Clicking on Actor (LMB): ThingOne_C (ThingOne)
[2016.02.01-04.39.54:970][319]Cmd: CAMERA ALIGN ACTIVEVIEWPORTONLY
[2016.02.01-04.46.29:749][764]LogFactory: FactoryCreateBinary: StaticMesh with FbxFactory (0 0 C:\Users\jcc44_000\Documents\maya\projects\Hotel\scenes\Chair.fbx)
[2016.02.01-04.46.30:354][764]LogFbx: ItemName: GlobalSettings, ItemCount : 1
[2016.02.01-04.46.30:354][764]LogFbx: ItemName: AnimationStack, ItemCount : 1
[2016.02.01-04.46.30:354][764]LogFbx: ItemName: AnimationLayer, ItemCount : 1
[2016.02.01-04.46.30:354][764]LogFbx: ItemName: NodeAttribute, ItemCount : 32
[2016.02.01-04.46.30:354][764]LogFbx: ItemName: Model, ItemCount : 33
[2016.02.01-04.46.30:354][764]LogFbx: ItemName: Geometry, ItemCount : 1
[2016.02.01-04.46.30:354][764]LogFbx: ItemName: Material, ItemCount : 1
[2016.02.01-04.46.30:354][764]LogFbx: ItemName: AnimationCurveNode, ItemCount : 4
[2016.02.01-04.46.30:354][764]LogFbx: ItemName: AnimationCurve, ItemCount : 10
[2016.02.01-04.46.30:581][764]LogFbx: Loading FBX Scene from C:\Users\jcc44_000\Documents\maya\projects\Hotel\scenes\Chair.fbx
[2016.02.01-04.46.30:987][764]LogFbx: FBX Scene Loaded Succesfully
[2016.02.01-04.47.52:772][764]LogFbx: Loading FBX Scene from C:\Users\jcc44_000\Documents\maya\projects\Hotel\scenes\Chair.fbx
[2016.02.01-04.47.53:000][764]LogFbx: FBX Scene Loaded Succesfully
[2016.02.01-04.47.53:111][764]LogFbx: =================================================
[2016.02.01-04.47.53:111][764]LogFbx: Dumping Node START [pCube21] 
[2016.02.01-04.47.53:111][764]LogFbx: 	Total Deformer Count 1292963976.
[2016.02.01-04.47.53:111][764]LogFbx: 	Attribute () Type (4).
[2016.02.01-04.47.53:111][764]LogFbx: 		[Node Attribute Child 1] pCube21 (Type Mesh).
[2016.02.01-04.47.53:111][764]LogFbx: Dumping Node END [pCube21]
[2016.02.01-04.47.53:112][764]LogFbx: =================================================
[2016.02.01-04.47.53:113][764]LogFbx: Dumping Node START [pCube21] 
[2016.02.01-04.47.53:113][764]LogFbx: 	Total Deformer Count 1292975512.
[2016.02.01-04.47.53:113][764]LogFbx: 	Attribute () Type (4).
[2016.02.01-04.47.53:113][764]LogFbx: 		[Node Attribute Child 1] pCube21 (Type Mesh).
[2016.02.01-04.47.53:113][764]LogFbx: Dumping Node END [pCube21]
[2016.02.01-04.47.53:186][764]LogLinker:Warning: Can't find file '/Game/Hotel/Art/Models/lambert1'
[2016.02.01-04.47.53:186][764]LogLinker:Warning: Can't find file '/Game/Hotel/Art/Models/lambert1'
[2016.02.01-04.47.53:208][764]LogMaterial: Missing cached shader map for material lambert1, compiling. 
[2016.02.01-04.47.53:280][764]LogFbx:Warning: Bones digested - 1  Depth of hierarchy - 1
[2016.02.01-04.47.53:308][764]LogSkeletalMesh: Chunk 0: 812 rigid vertices, 0 soft vertices, 1 active bones
[2016.02.01-04.47.53:310][764]LogSkeletalMesh: Section 0: Material=0, Chunk=0, 854 triangles
[2016.02.01-04.47.53:311][764]LogLinker:Warning: Can't find file '/Game/Hotel/Art/Models/Chair_PhysicsAsset'
[2016.02.01-04.47.53:312][764]LogLinker:Warning: Can't find file '/Game/Hotel/Art/Models/Chair_PhysicsAsset'
[2016.02.01-04.47.53:312][764]LogUObjectGlobals:Warning: Failed to find object 'Object /Game/Hotel/Art/Models/Chair_PhysicsAsset.Chair_PhysicsAsset'
[2016.02.01-04.47.53:314][764]LogLinker:Warning: Can't find file '/Game/Hotel/Art/Models/Chair_Skeleton'
[2016.02.01-04.47.53:315][764]LogLinker:Warning: Can't find file '/Game/Hotel/Art/Models/Chair_Skeleton'
[2016.02.01-04.47.53:315][764]LogUObjectGlobals:Warning: Failed to find object 'Object /Game/Hotel/Art/Models/Chair_Skeleton.Chair_Skeleton'
[2016.02.01-04.47.53:357][764]FBXImport:Warning: Warning Warning: No smoothing group information was found in this FBX scene.  Please make sure to enable the 'Export Smoothing Groups' option in the FBX Exporter plug-in before exporting the file.  Even for tools that don't support smoothing groups, the FBX Exporter will generate appropriate smoothing data at export-time so that correct vertex normals can be inferred while importing. 
[2016.02.01-04.47.53:357][764]FBXImport:Warning: Warning Could not find the bind pose.  It will use time 0 as bind pose. 
[2016.02.01-04.47.53:549][765]LogMaterial:Warning: Material /Game/Hotel/Art/Models/lambert1.lambert1 needed to have new flag set bUsedWithSkeletalMesh !
[2016.02.01-04.47.53:613][765]LogMaterial: Missing cached shader map for material lambert1, compiling. 
[2016.02.01-04.47.53:638][765]LogMaterial: 0.000054 seconds spent updating 1 materials, 1 interfaces, 0 instances, 0 with static permutations.
[2016.02.01-04.49.30:000][160]Cmd: CAMERA ALIGN ACTIVEVIEWPORTONLY
[2016.02.01-04.49.50:760][520]Cmd: CAMERA ALIGN ACTIVEVIEWPORTONLY
[2016.02.01-04.50.35:380][298]Cmd: CAMERA ALIGN ACTIVEVIEWPORTONLY
[2016.02.01-04.51.36:664][893]LogSavePackage: Save=5596.310547ms
[2016.02.01-04.51.36:664][893]LogSavePackage: Moving '../../../../../../Users/jcc44_000/Documents/GitHub/HotelBete/Saved/Prototype_Auto1A7C63FED497C9DCEA899498284CA5FA1.tmp' to '../../../../../../Users/jcc44_000/Documents/GitHub/HotelBete/Saved/Autosaves/Game/Hotel/Levels/Prototype_Auto1.umap'
[2016.02.01-04.51.36:668][893]LogSavePackage: Total save time: 5704.951297ms
[2016.02.01-04.51.36:668][893]LogSavePackage:Display: Finished SavePackage ../../../../../../Users/jcc44_000/Documents/GitHub/HotelBete/Saved/Autosaves/Game/Hotel/Levels/Prototype_Auto1.umap
[2016.02.01-04.51.36:675][893]LogFileHelpers: Editor autosave (incl. sublevels) for '/Game/Hotel/Levels/Prototype' took 5.815
[2016.02.01-04.51.36:675][893]LogFileHelpers: Editor autosave (incl. sublevels) for all levels took 5.815
[2016.02.01-04.51.36:685][893]OBJ SavePackage: Generating thumbnails for [1] asset(s) in package [/Game/Hotel/Art/Models/Chair] ([1] browsable assets)...
[2016.02.01-04.51.36:774][893]OBJ SavePackage:     Rendered thumbnail for [SkeletalMesh /Game/Hotel/Art/Models/Chair.Chair]
[2016.02.01-04.51.36:774][893]OBJ SavePackage: Finished generating thumbnails for package [/Game/Hotel/Art/Models/Chair]
[2016.02.01-04.51.36:864][893]LogSavePackage: Save=86.637199ms
[2016.02.01-04.51.36:864][893]LogSavePackage: Moving '../../../../../../Users/jcc44_000/Documents/GitHub/HotelBete/Saved/Chair_Auto1167ED2AE4BFBF52038778F9E58AE77A0.tmp' to '../../../../../../Users/jcc44_000/Documents/GitHub/HotelBete/Saved/Autosaves/Game/Hotel/Art/Models/Chair_Auto1.uasset'
[2016.02.01-04.51.36:870][893]LogSavePackage: Total save time: 92.921261ms
[2016.02.01-04.51.36:870][893]LogSavePackage:Display: Finished SavePackage ../../../../../../Users/jcc44_000/Documents/GitHub/HotelBete/Saved/Autosaves/Game/Hotel/Art/Models/Chair_Auto1.uasset
[2016.02.01-04.51.36:881][893]OBJ SavePackage: Generating thumbnails for [1] asset(s) in package [/Game/Hotel/Art/Models/lambert1] ([1] browsable assets)...
[2016.02.01-04.51.36:963][893]OBJ SavePackage:     Rendered thumbnail for [Material /Game/Hotel/Art/Models/lambert1.lambert1]
[2016.02.01-04.51.36:963][893]OBJ SavePackage: Finished generating thumbnails for package [/Game/Hotel/Art/Models/lambert1]
[2016.02.01-04.51.37:005][893]LogSavePackage: Save=38.763752ms
[2016.02.01-04.51.37:005][893]LogSavePackage: Moving '../../../../../../Users/jcc44_000/Documents/GitHub/HotelBete/Saved/lambert1_Auto17CE597704479065A5E69648A3503D07C.tmp' to '../../../../../../Users/jcc44_000/Documents/GitHub/HotelBete/Saved/Autosaves/Game/Hotel/Art/Models/lambert1_Auto1.uasset'
[2016.02.01-04.51.37:007][893]LogSavePackage: Total save time: 40.668335ms
[2016.02.01-04.51.37:007][893]LogSavePackage:Display: Finished SavePackage ../../../../../../Users/jcc44_000/Documents/GitHub/HotelBete/Saved/Autosaves/Game/Hotel/Art/Models/lambert1_Auto1.uasset
[2016.02.01-04.51.37:011][893]OBJ SavePackage: Generating thumbnails for [0] asset(s) in package [/Game/Hotel/Art/Models/Chair_PhysicsAsset] ([1] browsable assets)...
[2016.02.01-04.51.37:011][893]OBJ SavePackage: Finished generating thumbnails for package [/Game/Hotel/Art/Models/Chair_PhysicsAsset]
[2016.02.01-04.51.37:162][893]LogSavePackage: Save=105.304192ms
[2016.02.01-04.51.37:163][893]LogSavePackage: Moving '../../../../../../Users/jcc44_000/Documents/GitHub/HotelBete/Saved/Chair_PhysicsAsset_Auto135D2E420469A268B94A73DB2C37076AE.tmp' to '../../../../../../Users/jcc44_000/Documents/GitHub/HotelBete/Saved/Autosaves/Game/Hotel/Art/Models/Chair_PhysicsAsset_Auto1.uasset'
[2016.02.01-04.51.37:296][893]LogSavePackage: Total save time: 239.381984ms
[2016.02.01-04.51.37:296][893]LogSavePackage:Display: Finished SavePackage ../../../../../../Users/jcc44_000/Documents/GitHub/HotelBete/Saved/Autosaves/Game/Hotel/Art/Models/Chair_PhysicsAsset_Auto1.uasset
[2016.02.01-04.51.37:308][893]OBJ SavePackage: Generating thumbnails for [0] asset(s) in package [/Game/Hotel/Art/Models/Chair_Skeleton] ([1] browsable assets)...
[2016.02.01-04.51.37:308][893]OBJ SavePackage: Finished generating thumbnails for package [/Game/Hotel/Art/Models/Chair_Skeleton]
[2016.02.01-04.51.37:354][893]LogSavePackage: Save=39.162697ms
[2016.02.01-04.51.37:354][893]LogSavePackage: Moving '../../../../../../Users/jcc44_000/Documents/GitHub/HotelBete/Saved/Chair_Skeleton_Auto1817ACE954608EF23082697BC09094D81.tmp' to '../../../../../../Users/jcc44_000/Documents/GitHub/HotelBete/Saved/Autosaves/Game/Hotel/Art/Models/Chair_Skeleton_Auto1.uasset'
[2016.02.01-04.51.37:357][893]LogSavePackage: Total save time: 43.223549ms
[2016.02.01-04.51.37:357][893]LogSavePackage:Display: Finished SavePackage ../../../../../../Users/jcc44_000/Documents/GitHub/HotelBete/Saved/Autosaves/Game/Hotel/Art/Models/Chair_Skeleton_Auto1.uasset
[2016.02.01-04.51.37:361][893]LogFileHelpers: Auto-saving content packages took 0.683
[2016.02.01-04.52.45:065][ 69]LogSkeletalMesh: InitArticulated: Bodies already created (/Engine/Transient.DebugSkelMeshComponent_0) - call TermArticulated first.
[2016.02.01-04.53.07:266][321]LogSlate:Warning: Slate: Had to block on waiting for a draw buffer
[2016.02.01-04.53.07:273][321]LogSlate:Warning: Slate: Had to block on waiting for a draw buffer
[2016.02.01-04.53.07:712][321]LogSlate:Warning: Slate: Had to block on waiting for a draw buffer
[2016.02.01-04.53.07:837][321]LogSkeletalMesh: InitArticulated: Bodies already created (/Engine/Transient.DebugSkelMeshComponent_1) - call TermArticulated first.
[2016.02.01-04.53.07:862][321]LogSlate:Warning: Slate: Had to block on waiting for a draw buffer
[2016.02.01-04.53.55:763][154]LogBlueprintUserMessages: Early PlayInEditor Detection: Level '/Game/Hotel/Levels/Prototype.Prototype:PersistentLevel' has LevelScriptBlueprint '/Game/Hotel/Levels/Prototype.Prototype:PersistentLevel.Prototype' with GeneratedClass '/Game/Hotel/Levels/Prototype.Prototype_C' with ClassGeneratedBy '/Game/Hotel/Levels/Prototype.Prototype:PersistentLevel.Prototype'
[2016.02.01-04.53.55:764][154]LogPlayLevel: PlayLevel: No blueprints needed recompiling
[2016.02.01-04.53.55:765][154]PIE: New page: PIE session: Prototype (Jan 31, 2016, 6:53:55 PM)
[2016.02.01-04.53.55:765][154]LogPlayLevel: Creating play world package: /Game/Hotel/Levels/UEDPIE_0_Prototype
[2016.02.01-04.53.55:829][154]LogPlayLevel: PIE: StaticDuplicateObject took: (0.064109s)
[2016.02.01-04.53.55:831][154]LogAIModule: Creating AISystem for world Prototype
[2016.02.01-04.53.55:831][154]LogPlayLevel: PIE: World Init took: (0.002120s)
[2016.02.01-04.53.55:832][154]LogPlayLevel: PIE: Created PIE world by copying editor world from /Game/Hotel/Levels/Prototype.Prototype to /Game/Hotel/Levels/UEDPIE_0_Prototype.Prototype (0.066947s)
[2016.02.01-04.53.55:893][154]LogParticles: Destroying 0 GPU particle simulations for FXSystem 0x000000263B872B60
[2016.02.01-04.53.55:894][154]LogParticles: Destroying 0 GPU particle simulations for FXSystem 0x00000026310385E0
[2016.02.01-04.53.55:895][154]LogParticles: Destroying 0 GPU particle simulations for FXSystem 0x0000002631038F40
[2016.02.01-04.53.55:896][154]LogParticles: Destroying 0 GPU particle simulations for FXSystem 0x000000264B1C6480
[2016.02.01-04.53.55:897][154]LogParticles: Destroying 0 GPU particle simulations for FXSystem 0x000000264B1C6DE0
[2016.02.01-04.53.55:907][154]LogInit: XAudio2 using 'Speakers (Realtek High Definition Audio)' : 2 channels at 48 kHz using 32 bits per sample (channel mask 0x3)
[2016.02.01-04.53.55:922][154]LogInit: FAudioDevice initialized.
[2016.02.01-04.53.56:183][154]LogWorld: Game class is 'FirstPersonGameMode_C'
[2016.02.01-04.53.56:189][154]LogWorld: Bringing World /Game/Hotel/Levels/UEDPIE_0_Prototype.Prototype up for play (max tick rate 0) at 2016.01.31-23.53.56
[2016.02.01-04.53.56:189][154]LogActor:Warning: GameSession /Game/Hotel/Levels/UEDPIE_0_Prototype.Prototype:PersistentLevel.GameSession_0 has natively added scene component(s), but none of them were set as the actor's RootComponent - picking one arbitrarily
[2016.02.01-04.53.56:189][154]LogActor:Warning: GameNetworkManager /Game/Hotel/Levels/UEDPIE_0_Prototype.Prototype:PersistentLevel.GameNetworkManager_0 has natively added scene component(s), but none of them were set as the actor's RootComponent - picking one arbitrarily
[2016.02.01-04.53.56:233][154]LogWorld: Bringing up level for play took: 0.049073
[2016.02.01-04.53.56:241][154]LogSpawn:Warning: SpawnActor failed because no class was specified
[2016.02.01-04.53.56:281][154]PIE: Info Play in editor start time for /Game/Hotel/Levels/UEDPIE_0_Prototype 1.141
[2016.02.01-04.53.56:282][154]LogBlueprintUserMessages: Late PlayInEditor Detection: Level '/Game/Hotel/Levels/Prototype.Prototype:PersistentLevel' has LevelScriptBlueprint '/Game/Hotel/Levels/Prototype.Prototype:PersistentLevel.Prototype' with GeneratedClass '/Game/Hotel/Levels/Prototype.Prototype_C' with ClassGeneratedBy '/Game/Hotel/Levels/Prototype.Prototype:PersistentLevel.Prototype'
[2016.02.01-04.53.56:385][155]LogRenderer: Reallocating scene render targets to support 1280x720 (Frame:12672).
[2016.02.01-04.54.54:551][916]LogBlueprintUserMessages: Early EndPlayMap Detection: Level '/Game/Hotel/Levels/Prototype.Prototype:PersistentLevel' has LevelScriptBlueprint '/Game/Hotel/Levels/Prototype.Prototype:PersistentLevel.Prototype' with GeneratedClass '/Game/Hotel/Levels/Prototype.Prototype_C' with ClassGeneratedBy '/Game/Hotel/Levels/Prototype.Prototype:PersistentLevel.Prototype'
[2016.02.01-04.54.54:755][916]LogBlueprintUserMessages: Late EndPlayMap Detection: Level '/Game/Hotel/Levels/Prototype.Prototype:PersistentLevel' has LevelScriptBlueprint '/Game/Hotel/Levels/Prototype.Prototype:PersistentLevel.Prototype' with GeneratedClass '/Game/Hotel/Levels/Prototype.Prototype_C' with ClassGeneratedBy '/Game/Hotel/Levels/Prototype.Prototype:PersistentLevel.Prototype'
[2016.02.01-04.54.54:846][916]LogParticles: Destroying 0 GPU particle simulations for FXSystem 0x000000261AD0D9E0
[2016.02.01-04.59.18:499][350]LogSavePackage: Save=3615.155029ms
[2016.02.01-04.59.18:499][350]LogSavePackage: Moving '../../../../../../Users/jcc44_000/Documents/GitHub/HotelBete/Saved/PrototypeA5EC9CF0478E36B2B39769875FA0B43C.tmp' to '../../../../../../Users/jcc44_000/Documents/GitHub/HotelBete/Content/Hotel/Levels/Prototype.umap'
[2016.02.01-04.59.18:563][350]LogSavePackage: Total save time: 3708.032634ms
[2016.02.01-04.59.18:563][350]LogSavePackage:Display: Finished SavePackage ../../../../../../Users/jcc44_000/Documents/GitHub/HotelBete/Content/Hotel/Levels/Prototype.umap
[2016.02.01-04.59.44:607][549]Cmd: OBJ SAVEPACKAGE PACKAGE="/Game/Hotel/Art/Models/Chair" FILE="../../../../../../Users/jcc44_000/Documents/GitHub/HotelBete/Content/Hotel/Art/Models/Chair.uasset" SILENT=true
[2016.02.01-04.59.44:629][549]LogSavePackage: Save=19.953074ms
[2016.02.01-04.59.44:629][549]LogSavePackage: Moving '../../../../../../Users/jcc44_000/Documents/GitHub/HotelBete/Saved/Chair79C78DEE42CFDB45FA452C948D6C9C82.tmp' to '../../../../../../Users/jcc44_000/Documents/GitHub/HotelBete/Content/Hotel/Art/Models/Chair.uasset'
[2016.02.01-04.59.44:638][549]LogSavePackage: Total save time: 29.044032ms
[2016.02.01-04.59.44:638][549]LogSavePackage:Display: Finished SavePackage ../../../../../../Users/jcc44_000/Documents/GitHub/HotelBete/Content/Hotel/Art/Models/Chair.uasset
[2016.02.01-04.59.44:646][549]Cmd: OBJ SAVEPACKAGE PACKAGE="/Game/Hotel/Art/Models/Chair_PhysicsAsset" FILE="../../../../../../Users/jcc44_000/Documents/GitHub/HotelBete/Content/Hotel/Art/Models/Chair_PhysicsAsset.uasset" SILENT=true
[2016.02.01-04.59.44:652][549]LogSavePackage: Save=4.741828ms
[2016.02.01-04.59.44:652][549]LogSavePackage: Moving '../../../../../../Users/jcc44_000/Documents/GitHub/HotelBete/Saved/Chair_PhysicsAsset3D635FF84A72C7721D43F1BDEAB0C3FB.tmp' to '../../../../../../Users/jcc44_000/Documents/GitHub/HotelBete/Content/Hotel/Art/Models/Chair_PhysicsAsset.uasset'
[2016.02.01-04.59.44:658][549]LogSavePackage: Total save time: 11.094164ms
[2016.02.01-04.59.44:658][549]LogSavePackage:Display: Finished SavePackage ../../../../../../Users/jcc44_000/Documents/GitHub/HotelBete/Content/Hotel/Art/Models/Chair_PhysicsAsset.uasset
[2016.02.01-04.59.44:664][549]Cmd: OBJ SAVEPACKAGE PACKAGE="/Game/Hotel/Art/Models/Chair_Skeleton" FILE="../../../../../../Users/jcc44_000/Documents/GitHub/HotelBete/Content/Hotel/Art/Models/Chair_Skeleton.uasset" SILENT=true
[2016.02.01-04.59.44:718][549]LogSavePackage: Save=4.304951ms
[2016.02.01-04.59.44:718][549]LogSavePackage: Moving '../../../../../../Users/jcc44_000/Documents/GitHub/HotelBete/Saved/Chair_Skeleton086D42044B6822FC492D158E27E3AEBD.tmp' to '../../../../../../Users/jcc44_000/Documents/GitHub/HotelBete/Content/Hotel/Art/Models/Chair_Skeleton.uasset'
[2016.02.01-04.59.44:724][549]LogSavePackage: Total save time: 10.723334ms
[2016.02.01-04.59.44:724][549]LogSavePackage:Display: Finished SavePackage ../../../../../../Users/jcc44_000/Documents/GitHub/HotelBete/Content/Hotel/Art/Models/Chair_Skeleton.uasset
[2016.02.01-04.59.44:782][549]Cmd: OBJ SAVEPACKAGE PACKAGE="/Game/Hotel/Art/Models/lambert1" FILE="../../../../../../Users/jcc44_000/Documents/GitHub/HotelBete/Content/Hotel/Art/Models/lambert1.uasset" SILENT=true
[2016.02.01-04.59.44:806][549]LogSavePackage: Save=21.935751ms
[2016.02.01-04.59.44:806][549]LogSavePackage: Moving '../../../../../../Users/jcc44_000/Documents/GitHub/HotelBete/Saved/lambert13F00488744DD802A1805BF8787996D3C.tmp' to '../../../../../../Users/jcc44_000/Documents/GitHub/HotelBete/Content/Hotel/Art/Models/lambert1.uasset'
[2016.02.01-04.59.44:810][549]LogSavePackage: Total save time: 25.938146ms
[2016.02.01-04.59.44:810][549]LogSavePackage:Display: Finished SavePackage ../../../../../../Users/jcc44_000/Documents/GitHub/HotelBete/Content/Hotel/Art/Models/lambert1.uasset
[2016.02.01-04.59.44:990][549]LogWindowsTextInputMethodSystem:Display: IME system now deactivated.
[2016.02.01-04.59.44:990][549]LogWindowsTextInputMethodSystem:Display: IME system now deactivated.
[2016.02.01-04.59.45:303][550]Cmd: QUIT_EDITOR
[2016.02.01-04.59.46:126][550]LogExit: Preparing to exit.
[2016.02.01-04.59.46:418][550]LogExit: Editor shut down
[2016.02.01-04.59.46:418][550]LogExit: Transaction tracking system shut down
[2016.02.01-04.59.46:419][550]LogParticles: Destroying 0 GPU particle simulations for FXSystem 0x0000002627C74720
[2016.02.01-04.59.46:419][550]LogParticles: Destroying 0 GPU particle simulations for FXSystem 0x0000002627C75940
[2016.02.01-04.59.46:419][550]LogParticles: Destroying 0 GPU particle simulations for FXSystem 0x00000026279A4180
[2016.02.01-04.59.46:425][550]LogParticles: Destroying 0 GPU particle simulations for FXSystem 0x000000264C78ED40
[2016.02.01-04.59.46:426][550]LogParticles: Destroying 0 GPU particle simulations for FXSystem 0x0000002639723740
[2016.02.01-04.59.46:426][550]LogParticles: Destroying 0 GPU particle simulations for FXSystem 0x0000002636858AE0
[2016.02.01-04.59.46:701][550]LogExit: Object subsystem successfully closed.
[2016.02.01-04.59.46:720][550]LogD3D11RHI: Shutdown
[2016.02.01-04.59.46:720][550]LogD3D11RHI: CleanupD3DDevice
[2016.02.01-04.59.46:837][550]LogD3D11RHI: ~FD3D11DynamicRHI
[2016.02.01-04.59.46:864][550]LogModuleManager: Shutting down and abandoning module CookingStats (202)
[2016.02.01-04.59.46:864][550]LogModuleManager: Shutting down and abandoning module NewLevelDialog (201)
[2016.02.01-04.59.46:864][550]LogModuleManager: Shutting down and abandoning module StatsViewer (200)
[2016.02.01-04.59.46:864][550]LogModuleManager: Shutting down and abandoning module CrashTracker (199)
[2016.02.01-04.59.46:864][550]LogModuleManager: Shutting down and abandoning module SceneOutliner (198)
[2016.02.01-04.59.46:864][550]LogModuleManager: Shutting down and abandoning module SuperSearch (197)
[2016.02.01-04.59.46:864][550]LogModuleManager: Shutting down and abandoning module WidgetCarousel (196)
[2016.02.01-04.59.46:864][550]LogModuleManager: Shutting down and abandoning module AddContentDialog (195)
[2016.02.01-04.59.46:866][550]LogModuleManager: Shutting down and abandoning module EditorWidgets (194)
[2016.02.01-04.59.46:866][550]LogModuleManager: Shutting down and abandoning module CollectionManager (193)
[2016.02.01-04.59.46:866][550]LogModuleManager: Shutting down and abandoning module FoliageEdit (192)
[2016.02.01-04.59.46:866][550]LogModuleManager: Shutting down and abandoning module LandscapeEditor (191)
[2016.02.01-04.59.46:866][550]LogModuleManager: Shutting down and abandoning module ActorPickerMode (190)
[2016.02.01-04.59.46:866][550]LogModuleManager: Shutting down and abandoning module GeometryMode (189)
[2016.02.01-04.59.46:866][550]LogModuleManager: Shutting down and abandoning module TextureAlignMode (188)
[2016.02.01-04.59.46:866][550]LogModuleManager: Shutting down and abandoning module BspMode (187)
[2016.02.01-04.59.46:866][550]LogModuleManager: Shutting down and abandoning module PlacementMode (186)
[2016.02.01-04.59.46:866][550]LogModuleManager: Shutting down and abandoning module AutomationWorker (185)
[2016.02.01-04.59.46:866][550]LogModuleManager: Shutting down and abandoning module CharacterAI (184)
[2016.02.01-04.59.46:867][550]LogModuleManager: Shutting down and abandoning module SmartSnapping (183)
[2016.02.01-04.59.46:867][550]LogModuleManager: Shutting down and abandoning module ViewportSnapping (182)
[2016.02.01-04.59.46:867][550]LogModuleManager: Shutting down and abandoning module LogVisualizer (181)
[2016.02.01-04.59.46:867][550]LogModuleManager: Shutting down and abandoning module GameProjectGeneration (180)
[2016.02.01-04.59.46:867][550]LogModuleManager: Shutting down and abandoning module IntroTutorials (179)
[2016.02.01-04.59.46:867][550]LogModuleManager: Shutting down and abandoning module EditorLiveStreaming (178)
[2016.02.01-04.59.46:867][550]LogModuleManager: Shutting down and abandoning module IOSPlatformEditor (177)
[2016.02.01-04.59.46:867][550]LogModuleManager: Shutting down and abandoning module HTML5PlatformEditor (176)
[2016.02.01-04.59.46:867][550]LogModuleManager: Shutting down and abandoning module AndroidDeviceDetection (175)
[2016.02.01-04.59.46:947][550]LogModuleManager: Shutting down and abandoning module AndroidPlatformEditor (174)
[2016.02.01-04.59.46:947][550]LogModuleManager: Shutting down and abandoning module IOSRuntimeSettings (173)
[2016.02.01-04.59.46:947][550]LogModuleManager: Shutting down and abandoning module AndroidRuntimeSettings (172)
[2016.02.01-04.59.46:947][550]LogModuleManager: Shutting down and abandoning module MergeActors (171)
[2016.02.01-04.59.46:947][550]LogModuleManager: Shutting down and abandoning module SizeMap (170)
[2016.02.01-04.59.46:947][550]LogModuleManager: Shutting down and abandoning module TreeMap (169)
[2016.02.01-04.59.46:947][550]LogModuleManager: Shutting down and abandoning module ReferenceViewer (168)
[2016.02.01-04.59.46:947][550]LogModuleManager: Shutting down and abandoning module LocalizationService (167)
[2016.02.01-04.59.46:947][550]LogModuleManager: Shutting down and abandoning module LocalizationDashboard (166)
[2016.02.01-04.59.46:947][550]LogModuleManager: Shutting down and abandoning module HardwareTargeting (165)
[2016.02.01-04.59.46:947][550]LogModuleManager: Shutting down and abandoning module DeviceProfileEditor (164)
[2016.02.01-04.59.46:947][550]LogModuleManager: Shutting down and abandoning module UndoHistory (163)
[2016.02.01-04.59.46:947][550]LogModuleManager: Shutting down and abandoning module GameplayTagsEditor (162)
[2016.02.01-04.59.46:947][550]LogModuleManager: Shutting down and abandoning module UserFeedback (161)
[2016.02.01-04.59.46:947][550]LogModuleManager: Shutting down and abandoning module XmlParser (160)
[2016.02.01-04.59.46:947][550]LogModuleManager: Shutting down and abandoning module Blutility (159)
[2016.02.01-04.59.46:947][550]LogModuleManager: Shutting down and abandoning module ProjectTargetPlatformEditor (158)
[2016.02.01-04.59.46:948][550]LogModuleManager: Shutting down and abandoning module ProjectSettingsViewer (157)
[2016.02.01-04.59.46:948][550]LogModuleManager: Shutting down and abandoning module InputBindingEditor (156)
[2016.02.01-04.59.46:948][550]LogModuleManager: Shutting down and abandoning module EditorSettingsViewer (155)
[2016.02.01-04.59.46:948][550]LogModuleManager: Shutting down and abandoning module SettingsEditor (154)
[2016.02.01-04.59.46:948][550]LogModuleManager: Shutting down and abandoning module ProjectLauncher (153)
[2016.02.01-04.59.46:948][550]LogModuleManager: Shutting down and abandoning module SessionFrontend (152)
[2016.02.01-04.59.46:948][550]LogModuleManager: Shutting down and abandoning module ProfilerClient (151)
[2016.02.01-04.59.46:948][550]LogModuleManager: Shutting down and abandoning module TargetDeviceServices (150)
[2016.02.01-04.59.46:948][550]LogModuleManager: Shutting down and abandoning module DeviceManager (149)
[2016.02.01-04.59.46:948][550]LogModuleManager: Shutting down and abandoning module AutomationController (148)
[2016.02.01-04.59.46:948][550]LogModuleManager: Shutting down and abandoning module AutomationWindow (147)
[2016.02.01-04.59.46:948][550]LogModuleManager: Shutting down and abandoning module Layers (146)
[2016.02.01-04.59.46:948][550]LogModuleManager: Shutting down and abandoning module ComponentVisualizers (145)
[2016.02.01-04.59.46:948][550]LogModuleManager: Shutting down and abandoning module DetailCustomizations (144)
[2016.02.01-04.59.46:948][550]LogModuleManager: Shutting down and abandoning module PackagesDialog (143)
[2016.02.01-04.59.46:948][550]LogModuleManager: Shutting down and abandoning module Persona (142)
[2016.02.01-04.59.46:948][550]LogModuleManager: Shutting down and abandoning module Kismet (141)
[2016.02.01-04.59.46:948][550]LogModuleManager: Shutting down and abandoning module GraphEditor (140)
[2016.02.01-04.59.46:949][550]LogModuleManager: Shutting down and abandoning module ClassViewer (139)
[2016.02.01-04.59.46:949][550]LogModuleManager: Shutting down and abandoning module Toolbox (138)
[2016.02.01-04.59.46:949][550]LogModuleManager: Shutting down and abandoning module ModuleUI (137)
[2016.02.01-04.59.46:949][550]LogModuleManager: Shutting down and abandoning module MovieSceneTools (136)
[2016.02.01-04.59.46:949][550]LogModuleManager: Shutting down and abandoning module OutputLog (135)
[2016.02.01-04.59.46:949][550]LogModuleManager: Shutting down and abandoning module GammaUI (134)
[2016.02.01-04.59.46:949][550]LogModuleManager: Shutting down and abandoning module Documentation (133)
[2016.02.01-04.59.46:949][550]LogModuleManager: Shutting down and abandoning module GameLiveStreaming (132)
[2016.02.01-04.59.46:949][550]LogModuleManager: Shutting down and abandoning module StreamingPauseRendering (131)
[2016.02.01-04.59.46:949][550]LogModuleManager: Shutting down and abandoning module AnalyticsET (130)
[2016.02.01-04.59.46:949][550]LogModuleManager: Shutting down and abandoning module Analytics (129)
[2016.02.01-04.59.46:949][550]LogModuleManager: Shutting down and abandoning module AITestSuite (128)
[2016.02.01-04.59.46:949][550]LogModuleManager: Shutting down and abandoning module GameplayDebugger (127)
[2016.02.01-04.59.46:949][550]LogModuleManager: Shutting down and abandoning module AIModule (126)
[2016.02.01-04.59.46:949][550]LogModuleManager: Shutting down and abandoning module ProfilerService (125)
[2016.02.01-04.59.47:181][550]LogModuleManager: Shutting down and abandoning module TaskGraph (124)
[2016.02.01-04.59.47:181][550]LogModuleManager: Shutting down and abandoning module SubstanceEditor (123)
[2016.02.01-04.59.47:181][550]LogModuleManager: Shutting down and abandoning module SlateRemote (122)
[2016.02.01-04.59.47:181][550]LogModuleManager: Shutting down and abandoning module SteamVRController (121)
[2016.02.01-04.59.47:181][550]LogModuleManager: Shutting down and abandoning module SteamVR (120)
[2016.02.01-04.59.47:181][550]LogModuleManager: Shutting down and abandoning module ProceduralMeshComponent (119)
[2016.02.01-04.59.47:181][550]LogModuleManager: Shutting down and abandoning module OculusLibrary (118)
[2016.02.01-04.59.47:181][550]LogModuleManager: Shutting down and abandoning module OculusInput (117)
[2016.02.01-04.59.47:181][550]LogModuleManager: Shutting down and abandoning module LeapMotionController (116)
[2016.02.01-04.59.47:206][550]LogModuleManager: Shutting down and abandoning module CustomMeshComponent (115)
[2016.02.01-04.59.47:206][550]LogModuleManager: Shutting down and abandoning module CableComponent (114)
[2016.02.01-04.59.47:206][550]LogModuleManager: Shutting down and abandoning module ArchVisCharacter (113)
[2016.02.01-04.59.47:206][550]LogModuleManager: Shutting down and abandoning module MessagingDebugger (112)
[2016.02.01-04.59.47:206][550]LogModuleManager: Shutting down and abandoning module MediaPlayerEditor (111)
[2016.02.01-04.59.47:206][550]LogModuleManager: Shutting down and abandoning module HTML5Networking (110)
[2016.02.01-04.59.47:206][550]LogModuleManager: Shutting down and abandoning module SpeedTreeImporter (109)
[2016.02.01-04.59.47:206][550]LogModuleManager: Shutting down and abandoning module PluginBrowser (108)
[2016.02.01-04.59.47:206][550]LogModuleManager: Shutting down and abandoning module EpicSurvey (107)
[2016.02.01-04.59.47:206][550]LogModuleManager: Shutting down and abandoning module DesktopPlatform (106)
[2016.02.01-04.59.47:206][550]LogModuleManager: Shutting down and abandoning module VisualStudioSourceCodeAccess (105)
[2016.02.01-04.59.47:206][550]LogModuleManager: Shutting down and abandoning module UObjectPlugin (104)
[2016.02.01-04.59.47:206][550]LogModuleManager: Shutting down and abandoning module SubversionSourceControl (103)
[2016.02.01-04.59.47:206][550]LogModuleManager: Shutting down and abandoning module PerforceSourceControl (102)
[2016.02.01-04.59.47:206][550]LogModuleManager: Shutting down and abandoning module SourceControl (101)
[2016.02.01-04.59.47:206][550]LogModuleManager: Shutting down and abandoning module GitSourceControl (100)
[2016.02.01-04.59.47:206][550]LogModuleManager: Shutting down and abandoning module LightPropagationVolumeEditor (99)
[2016.02.01-04.59.47:206][550]LogModuleManager: Shutting down and abandoning module PaperTiledImporter (98)
[2016.02.01-04.59.47:206][550]LogModuleManager: Shutting down and abandoning module PaperSpriteSheetImporter (97)
[2016.02.01-04.59.47:206][550]LogModuleManager: Shutting down and abandoning module MeshPaint (96)
[2016.02.01-04.59.47:206][550]LogModuleManager: Shutting down and abandoning module SlateReflector (95)
[2016.02.01-04.59.47:206][550]LogModuleManager: Shutting down and abandoning module HotReload (94)
[2016.02.01-04.59.47:207][550]LogModuleManager: Shutting down and abandoning module MainFrame (93)
[2016.02.01-04.59.47:207][550]LogModuleManager: Shutting down and abandoning module LevelEditor (92)
[2016.02.01-04.59.47:208][550]LogModuleManager: Shutting down and abandoning module ContentBrowser (91)
[2016.02.01-04.59.47:209][550]LogModuleManager: Shutting down and abandoning module Paper2DEditor (90)
[2016.02.01-04.59.47:209][550]LogModuleManager: Shutting down and abandoning module UdpMessaging (89)
[2016.02.01-04.59.47:310][550]LogModuleManager: Shutting down and abandoning module DirectoryWatcher (88)
[2016.02.01-04.59.47:311][550]LogModuleManager: Shutting down and abandoning module AssetRegistry (87)
[2016.02.01-04.59.47:453][550]LogModuleManager: Shutting down and abandoning module SubstanceCore (86)
[2016.02.01-04.59.47:453][550]LogModuleManager: Shutting down and abandoning module LightPropagationVolumeRuntime (85)
[2016.02.01-04.59.47:453][550]LogModuleManager: Shutting down and abandoning module Paper2D (84)
[2016.02.01-04.59.47:453][550]LogModuleManager: Shutting down and abandoning module WindowsMoviePlayer (83)
[2016.02.01-04.59.47:456][550]LogModuleManager: Shutting down and abandoning module Media (82)
[2016.02.01-04.59.47:456][550]LogModuleManager: Shutting down and abandoning module WmfMedia (81)
[2016.02.01-04.59.47:457][550]LogModuleManager: Shutting down and abandoning module OnlineBlueprintSupport (80)
[2016.02.01-04.59.47:457][550]LogModuleManager: Shutting down and abandoning module GameplayTasksEditor (79)
[2016.02.01-04.59.47:457][550]LogModuleManager: Shutting down and abandoning module PropertyEditor (78)
[2016.02.01-04.59.47:457][550]LogModuleManager: Shutting down and abandoning module BehaviorTreeEditor (77)
[2016.02.01-04.59.47:457][550]LogModuleManager: Shutting down and abandoning module FunctionalTesting (76)
[2016.02.01-04.59.47:457][550]LogModuleManager: Shutting down and abandoning module CollisionAnalyzer (75)
[2016.02.01-04.59.47:457][550]LogModuleManager: Shutting down and abandoning module WorkspaceMenuStructure (74)
[2016.02.01-04.59.47:457][550]LogModuleManager: Shutting down and abandoning module MessageLog (73)
[2016.02.01-04.59.47:457][550]LogModuleManager: Shutting down and abandoning module Sequencer (72)
[2016.02.01-04.59.47:457][550]LogModuleManager: Shutting down and abandoning module AssetTools (71)
[2016.02.01-04.59.47:457][550]LogModuleManager: Shutting down and abandoning module UMGEditor (70)
[2016.02.01-04.59.47:457][550]LogModuleManager: Shutting down and abandoning module UMG (69)
[2016.02.01-04.59.47:457][550]LogModuleManager: Shutting down and abandoning module Slate (68)
[2016.02.01-04.59.47:457][550]LogModuleManager: Shutting down and abandoning module EditorStyle (67)
[2016.02.01-04.59.47:460][550]LogModuleManager: Shutting down and abandoning module SessionServices (66)
[2016.02.01-04.59.47:460][550]LogModuleManager: Shutting down and abandoning module SourceCodeAccess (65)
[2016.02.01-04.59.47:460][550]LogModuleManager: Shutting down and abandoning module HeadMountedDisplay (64)
[2016.02.01-04.59.47:460][550]LogModuleManager: Shutting down and abandoning module XAudio2 (63)
[2016.02.01-04.59.47:460][550]LogModuleManager: Shutting down and abandoning module Networking (61)
[2016.02.01-04.59.47:460][550]LogModuleManager: Shutting down and abandoning module Core (60)
[2016.02.01-04.59.47:460][550]LogModuleManager: Shutting down and abandoning module KismetCompiler (59)
[2016.02.01-04.59.47:460][550]LogModuleManager: Shutting down and abandoning module PhysXFormats (58)
[2016.02.01-04.59.47:460][550]LogModuleManager: Shutting down and abandoning module MeshUtilities (57)
[2016.02.01-04.59.47:460][550]LogModuleManager: Shutting down and abandoning module DerivedDataCache (56)
[2016.02.01-04.59.47:561][550]LogDerivedDataCache: Shutdown
[2016.02.01-04.59.47:561][550]LogModuleManager: Shutting down and abandoning module ShaderFormatOpenGL (55)
[2016.02.01-04.59.47:561][550]LogModuleManager: Shutting down and abandoning module ShaderFormatD3D (54)
[2016.02.01-04.59.47:561][550]LogModuleManager: Shutting down and abandoning module MetalShaderFormat (53)
[2016.02.01-04.59.47:561][550]LogModuleManager: Shutting down and abandoning module TextureFormatUncompressed (52)
[2016.02.01-04.59.47:561][550]LogModuleManager: Shutting down and abandoning module TextureFormatPVR (51)
[2016.02.01-04.59.47:561][550]LogModuleManager: Shutting down and abandoning module TextureFormatIntelISPCTexComp (50)
[2016.02.01-04.59.47:561][550]LogModuleManager: Shutting down and abandoning module TextureFormatDXT (49)
[2016.02.01-04.59.47:561][550]LogModuleManager: Shutting down and abandoning module ImageWrapper (48)
[2016.02.01-04.59.47:561][550]LogModuleManager: Shutting down and abandoning module TextureFormatASTC (47)
[2016.02.01-04.59.47:561][550]LogModuleManager: Shutting down and abandoning module TextureFormatAndroid (46)
[2016.02.01-04.59.47:561][550]LogModuleManager: Shutting down and abandoning module AudioFormatOpus (45)
[2016.02.01-04.59.47:561][550]LogModuleManager: Shutting down and abandoning module AudioFormatOgg (44)
[2016.02.01-04.59.47:561][550]LogModuleManager: Shutting down and abandoning module AudioFormatADPCM (43)
[2016.02.01-04.59.47:561][550]LogModuleManager: Shutting down and abandoning module LinuxTargetPlatform (42)
[2016.02.01-04.59.47:561][550]LogModuleManager: Shutting down and abandoning module LinuxServerTargetPlatform (41)
[2016.02.01-04.59.47:561][550]LogModuleManager: Shutting down and abandoning module LinuxNoEditorTargetPlatform (40)
[2016.02.01-04.59.47:561][550]LogModuleManager: Shutting down and abandoning module Messaging (39)
[2016.02.01-04.59.47:561][550]LogModuleManager: Shutting down and abandoning module IOSTargetPlatform (38)
[2016.02.01-04.59.47:561][550]LogModuleManager: Shutting down and abandoning module HTML5TargetPlatform (37)
[2016.02.01-04.59.47:561][550]LogModuleManager: Shutting down and abandoning module Android_PVRTCTargetPlatform (36)
[2016.02.01-04.59.47:561][550]LogModuleManager: Shutting down and abandoning module Android_MultiTargetPlatform (35)
[2016.02.01-04.59.47:561][550]LogModuleManager: Shutting down and abandoning module Android_ETC2TargetPlatform (34)
[2016.02.01-04.59.47:561][550]LogModuleManager: Shutting down and abandoning module Android_ETC1TargetPlatform (33)
[2016.02.01-04.59.47:561][550]LogModuleManager: Shutting down and abandoning module Android_DXTTargetPlatform (32)
[2016.02.01-04.59.47:561][550]LogModuleManager: Shutting down and abandoning module Android_ATCTargetPlatform (31)
[2016.02.01-04.59.47:561][550]LogModuleManager: Shutting down and abandoning module Android_ASTCTargetPlatform (30)
[2016.02.01-04.59.47:561][550]LogModuleManager: Shutting down and abandoning module AndroidTargetPlatform (29)
[2016.02.01-04.59.47:561][550]LogModuleManager: Shutting down and abandoning module WindowsTargetPlatform (28)
[2016.02.01-04.59.47:561][550]LogModuleManager: Shutting down and abandoning module WindowsServerTargetPlatform (27)
[2016.02.01-04.59.47:561][550]LogModuleManager: Shutting down and abandoning module WindowsNoEditorTargetPlatform (26)
[2016.02.01-04.59.47:561][550]LogModuleManager: Shutting down and abandoning module WindowsClientTargetPlatform (25)
[2016.02.01-04.59.47:561][550]LogModuleManager: Shutting down and abandoning module AllDesktopTargetPlatform (24)
[2016.02.01-04.59.47:561][550]LogModuleManager: Shutting down and abandoning module TargetPlatform (23)
[2016.02.01-04.59.47:562][550]LogModuleManager: Shutting down and abandoning module InputCore (22)
[2016.02.01-04.59.47:562][550]LogModuleManager: Shutting down and abandoning module Settings (21)
[2016.02.01-04.59.47:562][550]LogModuleManager: Shutting down and abandoning module OnlineSubsystem (19)
[2016.02.01-04.59.47:562][550]LogModuleManager: Shutting down and abandoning module HTTP (18)
[2016.02.01-04.59.49:564][550]LogModuleManager: Shutting down and abandoning module XMPP (17)
[2016.02.01-04.59.49:564][550]LogModuleManager: Shutting down and abandoning module OculusRift (16)
[2016.02.01-04.59.49:564][550]LogModuleManager: Shutting down and abandoning module ExampleDeviceProfileSelector (15)
[2016.02.01-04.59.49:564][550]LogModuleManager: Shutting down and abandoning module TextureCompressor (14)
[2016.02.01-04.59.49:564][550]LogModuleManager: Shutting down and abandoning module ShaderCore (13)
[2016.02.01-04.59.49:564][550]LogModuleManager: Shutting down and abandoning module Landscape (12)
[2016.02.01-04.59.49:564][550]LogModuleManager: Shutting down and abandoning module SlateRHIRenderer (11)
[2016.02.01-04.59.49:565][550]LogModuleManager: Shutting down and abandoning module OpenGLDrv (10)
[2016.02.01-04.59.49:565][550]LogModuleManager: Shutting down and abandoning module D3D11RHI (9)
[2016.02.01-04.59.49:565][550]LogModuleManager: Shutting down and abandoning module AnimGraphRuntime (8)
[2016.02.01-04.59.49:565][550]LogModuleManager: Shutting down and abandoning module Renderer (7)
[2016.02.01-04.59.49:565][550]LogModuleManager: Shutting down and abandoning module Engine (6)
[2016.02.01-04.59.49:565][550]LogModuleManager: Shutting down and abandoning module CoreUObject (5)
[2016.02.01-04.59.49:565][550]LogModuleManager: Shutting down and abandoning module NetworkFile (4)
[2016.02.01-04.59.49:565][550]LogModuleManager: Shutting down and abandoning module StreamingFile (3)
[2016.02.01-04.59.49:565][550]LogModuleManager: Shutting down and abandoning module SandboxFile (2)
[2016.02.01-04.59.49:565][550]LogModuleManager: Shutting down and abandoning module PakFile (1)
[2016.02.01-04.59.49:566][550]LogExit: Exiting.
[2016.02.01-04.59.49:595][550]Log file closed, 01/31/16 23:59:49
