[2016.02.01-07.16.51:904][  0]Log file open, 02/01/16 02:16:51
[2016.02.01-07.16.51:904][  0]LogInit:Display: Running engine for game: HotelBete
[2016.02.01-07.16.51:904][  0]LogPlatformFile: Not using cached read wrapper
[2016.02.01-07.16.51:904][  0]LogInit:Display: RandInit(1793703690) SRandInit(1793703692).
[2016.02.01-07.16.51:904][  0]LogTaskGraph: Started task graph with 4 named threads and 5 total threads.
[2016.02.01-07.16.51:905][  0]LogStats: Stats thread started at 0.095879
[2016.02.01-07.16.51:905][  0]LogInit: Version: 4.10.2-2818068+++depot+UE4-Releases+4.10
[2016.02.01-07.16.51:905][  0]LogInit: API Version: 2758231
[2016.02.01-07.16.51:905][  0]LogInit: Compiled (64-bit): Jan  6 2016 17:36:42
[2016.02.01-07.16.51:905][  0]LogInit: Compiled with Visual C++: 19.00.23026.00
[2016.02.01-07.16.51:905][  0]LogInit: Build Configuration: Development
[2016.02.01-07.16.51:905][  0]LogInit: Branch Name: ++depot+UE4-Releases+4.10
[2016.02.01-07.16.51:905][  0]LogInit: Command line:  
[2016.02.01-07.16.51:905][  0]LogInit: Base directory: C:/Program Files/Epic Games/4.10/Engine/Binaries/Win64/
[2016.02.01-07.16.51:905][  0]LogInit: Rocket: 1
[2016.02.01-07.16.51:919][  0]LogInit: Using libcurl 7.41.0
[2016.02.01-07.16.51:919][  0]LogInit:  - built for x86_64-pc-win32
[2016.02.01-07.16.51:919][  0]LogInit:  - supports SSL with WinSSL
[2016.02.01-07.16.51:919][  0]LogInit:  - other features:
[2016.02.01-07.16.51:920][  0]LogInit:      CURL_VERSION_SSL
[2016.02.01-07.16.51:920][  0]LogInit:      CURL_VERSION_IPV6
[2016.02.01-07.16.51:920][  0]LogInit:      CURL_VERSION_ASYNCHDNS
[2016.02.01-07.16.51:920][  0]LogInit:      CURL_VERSION_LARGEFILE
[2016.02.01-07.16.51:920][  0]LogInit:      CURL_VERSION_IDN
[2016.02.01-07.16.51:920][  0]LogInit:  CurlRequestOptions (configurable via config and command line):
[2016.02.01-07.16.51:920][  0]LogInit:  - bVerifyPeer = true  - Libcurl will verify peer certificate
[2016.02.01-07.16.51:920][  0]LogInit:  - bUseHttpProxy = false  - Libcurl will NOT use HTTP proxy
[2016.02.01-07.16.51:920][  0]LogInit:  - bDontReuseConnections = false  - Libcurl will reuse connections
[2016.02.01-07.16.51:920][  0]LogInit:  - CertBundlePath = nullptr  - Libcurl will use whatever was configured at build time.
[2016.02.01-07.16.51:936][  0]LogInit: Presizing for 0 objects not considered by GC, pre-allocating 0 bytes.
[2016.02.01-07.16.51:952][  0]LogInit: Object subsystem initialized
[2016.02.01-07.16.51:955][  0]LogInit: Selected Device Profile: [Windows]
[2016.02.01-07.16.51:955][  0]LogInit: Applying CVar settings loaded from the selected device profile: [Windows]
[2016.02.01-07.16.51:975][  0]LogInit: Computer: CONOR-LAPTOP
[2016.02.01-07.16.51:975][  0]LogInit: User: jcc44000
[2016.02.01-07.16.51:975][  0]LogInit: CPU Page size=4096, Cores=2
[2016.02.01-07.16.51:975][  0]LogInit: High frequency timer resolution =2.240908 MHz
[2016.02.01-07.16.51:975][  0]LogMemory: Memory total: Physical=11.9GB (12GB approx)
[2016.02.01-07.16.51:975][  0]LogMemory: Platform Memory Stats for Windows
[2016.02.01-07.16.51:975][  0]LogMemory: Process Physical Memory: 54.43 MB used, 54.43 MB peak
[2016.02.01-07.16.51:975][  0]LogMemory: Process Virtual Memory: 55.28 MB used, 55.28 MB peak
[2016.02.01-07.16.51:975][  0]LogMemory: Physical Memory: 3264.01 MB used, 12171.62 MB total
[2016.02.01-07.16.51:975][  0]LogMemory: Virtual Memory: 363.36 MB used, 134217728.00 MB total
[2016.02.01-07.16.52:021][  0]LogTextLocalizationManager: No specific translations for ('en-US') exist, so ('en') translations will be used.
[2016.02.01-07.16.52:761][  0]LogD3D11RHI: Found D3D11 adapter 0: Intel(R) HD Graphics Family (Feature Level 11_0)
[2016.02.01-07.16.52:761][  0]LogD3D11RHI: Adapter has 32MB of dedicated video memory, 0MB of dedicated system memory, and 1760MB of shared system memory, 1 output[s]
[2016.02.01-07.16.52:763][  0]LogD3D11RHI: Found D3D11 adapter 1: Microsoft Basic Render Driver (Feature Level 11_0)
[2016.02.01-07.16.52:763][  0]LogD3D11RHI: Adapter has 0MB of dedicated video memory, 0MB of dedicated system memory, and 256MB of shared system memory, 0 output[s]
[2016.02.01-07.16.52:763][  0]LogD3D11RHI: Chosen D3D11 Adapter Id = 0
[2016.02.01-07.16.52:774][  0]LogD3D11RHI: !Direct3DDevice
[2016.02.01-07.16.52:774][  0]LogRHI: Texture pool is 638 MB (70% of 912 MB)
[2016.02.01-07.16.52:784][  0]LogD3D11RHI: Async texture creation enabled
[2016.02.01-07.16.52:793][  0]LogShaderCompilers: Guid format shader working directory is -11 characters bigger than the processId version (../../../../../../Users/jcc44_000/Documents/GitHub/HotelBete/Intermediate/Shaders/WorkingDirectory/6080/).
[2016.02.01-07.16.52:793][  0]LogShaderCompilers: Cleaned the shader compiler working directory 'C:/Users/JCC44_~1/AppData/Local/Temp/UnrealShaderWorkingDir/F7C211F0471700F3D40477AD55A4DAFD/'.
[2016.02.01-07.16.52:793][  0]LogShaderCompilers:Display: Using Local Shader Compiler.
[2016.02.01-07.16.54:529][  0]LogTemp:Display: Loaded TP AllDesktopTargetPlatform
[2016.02.01-07.16.54:539][  0]LogTemp:Display: Loaded TP WindowsClientTargetPlatform
[2016.02.01-07.16.54:548][  0]LogTemp:Display: Loaded TP WindowsNoEditorTargetPlatform
[2016.02.01-07.16.54:556][  0]LogTemp:Display: Loaded TP WindowsServerTargetPlatform
[2016.02.01-07.16.54:564][  0]LogTemp:Display: Loaded TP WindowsTargetPlatform
[2016.02.01-07.16.54:570][  0]LogTemp:Display: Loaded TP AndroidTargetPlatform
[2016.02.01-07.16.54:575][  0]LogTemp:Display: Loaded TP Android_ASTCTargetPlatform
[2016.02.01-07.16.54:582][  0]LogTemp:Display: Loaded TP Android_ATCTargetPlatform
[2016.02.01-07.16.54:587][  0]LogTemp:Display: Loaded TP Android_DXTTargetPlatform
[2016.02.01-07.16.54:593][  0]LogTemp:Display: Loaded TP Android_ETC1TargetPlatform
[2016.02.01-07.16.54:600][  0]LogTemp:Display: Loaded TP Android_ETC2TargetPlatform
[2016.02.01-07.16.54:614][  0]LogTemp:Display: Loaded TP Android_MultiTargetPlatform
[2016.02.01-07.16.54:614][  0]LogTemp:Display: Loaded TP Android_PVRTCTargetPlatform
[2016.02.01-07.16.54:615][  0]LogTemp:Display: Loaded TP HTML5TargetPlatform
[2016.02.01-07.16.54:637][  0]LogTemp:Display: Loaded TP IOSTargetPlatform
[2016.02.01-07.16.54:643][  0]LogTemp:Display: Loaded TP LinuxNoEditorTargetPlatform
[2016.02.01-07.16.54:648][  0]LogTemp:Display: Loaded TP LinuxServerTargetPlatform
[2016.02.01-07.16.54:655][  0]LogTemp:Display: Loaded TP LinuxTargetPlatform
[2016.02.01-07.16.54:655][  0]LogTargetPlatformManager:Display: Building Assets For Windows
[2016.02.01-07.16.54:822][  0]LogDerivedDataCache:Display: Max Cache Size: 512 MB
[2016.02.01-07.16.54:913][  0]LogDerivedDataCache: Loaded boot cache 0.09s 41MB C:/Users/jcc44_000/AppData/Local/UnrealEngine/4.10/DerivedDataCache/Boot.ddc.
[2016.02.01-07.16.54:913][  0]LogDerivedDataCache:Display: Loaded Boot cache: C:/Users/jcc44_000/AppData/Local/UnrealEngine/4.10/DerivedDataCache/Boot.ddc
[2016.02.01-07.16.54:913][  0]LogDerivedDataCache: FDerivedDataBackendGraph:  Pak pak cache file ../../../../../../Users/jcc44_000/Documents/GitHub/HotelBete/DerivedDataCache/DDC.ddp not found, will not use a pak cache.
[2016.02.01-07.16.54:913][  0]LogDerivedDataCache: Unable to find inner node Pak for hierarchical cache Hierarchy.
[2016.02.01-07.16.54:913][  0]LogDerivedDataCache: FDerivedDataBackendGraph:  CompressedPak pak cache file ../../../../../../Users/jcc44_000/Documents/GitHub/HotelBete/DerivedDataCache/Compressed.ddp not found, will not use a pak cache.
[2016.02.01-07.16.54:913][  0]LogDerivedDataCache: Unable to find inner node CompressedPak for hierarchical cache Hierarchy.
[2016.02.01-07.16.55:034][  0]LogDerivedDataCache:Display: Pak cache opened for reading ../../../Engine/DerivedDataCache/Compressed.ddp.
[2016.02.01-07.16.55:047][  0]LogDerivedDataCache: Using Local data cache path C:/Users/jcc44_000/AppData/Local/UnrealEngine/Common/DerivedDataCache: Writable
[2016.02.01-07.16.55:395][  0]LogInit: Selected Device Profile: [Windows]
[2016.02.01-07.16.55:400][  0]LogContentStreaming: Texture pool size is 0.000000MB
[2016.02.01-07.16.55:625][  0]LogMeshUtilities: No automatic mesh reduction module available
[2016.02.01-07.16.55:625][  0]LogMeshUtilities: No automatic mesh merging module available
[2016.02.01-07.16.56:065][  0]LogInit: WinSock: version 1.1 (2.2), MaxSocks=32767, MaxUdp=65467
[2016.02.01-07.16.57:422][  0]LogAssetRegistry: FAssetRegistry took 0.0111 seconds to start up
[2016.02.01-07.16.57:455][  0]UdpMessaging: Initializing bridge on interface 0.0.0.0:0 to multicast group 230.0.0.1:6666.
[2016.02.01-07.16.57:997][  0]SourceControl: Info Source control is disabled
[2016.02.01-07.16.57:998][  0]SourceControl: Info Source control is disabled
[2016.02.01-07.16.58:012][  0]SourceControl: Info Source control is disabled
[2016.02.01-07.16.58:027][  0]SourceControl: Info Source control is disabled
[2016.02.01-07.16.58:430][  0]LogObj: 28802 objects as part of root set at end of initial load.
[2016.02.01-07.16.58:430][  0]LogUObjectAllocator: 6129776 out of 0 bytes used by permanent object pool.
[2016.02.01-07.16.58:524][  0]LogEngine: Initializing Engine...
[2016.02.01-07.16.58:528][  0]LogHMD: Can't find Oculus library dev build: is proper Runtime installed? Version: 0.8.0.0
[2016.02.01-07.16.58:530][  0]LogHMD: SteamVR failed to initialize.  Err: 110
[2016.02.01-07.16.58:758][  0]LogAIModule: Creating AISystem for world NewWorld
[2016.02.01-07.16.58:765][  0]LogInit: XAudio2 using 'Speakers (Realtek High Definition Audio)' : 2 channels at 48 kHz using 32 bits per sample (channel mask 0x3)
[2016.02.01-07.16.58:843][  0]LogInit: FAudioDevice initialized.
[2016.02.01-07.16.58:881][  0]LogDerivedDataCache: Saved boot cache 0.04s 41MB C:/Users/jcc44_000/AppData/Local/UnrealEngine/4.10/DerivedDataCache/Boot.ddc.
[2016.02.01-07.16.58:889][  0]LogInit: Texture streaming: Enabled
[2016.02.01-07.16.58:901][  0]LogAnalytics: Creating configured Analytics provider AnalyticsET
[2016.02.01-07.16.58:901][  0]LogAnalytics: [UEEditor.Rocket.Release] APIServer = http://et2.epicgames.com/ET2/. AppVersion = 4.10.2-2818068+++depot+UE4-Releases+4.10
[2016.02.01-07.16.58:901][  0]LogAnalytics: [UEEditor.Rocket.Release] SetUserId a00de05446ef577f40030a85b6572d0b|78e6d53e0a594b3ca03846b462c1cd9f|0660c053-9676-4ff0-a488-6e040aefb54e
[2016.02.01-07.16.58:901][  0]LogAnalytics: [UEEditor.Rocket.Release] AnalyticsET::StartSession
[2016.02.01-07.16.58:918][  0]LogInit: Transaction tracking system initialized
[2016.02.01-07.16.58:977][  0]BlueprintLog: New page: Editor Load
[2016.02.01-07.16.59:133][  0]LocalizationService: Info Localization service is disabled
[2016.02.01-07.16.59:272][  0]LogConsoleResponse:Display: 
[2016.02.01-07.16.59:498][  0]LogCook:Display: Done creating registry. It took  0.00s.
[2016.02.01-07.16.59:544][  0]LogFileCache: Scanning file cache for directory 'C:/Users/jcc44_000/Documents/GitHub/HotelBete/Content/' took 0.02s
[2016.02.01-07.16.59:611][  0]SourceControl: Info Source control is disabled
[2016.02.01-07.16.59:611][  0]Cmd: MAP LOAD FILE="../../../../../../Users/jcc44_000/Documents/GitHub/HotelBete/Content/FirstPersonBP/Level/BondsLevel.umap" TEMPLATE=0 SHOWPROGRESS=1 FEATURELEVEL=3
[2016.02.01-07.16.59:611][  0]LogEditorServer:Warning: Can't find file '../../../../../../Users/jcc44_000/Documents/GitHub/HotelBete/Content/FirstPersonBP/Level/BondsLevel.umap'
[2016.02.01-07.16.59:611][  0]Cmd: MAP CHECKDEP NOCLEARLOG
[2016.02.01-07.16.59:675][  0]MapCheck: Info Map check complete: 0 Error(s), 0 Warning(s), took 63.056ms to complete.
[2016.02.01-07.16.59:675][  0]LogFileHelpers: Loading map 'BondsLevel' took 0.064
[2016.02.01-07.16.59:839][  0]LogCollectionManager: Loaded 0 collections in 0.004869 seconds
[2016.02.01-07.16.59:886][  0]LogFileCache: Scanning file cache for directory 'C:/Users/jcc44_000/Documents/GitHub/HotelBete/Saved/Collections/' took 0.01s
[2016.02.01-07.16.59:886][  0]LogFileCache: Scanning file cache for directory 'C:/Users/jcc44_000/Documents/GitHub/HotelBete/Content/Developers/jcc44000/Collections/' took 0.01s
[2016.02.01-07.16.59:886][  0]LogFileCache: Scanning file cache for directory 'C:/Users/jcc44_000/Documents/GitHub/HotelBete/Content/Collections/' took 0.01s
[2016.02.01-07.16.59:886][  0]LogCollectionManager: Rebuilt the GUID cache for 0 collections in 0.000002 seconds
[2016.02.01-07.16.59:901][  0]LogContentBrowser: Native class hierarchy populated in 0.0147 seconds. Added 1908 classes and 344 folders.
[2016.02.01-07.16.59:916][  0]LogContentBrowser: Native class hierarchy updated for 'WidgetCarousel' in 0.0007 seconds. Added 0 classes and 0 folders.
[2016.02.01-07.17.00:000][  0]LogContentBrowser: Native class hierarchy updated for 'AddContentDialog' in 0.0006 seconds. Added 0 classes and 0 folders.
[2016.02.01-07.17.00:008][  0]LogContentBrowser: Native class hierarchy updated for 'SceneOutliner' in 0.0010 seconds. Added 1 classes and 2 folders.
[2016.02.01-07.17.00:088][  0]LogCrashTracker: Crashtracker disabled due to settings.
[2016.02.01-07.17.00:095][  0]LogUObjectGlobals:Warning: Failed to find object 'Class None.'
[2016.02.01-07.17.00:119][  0]LogLoad: Full Startup: 9.01 seconds (BP compile: 0.01 seconds)
[2016.02.01-07.17.00:136][  0]LogWindowsTextInputMethodSystem:Display: IME system now deactivated.
[2016.02.01-07.17.00:137][  0]LogWindowsTextInputMethodSystem:Display: IME system now deactivated.
[2016.02.01-07.17.00:141][  0]LogOcInput: Can't find Oculus library dev build: is proper Runtime installed? Version: 0.8.0.0
[2016.02.01-07.17.00:208][  0]LogContentStreaming: Texture pool size now 1000 MB
[2016.02.01-07.17.00:439][  0]LogRenderer: Reallocating scene render targets to support 888x432 (Frame:2).
[2016.02.01-07.17.02:003][  4]LogAssetRegistry: Asset discovery search completed in 4.5914 seconds
[2016.02.01-07.17.02:003][  4]LogCollectionManager: Rebuilt the object cache for 0 collections in 0.000000 seconds (found 0 objects)
[2016.02.01-07.17.02:003][  4]LogCollectionManager: Fixed up redirectors for 0 collections in 0.000028 seconds (updated 0 objects)
[2016.02.01-07.17.09:259][162]LogSkeletalMesh: InitArticulated: Bodies already created (/Engine/Transient.DebugSkelMeshComponent_0) - call TermArticulated first.
[2016.02.01-07.17.09:350][162]LogActorComponent: RegisterComponentWithWorld: (/Engine/Transient.DebugSkelMeshComponent_0) Already registered. Aborting.
[2016.02.01-07.17.09:573][163]LogRenderer: Reallocating scene render targets to support 888x448 (Frame:136).
[2016.02.01-07.17.34:822][611]LogMaterial: Missing cached shader map for material lambert1, compiling. 
[2016.02.01-07.17.35:060][611]LogMaterial: Missing cached shader map for material lambert1, compiling. 
[2016.02.01-07.17.35:085][611]LogMaterial: 0.000108 seconds spent updating 1 materials, 1 interfaces, 0 instances, 0 with static permutations.
[2016.02.01-07.17.35:119][611]LogMaterial: Missing cached shader map for material FMatExpressionPreview MaterialExpressionVectorParameter_0, compiling. 
[2016.02.01-07.19.23:493][474]LogMaterial:Warning: Material /Game/StarterContent/Materials/M_Wood_Oak.M_Wood_Oak needed to have new flag set bUsedWithSkeletalMesh !
[2016.02.01-07.19.23:498][474]LogMaterial: Missing cached shader map for material M_Wood_Oak, compiling. 
[2016.02.01-07.19.23:633][474]LogMaterial: 0.000262 seconds spent updating 1 materials, 1 interfaces, 0 instances, 0 with static permutations.
[2016.02.01-07.21.31:006][595]LogLinker:Warning: Asset '../../../../../../Users/jcc44_000/Documents/GitHub/HotelBete/Content/FirstPerson/Meshes/FirstPersonProjectileMesh.uasset' has been saved with empty engine version. The asset will be loaded but may be incompatible.
[2016.02.01-07.21.32:225][595]LogAIModule: Creating AISystem for world Prototype
[2016.02.01-07.21.32:337][595]LogParticles: Destroying 0 GPU particle simulations for FXSystem 0x0000005DBF642200
[2016.02.01-07.21.32:338][595]LogParticles: Destroying 0 GPU particle simulations for FXSystem 0x0000005DBF641C60
[2016.02.01-07.21.32:339][595]LogParticles: Destroying 0 GPU particle simulations for FXSystem 0x0000005DE43FFD80
[2016.02.01-07.21.36:595][595]Cmd: OBJ SAVEPACKAGE PACKAGE="/Game/Hotel/Art/Models/Chair" FILE="../../../../../../Users/jcc44_000/Documents/GitHub/HotelBete/Content/Hotel/Art/Models/Chair.uasset" SILENT=true
[2016.02.01-07.21.36:654][595]LogSavePackage: Save=30.302895ms
[2016.02.01-07.21.36:654][595]LogSavePackage: Moving '../../../../../../Users/jcc44_000/Documents/GitHub/HotelBete/Saved/ChairC250FBAE4259871DB888BCBEDDE0DF89.tmp' to '../../../../../../Users/jcc44_000/Documents/GitHub/HotelBete/Content/Hotel/Art/Models/Chair.uasset'
[2016.02.01-07.21.36:659][595]LogSavePackage: Total save time: 60.933780ms
[2016.02.01-07.21.36:659][595]LogSavePackage:Display: Finished SavePackage ../../../../../../Users/jcc44_000/Documents/GitHub/HotelBete/Content/Hotel/Art/Models/Chair.uasset
[2016.02.01-07.21.36:748][595]Cmd: OBJ SAVEPACKAGE PACKAGE="/Game/StarterContent/Materials/M_Wood_Oak" FILE="../../../../../../Users/jcc44_000/Documents/GitHub/HotelBete/Content/StarterContent/Materials/M_Wood_Oak.uasset" SILENT=true
[2016.02.01-07.21.36:814][595]LogSavePackage: Save=42.264565ms
[2016.02.01-07.21.36:814][595]LogSavePackage: Moving '../../../../../../Users/jcc44_000/Documents/GitHub/HotelBete/Saved/M_Wood_OakBA8B4BE74D02EA7EFD71E4A7645FF5AF.tmp' to '../../../../../../Users/jcc44_000/Documents/GitHub/HotelBete/Content/StarterContent/Materials/M_Wood_Oak.uasset'
[2016.02.01-07.21.36:818][595]LogSavePackage: Total save time: 66.581044ms
[2016.02.01-07.21.36:818][595]LogSavePackage:Display: Finished SavePackage ../../../../../../Users/jcc44_000/Documents/GitHub/HotelBete/Content/StarterContent/Materials/M_Wood_Oak.uasset
[2016.02.01-07.21.36:821][595]Cmd: MAP LOAD FILE="../../../../../../Users/jcc44_000/Documents/GitHub/HotelBete/Content/Hotel/Levels/Prototype.umap" TEMPLATE=0 SHOWPROGRESS=1 FEATURELEVEL=3
[2016.02.01-07.21.36:821][595]LightingResults: New page: Lighting Build
[2016.02.01-07.21.36:828][595]LogContentBrowser: Native class hierarchy updated for 'StatsViewer' in 0.0005 seconds. Added 5 classes and 0 folders.
[2016.02.01-07.21.36:868][595]LoadErrors: New page: Loading map: Prototype.umap
[2016.02.01-07.21.36:868][595]MapCheck: New page: Map Check
[2016.02.01-07.21.36:868][595]LightingResults: New page: Lighting Build
[2016.02.01-07.21.36:907][595]LogParticles: Destroying 0 GPU particle simulations for FXSystem 0x0000005DCFC17B00
[2016.02.01-07.21.36:992][595]LogEditorServer: Finished looking for orphan Actors (0.000 secs)
[2016.02.01-07.21.37:069][595]Cmd: MAP CHECKDEP NOCLEARLOG
[2016.02.01-07.21.37:155][595]MapCheck: Info Map check complete: 0 Error(s), 0 Warning(s), took 86.589ms to complete.
[2016.02.01-07.21.37:155][595]LogFileHelpers: Loading map 'Prototype' took 0.337
[2016.02.01-07.21.46:449][723]LogBlueprintUserMessages: Early PlayInEditor Detection: Level '/Game/Hotel/Levels/Prototype.Prototype:PersistentLevel' has LevelScriptBlueprint '/Game/Hotel/Levels/Prototype.Prototype:PersistentLevel.Prototype' with GeneratedClass '/Game/Hotel/Levels/Prototype.Prototype_C' with ClassGeneratedBy '/Game/Hotel/Levels/Prototype.Prototype:PersistentLevel.Prototype'
[2016.02.01-07.21.46:449][723]LogPlayLevel: PlayLevel: No blueprints needed recompiling
[2016.02.01-07.21.46:450][723]PIE: New page: PIE session: Prototype (Jan 31, 2016, 9:21:46 PM)
[2016.02.01-07.21.46:450][723]LogPlayLevel: Creating play world package: /Game/Hotel/Levels/UEDPIE_0_Prototype
[2016.02.01-07.21.46:535][723]LogPlayLevel: PIE: StaticDuplicateObject took: (0.084137s)
[2016.02.01-07.21.46:537][723]LogAIModule: Creating AISystem for world Prototype
[2016.02.01-07.21.46:538][723]LogPlayLevel: PIE: World Init took: (0.002360s)
[2016.02.01-07.21.46:540][723]LogPlayLevel: PIE: Created PIE world by copying editor world from /Game/Hotel/Levels/Prototype.Prototype to /Game/Hotel/Levels/UEDPIE_0_Prototype.Prototype (0.088541s)
[2016.02.01-07.21.46:597][723]LogInit: XAudio2 using 'Speakers (Realtek High Definition Audio)' : 2 channels at 48 kHz using 32 bits per sample (channel mask 0x3)
[2016.02.01-07.21.46:613][723]LogInit: FAudioDevice initialized.
[2016.02.01-07.21.46:924][723]LogWorld: Game class is 'FirstPersonGameMode_C'
[2016.02.01-07.21.46:933][723]LogWorld: Bringing World /Game/Hotel/Levels/UEDPIE_0_Prototype.Prototype up for play (max tick rate 60) at 2016.02.01-02.21.46
[2016.02.01-07.21.46:933][723]LogActor:Warning: GameSession /Game/Hotel/Levels/UEDPIE_0_Prototype.Prototype:PersistentLevel.GameSession_0 has natively added scene component(s), but none of them were set as the actor's RootComponent - picking one arbitrarily
[2016.02.01-07.21.46:933][723]LogActor:Warning: GameNetworkManager /Game/Hotel/Levels/UEDPIE_0_Prototype.Prototype:PersistentLevel.GameNetworkManager_0 has natively added scene component(s), but none of them were set as the actor's RootComponent - picking one arbitrarily
[2016.02.01-07.21.46:935][723]LogWorld: Bringing up level for play took: 0.009658
[2016.02.01-07.21.46:938][723]LogSpawn:Warning: SpawnActor failed because no class was specified
[2016.02.01-07.21.46:983][723]PIE: Info Play in editor start time for /Game/Hotel/Levels/UEDPIE_0_Prototype -0.136
[2016.02.01-07.21.46:984][723]LogBlueprintUserMessages: Late PlayInEditor Detection: Level '/Game/Hotel/Levels/Prototype.Prototype:PersistentLevel' has LevelScriptBlueprint '/Game/Hotel/Levels/Prototype.Prototype:PersistentLevel.Prototype' with GeneratedClass '/Game/Hotel/Levels/Prototype.Prototype_C' with ClassGeneratedBy '/Game/Hotel/Levels/Prototype.Prototype:PersistentLevel.Prototype'
[2016.02.01-07.21.47:181][724]LogRenderer: Reallocating scene render targets to support 1280x720 (Frame:4082).
[2016.02.01-07.22.10:610][975]LogBlueprintUserMessages: Early EndPlayMap Detection: Level '/Game/Hotel/Levels/Prototype.Prototype:PersistentLevel' has LevelScriptBlueprint '/Game/Hotel/Levels/Prototype.Prototype:PersistentLevel.Prototype' with GeneratedClass '/Game/Hotel/Levels/Prototype.Prototype_C' with ClassGeneratedBy '/Game/Hotel/Levels/Prototype.Prototype:PersistentLevel.Prototype'
[2016.02.01-07.22.10:775][975]LogBlueprintUserMessages: Late EndPlayMap Detection: Level '/Game/Hotel/Levels/Prototype.Prototype:PersistentLevel' has LevelScriptBlueprint '/Game/Hotel/Levels/Prototype.Prototype:PersistentLevel.Prototype' with GeneratedClass '/Game/Hotel/Levels/Prototype.Prototype_C' with ClassGeneratedBy '/Game/Hotel/Levels/Prototype.Prototype:PersistentLevel.Prototype'
[2016.02.01-07.22.10:879][975]LogParticles: Destroying 0 GPU particle simulations for FXSystem 0x0000005DBF507560
[2016.02.01-07.22.27:077][105]LogSkeletalMesh: InitArticulated: Bodies already created (/Engine/Transient.DebugSkelMeshComponent_1) - call TermArticulated first.
[2016.02.01-07.22.46:378][308]LogMaterial: Missing cached shader map for material M_Wood_Oak, compiling. 
[2016.02.01-07.22.46:709][308]LogMaterial: Missing cached shader map for material M_Wood_Oak, compiling. 
[2016.02.01-07.22.46:737][308]LogMaterial: 0.000100 seconds spent updating 1 materials, 1 interfaces, 0 instances, 0 with static permutations.
[2016.02.01-07.22.46:772][308]LogMaterial: Missing cached shader map for material FMatExpressionPreview MaterialExpressionTextureSample_83, compiling. 
[2016.02.01-07.22.46:781][308]LogMaterial: Missing cached shader map for material FMatExpressionPreview MaterialExpressionTextureSample_82, compiling. 
[2016.02.01-07.22.46:788][308]LogMaterial: Missing cached shader map for material FMatExpressionPreview MaterialExpressionTextureSample_85, compiling. 
[2016.02.01-07.22.46:795][308]LogMaterial: Missing cached shader map for material FMatExpressionPreview MaterialExpressionTextureSample_86, compiling. 
[2016.02.01-07.22.46:802][308]LogMaterial: Missing cached shader map for material FMatExpressionPreview MaterialExpressionTextureSample_87, compiling. 
[2016.02.01-07.22.46:809][308]LogMaterial: Missing cached shader map for material FMatExpressionPreview MaterialExpressionConstant3Vector_30, compiling. 
[2016.02.01-07.22.54:582][408]LogMaterial: Missing cached shader map for material FMatExpressionPreview MaterialExpressionTextureSample_83, compiling. 
[2016.02.01-07.22.54:597][408]LogMaterial: Missing cached shader map for material FMatExpressionPreview MaterialExpressionTextureSample_82, compiling. 
[2016.02.01-07.22.54:608][408]LogMaterial: Missing cached shader map for material FMatExpressionPreview MaterialExpressionTextureSample_85, compiling. 
[2016.02.01-07.22.54:623][408]LogMaterial: Missing cached shader map for material FMatExpressionPreview MaterialExpressionTextureSample_86, compiling. 
[2016.02.01-07.22.54:636][408]LogMaterial: Missing cached shader map for material FMatExpressionPreview MaterialExpressionTextureSample_87, compiling. 
[2016.02.01-07.22.54:650][408]LogMaterial: Missing cached shader map for material FMatExpressionPreview MaterialExpressionConstant3Vector_30, compiling. 
[2016.02.01-07.22.55:792][431]LogMaterial: Missing cached shader map for material FMatExpressionPreview MaterialExpressionTextureSample_83, compiling. 
[2016.02.01-07.22.55:806][431]LogMaterial: Missing cached shader map for material FMatExpressionPreview MaterialExpressionTextureSample_82, compiling. 
[2016.02.01-07.22.55:819][431]LogMaterial: Missing cached shader map for material FMatExpressionPreview MaterialExpressionTextureSample_85, compiling. 
[2016.02.01-07.22.55:836][431]LogMaterial: Missing cached shader map for material FMatExpressionPreview MaterialExpressionTextureSample_86, compiling. 
[2016.02.01-07.22.55:850][431]LogMaterial: Missing cached shader map for material FMatExpressionPreview MaterialExpressionTextureSample_87, compiling. 
[2016.02.01-07.22.55:865][431]LogMaterial: Missing cached shader map for material FMatExpressionPreview MaterialExpressionConstant3Vector_30, compiling. 
[2016.02.01-07.23.02:232][519]LogMaterial: Missing cached shader map for material FMatExpressionPreview MaterialExpressionTextureSample_83, compiling. 
[2016.02.01-07.23.02:246][519]LogMaterial: Missing cached shader map for material FMatExpressionPreview MaterialExpressionTextureSample_82, compiling. 
[2016.02.01-07.23.02:258][519]LogMaterial: Missing cached shader map for material FMatExpressionPreview MaterialExpressionTextureSample_85, compiling. 
[2016.02.01-07.23.02:274][519]LogMaterial: Missing cached shader map for material FMatExpressionPreview MaterialExpressionTextureSample_86, compiling. 
[2016.02.01-07.23.02:287][519]LogMaterial: Missing cached shader map for material FMatExpressionPreview MaterialExpressionTextureSample_87, compiling. 
[2016.02.01-07.23.02:301][519]LogMaterial: Missing cached shader map for material FMatExpressionPreview MaterialExpressionConstant3Vector_30, compiling. 
[2016.02.01-07.23.54:268][228]LogMaterial: Missing cached shader map for material M_Wood_Oak, compiling. 
[2016.02.01-07.23.54:318][228]LogMaterial:Warning: FMaterialUniformExpressionTexture had invalid TextureIndex! (2 / 2)
[2016.02.01-07.23.54:318][228]LogMaterial: 0.000151 seconds spent updating 1 materials, 1 interfaces, 0 instances, 0 with static permutations.
[2016.02.01-07.24.11:218][430]LogMaterial: Missing cached shader map for material M_Wood_Oak, compiling. 
[2016.02.01-07.24.11:247][430]LogMaterial: 0.000062 seconds spent updating 1 materials, 1 interfaces, 0 instances, 0 with static permutations.
[2016.02.01-07.24.11:250][430]LogMaterial: Missing cached shader map for material FMatExpressionPreview MaterialExpressionTextureSample_0, compiling. 
[2016.02.01-07.24.11:285][430]LogMaterial: Missing cached shader map for material FMatExpressionPreview MaterialExpressionTextureSample_83, compiling. 
[2016.02.01-07.24.11:293][430]LogMaterial: Missing cached shader map for material FMatExpressionPreview MaterialExpressionTextureSample_85, compiling. 
[2016.02.01-07.24.11:300][430]LogMaterial: Missing cached shader map for material FMatExpressionPreview MaterialExpressionTextureSample_86, compiling. 
[2016.02.01-07.24.11:309][430]LogMaterial: Missing cached shader map for material FMatExpressionPreview MaterialExpressionTextureSample_87, compiling. 
[2016.02.01-07.24.11:315][430]LogMaterial: Missing cached shader map for material FMatExpressionPreview MaterialExpressionConstant3Vector_30, compiling. 
[2016.02.01-07.24.11:322][430]LogMaterial: Missing cached shader map for material FMatExpressionPreview MaterialExpressionTextureSample_0, compiling. 
[2016.02.01-07.24.26:756][731]LogMaterial: Missing cached shader map for material M_Wood_Oak, compiling. 
[2016.02.01-07.24.26:790][731]LogMaterial: 0.000104 seconds spent updating 1 materials, 1 interfaces, 0 instances, 0 with static permutations.
[2016.02.01-07.24.26:825][731]LogMaterial: Missing cached shader map for material FMatExpressionPreview MaterialExpressionTextureSample_0, compiling. 
[2016.02.01-07.24.32:984][844]LogMaterial: Missing cached shader map for material M_Wood_Oak, compiling. 
[2016.02.01-07.24.33:017][844]LogMaterial: 0.000057 seconds spent updating 1 materials, 1 interfaces, 0 instances, 0 with static permutations.
[2016.02.01-07.24.33:047][844]LogMaterial: Missing cached shader map for material FMatExpressionPreview MaterialExpressionTextureSample_0, compiling. 
[2016.02.01-07.24.49:131][  5]LogMaterial: Missing cached shader map for material M_Wood_Oak, compiling. 
[2016.02.01-07.24.49:177][  5]LogMaterial: 0.000092 seconds spent updating 1 materials, 1 interfaces, 0 instances, 0 with static permutations.
[2016.02.01-07.24.49:225][  5]LogMaterial: Missing cached shader map for material M_Wood_Oak, compiling. 
[2016.02.01-07.24.49:324][  5]LogMaterial: Missing cached shader map for material M_Wood_Oak, compiling. 
[2016.02.01-07.24.49:387][  5]LogMaterial: 0.001395 seconds spent updating 1 materials, 1 interfaces, 0 instances, 0 with static permutations.
[2016.02.01-07.28.22:021][825]Cmd: CLOSE_SLATE_MAINFRAME
[2016.02.01-07.28.22:094][825]LogParticles: Destroying 0 GPU particle simulations for FXSystem 0x0000005DE487D3A0
[2016.02.01-07.28.22:096][825]LogParticles: Destroying 0 GPU particle simulations for FXSystem 0x0000005DC2877920
[2016.02.01-07.28.22:109][825]LogParticles: Destroying 0 GPU particle simulations for FXSystem 0x0000005DC28767A0
[2016.02.01-07.28.24:142][825]Cmd: OBJ SAVEPACKAGE PACKAGE="/Game/StarterContent/Materials/M_Wood_Oak" FILE="../../../../../../Users/jcc44_000/Documents/GitHub/HotelBete/Content/StarterContent/Materials/M_Wood_Oak.uasset" SILENT=true
[2016.02.01-07.28.24:213][825]LogSavePackage: Save=44.531502ms
[2016.02.01-07.28.24:213][825]LogSavePackage: Moving '../../../../../../Users/jcc44_000/Documents/GitHub/HotelBete/Saved/M_Wood_OakBE64859544934F14502C708C93F4A1DF.tmp' to '../../../../../../Users/jcc44_000/Documents/GitHub/HotelBete/Content/StarterContent/Materials/M_Wood_Oak.uasset'
[2016.02.01-07.28.24:217][825]LogSavePackage: Total save time: 72.176103ms
[2016.02.01-07.28.24:217][825]LogSavePackage:Display: Finished SavePackage ../../../../../../Users/jcc44_000/Documents/GitHub/HotelBete/Content/StarterContent/Materials/M_Wood_Oak.uasset
[2016.02.01-07.28.24:463][825]LogWindowsTextInputMethodSystem:Display: IME system now deactivated.
[2016.02.01-07.28.24:463][825]LogWindowsTextInputMethodSystem:Display: IME system now deactivated.
[2016.02.01-07.28.24:811][826]Cmd: QUIT_EDITOR
[2016.02.01-07.28.25:268][826]LogExit: Preparing to exit.
[2016.02.01-07.28.26:087][826]LogExit: Editor shut down
[2016.02.01-07.28.26:088][826]LogExit: Transaction tracking system shut down
[2016.02.01-07.28.26:089][826]LogParticles: Destroying 0 GPU particle simulations for FXSystem 0x0000005DBF960540
[2016.02.01-07.28.26:089][826]LogParticles: Destroying 0 GPU particle simulations for FXSystem 0x0000005DD611AA20
[2016.02.01-07.28.26:089][826]LogParticles: Destroying 0 GPU particle simulations for FXSystem 0x0000005DE0A19DA0
[2016.02.01-07.28.26:089][826]LogParticles: Destroying 0 GPU particle simulations for FXSystem 0x0000005DE0A19E40
[2016.02.01-07.28.26:092][826]LogParticles: Destroying 0 GPU particle simulations for FXSystem 0x0000005DD37C6B60
[2016.02.01-07.28.26:105][826]LogParticles: Destroying 0 GPU particle simulations for FXSystem 0x0000005DBFC58860
[2016.02.01-07.28.26:357][826]LogExit: Object subsystem successfully closed.
[2016.02.01-07.28.26:367][826]LogD3D11RHI: Shutdown
[2016.02.01-07.28.26:367][826]LogD3D11RHI: CleanupD3DDevice
[2016.02.01-07.28.26:524][826]LogD3D11RHI: ~FD3D11DynamicRHI
[2016.02.01-07.28.26:555][826]LogModuleManager: Shutting down and abandoning module StatsViewer (202)
[2016.02.01-07.28.26:555][826]LogModuleManager: Shutting down and abandoning module CookingStats (201)
[2016.02.01-07.28.26:555][826]LogModuleManager: Shutting down and abandoning module MaterialEditor (200)
[2016.02.01-07.28.26:555][826]LogModuleManager: Shutting down and abandoning module CrashTracker (199)
[2016.02.01-07.28.26:555][826]LogModuleManager: Shutting down and abandoning module SceneOutliner (198)
[2016.02.01-07.28.26:555][826]LogModuleManager: Shutting down and abandoning module SuperSearch (197)
[2016.02.01-07.28.26:555][826]LogModuleManager: Shutting down and abandoning module WidgetCarousel (196)
[2016.02.01-07.28.26:555][826]LogModuleManager: Shutting down and abandoning module AddContentDialog (195)
[2016.02.01-07.28.26:558][826]LogModuleManager: Shutting down and abandoning module EditorWidgets (194)
[2016.02.01-07.28.26:558][826]LogModuleManager: Shutting down and abandoning module CollectionManager (193)
[2016.02.01-07.28.26:558][826]LogModuleManager: Shutting down and abandoning module FoliageEdit (192)
[2016.02.01-07.28.26:558][826]LogModuleManager: Shutting down and abandoning module LandscapeEditor (191)
[2016.02.01-07.28.26:559][826]LogModuleManager: Shutting down and abandoning module ActorPickerMode (190)
[2016.02.01-07.28.26:559][826]LogModuleManager: Shutting down and abandoning module GeometryMode (189)
[2016.02.01-07.28.26:559][826]LogModuleManager: Shutting down and abandoning module TextureAlignMode (188)
[2016.02.01-07.28.26:559][826]LogModuleManager: Shutting down and abandoning module BspMode (187)
[2016.02.01-07.28.26:559][826]LogModuleManager: Shutting down and abandoning module PlacementMode (186)
[2016.02.01-07.28.26:559][826]LogModuleManager: Shutting down and abandoning module AutomationWorker (185)
[2016.02.01-07.28.26:559][826]LogModuleManager: Shutting down and abandoning module CharacterAI (184)
[2016.02.01-07.28.26:559][826]LogModuleManager: Shutting down and abandoning module SmartSnapping (183)
[2016.02.01-07.28.26:559][826]LogModuleManager: Shutting down and abandoning module ViewportSnapping (182)
[2016.02.01-07.28.26:559][826]LogModuleManager: Shutting down and abandoning module LogVisualizer (181)
[2016.02.01-07.28.26:559][826]LogModuleManager: Shutting down and abandoning module GameProjectGeneration (180)
[2016.02.01-07.28.26:559][826]LogModuleManager: Shutting down and abandoning module IntroTutorials (179)
[2016.02.01-07.28.26:559][826]LogModuleManager: Shutting down and abandoning module EditorLiveStreaming (178)
[2016.02.01-07.28.26:559][826]LogModuleManager: Shutting down and abandoning module IOSPlatformEditor (177)
[2016.02.01-07.28.26:560][826]LogModuleManager: Shutting down and abandoning module HTML5PlatformEditor (176)
[2016.02.01-07.28.26:560][826]LogModuleManager: Shutting down and abandoning module AndroidDeviceDetection (175)
[2016.02.01-07.28.26:712][826]LogModuleManager: Shutting down and abandoning module AndroidPlatformEditor (174)
[2016.02.01-07.28.26:712][826]LogModuleManager: Shutting down and abandoning module IOSRuntimeSettings (173)
[2016.02.01-07.28.26:712][826]LogModuleManager: Shutting down and abandoning module AndroidRuntimeSettings (172)
[2016.02.01-07.28.26:712][826]LogModuleManager: Shutting down and abandoning module MergeActors (171)
[2016.02.01-07.28.26:712][826]LogModuleManager: Shutting down and abandoning module SizeMap (170)
[2016.02.01-07.28.26:712][826]LogModuleManager: Shutting down and abandoning module TreeMap (169)
[2016.02.01-07.28.26:712][826]LogModuleManager: Shutting down and abandoning module ReferenceViewer (168)
[2016.02.01-07.28.26:712][826]LogModuleManager: Shutting down and abandoning module LocalizationService (167)
[2016.02.01-07.28.26:712][826]LogModuleManager: Shutting down and abandoning module LocalizationDashboard (166)
[2016.02.01-07.28.26:712][826]LogModuleManager: Shutting down and abandoning module HardwareTargeting (165)
[2016.02.01-07.28.26:712][826]LogModuleManager: Shutting down and abandoning module DeviceProfileEditor (164)
[2016.02.01-07.28.26:712][826]LogModuleManager: Shutting down and abandoning module UndoHistory (163)
[2016.02.01-07.28.26:712][826]LogModuleManager: Shutting down and abandoning module GameplayTagsEditor (162)
[2016.02.01-07.28.26:712][826]LogModuleManager: Shutting down and abandoning module UserFeedback (161)
[2016.02.01-07.28.26:712][826]LogModuleManager: Shutting down and abandoning module XmlParser (160)
[2016.02.01-07.28.26:712][826]LogModuleManager: Shutting down and abandoning module Blutility (159)
[2016.02.01-07.28.26:712][826]LogModuleManager: Shutting down and abandoning module ProjectTargetPlatformEditor (158)
[2016.02.01-07.28.26:712][826]LogModuleManager: Shutting down and abandoning module ProjectSettingsViewer (157)
[2016.02.01-07.28.26:712][826]LogModuleManager: Shutting down and abandoning module InputBindingEditor (156)
[2016.02.01-07.28.26:713][826]LogModuleManager: Shutting down and abandoning module EditorSettingsViewer (155)
[2016.02.01-07.28.26:713][826]LogModuleManager: Shutting down and abandoning module SettingsEditor (154)
[2016.02.01-07.28.26:713][826]LogModuleManager: Shutting down and abandoning module ProjectLauncher (153)
[2016.02.01-07.28.26:713][826]LogModuleManager: Shutting down and abandoning module SessionFrontend (152)
[2016.02.01-07.28.26:713][826]LogModuleManager: Shutting down and abandoning module ProfilerClient (151)
[2016.02.01-07.28.26:713][826]LogModuleManager: Shutting down and abandoning module TargetDeviceServices (150)
[2016.02.01-07.28.26:713][826]LogModuleManager: Shutting down and abandoning module DeviceManager (149)
[2016.02.01-07.28.26:713][826]LogModuleManager: Shutting down and abandoning module AutomationController (148)
[2016.02.01-07.28.26:713][826]LogModuleManager: Shutting down and abandoning module AutomationWindow (147)
[2016.02.01-07.28.26:713][826]LogModuleManager: Shutting down and abandoning module Layers (146)
[2016.02.01-07.28.26:713][826]LogModuleManager: Shutting down and abandoning module ComponentVisualizers (145)
[2016.02.01-07.28.26:713][826]LogModuleManager: Shutting down and abandoning module DetailCustomizations (144)
[2016.02.01-07.28.26:713][826]LogModuleManager: Shutting down and abandoning module PackagesDialog (143)
[2016.02.01-07.28.26:713][826]LogModuleManager: Shutting down and abandoning module Persona (142)
[2016.02.01-07.28.26:713][826]LogModuleManager: Shutting down and abandoning module Kismet (141)
[2016.02.01-07.28.26:713][826]LogModuleManager: Shutting down and abandoning module GraphEditor (140)
[2016.02.01-07.28.26:713][826]LogModuleManager: Shutting down and abandoning module ClassViewer (139)
[2016.02.01-07.28.26:713][826]LogModuleManager: Shutting down and abandoning module Toolbox (138)
[2016.02.01-07.28.26:713][826]LogModuleManager: Shutting down and abandoning module ModuleUI (137)
[2016.02.01-07.28.26:713][826]LogModuleManager: Shutting down and abandoning module MovieSceneTools (136)
[2016.02.01-07.28.26:714][826]LogModuleManager: Shutting down and abandoning module OutputLog (135)
[2016.02.01-07.28.26:714][826]LogModuleManager: Shutting down and abandoning module GammaUI (134)
[2016.02.01-07.28.26:714][826]LogModuleManager: Shutting down and abandoning module Documentation (133)
[2016.02.01-07.28.26:714][826]LogModuleManager: Shutting down and abandoning module GameLiveStreaming (132)
[2016.02.01-07.28.26:714][826]LogModuleManager: Shutting down and abandoning module StreamingPauseRendering (131)
[2016.02.01-07.28.26:714][826]LogModuleManager: Shutting down and abandoning module AnalyticsET (130)
[2016.02.01-07.28.26:714][826]LogModuleManager: Shutting down and abandoning module Analytics (129)
[2016.02.01-07.28.26:714][826]LogModuleManager: Shutting down and abandoning module AITestSuite (128)
[2016.02.01-07.28.26:714][826]LogModuleManager: Shutting down and abandoning module GameplayDebugger (127)
[2016.02.01-07.28.26:714][826]LogModuleManager: Shutting down and abandoning module AIModule (126)
[2016.02.01-07.28.26:714][826]LogModuleManager: Shutting down and abandoning module ProfilerService (125)
[2016.02.01-07.28.26:757][826]LogModuleManager: Shutting down and abandoning module TaskGraph (124)
[2016.02.01-07.28.26:757][826]LogModuleManager: Shutting down and abandoning module SubstanceEditor (123)
[2016.02.01-07.28.26:757][826]LogModuleManager: Shutting down and abandoning module SlateRemote (122)
[2016.02.01-07.28.26:757][826]LogModuleManager: Shutting down and abandoning module SteamVRController (121)
[2016.02.01-07.28.26:757][826]LogModuleManager: Shutting down and abandoning module SteamVR (120)
[2016.02.01-07.28.26:757][826]LogModuleManager: Shutting down and abandoning module ProceduralMeshComponent (119)
[2016.02.01-07.28.26:757][826]LogModuleManager: Shutting down and abandoning module OculusLibrary (118)
[2016.02.01-07.28.26:757][826]LogModuleManager: Shutting down and abandoning module OculusInput (117)
[2016.02.01-07.28.26:757][826]LogModuleManager: Shutting down and abandoning module LeapMotionController (116)
[2016.02.01-07.28.26:787][826]LogModuleManager: Shutting down and abandoning module CustomMeshComponent (115)
[2016.02.01-07.28.26:787][826]LogModuleManager: Shutting down and abandoning module CableComponent (114)
[2016.02.01-07.28.26:787][826]LogModuleManager: Shutting down and abandoning module ArchVisCharacter (113)
[2016.02.01-07.28.26:787][826]LogModuleManager: Shutting down and abandoning module MessagingDebugger (112)
[2016.02.01-07.28.26:787][826]LogModuleManager: Shutting down and abandoning module MediaPlayerEditor (111)
[2016.02.01-07.28.26:787][826]LogModuleManager: Shutting down and abandoning module HTML5Networking (110)
[2016.02.01-07.28.26:787][826]LogModuleManager: Shutting down and abandoning module SpeedTreeImporter (109)
[2016.02.01-07.28.26:787][826]LogModuleManager: Shutting down and abandoning module PluginBrowser (108)
[2016.02.01-07.28.26:787][826]LogModuleManager: Shutting down and abandoning module EpicSurvey (107)
[2016.02.01-07.28.26:787][826]LogModuleManager: Shutting down and abandoning module DesktopPlatform (106)
[2016.02.01-07.28.26:788][826]LogModuleManager: Shutting down and abandoning module VisualStudioSourceCodeAccess (105)
[2016.02.01-07.28.26:788][826]LogModuleManager: Shutting down and abandoning module UObjectPlugin (104)
[2016.02.01-07.28.26:788][826]LogModuleManager: Shutting down and abandoning module SubversionSourceControl (103)
[2016.02.01-07.28.26:788][826]LogModuleManager: Shutting down and abandoning module PerforceSourceControl (102)
[2016.02.01-07.28.26:788][826]LogModuleManager: Shutting down and abandoning module SourceControl (101)
[2016.02.01-07.28.26:788][826]LogModuleManager: Shutting down and abandoning module GitSourceControl (100)
[2016.02.01-07.28.26:788][826]LogModuleManager: Shutting down and abandoning module LightPropagationVolumeEditor (99)
[2016.02.01-07.28.26:788][826]LogModuleManager: Shutting down and abandoning module PaperTiledImporter (98)
[2016.02.01-07.28.26:788][826]LogModuleManager: Shutting down and abandoning module PaperSpriteSheetImporter (97)
[2016.02.01-07.28.26:788][826]LogModuleManager: Shutting down and abandoning module MeshPaint (96)
[2016.02.01-07.28.26:788][826]LogModuleManager: Shutting down and abandoning module SlateReflector (95)
[2016.02.01-07.28.26:788][826]LogModuleManager: Shutting down and abandoning module HotReload (94)
[2016.02.01-07.28.26:788][826]LogModuleManager: Shutting down and abandoning module MainFrame (93)
[2016.02.01-07.28.26:788][826]LogModuleManager: Shutting down and abandoning module LevelEditor (92)
[2016.02.01-07.28.26:790][826]LogModuleManager: Shutting down and abandoning module ContentBrowser (91)
[2016.02.01-07.28.26:792][826]LogModuleManager: Shutting down and abandoning module Paper2DEditor (90)
[2016.02.01-07.28.26:792][826]LogModuleManager: Shutting down and abandoning module UdpMessaging (89)
[2016.02.01-07.28.26:893][826]LogModuleManager: Shutting down and abandoning module DirectoryWatcher (88)
[2016.02.01-07.28.26:894][826]LogModuleManager: Shutting down and abandoning module AssetRegistry (87)
[2016.02.01-07.28.27:042][826]LogModuleManager: Shutting down and abandoning module SubstanceCore (86)
[2016.02.01-07.28.27:042][826]LogModuleManager: Shutting down and abandoning module LightPropagationVolumeRuntime (85)
[2016.02.01-07.28.27:042][826]LogModuleManager: Shutting down and abandoning module Paper2D (84)
[2016.02.01-07.28.27:042][826]LogModuleManager: Shutting down and abandoning module WindowsMoviePlayer (83)
[2016.02.01-07.28.27:042][826]LogModuleManager: Shutting down and abandoning module Media (82)
[2016.02.01-07.28.27:042][826]LogModuleManager: Shutting down and abandoning module WmfMedia (81)
[2016.02.01-07.28.27:043][826]LogModuleManager: Shutting down and abandoning module OnlineBlueprintSupport (80)
[2016.02.01-07.28.27:043][826]LogModuleManager: Shutting down and abandoning module GameplayTasksEditor (79)
[2016.02.01-07.28.27:043][826]LogModuleManager: Shutting down and abandoning module PropertyEditor (78)
[2016.02.01-07.28.27:043][826]LogModuleManager: Shutting down and abandoning module BehaviorTreeEditor (77)
[2016.02.01-07.28.27:043][826]LogModuleManager: Shutting down and abandoning module FunctionalTesting (76)
[2016.02.01-07.28.27:043][826]LogModuleManager: Shutting down and abandoning module CollisionAnalyzer (75)
[2016.02.01-07.28.27:043][826]LogModuleManager: Shutting down and abandoning module WorkspaceMenuStructure (74)
[2016.02.01-07.28.27:044][826]LogModuleManager: Shutting down and abandoning module MessageLog (73)
[2016.02.01-07.28.27:044][826]LogModuleManager: Shutting down and abandoning module Sequencer (72)
[2016.02.01-07.28.27:044][826]LogModuleManager: Shutting down and abandoning module AssetTools (71)
[2016.02.01-07.28.27:044][826]LogModuleManager: Shutting down and abandoning module UMGEditor (70)
[2016.02.01-07.28.27:044][826]LogModuleManager: Shutting down and abandoning module UMG (69)
[2016.02.01-07.28.27:044][826]LogModuleManager: Shutting down and abandoning module Slate (68)
[2016.02.01-07.28.27:044][826]LogModuleManager: Shutting down and abandoning module EditorStyle (67)
[2016.02.01-07.28.27:047][826]LogModuleManager: Shutting down and abandoning module SessionServices (66)
[2016.02.01-07.28.27:047][826]LogModuleManager: Shutting down and abandoning module SourceCodeAccess (65)
[2016.02.01-07.28.27:047][826]LogModuleManager: Shutting down and abandoning module HeadMountedDisplay (64)
[2016.02.01-07.28.27:047][826]LogModuleManager: Shutting down and abandoning module XAudio2 (63)
[2016.02.01-07.28.27:047][826]LogModuleManager: Shutting down and abandoning module Networking (61)
[2016.02.01-07.28.27:047][826]LogModuleManager: Shutting down and abandoning module Core (60)
[2016.02.01-07.28.27:047][826]LogModuleManager: Shutting down and abandoning module KismetCompiler (59)
[2016.02.01-07.28.27:047][826]LogModuleManager: Shutting down and abandoning module PhysXFormats (58)
[2016.02.01-07.28.27:047][826]LogModuleManager: Shutting down and abandoning module MeshUtilities (57)
[2016.02.01-07.28.27:047][826]LogModuleManager: Shutting down and abandoning module DerivedDataCache (56)
[2016.02.01-07.28.27:144][826]LogDerivedDataCache: Shutdown
[2016.02.01-07.28.27:144][826]LogModuleManager: Shutting down and abandoning module ShaderFormatOpenGL (55)
[2016.02.01-07.28.27:144][826]LogModuleManager: Shutting down and abandoning module ShaderFormatD3D (54)
[2016.02.01-07.28.27:144][826]LogModuleManager: Shutting down and abandoning module MetalShaderFormat (53)
[2016.02.01-07.28.27:144][826]LogModuleManager: Shutting down and abandoning module TextureFormatUncompressed (52)
[2016.02.01-07.28.27:144][826]LogModuleManager: Shutting down and abandoning module TextureFormatPVR (51)
[2016.02.01-07.28.27:144][826]LogModuleManager: Shutting down and abandoning module TextureFormatIntelISPCTexComp (50)
[2016.02.01-07.28.27:144][826]LogModuleManager: Shutting down and abandoning module TextureFormatDXT (49)
[2016.02.01-07.28.27:144][826]LogModuleManager: Shutting down and abandoning module ImageWrapper (48)
[2016.02.01-07.28.27:144][826]LogModuleManager: Shutting down and abandoning module TextureFormatASTC (47)
[2016.02.01-07.28.27:144][826]LogModuleManager: Shutting down and abandoning module TextureFormatAndroid (46)
[2016.02.01-07.28.27:144][826]LogModuleManager: Shutting down and abandoning module AudioFormatOpus (45)
[2016.02.01-07.28.27:144][826]LogModuleManager: Shutting down and abandoning module AudioFormatOgg (44)
[2016.02.01-07.28.27:145][826]LogModuleManager: Shutting down and abandoning module AudioFormatADPCM (43)
[2016.02.01-07.28.27:145][826]LogModuleManager: Shutting down and abandoning module LinuxTargetPlatform (42)
[2016.02.01-07.28.27:145][826]LogModuleManager: Shutting down and abandoning module LinuxServerTargetPlatform (41)
[2016.02.01-07.28.27:145][826]LogModuleManager: Shutting down and abandoning module LinuxNoEditorTargetPlatform (40)
[2016.02.01-07.28.27:145][826]LogModuleManager: Shutting down and abandoning module Messaging (39)
[2016.02.01-07.28.27:145][826]LogModuleManager: Shutting down and abandoning module IOSTargetPlatform (38)
[2016.02.01-07.28.27:145][826]LogModuleManager: Shutting down and abandoning module HTML5TargetPlatform (37)
[2016.02.01-07.28.27:145][826]LogModuleManager: Shutting down and abandoning module Android_PVRTCTargetPlatform (36)
[2016.02.01-07.28.27:145][826]LogModuleManager: Shutting down and abandoning module Android_MultiTargetPlatform (35)
[2016.02.01-07.28.27:145][826]LogModuleManager: Shutting down and abandoning module Android_ETC2TargetPlatform (34)
[2016.02.01-07.28.27:145][826]LogModuleManager: Shutting down and abandoning module Android_ETC1TargetPlatform (33)
[2016.02.01-07.28.27:145][826]LogModuleManager: Shutting down and abandoning module Android_DXTTargetPlatform (32)
[2016.02.01-07.28.27:145][826]LogModuleManager: Shutting down and abandoning module Android_ATCTargetPlatform (31)
[2016.02.01-07.28.27:145][826]LogModuleManager: Shutting down and abandoning module Android_ASTCTargetPlatform (30)
[2016.02.01-07.28.27:145][826]LogModuleManager: Shutting down and abandoning module AndroidTargetPlatform (29)
[2016.02.01-07.28.27:145][826]LogModuleManager: Shutting down and abandoning module WindowsTargetPlatform (28)
[2016.02.01-07.28.27:145][826]LogModuleManager: Shutting down and abandoning module WindowsServerTargetPlatform (27)
[2016.02.01-07.28.27:145][826]LogModuleManager: Shutting down and abandoning module WindowsNoEditorTargetPlatform (26)
[2016.02.01-07.28.27:145][826]LogModuleManager: Shutting down and abandoning module WindowsClientTargetPlatform (25)
[2016.02.01-07.28.27:145][826]LogModuleManager: Shutting down and abandoning module AllDesktopTargetPlatform (24)
[2016.02.01-07.28.27:145][826]LogModuleManager: Shutting down and abandoning module TargetPlatform (23)
[2016.02.01-07.28.27:145][826]LogModuleManager: Shutting down and abandoning module InputCore (22)
[2016.02.01-07.28.27:145][826]LogModuleManager: Shutting down and abandoning module Settings (21)
[2016.02.01-07.28.27:145][826]LogModuleManager: Shutting down and abandoning module OnlineSubsystem (19)
[2016.02.01-07.28.27:145][826]LogModuleManager: Shutting down and abandoning module HTTP (18)
[2016.02.01-07.28.31:150][826]LogModuleManager: Shutting down and abandoning module XMPP (17)
[2016.02.01-07.28.31:150][826]LogModuleManager: Shutting down and abandoning module OculusRift (16)
[2016.02.01-07.28.31:150][826]LogModuleManager: Shutting down and abandoning module ExampleDeviceProfileSelector (15)
[2016.02.01-07.28.31:150][826]LogModuleManager: Shutting down and abandoning module TextureCompressor (14)
[2016.02.01-07.28.31:151][826]LogModuleManager: Shutting down and abandoning module ShaderCore (13)
[2016.02.01-07.28.31:151][826]LogModuleManager: Shutting down and abandoning module Landscape (12)
[2016.02.01-07.28.31:151][826]LogModuleManager: Shutting down and abandoning module SlateRHIRenderer (11)
[2016.02.01-07.28.31:153][826]LogModuleManager: Shutting down and abandoning module OpenGLDrv (10)
[2016.02.01-07.28.31:154][826]LogModuleManager: Shutting down and abandoning module D3D11RHI (9)
[2016.02.01-07.28.31:154][826]LogModuleManager: Shutting down and abandoning module AnimGraphRuntime (8)
[2016.02.01-07.28.31:154][826]LogModuleManager: Shutting down and abandoning module Renderer (7)
[2016.02.01-07.28.31:154][826]LogModuleManager: Shutting down and abandoning module Engine (6)
[2016.02.01-07.28.31:154][826]LogModuleManager: Shutting down and abandoning module CoreUObject (5)
[2016.02.01-07.28.31:154][826]LogModuleManager: Shutting down and abandoning module NetworkFile (4)
[2016.02.01-07.28.31:154][826]LogModuleManager: Shutting down and abandoning module StreamingFile (3)
[2016.02.01-07.28.31:154][826]LogModuleManager: Shutting down and abandoning module SandboxFile (2)
[2016.02.01-07.28.31:154][826]LogModuleManager: Shutting down and abandoning module PakFile (1)
[2016.02.01-07.28.31:156][826]LogExit: Exiting.
[2016.02.01-07.28.31:157][826]Log file closed, 02/01/16 02:28:31
