[2016.01.31-16.24.07:552][  0]Log file open, 01/31/16 11:24:07
[2016.01.31-16.24.07:552][  0]LogInit:Display: Running engine for game: HotelBete
[2016.01.31-16.24.07:552][  0]LogPlatformFile: Not using cached read wrapper
[2016.01.31-16.24.07:552][  0]LogInit:Display: RandInit(415252988) SRandInit(415252989).
[2016.01.31-16.24.07:552][  0]LogTaskGraph: Started task graph with 4 named threads and 7 total threads.
[2016.01.31-16.24.07:552][  0]LogStats: Stats thread started at 0.062961
[2016.01.31-16.24.07:552][  0]LogInit: Version: 4.10.2-2818068+++depot+UE4-Releases+4.10
[2016.01.31-16.24.07:552][  0]LogInit: API Version: 2758231
[2016.01.31-16.24.07:552][  0]LogInit: Compiled (64-bit): Jan  6 2016 17:36:42
[2016.01.31-16.24.07:552][  0]LogInit: Compiled with Visual C++: 19.00.23026.00
[2016.01.31-16.24.07:552][  0]LogInit: Build Configuration: Development
[2016.01.31-16.24.07:552][  0]LogInit: Branch Name: ++depot+UE4-Releases+4.10
[2016.01.31-16.24.07:552][  0]LogInit: Command line:  
[2016.01.31-16.24.07:552][  0]LogInit: Base directory: C:/Program Files/Epic Games/4.10/Engine/Binaries/Win64/
[2016.01.31-16.24.07:552][  0]LogInit: Rocket: 1
[2016.01.31-16.24.07:562][  0]LogInit: Using libcurl 7.41.0
[2016.01.31-16.24.07:562][  0]LogInit:  - built for x86_64-pc-win32
[2016.01.31-16.24.07:562][  0]LogInit:  - supports SSL with WinSSL
[2016.01.31-16.24.07:562][  0]LogInit:  - other features:
[2016.01.31-16.24.07:562][  0]LogInit:      CURL_VERSION_SSL
[2016.01.31-16.24.07:562][  0]LogInit:      CURL_VERSION_IPV6
[2016.01.31-16.24.07:562][  0]LogInit:      CURL_VERSION_ASYNCHDNS
[2016.01.31-16.24.07:562][  0]LogInit:      CURL_VERSION_LARGEFILE
[2016.01.31-16.24.07:562][  0]LogInit:      CURL_VERSION_IDN
[2016.01.31-16.24.07:562][  0]LogInit:  CurlRequestOptions (configurable via config and command line):
[2016.01.31-16.24.07:562][  0]LogInit:  - bVerifyPeer = true  - Libcurl will verify peer certificate
[2016.01.31-16.24.07:562][  0]LogInit:  - bUseHttpProxy = false  - Libcurl will NOT use HTTP proxy
[2016.01.31-16.24.07:562][  0]LogInit:  - bDontReuseConnections = false  - Libcurl will reuse connections
[2016.01.31-16.24.07:562][  0]LogInit:  - CertBundlePath = nullptr  - Libcurl will use whatever was configured at build time.
[2016.01.31-16.24.07:572][  0]LogInit: Presizing for 0 objects not considered by GC, pre-allocating 0 bytes.
[2016.01.31-16.24.07:572][  0]LogInit: Object subsystem initialized
[2016.01.31-16.24.07:572][  0]LogInit: Selected Device Profile: [Windows]
[2016.01.31-16.24.07:572][  0]LogInit: Applying CVar settings loaded from the selected device profile: [Windows]
[2016.01.31-16.24.07:582][  0]LogInit: Computer: MRRBOND-PC
[2016.01.31-16.24.07:582][  0]LogInit: User: MrrBond
[2016.01.31-16.24.07:582][  0]LogInit: CPU Page size=4096, Cores=4
[2016.01.31-16.24.07:582][  0]LogInit: High frequency timer resolution =3.416035 MHz
[2016.01.31-16.24.07:582][  0]LogMemory: Memory total: Physical=7.9GB (8GB approx)
[2016.01.31-16.24.07:582][  0]LogMemory: Platform Memory Stats for Windows
[2016.01.31-16.24.07:582][  0]LogMemory: Process Physical Memory: 57.77 MB used, 57.77 MB peak
[2016.01.31-16.24.07:582][  0]LogMemory: Process Virtual Memory: 57.65 MB used, 57.65 MB peak
[2016.01.31-16.24.07:582][  0]LogMemory: Physical Memory: 3399.07 MB used, 8134.93 MB total
[2016.01.31-16.24.07:582][  0]LogMemory: Virtual Memory: 351.33 MB used, 8388608.00 MB total
[2016.01.31-16.24.07:615][  0]LogTextLocalizationManager: No specific translations for ('en-US') exist, so ('en') translations will be used.
[2016.01.31-16.24.07:948][  0]LogD3D11RHI: Found D3D11 adapter 0: NVIDIA GeForce GTX 770 (Feature Level 11_0)
[2016.01.31-16.24.07:948][  0]LogD3D11RHI: Adapter has 1989MB of dedicated video memory, 0MB of dedicated system memory, and 2048MB of shared system memory, 1 output[s]
[2016.01.31-16.24.07:948][  0]LogD3D11RHI: Chosen D3D11 Adapter Id = 0
[2016.01.31-16.24.07:952][  0]LogD3D11RHI: !Direct3DDevice
[2016.01.31-16.24.07:953][  0]LogRHI: Texture pool is 1361 MB (70% of 1945 MB)
[2016.01.31-16.24.07:961][  0]LogD3D11RHI: Async texture creation enabled
[2016.01.31-16.24.07:975][  0]LogShaderCompilers: Guid format shader working directory is -10 characters bigger than the processId version (../../../../../../Users/MrrBond/Documents/GitHub/HotelBete/Intermediate/Shaders/WorkingDirectory/7704/).
[2016.01.31-16.24.07:975][  0]LogShaderCompilers: Cleaned the shader compiler working directory 'C:/Users/MrrBond/AppData/Local/Temp/UnrealShaderWorkingDir/59D1B35347B018BF930326BB69AF58EA/'.
[2016.01.31-16.24.07:975][  0]LogShaderCompilers:Display: Using Local Shader Compiler.
[2016.01.31-16.24.08:593][  0]LogTemp:Display: Loaded TP AllDesktopTargetPlatform
[2016.01.31-16.24.08:597][  0]LogTemp:Display: Loaded TP WindowsClientTargetPlatform
[2016.01.31-16.24.08:601][  0]LogTemp:Display: Loaded TP WindowsNoEditorTargetPlatform
[2016.01.31-16.24.08:604][  0]LogTemp:Display: Loaded TP WindowsServerTargetPlatform
[2016.01.31-16.24.08:608][  0]LogTemp:Display: Loaded TP WindowsTargetPlatform
[2016.01.31-16.24.08:611][  0]LogTemp:Display: Loaded TP AndroidTargetPlatform
[2016.01.31-16.24.08:613][  0]LogTemp:Display: Loaded TP Android_ASTCTargetPlatform
[2016.01.31-16.24.08:616][  0]LogTemp:Display: Loaded TP Android_ATCTargetPlatform
[2016.01.31-16.24.08:618][  0]LogTemp:Display: Loaded TP Android_DXTTargetPlatform
[2016.01.31-16.24.08:622][  0]LogTemp:Display: Loaded TP Android_ETC1TargetPlatform
[2016.01.31-16.24.08:625][  0]LogTemp:Display: Loaded TP Android_ETC2TargetPlatform
[2016.01.31-16.24.08:630][  0]LogTemp:Display: Loaded TP Android_MultiTargetPlatform
[2016.01.31-16.24.08:630][  0]LogTemp:Display: Loaded TP Android_PVRTCTargetPlatform
[2016.01.31-16.24.08:631][  0]LogTemp:Display: Loaded TP HTML5TargetPlatform
[2016.01.31-16.24.08:646][  0]LogTemp:Display: Loaded TP IOSTargetPlatform
[2016.01.31-16.24.08:648][  0]LogTemp:Display: Loaded TP LinuxNoEditorTargetPlatform
[2016.01.31-16.24.08:650][  0]LogTemp:Display: Loaded TP LinuxServerTargetPlatform
[2016.01.31-16.24.08:653][  0]LogTemp:Display: Loaded TP LinuxTargetPlatform
[2016.01.31-16.24.08:653][  0]LogTargetPlatformManager:Display: Building Assets For Windows
[2016.01.31-16.24.08:718][  0]LogDerivedDataCache:Display: Max Cache Size: 512 MB
[2016.01.31-16.24.08:764][  0]LogDerivedDataCache: Loaded boot cache 0.05s 41MB C:/Users/MrrBond/AppData/Local/UnrealEngine/4.10/DerivedDataCache/Boot.ddc.
[2016.01.31-16.24.08:764][  0]LogDerivedDataCache:Display: Loaded Boot cache: C:/Users/MrrBond/AppData/Local/UnrealEngine/4.10/DerivedDataCache/Boot.ddc
[2016.01.31-16.24.08:764][  0]LogDerivedDataCache: FDerivedDataBackendGraph:  Pak pak cache file ../../../../../../Users/MrrBond/Documents/GitHub/HotelBete/DerivedDataCache/DDC.ddp not found, will not use a pak cache.
[2016.01.31-16.24.08:764][  0]LogDerivedDataCache: Unable to find inner node Pak for hierarchical cache Hierarchy.
[2016.01.31-16.24.08:764][  0]LogDerivedDataCache: FDerivedDataBackendGraph:  CompressedPak pak cache file ../../../../../../Users/MrrBond/Documents/GitHub/HotelBete/DerivedDataCache/Compressed.ddp not found, will not use a pak cache.
[2016.01.31-16.24.08:764][  0]LogDerivedDataCache: Unable to find inner node CompressedPak for hierarchical cache Hierarchy.
[2016.01.31-16.24.08:811][  0]LogDerivedDataCache:Display: Pak cache opened for reading ../../../Engine/DerivedDataCache/Compressed.ddp.
[2016.01.31-16.24.08:825][  0]LogDerivedDataCache: Using Local data cache path C:/Users/MrrBond/AppData/Local/UnrealEngine/Common/DerivedDataCache: Writable
[2016.01.31-16.24.09:009][  0]LogInit: Selected Device Profile: [Windows]
[2016.01.31-16.24.09:009][  0]LogContentStreaming: Texture pool size is 0.000000MB
[2016.01.31-16.24.09:039][  0]LogMeshUtilities: No automatic mesh reduction module available
[2016.01.31-16.24.09:039][  0]LogMeshUtilities: No automatic mesh merging module available
[2016.01.31-16.24.09:299][  0]LogInit: WinSock: version 1.1 (2.2), MaxSocks=32767, MaxUdp=65467
[2016.01.31-16.24.09:948][  0]UdpMessaging: Initializing bridge on interface 0.0.0.0:0 to multicast group 230.0.0.1:6666.
[2016.01.31-16.24.10:088][  0]LogAssetRegistry: FAssetRegistry took 0.0231 seconds to start up
[2016.01.31-16.24.10:244][  0]SourceControl: Info Source control is disabled
[2016.01.31-16.24.10:245][  0]SourceControl: Info Source control is disabled
[2016.01.31-16.24.10:255][  0]SourceControl: Info Source control is disabled
[2016.01.31-16.24.10:266][  0]SourceControl: Info Source control is disabled
[2016.01.31-16.24.10:471][  0]LogObj: 28633 objects as part of root set at end of initial load.
[2016.01.31-16.24.10:471][  0]LogUObjectAllocator: 6099744 out of 0 bytes used by permanent object pool.
[2016.01.31-16.24.10:516][  0]LogEngine: Initializing Engine...
[2016.01.31-16.24.10:517][  0]LogHMD: Can't find Oculus library dev build: is proper Runtime installed? Version: 0.8.0.0
[2016.01.31-16.24.10:518][  0]LogHMD: SteamVR failed to initialize.  Err: 110
[2016.01.31-16.24.10:619][  0]LogAIModule: Creating AISystem for world NewWorld
[2016.01.31-16.24.10:625][  0]LogInit: XAudio2 using 'Speakers (Realtek High Definition Audio)' : 2 channels at 48 kHz using 32 bits per sample (channel mask 0x3)
[2016.01.31-16.24.10:653][  0]LogInit: FAudioDevice initialized.
[2016.01.31-16.24.10:677][  0]LogDerivedDataCache: Saved boot cache 0.02s 41MB C:/Users/MrrBond/AppData/Local/UnrealEngine/4.10/DerivedDataCache/Boot.ddc.
[2016.01.31-16.24.10:681][  0]LogInit: Texture streaming: Enabled
[2016.01.31-16.24.10:686][  0]LogAnalytics: Creating configured Analytics provider AnalyticsET
[2016.01.31-16.24.10:686][  0]LogAnalytics: [UEEditor.Rocket.Release] APIServer = http://et2.epicgames.com/ET2/. AppVersion = 4.10.2-2818068+++depot+UE4-Releases+4.10
[2016.01.31-16.24.10:686][  0]LogAnalytics: [UEEditor.Rocket.Release] SetUserId 70d505b9489753c526a513886a8eb1a2|20388df98dc841109316ca5aa4c25788|5df8a1b8-928f-4cc0-8ccd-f95831ba8036
[2016.01.31-16.24.10:686][  0]LogAnalytics: [UEEditor.Rocket.Release] AnalyticsET::StartSession
[2016.01.31-16.24.10:708][  0]LogInit: Transaction tracking system initialized
[2016.01.31-16.24.10:731][  0]BlueprintLog: New page: Editor Load
[2016.01.31-16.24.10:795][  0]LocalizationService: Info Localization service is disabled
[2016.01.31-16.24.10:859][  0]LogConsoleResponse:Display: 
[2016.01.31-16.24.10:967][  0]LogCook:Display: Done creating registry. It took  0.00s.
[2016.01.31-16.24.11:015][  0]LogFileCache: Scanning file cache for directory 'C:/Users/MrrBond/Documents/GitHub/HotelBete/Content/' took 0.02s
[2016.01.31-16.24.11:015][  0]SourceControl: Info Source control is disabled
[2016.01.31-16.24.11:016][  0]Cmd: MAP LOAD FILE="../../../../../../Users/MrrBond/Documents/GitHub/HotelBete/Content/FirstPersonBP/Maps/FirstPersonExampleMap.umap" TEMPLATE=0 SHOWPROGRESS=1 FEATURELEVEL=3
[2016.01.31-16.24.11:016][  0]LogEditorServer:Warning: Can't find file '../../../../../../Users/MrrBond/Documents/GitHub/HotelBete/Content/FirstPersonBP/Maps/FirstPersonExampleMap.umap'
[2016.01.31-16.24.11:016][  0]Cmd: MAP CHECKDEP NOCLEARLOG
[2016.01.31-16.24.11:056][  0]MapCheck: Info Map check complete: 0 Error(s), 0 Warning(s), took 40.386ms to complete.
[2016.01.31-16.24.11:056][  0]LogFileHelpers: Loading map 'FirstPersonExampleMap' took 0.041
[2016.01.31-16.24.11:137][  0]LogCollectionManager: Loaded 0 collections in 0.001873 seconds
[2016.01.31-16.24.11:174][  0]LogFileCache: Scanning file cache for directory 'C:/Users/MrrBond/Documents/GitHub/HotelBete/Saved/Collections/' took 0.01s
[2016.01.31-16.24.11:174][  0]LogFileCache: Scanning file cache for directory 'C:/Users/MrrBond/Documents/GitHub/HotelBete/Content/Developers/MrrBond/Collections/' took 0.01s
[2016.01.31-16.24.11:174][  0]LogFileCache: Scanning file cache for directory 'C:/Users/MrrBond/Documents/GitHub/HotelBete/Content/Collections/' took 0.01s
[2016.01.31-16.24.11:174][  0]LogCollectionManager: Rebuilt the GUID cache for 0 collections in 0.000001 seconds
[2016.01.31-16.24.11:179][  0]LogContentBrowser: Native class hierarchy populated in 0.0054 seconds. Added 1893 classes and 338 folders.
[2016.01.31-16.24.11:184][  0]LogContentBrowser: Native class hierarchy updated for 'WidgetCarousel' in 0.0003 seconds. Added 0 classes and 0 folders.
[2016.01.31-16.24.11:234][  0]LogContentBrowser: Native class hierarchy updated for 'AddContentDialog' in 0.0003 seconds. Added 0 classes and 0 folders.
[2016.01.31-16.24.11:237][  0]LogContentBrowser: Native class hierarchy updated for 'SceneOutliner' in 0.0003 seconds. Added 1 classes and 2 folders.
[2016.01.31-16.24.11:254][  0]LogCrashTracker: Crashtracker disabled due to settings.
[2016.01.31-16.24.11:258][  0]LogUObjectGlobals:Warning: Failed to find object 'Class None.'
[2016.01.31-16.24.11:279][  0]LogLoad: Full Startup: 4.08 seconds (BP compile: 0.00 seconds)
[2016.01.31-16.24.11:289][  0]LogOcInput: Can't find Oculus library dev build: is proper Runtime installed? Version: 0.8.0.0
[2016.01.31-16.24.11:324][  0]LogContentStreaming: Texture pool size now 1000 MB
[2016.01.31-16.24.11:441][  1]LogRenderer: Reallocating scene render targets to support 924x480 (Frame:2).
[2016.01.31-16.24.11:441][  1]LogAssetRegistry: Asset discovery search completed in 1.3757 seconds
[2016.01.31-16.24.11:441][  1]LogCollectionManager: Rebuilt the object cache for 0 collections in 0.000001 seconds (found 0 objects)
[2016.01.31-16.24.11:441][  1]LogCollectionManager: Fixed up redirectors for 0 collections in 0.000017 seconds (updated 0 objects)
[2016.01.31-16.24.22:605][103]LogBlueprint:Error: [compiler ItemManager] Error The variable StuffA declared in  ItemManager  has an invalid type Structure
[2016.01.31-16.24.22:606][103]LogBlueprint:Warning: [compiler ItemManager] Warning [0015.41] Compile of ItemManager failed. 1 Fatal Issue(s) 0 Warning(s) [in 1 ms]
[2016.01.31-16.24.22:606][103]LogBlueprint:Warning: [compiler ItemManager] Warning [0015.41] Compile of ItemManager failed. 1 Fatal Issue(s) 1 Warning(s) [in 0 ms]
[2016.01.31-16.24.22:606][103]LogBlueprint:Warning: [compiler ItemManager] Warning [0015.41] Compile of ItemManager failed. 1 Fatal Issue(s) 2 Warning(s) [in 0 ms]
[2016.01.31-16.24.22:659][103]LogBlueprint:Warning: [InvItemPic] CreatePinForVariable: 'InventoryA' variable not found. Base class was probably changed.
[2016.01.31-16.24.22:659][103]LogBlueprint:Warning: [InvItemPic] CreatePinForVariable: 'StuffA' variable not found. Base class was probably changed.
[2016.01.31-16.24.22:660][103]LogBlueprint:Error: [compiler InvItemPic] Error The variable StuffA declared in  InvItemPic  has an invalid type Structure
[2016.01.31-16.24.22:661][103]LogBlueprint:Warning: [compiler InvItemPic] Warning Could not find a variable named "StuffA" in 'InvItemPic_C'.
Make sure 'InvItemPic_C' has been compiled for  Get StuffA 
[2016.01.31-16.24.22:661][103]LogBlueprint:Error: [compiler InvItemPic] Error No Struct in  Break <unknown struct> 
[2016.01.31-16.24.22:661][103]LogBlueprint:Warning: [compiler InvItemPic] Warning Could not find a variable named "InventoryA" in 'Player_C'.
Make sure 'Player_C' has been compiled for  Get InventoryA 
[2016.01.31-16.24.22:663][103]LogBlueprint:Warning: [compiler InvItemPic] Warning [0015.46] Compile of InvItemPic failed. 2 Fatal Issue(s) 2 Warning(s) [in 3 ms]
[2016.01.31-16.24.22:663][103]LogBlueprint:Warning: [compiler InvItemPic] Warning [0015.46] Compile of InvItemPic failed. 2 Fatal Issue(s) 3 Warning(s) [in 0 ms]
[2016.01.31-16.24.22:663][103]LogBlueprint:Warning: [compiler InvItemPic] Warning [0015.46] Compile of InvItemPic failed. 2 Fatal Issue(s) 4 Warning(s) [in 0 ms]
[2016.01.31-16.24.22:699][103]LogBlueprint:Error: [compiler FirstPersonCharacter] Error The variable InventoryA declared in  FirstPersonCharacter  has an invalid type Array of Structures
[2016.01.31-16.24.22:699][103]LogBlueprint:Error: [compiler FirstPersonCharacter] Error The variable Inventory declared in  FirstPersonCharacter  has an invalid type Array of Structures
[2016.01.31-16.24.22:727][103]LogBlueprint:Warning: [compiler FirstPersonCharacter] Warning [0015.53] Compile of FirstPersonCharacter failed. 2 Fatal Issue(s) 0 Warning(s) [in 28 ms]
[2016.01.31-16.24.22:728][103]LogBlueprint:Warning: [compiler FirstPersonCharacter] Warning [0015.53] Compile of FirstPersonCharacter failed. 2 Fatal Issue(s) 1 Warning(s) [in 0 ms]
[2016.01.31-16.24.22:728][103]LogBlueprint:Warning: [compiler FirstPersonCharacter] Warning [0015.53] Compile of FirstPersonCharacter failed. 2 Fatal Issue(s) 2 Warning(s) [in 0 ms]
[2016.01.31-16.24.22:741][103]LogBlueprint:Warning: [InvItemPic] CreatePinForVariable: 'InventoryA' variable not found. Base class was probably changed.
[2016.01.31-16.24.22:746][103]LogBlueprint:Error: [compiler FirstPersonCharacter] Error The variable InventoryA declared in  FirstPersonCharacter  has an invalid type Array of Structures
[2016.01.31-16.24.22:746][103]LogBlueprint:Error: [compiler FirstPersonCharacter] Error The variable Inventory declared in  FirstPersonCharacter  has an invalid type Array of Structures
[2016.01.31-16.24.22:773][103]LogBlueprint:Warning: [compiler FirstPersonCharacter] Warning [0015.57] Compile of FirstPersonCharacter failed. 2 Fatal Issue(s) 0 Warning(s) [in 27 ms]
[2016.01.31-16.24.22:773][103]LogBlueprint:Warning: [compiler FirstPersonCharacter] Warning [0015.57] Compile of FirstPersonCharacter failed. 2 Fatal Issue(s) 1 Warning(s) [in 0 ms]
[2016.01.31-16.24.22:773][103]LogBlueprint:Warning: [compiler FirstPersonCharacter] Warning [0015.57] Compile of FirstPersonCharacter failed. 2 Fatal Issue(s) 2 Warning(s) [in 0 ms]
[2016.01.31-16.24.26:520][103]LogAIModule: Creating AISystem for world BondsLevel
[2016.01.31-16.24.26:552][103]Cmd: MAP LOAD FILE="../../../../../../Users/MrrBond/Documents/GitHub/HotelBete/Content/Hotel/Levels/BondsLevel.umap" TEMPLATE=0 SHOWPROGRESS=1 FEATURELEVEL=3
[2016.01.31-16.24.26:552][103]LightingResults: New page: Lighting Build
[2016.01.31-16.24.26:554][103]LogContentBrowser: Native class hierarchy updated for 'StatsViewer' in 0.0003 seconds. Added 5 classes and 0 folders.
[2016.01.31-16.24.26:568][103]LoadErrors: New page: Loading map: BondsLevel.umap
[2016.01.31-16.24.26:568][103]MapCheck: New page: Map Check
[2016.01.31-16.24.26:568][103]LightingResults: New page: Lighting Build
[2016.01.31-16.24.26:578][103]LogParticles: Destroying 0 GPU particle simulations for FXSystem 0x0000000023CCAAC0
[2016.01.31-16.24.26:582][103]LogEditorServer: Finished looking for orphan Actors (0.000 secs)
[2016.01.31-16.24.26:602][103]Cmd: MAP CHECKDEP NOCLEARLOG
[2016.01.31-16.24.26:648][103]MapCheck: Info Map check complete: 0 Error(s), 0 Warning(s), took 46.186ms to complete.
[2016.01.31-16.24.26:649][103]LogFileHelpers: Loading map 'BondsLevel' took 0.098
[2016.01.31-16.24.27:926][249]LogPlayLevel: PlayLevel: No blueprints needed recompiling
[2016.01.31-16.24.34:087][617]LogPlayLevel: PlayLevel: No blueprints needed recompiling
[2016.01.31-16.24.37:605][635]LogEditorViewport: Clicking on Actor (LMB): StaticMeshActor (Floor)
[2016.01.31-16.24.38:529][737]LogLinker:Warning: Asset '../../../Engine/Content/ArtTools/RenderToTexture/Macros/RenderToTextureMacros.uasset' has been saved with empty engine version. The asset will be loaded but may be incompatible.
[2016.01.31-16.24.38:812][737]LogContentBrowser: Native class hierarchy updated for 'BlueprintGraph' in 0.0006 seconds. Added 107 classes and 0 folders.
[2016.01.31-16.24.39:702][795]BlueprintLog: New page: Compile FirstPersonCharacter
[2016.01.31-16.24.39:780][795]LogBlueprint:Error: [compiler InvItemPic] Error No Struct in  Break <unknown struct> 
[2016.01.31-16.24.39:780][795]LogBlueprint:Warning: [compiler InvItemPic] Warning Could not find a variable named "InventoryA" in 'Player_C'.
Make sure 'Player_C' has been compiled for  Get InventoryA 
[2016.01.31-16.24.39:781][795]LogBlueprint:Error: [compiler InvItemPic] Error Binding: Property ' BrushDelegate ' on Widget ' ItemPic ': Binding: 'StuffA.ItemPic_5_32298A144CACC6750012989841CC97CF' : 'StuffA' was not found on 'Inv Item Pic'.
[2016.01.31-16.24.39:925][795]BlueprintEditorCompileResults: Info [0032.73] Compile of FirstPersonCharacter successful! [in 222 ms]
[2016.01.31-16.24.44:839][336]BlueprintLog: New page: Compile ItemManager
[2016.01.31-16.24.44:893][336]LogParticles: Destroying 0 GPU particle simulations for FXSystem 0x0000000042985B20
[2016.01.31-16.24.44:897][336]BlueprintEditorCompileResults: Info [0037.70] Compile of ItemManager successful! [in 58 ms]
[2016.01.31-16.24.48:268][731]LogPlayLevel: PlayLevel: No blueprints needed recompiling
[2016.01.31-16.24.53:012][139]BlueprintLog: New page: Compile InvItemPic
[2016.01.31-16.24.53:017][139]LogBlueprint:Error: [compiler InvItemPic] Error No Struct in  Break <unknown struct> 
[2016.01.31-16.24.53:017][139]LogBlueprint:Warning: [compiler InvItemPic] Warning Could not find a variable named "InventoryA" in 'Player_C'.
Make sure 'Player_C' has been compiled for  Get InventoryA 
[2016.01.31-16.24.53:017][139]LogBlueprint:Error: [compiler InvItemPic] Error Binding: Property ' BrushDelegate ' on Widget ' ItemPic ': Binding: 'StuffA.ItemPic_5_32298A144CACC6750012989841CC97CF' : 'StuffA' was not found on 'Inv Item Pic'.
[2016.01.31-16.24.53:095][139]LogParticles: Destroying 0 GPU particle simulations for FXSystem 0x0000000059BE7380
[2016.01.31-16.24.53:102][139]LogBlueprint:Warning: [compiler InvItemPic] Warning [0045.90] Compile of InvItemPic failed. 2 Fatal Issue(s) 1 Warning(s) [in 89 ms]
[2016.01.31-16.24.53:102][139]BlueprintEditorCompileResults:Error: Error No Struct in  Break <unknown struct> 
[2016.01.31-16.24.53:102][139]BlueprintEditorCompileResults:Warning: Warning Could not find a variable named "InventoryA" in 'Player_C'.
Make sure 'Player_C' has been compiled for  Get InventoryA 
[2016.01.31-16.24.53:102][139]BlueprintEditorCompileResults:Error: Error Binding: Property ' BrushDelegate ' on Widget ' ItemPic ': Binding: 'StuffA.ItemPic_5_32298A144CACC6750012989841CC97CF' : 'StuffA' was not found on 'Inv Item Pic'.
[2016.01.31-16.24.53:102][139]BlueprintEditorCompileResults:Warning: Warning [0045.90] Compile of InvItemPic failed. 2 Fatal Issue(s) 1 Warning(s) [in 89 ms]
[2016.01.31-16.24.56:627][559]BlueprintLog: New page: Compile InvItemPic
[2016.01.31-16.24.56:632][559]LogBlueprint:Error: [compiler InvItemPic] Error No Struct in  Break <unknown struct> 
[2016.01.31-16.24.56:632][559]LogBlueprint:Warning: [compiler InvItemPic] Warning Could not find a variable named "InventoryA" in 'Player_C'.
Make sure 'Player_C' has been compiled for  Get InventoryA 
[2016.01.31-16.24.56:632][559]LogBlueprint:Error: [compiler InvItemPic] Error Binding: Property ' BrushDelegate ' on Widget ' ItemPic ': Binding: 'StuffA.ItemPic_5_32298A144CACC6750012989841CC97CF' : 'StuffA' was not found on 'Inv Item Pic'.
[2016.01.31-16.24.56:716][559]LogBlueprint:Warning: [compiler InvItemPic] Warning [0049.52] Compile of InvItemPic failed. 2 Fatal Issue(s) 1 Warning(s) [in 88 ms]
[2016.01.31-16.24.56:716][559]BlueprintEditorCompileResults:Error: Error No Struct in  Break <unknown struct> 
[2016.01.31-16.24.56:716][559]BlueprintEditorCompileResults:Warning: Warning Could not find a variable named "InventoryA" in 'Player_C'.
Make sure 'Player_C' has been compiled for  Get InventoryA 
[2016.01.31-16.24.56:716][559]BlueprintEditorCompileResults:Error: Error Binding: Property ' BrushDelegate ' on Widget ' ItemPic ': Binding: 'StuffA.ItemPic_5_32298A144CACC6750012989841CC97CF' : 'StuffA' was not found on 'Inv Item Pic'.
[2016.01.31-16.24.56:716][559]BlueprintEditorCompileResults:Warning: Warning [0049.52] Compile of InvItemPic failed. 2 Fatal Issue(s) 1 Warning(s) [in 88 ms]
[2016.01.31-16.25.27:568][245]BlueprintLog: New page: Compile InvItemPic
[2016.01.31-16.25.27:573][245]LogBlueprint:Error: [compiler InvItemPic] Error No Struct in  Break <unknown struct> 
[2016.01.31-16.25.27:573][245]LogBlueprint:Warning: [compiler InvItemPic] Warning Could not find a variable named "InventoryA" in 'Player_C'.
Make sure 'Player_C' has been compiled for  Get InventoryA 
[2016.01.31-16.25.27:660][245]LogBlueprint:Warning: [compiler InvItemPic] Warning [0080.46] Compile of InvItemPic failed. 1 Fatal Issue(s) 1 Warning(s) [in 92 ms]
[2016.01.31-16.25.27:660][245]BlueprintEditorCompileResults:Error: Error No Struct in  Break <unknown struct> 
[2016.01.31-16.25.27:660][245]BlueprintEditorCompileResults:Warning: Warning Could not find a variable named "InventoryA" in 'Player_C'.
Make sure 'Player_C' has been compiled for  Get InventoryA 
[2016.01.31-16.25.27:660][245]BlueprintEditorCompileResults:Warning: Warning [0080.46] Compile of InvItemPic failed. 1 Fatal Issue(s) 1 Warning(s) [in 92 ms]
[2016.01.31-16.25.41:631][909]LogSavePackage: Save=21.113367ms
[2016.01.31-16.25.41:631][909]LogSavePackage: Moving '../../../../../../Users/MrrBond/Documents/GitHub/HotelBete/Saved/InvItemPicB42F67D24AFEECEC1401449D424152CB.tmp' to '../../../../../../Users/MrrBond/Documents/GitHub/HotelBete/Content/BondVersion/FirstPersonBP/Blueprints/InvItemPic.uasset'
[2016.01.31-16.25.41:635][909]LogSavePackage: Total save time: 38.531221ms
[2016.01.31-16.25.41:635][909]LogSavePackage:Display: Finished SavePackage ../../../../../../Users/MrrBond/Documents/GitHub/HotelBete/Content/BondVersion/FirstPersonBP/Blueprints/InvItemPic.uasset
[2016.01.31-16.25.43:218][ 90]LogParticles: Destroying 0 GPU particle simulations for FXSystem 0x000000005BAB6520
[2016.01.31-16.25.43:259][ 90]LogSavePackage: Save=40.128979ms
[2016.01.31-16.25.43:259][ 90]LogSavePackage: Moving '../../../../../../Users/MrrBond/Documents/GitHub/HotelBete/Saved/BondsLevel6BBD21FF48FCD43403E4678832B0CFAC.tmp' to '../../../../../../Users/MrrBond/Documents/GitHub/HotelBete/Content/Hotel/Levels/BondsLevel.umap'
[2016.01.31-16.25.43:263][ 90]LogSavePackage: Total save time: 48.569467ms
[2016.01.31-16.25.43:263][ 90]LogSavePackage:Display: Finished SavePackage ../../../../../../Users/MrrBond/Documents/GitHub/HotelBete/Content/Hotel/Levels/BondsLevel.umap
[2016.01.31-16.25.44:195][197]LogParticles: Destroying 0 GPU particle simulations for FXSystem 0x000000005BAB5DA0
[2016.01.31-16.25.44:429][198]Cmd: QUIT_EDITOR
[2016.01.31-16.25.44:562][198]LogExit: Preparing to exit.
[2016.01.31-16.25.45:068][198]LogExit: Editor shut down
[2016.01.31-16.25.45:068][198]LogParticles: Destroying 0 GPU particle simulations for FXSystem 0x0000000043B70E00
[2016.01.31-16.25.45:068][198]LogExit: Transaction tracking system shut down
[2016.01.31-16.25.45:069][198]LogParticles: Destroying 0 GPU particle simulations for FXSystem 0x0000000011A98360
[2016.01.31-16.25.45:069][198]LogParticles: Destroying 0 GPU particle simulations for FXSystem 0x0000000012676D40
[2016.01.31-16.25.45:072][198]LogParticles: Destroying 0 GPU particle simulations for FXSystem 0x0000000043B72E80
[2016.01.31-16.25.45:072][198]LogParticles: Destroying 0 GPU particle simulations for FXSystem 0x000000004395EE80
[2016.01.31-16.25.45:217][198]LogExit: Object subsystem successfully closed.
[2016.01.31-16.25.45:235][198]LogD3D11RHI: Shutdown
[2016.01.31-16.25.45:235][198]LogD3D11RHI: CleanupD3DDevice
[2016.01.31-16.25.45:288][198]LogD3D11RHI: ~FD3D11DynamicRHI
[2016.01.31-16.25.45:300][198]LogModuleManager: Shutting down and abandoning module CookingStats (201)
[2016.01.31-16.25.45:300][198]LogModuleManager: Shutting down and abandoning module SequencerWidgets (200)
[2016.01.31-16.25.45:300][198]LogModuleManager: Shutting down and abandoning module BlueprintGraph (199)
[2016.01.31-16.25.45:300][198]LogModuleManager: Shutting down and abandoning module StatsViewer (198)
[2016.01.31-16.25.45:300][198]LogModuleManager: Shutting down and abandoning module CrashTracker (197)
[2016.01.31-16.25.45:300][198]LogModuleManager: Shutting down and abandoning module SceneOutliner (196)
[2016.01.31-16.25.45:300][198]LogModuleManager: Shutting down and abandoning module SuperSearch (195)
[2016.01.31-16.25.45:300][198]LogModuleManager: Shutting down and abandoning module WidgetCarousel (194)
[2016.01.31-16.25.45:300][198]LogModuleManager: Shutting down and abandoning module AddContentDialog (193)
[2016.01.31-16.25.45:301][198]LogModuleManager: Shutting down and abandoning module EditorWidgets (192)
[2016.01.31-16.25.45:301][198]LogModuleManager: Shutting down and abandoning module CollectionManager (191)
[2016.01.31-16.25.45:301][198]LogModuleManager: Shutting down and abandoning module FoliageEdit (190)
[2016.01.31-16.25.45:301][198]LogModuleManager: Shutting down and abandoning module LandscapeEditor (189)
[2016.01.31-16.25.45:301][198]LogModuleManager: Shutting down and abandoning module ActorPickerMode (188)
[2016.01.31-16.25.45:301][198]LogModuleManager: Shutting down and abandoning module GeometryMode (187)
[2016.01.31-16.25.45:301][198]LogModuleManager: Shutting down and abandoning module TextureAlignMode (186)
[2016.01.31-16.25.45:301][198]LogModuleManager: Shutting down and abandoning module BspMode (185)
[2016.01.31-16.25.45:301][198]LogModuleManager: Shutting down and abandoning module PlacementMode (184)
[2016.01.31-16.25.45:301][198]LogModuleManager: Shutting down and abandoning module AutomationWorker (183)
[2016.01.31-16.25.45:301][198]LogModuleManager: Shutting down and abandoning module CharacterAI (182)
[2016.01.31-16.25.45:301][198]LogModuleManager: Shutting down and abandoning module SmartSnapping (181)
[2016.01.31-16.25.45:301][198]LogModuleManager: Shutting down and abandoning module ViewportSnapping (180)
[2016.01.31-16.25.45:301][198]LogModuleManager: Shutting down and abandoning module LogVisualizer (179)
[2016.01.31-16.25.45:301][198]LogModuleManager: Shutting down and abandoning module GameProjectGeneration (178)
[2016.01.31-16.25.45:301][198]LogModuleManager: Shutting down and abandoning module IntroTutorials (177)
[2016.01.31-16.25.45:301][198]LogModuleManager: Shutting down and abandoning module EditorLiveStreaming (176)
[2016.01.31-16.25.45:301][198]LogModuleManager: Shutting down and abandoning module IOSPlatformEditor (175)
[2016.01.31-16.25.45:301][198]LogModuleManager: Shutting down and abandoning module HTML5PlatformEditor (174)
[2016.01.31-16.25.45:301][198]LogModuleManager: Shutting down and abandoning module AndroidDeviceDetection (173)
[2016.01.31-16.25.45:835][198]LogModuleManager: Shutting down and abandoning module AndroidPlatformEditor (172)
[2016.01.31-16.25.45:836][198]LogModuleManager: Shutting down and abandoning module IOSRuntimeSettings (171)
[2016.01.31-16.25.45:836][198]LogModuleManager: Shutting down and abandoning module AndroidRuntimeSettings (170)
[2016.01.31-16.25.45:836][198]LogModuleManager: Shutting down and abandoning module MergeActors (169)
[2016.01.31-16.25.45:836][198]LogModuleManager: Shutting down and abandoning module SizeMap (168)
[2016.01.31-16.25.45:836][198]LogModuleManager: Shutting down and abandoning module TreeMap (167)
[2016.01.31-16.25.45:836][198]LogModuleManager: Shutting down and abandoning module ReferenceViewer (166)
[2016.01.31-16.25.45:836][198]LogModuleManager: Shutting down and abandoning module LocalizationService (165)
[2016.01.31-16.25.45:836][198]LogModuleManager: Shutting down and abandoning module LocalizationDashboard (164)
[2016.01.31-16.25.45:836][198]LogModuleManager: Shutting down and abandoning module HardwareTargeting (163)
[2016.01.31-16.25.45:836][198]LogModuleManager: Shutting down and abandoning module DeviceProfileEditor (162)
[2016.01.31-16.25.45:836][198]LogModuleManager: Shutting down and abandoning module UndoHistory (161)
[2016.01.31-16.25.45:836][198]LogModuleManager: Shutting down and abandoning module GameplayTagsEditor (160)
[2016.01.31-16.25.45:836][198]LogModuleManager: Shutting down and abandoning module UserFeedback (159)
[2016.01.31-16.25.45:836][198]LogModuleManager: Shutting down and abandoning module XmlParser (158)
[2016.01.31-16.25.45:836][198]LogModuleManager: Shutting down and abandoning module Blutility (157)
[2016.01.31-16.25.45:836][198]LogModuleManager: Shutting down and abandoning module ProjectTargetPlatformEditor (156)
[2016.01.31-16.25.45:836][198]LogModuleManager: Shutting down and abandoning module ProjectSettingsViewer (155)
[2016.01.31-16.25.45:836][198]LogModuleManager: Shutting down and abandoning module InputBindingEditor (154)
[2016.01.31-16.25.45:837][198]LogModuleManager: Shutting down and abandoning module EditorSettingsViewer (153)
[2016.01.31-16.25.45:837][198]LogModuleManager: Shutting down and abandoning module SettingsEditor (152)
[2016.01.31-16.25.45:837][198]LogModuleManager: Shutting down and abandoning module ProjectLauncher (151)
[2016.01.31-16.25.45:837][198]LogModuleManager: Shutting down and abandoning module SessionFrontend (150)
[2016.01.31-16.25.45:837][198]LogModuleManager: Shutting down and abandoning module ProfilerClient (149)
[2016.01.31-16.25.45:837][198]LogModuleManager: Shutting down and abandoning module TargetDeviceServices (148)
[2016.01.31-16.25.45:837][198]LogModuleManager: Shutting down and abandoning module DeviceManager (147)
[2016.01.31-16.25.45:837][198]LogModuleManager: Shutting down and abandoning module AutomationController (146)
[2016.01.31-16.25.45:837][198]LogModuleManager: Shutting down and abandoning module AutomationWindow (145)
[2016.01.31-16.25.45:837][198]LogModuleManager: Shutting down and abandoning module Layers (144)
[2016.01.31-16.25.45:837][198]LogModuleManager: Shutting down and abandoning module ComponentVisualizers (143)
[2016.01.31-16.25.45:837][198]LogModuleManager: Shutting down and abandoning module DetailCustomizations (142)
[2016.01.31-16.25.45:838][198]LogModuleManager: Shutting down and abandoning module PackagesDialog (141)
[2016.01.31-16.25.45:838][198]LogModuleManager: Shutting down and abandoning module Persona (140)
[2016.01.31-16.25.45:838][198]LogModuleManager: Shutting down and abandoning module Kismet (139)
[2016.01.31-16.25.45:838][198]LogModuleManager: Shutting down and abandoning module GraphEditor (138)
[2016.01.31-16.25.45:838][198]LogModuleManager: Shutting down and abandoning module ClassViewer (137)
[2016.01.31-16.25.45:838][198]LogModuleManager: Shutting down and abandoning module Toolbox (136)
[2016.01.31-16.25.45:838][198]LogModuleManager: Shutting down and abandoning module ModuleUI (135)
[2016.01.31-16.25.45:838][198]LogModuleManager: Shutting down and abandoning module MovieSceneTools (134)
[2016.01.31-16.25.45:838][198]LogModuleManager: Shutting down and abandoning module OutputLog (133)
[2016.01.31-16.25.45:838][198]LogModuleManager: Shutting down and abandoning module GammaUI (132)
[2016.01.31-16.25.45:838][198]LogModuleManager: Shutting down and abandoning module Documentation (131)
[2016.01.31-16.25.45:838][198]LogModuleManager: Shutting down and abandoning module GameLiveStreaming (130)
[2016.01.31-16.25.45:839][198]LogModuleManager: Shutting down and abandoning module StreamingPauseRendering (129)
[2016.01.31-16.25.45:839][198]LogModuleManager: Shutting down and abandoning module AnalyticsET (128)
[2016.01.31-16.25.45:839][198]LogModuleManager: Shutting down and abandoning module Analytics (127)
[2016.01.31-16.25.45:839][198]LogModuleManager: Shutting down and abandoning module AITestSuite (126)
[2016.01.31-16.25.45:839][198]LogModuleManager: Shutting down and abandoning module GameplayDebugger (125)
[2016.01.31-16.25.45:839][198]LogModuleManager: Shutting down and abandoning module AIModule (124)
[2016.01.31-16.25.45:839][198]LogModuleManager: Shutting down and abandoning module ProfilerService (123)
[2016.01.31-16.25.45:990][198]LogModuleManager: Shutting down and abandoning module TaskGraph (122)
[2016.01.31-16.25.45:991][198]LogModuleManager: Shutting down and abandoning module SlateRemote (121)
[2016.01.31-16.25.45:991][198]LogModuleManager: Shutting down and abandoning module SteamVRController (120)
[2016.01.31-16.25.45:991][198]LogModuleManager: Shutting down and abandoning module SteamVR (119)
[2016.01.31-16.25.45:991][198]LogModuleManager: Shutting down and abandoning module ProceduralMeshComponent (118)
[2016.01.31-16.25.45:991][198]LogModuleManager: Shutting down and abandoning module OculusLibrary (117)
[2016.01.31-16.25.45:991][198]LogModuleManager: Shutting down and abandoning module OculusInput (116)
[2016.01.31-16.25.45:991][198]LogModuleManager: Shutting down and abandoning module LeapMotionController (115)
[2016.01.31-16.25.46:018][198]LogModuleManager: Shutting down and abandoning module CustomMeshComponent (114)
[2016.01.31-16.25.46:018][198]LogModuleManager: Shutting down and abandoning module CableComponent (113)
[2016.01.31-16.25.46:018][198]LogModuleManager: Shutting down and abandoning module ArchVisCharacter (112)
[2016.01.31-16.25.46:018][198]LogModuleManager: Shutting down and abandoning module MessagingDebugger (111)
[2016.01.31-16.25.46:018][198]LogModuleManager: Shutting down and abandoning module MediaPlayerEditor (110)
[2016.01.31-16.25.46:018][198]LogModuleManager: Shutting down and abandoning module HTML5Networking (109)
[2016.01.31-16.25.46:018][198]LogModuleManager: Shutting down and abandoning module SpeedTreeImporter (108)
[2016.01.31-16.25.46:018][198]LogModuleManager: Shutting down and abandoning module PluginBrowser (107)
[2016.01.31-16.25.46:018][198]LogModuleManager: Shutting down and abandoning module EpicSurvey (106)
[2016.01.31-16.25.46:018][198]LogModuleManager: Shutting down and abandoning module DesktopPlatform (105)
[2016.01.31-16.25.46:018][198]LogModuleManager: Shutting down and abandoning module VisualStudioSourceCodeAccess (104)
[2016.01.31-16.25.46:018][198]LogModuleManager: Shutting down and abandoning module UObjectPlugin (103)
[2016.01.31-16.25.46:018][198]LogModuleManager: Shutting down and abandoning module SubversionSourceControl (102)
[2016.01.31-16.25.46:018][198]LogModuleManager: Shutting down and abandoning module PerforceSourceControl (101)
[2016.01.31-16.25.46:018][198]LogModuleManager: Shutting down and abandoning module SourceControl (100)
[2016.01.31-16.25.46:018][198]LogModuleManager: Shutting down and abandoning module GitSourceControl (99)
[2016.01.31-16.25.46:018][198]LogModuleManager: Shutting down and abandoning module LightPropagationVolumeEditor (98)
[2016.01.31-16.25.46:018][198]LogModuleManager: Shutting down and abandoning module PaperTiledImporter (97)
[2016.01.31-16.25.46:018][198]LogModuleManager: Shutting down and abandoning module PaperSpriteSheetImporter (96)
[2016.01.31-16.25.46:018][198]LogModuleManager: Shutting down and abandoning module MeshPaint (95)
[2016.01.31-16.25.46:018][198]LogModuleManager: Shutting down and abandoning module SlateReflector (94)
[2016.01.31-16.25.46:019][198]LogModuleManager: Shutting down and abandoning module HotReload (93)
[2016.01.31-16.25.46:019][198]LogModuleManager: Shutting down and abandoning module MainFrame (92)
[2016.01.31-16.25.46:019][198]LogModuleManager: Shutting down and abandoning module LevelEditor (91)
[2016.01.31-16.25.46:020][198]LogModuleManager: Shutting down and abandoning module DirectoryWatcher (90)
[2016.01.31-16.25.46:020][198]LogModuleManager: Shutting down and abandoning module AssetRegistry (89)
[2016.01.31-16.25.46:108][198]LogModuleManager: Shutting down and abandoning module ContentBrowser (88)
[2016.01.31-16.25.46:109][198]LogModuleManager: Shutting down and abandoning module Paper2DEditor (87)
[2016.01.31-16.25.46:109][198]LogModuleManager: Shutting down and abandoning module UdpMessaging (86)
[2016.01.31-16.25.46:209][198]LogModuleManager: Shutting down and abandoning module LightPropagationVolumeRuntime (85)
[2016.01.31-16.25.46:209][198]LogModuleManager: Shutting down and abandoning module Paper2D (84)
[2016.01.31-16.25.46:209][198]LogModuleManager: Shutting down and abandoning module WindowsMoviePlayer (83)
[2016.01.31-16.25.46:217][198]LogModuleManager: Shutting down and abandoning module Media (82)
[2016.01.31-16.25.46:217][198]LogModuleManager: Shutting down and abandoning module WmfMedia (81)
[2016.01.31-16.25.46:218][198]LogModuleManager: Shutting down and abandoning module OnlineBlueprintSupport (80)
[2016.01.31-16.25.46:218][198]LogModuleManager: Shutting down and abandoning module GameplayTasksEditor (79)
[2016.01.31-16.25.46:218][198]LogModuleManager: Shutting down and abandoning module PropertyEditor (78)
[2016.01.31-16.25.46:218][198]LogModuleManager: Shutting down and abandoning module BehaviorTreeEditor (77)
[2016.01.31-16.25.46:218][198]LogModuleManager: Shutting down and abandoning module FunctionalTesting (76)
[2016.01.31-16.25.46:218][198]LogModuleManager: Shutting down and abandoning module CollisionAnalyzer (75)
[2016.01.31-16.25.46:218][198]LogModuleManager: Shutting down and abandoning module WorkspaceMenuStructure (74)
[2016.01.31-16.25.46:218][198]LogModuleManager: Shutting down and abandoning module MessageLog (73)
[2016.01.31-16.25.46:218][198]LogModuleManager: Shutting down and abandoning module Sequencer (72)
[2016.01.31-16.25.46:219][198]LogModuleManager: Shutting down and abandoning module AssetTools (71)
[2016.01.31-16.25.46:219][198]LogModuleManager: Shutting down and abandoning module UMGEditor (70)
[2016.01.31-16.25.46:219][198]LogModuleManager: Shutting down and abandoning module UMG (69)
[2016.01.31-16.25.46:219][198]LogModuleManager: Shutting down and abandoning module Slate (68)
[2016.01.31-16.25.46:219][198]LogModuleManager: Shutting down and abandoning module EditorStyle (67)
[2016.01.31-16.25.46:225][198]LogModuleManager: Shutting down and abandoning module SessionServices (66)
[2016.01.31-16.25.46:225][198]LogModuleManager: Shutting down and abandoning module SourceCodeAccess (65)
[2016.01.31-16.25.46:225][198]LogModuleManager: Shutting down and abandoning module HeadMountedDisplay (64)
[2016.01.31-16.25.46:225][198]LogModuleManager: Shutting down and abandoning module XAudio2 (63)
[2016.01.31-16.25.46:225][198]LogModuleManager: Shutting down and abandoning module Networking (61)
[2016.01.31-16.25.46:225][198]LogModuleManager: Shutting down and abandoning module Core (60)
[2016.01.31-16.25.46:225][198]LogModuleManager: Shutting down and abandoning module KismetCompiler (59)
[2016.01.31-16.25.46:225][198]LogModuleManager: Shutting down and abandoning module PhysXFormats (58)
[2016.01.31-16.25.46:225][198]LogModuleManager: Shutting down and abandoning module MeshUtilities (57)
[2016.01.31-16.25.46:225][198]LogModuleManager: Shutting down and abandoning module DerivedDataCache (56)
[2016.01.31-16.25.46:325][198]LogDerivedDataCache: Shutdown
[2016.01.31-16.25.46:325][198]LogModuleManager: Shutting down and abandoning module ShaderFormatOpenGL (55)
[2016.01.31-16.25.46:325][198]LogModuleManager: Shutting down and abandoning module ShaderFormatD3D (54)
[2016.01.31-16.25.46:325][198]LogModuleManager: Shutting down and abandoning module MetalShaderFormat (53)
[2016.01.31-16.25.46:325][198]LogModuleManager: Shutting down and abandoning module TextureFormatUncompressed (52)
[2016.01.31-16.25.46:325][198]LogModuleManager: Shutting down and abandoning module TextureFormatPVR (51)
[2016.01.31-16.25.46:326][198]LogModuleManager: Shutting down and abandoning module TextureFormatIntelISPCTexComp (50)
[2016.01.31-16.25.46:326][198]LogModuleManager: Shutting down and abandoning module TextureFormatDXT (49)
[2016.01.31-16.25.46:326][198]LogModuleManager: Shutting down and abandoning module ImageWrapper (48)
[2016.01.31-16.25.46:326][198]LogModuleManager: Shutting down and abandoning module TextureFormatASTC (47)
[2016.01.31-16.25.46:326][198]LogModuleManager: Shutting down and abandoning module TextureFormatAndroid (46)
[2016.01.31-16.25.46:326][198]LogModuleManager: Shutting down and abandoning module AudioFormatOpus (45)
[2016.01.31-16.25.46:326][198]LogModuleManager: Shutting down and abandoning module AudioFormatOgg (44)
[2016.01.31-16.25.46:326][198]LogModuleManager: Shutting down and abandoning module AudioFormatADPCM (43)
[2016.01.31-16.25.46:326][198]LogModuleManager: Shutting down and abandoning module LinuxTargetPlatform (42)
[2016.01.31-16.25.46:326][198]LogModuleManager: Shutting down and abandoning module LinuxServerTargetPlatform (41)
[2016.01.31-16.25.46:326][198]LogModuleManager: Shutting down and abandoning module LinuxNoEditorTargetPlatform (40)
[2016.01.31-16.25.46:326][198]LogModuleManager: Shutting down and abandoning module Messaging (39)
[2016.01.31-16.25.46:326][198]LogModuleManager: Shutting down and abandoning module IOSTargetPlatform (38)
[2016.01.31-16.25.46:326][198]LogModuleManager: Shutting down and abandoning module HTML5TargetPlatform (37)
[2016.01.31-16.25.46:326][198]LogModuleManager: Shutting down and abandoning module Android_PVRTCTargetPlatform (36)
[2016.01.31-16.25.46:326][198]LogModuleManager: Shutting down and abandoning module Android_MultiTargetPlatform (35)
[2016.01.31-16.25.46:326][198]LogModuleManager: Shutting down and abandoning module Android_ETC2TargetPlatform (34)
[2016.01.31-16.25.46:326][198]LogModuleManager: Shutting down and abandoning module Android_ETC1TargetPlatform (33)
[2016.01.31-16.25.46:326][198]LogModuleManager: Shutting down and abandoning module Android_DXTTargetPlatform (32)
[2016.01.31-16.25.46:326][198]LogModuleManager: Shutting down and abandoning module Android_ATCTargetPlatform (31)
[2016.01.31-16.25.46:326][198]LogModuleManager: Shutting down and abandoning module Android_ASTCTargetPlatform (30)
[2016.01.31-16.25.46:326][198]LogModuleManager: Shutting down and abandoning module AndroidTargetPlatform (29)
[2016.01.31-16.25.46:326][198]LogModuleManager: Shutting down and abandoning module WindowsTargetPlatform (28)
[2016.01.31-16.25.46:326][198]LogModuleManager: Shutting down and abandoning module WindowsServerTargetPlatform (27)
[2016.01.31-16.25.46:326][198]LogModuleManager: Shutting down and abandoning module WindowsNoEditorTargetPlatform (26)
[2016.01.31-16.25.46:326][198]LogModuleManager: Shutting down and abandoning module WindowsClientTargetPlatform (25)
[2016.01.31-16.25.46:326][198]LogModuleManager: Shutting down and abandoning module AllDesktopTargetPlatform (24)
[2016.01.31-16.25.46:326][198]LogModuleManager: Shutting down and abandoning module TargetPlatform (23)
[2016.01.31-16.25.46:326][198]LogModuleManager: Shutting down and abandoning module InputCore (22)
[2016.01.31-16.25.46:326][198]LogModuleManager: Shutting down and abandoning module Settings (21)
[2016.01.31-16.25.46:327][198]LogModuleManager: Shutting down and abandoning module OnlineSubsystem (19)
[2016.01.31-16.25.46:327][198]LogModuleManager: Shutting down and abandoning module HTTP (18)
[2016.01.31-16.25.47:327][198]LogModuleManager: Shutting down and abandoning module XMPP (17)
[2016.01.31-16.25.47:327][198]LogModuleManager: Shutting down and abandoning module OculusRift (16)
[2016.01.31-16.25.47:327][198]LogModuleManager: Shutting down and abandoning module ExampleDeviceProfileSelector (15)
[2016.01.31-16.25.47:327][198]LogModuleManager: Shutting down and abandoning module TextureCompressor (14)
[2016.01.31-16.25.47:327][198]LogModuleManager: Shutting down and abandoning module ShaderCore (13)
[2016.01.31-16.25.47:327][198]LogModuleManager: Shutting down and abandoning module Landscape (12)
[2016.01.31-16.25.47:327][198]LogModuleManager: Shutting down and abandoning module SlateRHIRenderer (11)
[2016.01.31-16.25.47:328][198]LogModuleManager: Shutting down and abandoning module OpenGLDrv (10)
[2016.01.31-16.25.47:328][198]LogModuleManager: Shutting down and abandoning module D3D11RHI (9)
[2016.01.31-16.25.47:328][198]LogModuleManager: Shutting down and abandoning module AnimGraphRuntime (8)
[2016.01.31-16.25.47:328][198]LogModuleManager: Shutting down and abandoning module Renderer (7)
[2016.01.31-16.25.47:328][198]LogModuleManager: Shutting down and abandoning module Engine (6)
[2016.01.31-16.25.47:328][198]LogModuleManager: Shutting down and abandoning module CoreUObject (5)
[2016.01.31-16.25.47:328][198]LogModuleManager: Shutting down and abandoning module NetworkFile (4)
[2016.01.31-16.25.47:328][198]LogModuleManager: Shutting down and abandoning module StreamingFile (3)
[2016.01.31-16.25.47:328][198]LogModuleManager: Shutting down and abandoning module SandboxFile (2)
[2016.01.31-16.25.47:328][198]LogModuleManager: Shutting down and abandoning module PakFile (1)
[2016.01.31-16.25.47:330][198]LogExit: Exiting.
[2016.01.31-16.25.47:331][198]Log file closed, 01/31/16 11:25:47
