[2016.01.31-15.45.01:923][  0]Log file open, 01/31/16 10:45:01
[2016.01.31-15.45.01:923][  0]LogInit:Display: Running engine for game: HotelBete
[2016.01.31-15.45.01:923][  0]LogPlatformFile: Not using cached read wrapper
[2016.01.31-15.45.01:923][  0]LogInit:Display: RandInit(990945810) SRandInit(990945812).
[2016.01.31-15.45.01:923][  0]LogTaskGraph: Started task graph with 4 named threads and 7 total threads.
[2016.01.31-15.45.01:923][  0]LogStats: Stats thread started at 0.506255
[2016.01.31-15.45.01:923][  0]LogInit: Version: 4.10.2-2818068+++depot+UE4-Releases+4.10
[2016.01.31-15.45.01:923][  0]LogInit: API Version: 2758231
[2016.01.31-15.45.01:923][  0]LogInit: Compiled (64-bit): Jan  6 2016 17:36:42
[2016.01.31-15.45.01:923][  0]LogInit: Compiled with Visual C++: 19.00.23026.00
[2016.01.31-15.45.01:923][  0]LogInit: Build Configuration: Development
[2016.01.31-15.45.01:923][  0]LogInit: Branch Name: ++depot+UE4-Releases+4.10
[2016.01.31-15.45.01:923][  0]LogInit: Command line:  
[2016.01.31-15.45.01:923][  0]LogInit: Base directory: C:/Program Files/Epic Games/4.10/Engine/Binaries/Win64/
[2016.01.31-15.45.01:923][  0]LogInit: Rocket: 1
[2016.01.31-15.45.01:933][  0]LogInit: Using libcurl 7.41.0
[2016.01.31-15.45.01:933][  0]LogInit:  - built for x86_64-pc-win32
[2016.01.31-15.45.01:933][  0]LogInit:  - supports SSL with WinSSL
[2016.01.31-15.45.01:933][  0]LogInit:  - other features:
[2016.01.31-15.45.01:933][  0]LogInit:      CURL_VERSION_SSL
[2016.01.31-15.45.01:933][  0]LogInit:      CURL_VERSION_IPV6
[2016.01.31-15.45.01:933][  0]LogInit:      CURL_VERSION_ASYNCHDNS
[2016.01.31-15.45.01:933][  0]LogInit:      CURL_VERSION_LARGEFILE
[2016.01.31-15.45.01:933][  0]LogInit:      CURL_VERSION_IDN
[2016.01.31-15.45.01:933][  0]LogInit:  CurlRequestOptions (configurable via config and command line):
[2016.01.31-15.45.01:933][  0]LogInit:  - bVerifyPeer = true  - Libcurl will verify peer certificate
[2016.01.31-15.45.01:933][  0]LogInit:  - bUseHttpProxy = false  - Libcurl will NOT use HTTP proxy
[2016.01.31-15.45.01:933][  0]LogInit:  - bDontReuseConnections = false  - Libcurl will reuse connections
[2016.01.31-15.45.01:933][  0]LogInit:  - CertBundlePath = nullptr  - Libcurl will use whatever was configured at build time.
[2016.01.31-15.45.01:953][  0]LogInit: Presizing for 0 objects not considered by GC, pre-allocating 0 bytes.
[2016.01.31-15.45.01:963][  0]LogInit: Object subsystem initialized
[2016.01.31-15.45.01:973][  0]LogInit: Selected Device Profile: [Windows]
[2016.01.31-15.45.01:973][  0]LogInit: Applying CVar settings loaded from the selected device profile: [Windows]
[2016.01.31-15.45.01:983][  0]LogInit: Computer: MRRBOND-PC
[2016.01.31-15.45.01:983][  0]LogInit: User: MrrBond
[2016.01.31-15.45.01:983][  0]LogInit: CPU Page size=4096, Cores=4
[2016.01.31-15.45.01:983][  0]LogInit: High frequency timer resolution =3.416035 MHz
[2016.01.31-15.45.01:983][  0]LogMemory: Memory total: Physical=7.9GB (8GB approx)
[2016.01.31-15.45.01:983][  0]LogMemory: Platform Memory Stats for Windows
[2016.01.31-15.45.01:983][  0]LogMemory: Process Physical Memory: 57.61 MB used, 57.61 MB peak
[2016.01.31-15.45.01:983][  0]LogMemory: Process Virtual Memory: 57.54 MB used, 57.54 MB peak
[2016.01.31-15.45.01:983][  0]LogMemory: Physical Memory: 3370.47 MB used, 8134.93 MB total
[2016.01.31-15.45.01:983][  0]LogMemory: Virtual Memory: 351.33 MB used, 8388608.00 MB total
[2016.01.31-15.45.02:107][  0]LogTextLocalizationManager: No specific translations for ('en-US') exist, so ('en') translations will be used.
[2016.01.31-15.45.02:498][  0]LogD3D11RHI: Found D3D11 adapter 0: NVIDIA GeForce GTX 770 (Feature Level 11_0)
[2016.01.31-15.45.02:498][  0]LogD3D11RHI: Adapter has 1989MB of dedicated video memory, 0MB of dedicated system memory, and 2048MB of shared system memory, 1 output[s]
[2016.01.31-15.45.02:498][  0]LogD3D11RHI: Chosen D3D11 Adapter Id = 0
[2016.01.31-15.45.02:502][  0]LogD3D11RHI: !Direct3DDevice
[2016.01.31-15.45.02:502][  0]LogRHI: Texture pool is 1361 MB (70% of 1945 MB)
[2016.01.31-15.45.02:511][  0]LogD3D11RHI: Async texture creation enabled
[2016.01.31-15.45.02:536][  0]LogShaderCompilers: Guid format shader working directory is -10 characters bigger than the processId version (../../../../../../Users/MrrBond/Documents/GitHub/HotelBete/Intermediate/Shaders/WorkingDirectory/7520/).
[2016.01.31-15.45.02:536][  0]LogShaderCompilers: Cleaned the shader compiler working directory 'C:/Users/MrrBond/AppData/Local/Temp/UnrealShaderWorkingDir/D2D1EA6F44DDF556220DE398ED072F26/'.
[2016.01.31-15.45.02:537][  0]LogShaderCompilers:Display: Using Local Shader Compiler.
[2016.01.31-15.45.03:749][  0]LogTemp:Display: Loaded TP AllDesktopTargetPlatform
[2016.01.31-15.45.03:754][  0]LogTemp:Display: Loaded TP WindowsClientTargetPlatform
[2016.01.31-15.45.03:758][  0]LogTemp:Display: Loaded TP WindowsNoEditorTargetPlatform
[2016.01.31-15.45.03:763][  0]LogTemp:Display: Loaded TP WindowsServerTargetPlatform
[2016.01.31-15.45.03:768][  0]LogTemp:Display: Loaded TP WindowsTargetPlatform
[2016.01.31-15.45.03:773][  0]LogTemp:Display: Loaded TP AndroidTargetPlatform
[2016.01.31-15.45.03:776][  0]LogTemp:Display: Loaded TP Android_ASTCTargetPlatform
[2016.01.31-15.45.03:780][  0]LogTemp:Display: Loaded TP Android_ATCTargetPlatform
[2016.01.31-15.45.03:784][  0]LogTemp:Display: Loaded TP Android_DXTTargetPlatform
[2016.01.31-15.45.03:787][  0]LogTemp:Display: Loaded TP Android_ETC1TargetPlatform
[2016.01.31-15.45.03:791][  0]LogTemp:Display: Loaded TP Android_ETC2TargetPlatform
[2016.01.31-15.45.03:799][  0]LogTemp:Display: Loaded TP Android_MultiTargetPlatform
[2016.01.31-15.45.03:799][  0]LogTemp:Display: Loaded TP Android_PVRTCTargetPlatform
[2016.01.31-15.45.03:800][  0]LogTemp:Display: Loaded TP HTML5TargetPlatform
[2016.01.31-15.45.03:824][  0]LogTemp:Display: Loaded TP IOSTargetPlatform
[2016.01.31-15.45.03:827][  0]LogTemp:Display: Loaded TP LinuxNoEditorTargetPlatform
[2016.01.31-15.45.03:830][  0]LogTemp:Display: Loaded TP LinuxServerTargetPlatform
[2016.01.31-15.45.03:835][  0]LogTemp:Display: Loaded TP LinuxTargetPlatform
[2016.01.31-15.45.03:835][  0]LogTargetPlatformManager:Display: Building Assets For Windows
[2016.01.31-15.45.03:961][  0]LogDerivedDataCache:Display: Max Cache Size: 512 MB
[2016.01.31-15.45.04:101][  0]LogDerivedDataCache: Loaded boot cache 0.14s 41MB C:/Users/MrrBond/AppData/Local/UnrealEngine/4.10/DerivedDataCache/Boot.ddc.
[2016.01.31-15.45.04:101][  0]LogDerivedDataCache:Display: Loaded Boot cache: C:/Users/MrrBond/AppData/Local/UnrealEngine/4.10/DerivedDataCache/Boot.ddc
[2016.01.31-15.45.04:101][  0]LogDerivedDataCache: FDerivedDataBackendGraph:  Pak pak cache file ../../../../../../Users/MrrBond/Documents/GitHub/HotelBete/DerivedDataCache/DDC.ddp not found, will not use a pak cache.
[2016.01.31-15.45.04:101][  0]LogDerivedDataCache: Unable to find inner node Pak for hierarchical cache Hierarchy.
[2016.01.31-15.45.04:101][  0]LogDerivedDataCache: FDerivedDataBackendGraph:  CompressedPak pak cache file ../../../../../../Users/MrrBond/Documents/GitHub/HotelBete/DerivedDataCache/Compressed.ddp not found, will not use a pak cache.
[2016.01.31-15.45.04:101][  0]LogDerivedDataCache: Unable to find inner node CompressedPak for hierarchical cache Hierarchy.
[2016.01.31-15.45.04:194][  0]LogDerivedDataCache:Display: Pak cache opened for reading ../../../Engine/DerivedDataCache/Compressed.ddp.
[2016.01.31-15.45.04:210][  0]LogDerivedDataCache: Using Local data cache path C:/Users/MrrBond/AppData/Local/UnrealEngine/Common/DerivedDataCache: Writable
[2016.01.31-15.45.05:550][  0]LogInit: Selected Device Profile: [Windows]
[2016.01.31-15.45.05:551][  0]LogContentStreaming: Texture pool size is 0.000000MB
[2016.01.31-15.45.05:642][  0]LogMeshUtilities: No automatic mesh reduction module available
[2016.01.31-15.45.05:642][  0]LogMeshUtilities: No automatic mesh merging module available
[2016.01.31-15.45.06:185][  0]LogInit: WinSock: version 1.1 (2.2), MaxSocks=32767, MaxUdp=65467
[2016.01.31-15.45.09:478][  0]UdpMessaging: Initializing bridge on interface 0.0.0.0:0 to multicast group 230.0.0.1:6666.
[2016.01.31-15.45.09:700][  0]LogAssetRegistry: FAssetRegistry took 0.0113 seconds to start up
[2016.01.31-15.45.10:011][  0]SourceControl: Info Source control is disabled
[2016.01.31-15.45.10:013][  0]SourceControl: Info Source control is disabled
[2016.01.31-15.45.10:023][  0]SourceControl: Info Source control is disabled
[2016.01.31-15.45.10:036][  0]SourceControl: Info Source control is disabled
[2016.01.31-15.45.10:367][  0]LogObj: 28633 objects as part of root set at end of initial load.
[2016.01.31-15.45.10:367][  0]LogUObjectAllocator: 6099744 out of 0 bytes used by permanent object pool.
[2016.01.31-15.45.10:450][  0]LogEngine: Initializing Engine...
[2016.01.31-15.45.10:452][  0]LogHMD: Can't find Oculus library dev build: is proper Runtime installed? Version: 0.8.0.0
[2016.01.31-15.45.10:470][  0]LogHMD: SteamVR failed to initialize.  Err: 110
[2016.01.31-15.45.10:633][  0]LogAIModule: Creating AISystem for world NewWorld
[2016.01.31-15.45.10:650][  0]LogInit: XAudio2 using 'Speakers (Realtek High Definition Audio)' : 2 channels at 48 kHz using 32 bits per sample (channel mask 0x3)
[2016.01.31-15.45.10:672][  0]LogInit: FAudioDevice initialized.
[2016.01.31-15.45.10:695][  0]LogDerivedDataCache: Saved boot cache 0.02s 41MB C:/Users/MrrBond/AppData/Local/UnrealEngine/4.10/DerivedDataCache/Boot.ddc.
[2016.01.31-15.45.10:700][  0]LogInit: Texture streaming: Enabled
[2016.01.31-15.45.10:706][  0]LogAnalytics: Creating configured Analytics provider AnalyticsET
[2016.01.31-15.45.10:706][  0]LogAnalytics: [UEEditor.Rocket.Release] APIServer = http://et2.epicgames.com/ET2/. AppVersion = 4.10.2-2818068+++depot+UE4-Releases+4.10
[2016.01.31-15.45.10:706][  0]LogAnalytics: [UEEditor.Rocket.Release] SetUserId 70d505b9489753c526a513886a8eb1a2|20388df98dc841109316ca5aa4c25788|5df8a1b8-928f-4cc0-8ccd-f95831ba8036
[2016.01.31-15.45.10:706][  0]LogAnalytics: [UEEditor.Rocket.Release] AnalyticsET::StartSession
[2016.01.31-15.45.10:730][  0]LogInit: Transaction tracking system initialized
[2016.01.31-15.45.10:782][  0]BlueprintLog: New page: Editor Load
[2016.01.31-15.45.10:958][  0]LocalizationService: Info Localization service is disabled
[2016.01.31-15.45.11:088][  0]LogConsoleResponse:Display: 
[2016.01.31-15.45.11:286][  0]LogCook:Display: Done creating registry. It took  0.00s.
[2016.01.31-15.45.11:368][  0]LogFileCache: Scanning file cache for directory 'C:/Users/MrrBond/Documents/GitHub/HotelBete/Content/' took 0.01s
[2016.01.31-15.45.11:388][  0]SourceControl: Info Source control is disabled
[2016.01.31-15.45.11:389][  0]Cmd: MAP LOAD FILE="../../../../../../Users/MrrBond/Documents/GitHub/HotelBete/Content/FirstPersonBP/Maps/FirstPersonExampleMap.umap" TEMPLATE=0 SHOWPROGRESS=1 FEATURELEVEL=3
[2016.01.31-15.45.11:390][  0]LogEditorServer:Warning: Can't find file '../../../../../../Users/MrrBond/Documents/GitHub/HotelBete/Content/FirstPersonBP/Maps/FirstPersonExampleMap.umap'
[2016.01.31-15.45.11:390][  0]Cmd: MAP CHECKDEP NOCLEARLOG
[2016.01.31-15.45.11:431][  0]MapCheck: Info Map check complete: 0 Error(s), 0 Warning(s), took 41.467ms to complete.
[2016.01.31-15.45.11:431][  0]LogFileHelpers: Loading map 'FirstPersonExampleMap' took 0.043
[2016.01.31-15.45.11:591][  0]LogCollectionManager: Loaded 0 collections in 0.001726 seconds
[2016.01.31-15.45.11:650][  0]LogFileCache: Scanning file cache for directory 'C:/Users/MrrBond/Documents/GitHub/HotelBete/Saved/Collections/' took 0.01s
[2016.01.31-15.45.11:650][  0]LogFileCache: Scanning file cache for directory 'C:/Users/MrrBond/Documents/GitHub/HotelBete/Content/Developers/MrrBond/Collections/' took 0.01s
[2016.01.31-15.45.11:650][  0]LogFileCache: Scanning file cache for directory 'C:/Users/MrrBond/Documents/GitHub/HotelBete/Content/Collections/' took 0.01s
[2016.01.31-15.45.11:650][  0]LogCollectionManager: Rebuilt the GUID cache for 0 collections in 0.000001 seconds
[2016.01.31-15.45.11:659][  0]LogContentBrowser: Native class hierarchy populated in 0.0076 seconds. Added 1893 classes and 338 folders.
[2016.01.31-15.45.11:673][  0]LogContentBrowser: Native class hierarchy updated for 'WidgetCarousel' in 0.0003 seconds. Added 0 classes and 0 folders.
[2016.01.31-15.45.11:882][  0]LogContentBrowser: Native class hierarchy updated for 'AddContentDialog' in 0.0003 seconds. Added 0 classes and 0 folders.
[2016.01.31-15.45.11:891][  0]LogContentBrowser: Native class hierarchy updated for 'SceneOutliner' in 0.0003 seconds. Added 1 classes and 2 folders.
[2016.01.31-15.45.11:945][  0]LogCrashTracker: Crashtracker disabled due to settings.
[2016.01.31-15.45.11:954][  0]LogUObjectGlobals:Warning: Failed to find object 'Class None.'
[2016.01.31-15.45.11:976][  0]LogLoad: Full Startup: 11.30 seconds (BP compile: 0.03 seconds)
[2016.01.31-15.45.11:986][  0]LogOcInput: Can't find Oculus library dev build: is proper Runtime installed? Version: 0.8.0.0
[2016.01.31-15.45.12:057][  0]LogContentStreaming: Texture pool size now 1000 MB
[2016.01.31-15.45.12:205][  0]LogRenderer: Reallocating scene render targets to support 1208x572 (Frame:2).
[2016.01.31-15.45.12:284][  1]LogAssetRegistry: Asset discovery search completed in 2.5954 seconds
[2016.01.31-15.45.12:285][  1]LogCollectionManager: Rebuilt the object cache for 0 collections in 0.000001 seconds (found 0 objects)
[2016.01.31-15.45.12:285][  1]LogCollectionManager: Fixed up redirectors for 0 collections in 0.000029 seconds (updated 0 objects)
[2016.01.31-15.45.47:888][222]LogAIModule: Creating AISystem for world FirstPersonExampleMap
[2016.01.31-15.45.47:925][222]Cmd: MAP LOAD FILE="../../../../../../Users/MrrBond/Documents/GitHub/HotelBete/Content/Hotel/Levels/FirstPersonExampleMap.umap" TEMPLATE=0 SHOWPROGRESS=1 FEATURELEVEL=3
[2016.01.31-15.45.47:925][222]LightingResults: New page: Lighting Build
[2016.01.31-15.45.47:929][222]LogContentBrowser: Native class hierarchy updated for 'StatsViewer' in 0.0003 seconds. Added 5 classes and 0 folders.
[2016.01.31-15.45.47:943][222]LoadErrors: New page: Loading map: FirstPersonExampleMap.umap
[2016.01.31-15.45.47:944][222]MapCheck: New page: Map Check
[2016.01.31-15.45.47:944][222]LightingResults: New page: Lighting Build
[2016.01.31-15.45.47:955][222]LogParticles: Destroying 0 GPU particle simulations for FXSystem 0x000000001F68EAC0
[2016.01.31-15.45.47:967][222]LogEditorServer: Finished looking for orphan Actors (0.000 secs)
[2016.01.31-15.45.47:986][222]Cmd: MAP CHECKDEP NOCLEARLOG
[2016.01.31-15.45.48:032][222]MapCheck: Info Map check complete: 0 Error(s), 0 Warning(s), took 46.161ms to complete.
[2016.01.31-15.45.48:032][222]LogFileHelpers: Loading map 'FirstPersonExampleMap' took 0.108
[2016.01.31-15.45.51:977][493]LogBlueprintUserMessages: Early PlayInEditor Detection: Level '/Game/Hotel/Levels/FirstPersonExampleMap.FirstPersonExampleMap:PersistentLevel' has LevelScriptBlueprint '/Game/Hotel/Levels/FirstPersonExampleMap.FirstPersonExampleMap:PersistentLevel.FirstPersonExampleMap' with GeneratedClass '/Game/Hotel/Levels/FirstPersonExampleMap.FirstPersonExampleMap_C' with ClassGeneratedBy '/Game/Hotel/Levels/FirstPersonExampleMap.FirstPersonExampleMap:PersistentLevel.FirstPersonExampleMap'
[2016.01.31-15.45.51:977][493]LogPlayLevel: PlayLevel: No blueprints needed recompiling
[2016.01.31-15.45.51:978][493]PIE: New page: PIE session: FirstPersonExampleMap (Jan 31, 2016, 5:45:51 AM)
[2016.01.31-15.45.51:978][493]LogPlayLevel: Creating play world package: /Game/Hotel/Levels/UEDPIE_0_FirstPersonExampleMap
[2016.01.31-15.45.52:002][493]LogPlayLevel: PIE: StaticDuplicateObject took: (0.024642s)
[2016.01.31-15.45.52:004][493]LogAIModule: Creating AISystem for world FirstPersonExampleMap
[2016.01.31-15.45.52:004][493]LogPlayLevel: PIE: World Init took: (0.001282s)
[2016.01.31-15.45.52:004][493]LogPlayLevel: PIE: Created PIE world by copying editor world from /Game/Hotel/Levels/FirstPersonExampleMap.FirstPersonExampleMap to /Game/Hotel/Levels/UEDPIE_0_FirstPersonExampleMap.FirstPersonExampleMap (0.026151s)
[2016.01.31-15.45.52:019][493]LogInit: XAudio2 using 'Speakers (Realtek High Definition Audio)' : 2 channels at 48 kHz using 32 bits per sample (channel mask 0x3)
[2016.01.31-15.45.52:028][493]LogInit: FAudioDevice initialized.
[2016.01.31-15.45.52:075][493]LogLinker:Warning: Can't find file '/Game/FirstPersonBP/Blueprints/FirstPersonGameMode'
[2016.01.31-15.45.52:075][493]LogLinker:Warning: Can't find file '/Game/FirstPersonBP/Blueprints/FirstPersonGameMode'
[2016.01.31-15.45.52:075][493]LogUObjectGlobals:Warning: Failed to find object 'Class /Game/FirstPersonBP/Blueprints/FirstPersonGameMode.FirstPersonGameMode_C'
[2016.01.31-15.45.52:075][493]LogWorld: Game class is 'GameMode'
[2016.01.31-15.45.52:080][493]LogWorld: Bringing World /Game/Hotel/Levels/UEDPIE_0_FirstPersonExampleMap.FirstPersonExampleMap up for play (max tick rate 0) at 2016.01.31-10.45.52
[2016.01.31-15.45.52:080][493]LogActor:Warning: GameSession /Game/Hotel/Levels/UEDPIE_0_FirstPersonExampleMap.FirstPersonExampleMap:PersistentLevel.GameSession_0 has natively added scene component(s), but none of them were set as the actor's RootComponent - picking one arbitrarily
[2016.01.31-15.45.52:080][493]LogActor:Warning: GameNetworkManager /Game/Hotel/Levels/UEDPIE_0_FirstPersonExampleMap.FirstPersonExampleMap:PersistentLevel.GameNetworkManager_0 has natively added scene component(s), but none of them were set as the actor's RootComponent - picking one arbitrarily
[2016.01.31-15.45.52:081][493]LogWorld: Bringing up level for play took: 0.003720
[2016.01.31-15.45.52:085][493]PIE: Info Play in editor start time for /Game/Hotel/Levels/UEDPIE_0_FirstPersonExampleMap 0.33
[2016.01.31-15.45.52:085][493]LogBlueprintUserMessages: Late PlayInEditor Detection: Level '/Game/Hotel/Levels/FirstPersonExampleMap.FirstPersonExampleMap:PersistentLevel' has LevelScriptBlueprint '/Game/Hotel/Levels/FirstPersonExampleMap.FirstPersonExampleMap:PersistentLevel.FirstPersonExampleMap' with GeneratedClass '/Game/Hotel/Levels/FirstPersonExampleMap.FirstPersonExampleMap_C' with ClassGeneratedBy '/Game/Hotel/Levels/FirstPersonExampleMap.FirstPersonExampleMap:PersistentLevel.FirstPersonExampleMap'
[2016.01.31-15.46.08:088][409]LogBlueprintUserMessages: [Player_C_1] Bond was here
[2016.01.31-15.46.11:717][844]LogBlueprintUserMessages: Early EndPlayMap Detection: Level '/Game/Hotel/Levels/FirstPersonExampleMap.FirstPersonExampleMap:PersistentLevel' has LevelScriptBlueprint '/Game/Hotel/Levels/FirstPersonExampleMap.FirstPersonExampleMap:PersistentLevel.FirstPersonExampleMap' with GeneratedClass '/Game/Hotel/Levels/FirstPersonExampleMap.FirstPersonExampleMap_C' with ClassGeneratedBy '/Game/Hotel/Levels/FirstPersonExampleMap.FirstPersonExampleMap:PersistentLevel.FirstPersonExampleMap'
[2016.01.31-15.46.11:753][844]LogBlueprintUserMessages: Late EndPlayMap Detection: Level '/Game/Hotel/Levels/FirstPersonExampleMap.FirstPersonExampleMap:PersistentLevel' has LevelScriptBlueprint '/Game/Hotel/Levels/FirstPersonExampleMap.FirstPersonExampleMap:PersistentLevel.FirstPersonExampleMap' with GeneratedClass '/Game/Hotel/Levels/FirstPersonExampleMap.FirstPersonExampleMap_C' with ClassGeneratedBy '/Game/Hotel/Levels/FirstPersonExampleMap.FirstPersonExampleMap:PersistentLevel.FirstPersonExampleMap'
[2016.01.31-15.46.11:764][844]LogParticles: Destroying 0 GPU particle simulations for FXSystem 0x0000000019781800
[2016.01.31-15.46.17:424][515]LogAIModule: Creating AISystem for world BondsLevel
[2016.01.31-15.46.17:436][515]Cmd: MAP LOAD FILE="../../../../../../Users/MrrBond/Documents/GitHub/HotelBete/Content/Hotel/Levels/BondsLevel.umap" TEMPLATE=0 SHOWPROGRESS=1 FEATURELEVEL=3
[2016.01.31-15.46.17:436][515]LightingResults: New page: Lighting Build
[2016.01.31-15.46.17:450][515]LoadErrors: New page: Loading map: BondsLevel.umap
[2016.01.31-15.46.17:450][515]MapCheck: New page: Map Check
[2016.01.31-15.46.17:450][515]LightingResults: New page: Lighting Build
[2016.01.31-15.46.17:458][515]LogParticles: Destroying 0 GPU particle simulations for FXSystem 0x0000000046063BA0
[2016.01.31-15.46.17:463][515]LogEditorServer: Finished looking for orphan Actors (0.000 secs)
[2016.01.31-15.46.17:482][515]Cmd: MAP CHECKDEP NOCLEARLOG
[2016.01.31-15.46.17:527][515]MapCheck: Info Map check complete: 0 Error(s), 0 Warning(s), took 44.678ms to complete.
[2016.01.31-15.46.17:527][515]LogFileHelpers: Loading map 'BondsLevel' took 0.091
[2016.01.31-15.46.18:662][647]LogPlayLevel: PlayLevel: No blueprints needed recompiling
[2016.01.31-15.46.18:662][647]PIE: New page: PIE session: BondsLevel (Jan 31, 2016, 5:46:18 AM)
[2016.01.31-15.46.18:663][647]LogPlayLevel: Creating play world package: /Game/Hotel/Levels/UEDPIE_0_BondsLevel
[2016.01.31-15.46.18:684][647]LogPlayLevel: PIE: StaticDuplicateObject took: (0.021365s)
[2016.01.31-15.46.18:685][647]LogAIModule: Creating AISystem for world BondsLevel
[2016.01.31-15.46.18:685][647]LogPlayLevel: PIE: World Init took: (0.001205s)
[2016.01.31-15.46.18:685][647]LogPlayLevel: PIE: Created PIE world by copying editor world from /Game/Hotel/Levels/BondsLevel.BondsLevel to /Game/Hotel/Levels/UEDPIE_0_BondsLevel.BondsLevel (0.022839s)
[2016.01.31-15.46.18:700][647]LogInit: XAudio2 using 'Speakers (Realtek High Definition Audio)' : 2 channels at 48 kHz using 32 bits per sample (channel mask 0x3)
[2016.01.31-15.46.18:707][647]LogInit: FAudioDevice initialized.
[2016.01.31-15.46.18:741][647]LogLinker:Warning: Can't find file '/Game/FirstPersonBP/Blueprints/FirstPersonGameMode'
[2016.01.31-15.46.18:741][647]LogLinker:Warning: Can't find file '/Game/FirstPersonBP/Blueprints/FirstPersonGameMode'
[2016.01.31-15.46.18:741][647]LogUObjectGlobals:Warning: Failed to find object 'Class /Game/FirstPersonBP/Blueprints/FirstPersonGameMode.FirstPersonGameMode_C'
[2016.01.31-15.46.18:741][647]LogWorld: Game class is 'GameMode'
[2016.01.31-15.46.18:744][647]LogWorld: Bringing World /Game/Hotel/Levels/UEDPIE_0_BondsLevel.BondsLevel up for play (max tick rate 0) at 2016.01.31-10.46.18
[2016.01.31-15.46.18:744][647]LogActor:Warning: GameSession /Game/Hotel/Levels/UEDPIE_0_BondsLevel.BondsLevel:PersistentLevel.GameSession_1 has natively added scene component(s), but none of them were set as the actor's RootComponent - picking one arbitrarily
[2016.01.31-15.46.18:744][647]LogActor:Warning: GameNetworkManager /Game/Hotel/Levels/UEDPIE_0_BondsLevel.BondsLevel:PersistentLevel.GameNetworkManager_1 has natively added scene component(s), but none of them were set as the actor's RootComponent - picking one arbitrarily
[2016.01.31-15.46.18:744][647]LogWorld: Bringing up level for play took: 0.002434
[2016.01.31-15.46.18:749][647]PIE: Info Play in editor start time for /Game/Hotel/Levels/UEDPIE_0_BondsLevel 0.994
[2016.01.31-15.46.28:048][754]LogParticles: Destroying 0 GPU particle simulations for FXSystem 0x0000000048E2A2A0
[2016.01.31-15.46.42:191][441]LogMaterial: Missing cached shader map for material CamTarget_Mat, compiling. 
[2016.01.31-15.46.42:192][441]LogMaterial:Warning: Failed to compile Material /Game/Hotel/Blueprints/BondsStuff/CamTarget_Mat.CamTarget_Mat for platform PCD3D_SM5, Default Material will be used in game.
[2016.01.31-15.46.42:192][441]LogMaterial:Warning: 	(Node TextureSample) TextureSample> Missing input texture
[2016.01.31-15.46.42:201][441]LogBlueprint:Error: [compiler Door] Error No Struct in  Make <unknown struct> 
[2016.01.31-15.46.42:201][441]LogBlueprint:Error: [compiler Door] Error The type of  Target Array  is undetermined.  Connect something to  Remove Item  to imply a specific type.
[2016.01.31-15.46.42:201][441]LogBlueprint:Error: [compiler Door] Error The type of  Item  is undetermined.  Connect something to  Remove Item  to imply a specific type.
[2016.01.31-15.46.42:201][441]LogBlueprint:Error: [compiler Door] Error The type of  Variable  is undetermined.  Connect something to  Contains Item  to imply a specific type.
[2016.01.31-15.46.42:201][441]LogBlueprint:Error: [compiler Door] Error The type of  Target Array  is undetermined.  Connect something to  Contains Item  to imply a specific type.
[2016.01.31-15.46.42:201][441]LogBlueprint:Error: [compiler Door] Error The type of  Item to Find  is undetermined.  Connect something to  Contains Item  to imply a specific type.
[2016.01.31-15.46.42:202][441]LogBlueprint:Error: [compiler Door] Error The type of  Variable  is undetermined.  Connect something to  Remove Item  to imply a specific type.
[2016.01.31-15.46.42:202][441]LogBlueprint:Error: [compiler Door] Error The current value of the ' Target Array ' pin is invalid: Array inputs (like 'Target Array') must have an input wired into them (try connecting a MakeArray node).
[2016.01.31-15.46.42:202][441]LogBlueprint:Error: [compiler Door] Error The current value of the ' Target Array ' pin is invalid: Array inputs (like 'Target Array') must have an input wired into them (try connecting a MakeArray node).
[2016.01.31-15.46.42:204][441]LogBlueprint:Warning: [compiler Door] Warning [0101.52] Compile of Door failed. 9 Fatal Issue(s) 0 Warning(s) [in 4 ms]
[2016.01.31-15.46.42:204][441]LogBlueprint:Warning: [compiler Door] Warning [0101.52] Compile of Door failed. 9 Fatal Issue(s) 1 Warning(s) [in 0 ms]
[2016.01.31-15.46.42:204][441]LogBlueprint:Warning: [compiler Door] Warning [0101.52] Compile of Door failed. 9 Fatal Issue(s) 2 Warning(s) [in 0 ms]
[2016.01.31-15.46.42:213][441]LogBlueprint:Warning: [compiler Enemy] Warning Can't connect pins  Object  and  Other Actor : This cast has an invalid target type (was the class deleted without a redirect?).
[2016.01.31-15.46.42:213][441]LogBlueprint:Warning: [compiler Enemy] Warning Can't connect pins  Other Actor  and  Object : This cast has an invalid target type (was the class deleted without a redirect?).
[2016.01.31-15.46.42:213][441]LogBlueprint:Error: [compiler Enemy] Error Node  Bad cast node  has an invalid target type, please delete and recreate it
[2016.01.31-15.46.42:213][441]LogBlueprint:Error: [compiler Enemy] Error Node  Bad cast node  has an invalid target class
[2016.01.31-15.46.42:215][441]LogBlueprint:Warning: [compiler Enemy] Warning [0101.53] Compile of Enemy failed. 2 Fatal Issue(s) 2 Warning(s) [in 2 ms]
[2016.01.31-15.46.42:215][441]LogBlueprint:Warning: [compiler Enemy] Warning [0101.53] Compile of Enemy failed. 2 Fatal Issue(s) 3 Warning(s) [in 0 ms]
[2016.01.31-15.46.42:215][441]LogBlueprint:Warning: [compiler Enemy] Warning [0101.53] Compile of Enemy failed. 2 Fatal Issue(s) 4 Warning(s) [in 0 ms]
[2016.01.31-15.46.42:267][441]LogBlueprint:Warning: [FirstPersonCharacter] CreatePinForVariable: 'Inventory' variable not found. Base class was probably changed.
[2016.01.31-15.46.42:267][441]LogBlueprint:Warning: [FirstPersonCharacter] CreatePinForVariable: 'Stuff' variable not found. Base class was probably changed.
[2016.01.31-15.46.42:271][441]LogBlueprint:Error: [compiler FirstPersonCharacter] Error The variable Inventory declared in  FirstPersonCharacter  has an invalid type Array of Structures
[2016.01.31-15.46.42:282][441]LogBlueprint:Error: [compiler FirstPersonCharacter] Error Spawn node  Create Widget  must have a class specified.
[2016.01.31-15.46.42:282][441]LogBlueprint:Error: [compiler FirstPersonCharacter] Error Spawn node  SpawnActor NONE  must have a class specified.
[2016.01.31-15.46.42:283][441]LogBlueprint:Error: [compiler FirstPersonCharacter] Error Could not find a function named "TakePhoto" in 'FirstPersonCharacter'.
Make sure 'FirstPersonCharacter' has been compiled for  Take Photo 
[2016.01.31-15.46.42:283][441]LogBlueprint:Warning: [compiler FirstPersonCharacter] Warning Can't connect pins  Out Actors  and  Target Array : Array of Actor References is not compatible with Array of References.
[2016.01.31-15.46.42:283][441]LogBlueprint:Warning: [compiler FirstPersonCharacter] Warning Can't connect pins  Out Actors  and  Target Array : Array of Actor References is not compatible with Array of References.
[2016.01.31-15.46.42:283][441]LogBlueprint:Error: [compiler FirstPersonCharacter] Error Invalid pin connection from ' Out Actors ' to ' Target Array '. You may have changed the type after the connections were made.
[2016.01.31-15.46.42:284][441]LogBlueprint:Error: [compiler FirstPersonCharacter] Error Invalid pin connection from ' Out Actors ' to ' Target Array '. You may have changed the type after the connections were made.
[2016.01.31-15.46.42:284][441]LogBlueprint:Warning: [compiler FirstPersonCharacter] Warning InputAction Event references unknown Action 'Temp_TakePic' for  InputAction Temp_TakePic 
[2016.01.31-15.46.42:284][441]LogBlueprint:Warning: [compiler FirstPersonCharacter] Warning InputAction Event references unknown Action 'Camera' for  InputAction Camera 
[2016.01.31-15.46.42:284][441]LogBlueprint:Warning: [compiler FirstPersonCharacter] Warning InputAction Event references unknown Action 'Inventory' for  InputAction Inventory 
[2016.01.31-15.46.42:284][441]LogBlueprint:Warning: [compiler FirstPersonCharacter] Warning InputAction Event references unknown Action 'Action' for  InputAction Action 
[2016.01.31-15.46.42:284][441]LogBlueprint:Warning: [compiler FirstPersonCharacter] Warning InputAction Event references unknown Action 'Sprint' for  InputAction Sprint 
[2016.01.31-15.46.42:285][441]LogBlueprint:Warning: [compiler FirstPersonCharacter] Warning Can't connect pins  Target Array  and  Out Actors : Array of References is not compatible with Array of Actor References.
[2016.01.31-15.46.42:285][441]LogBlueprint:Warning: [compiler FirstPersonCharacter] Warning Can't connect pins  Target Array  and  Out Actors : Array of References is not compatible with Array of Actor References.
[2016.01.31-15.46.42:286][441]LogBlueprint:Warning: [compiler FirstPersonCharacter] Warning Can't connect pins  Is Traced  and  Object : This cast has an invalid target type (was the class deleted without a redirect?).
[2016.01.31-15.46.42:286][441]LogBlueprint:Warning: [compiler FirstPersonCharacter] Warning Can't connect pins  Object  and  Is Traced : This cast has an invalid target type (was the class deleted without a redirect?).
[2016.01.31-15.46.42:287][441]LogBlueprint:Warning: [compiler FirstPersonCharacter] Warning Could not find a variable named "Stuff" in 'FirstPersonCharacter'.
Make sure 'FirstPersonCharacter' has been compiled for  Get Stuff 
[2016.01.31-15.46.42:287][441]LogBlueprint:Error: [compiler FirstPersonCharacter] Error No Struct in  Break <unknown struct> 
[2016.01.31-15.46.42:287][441]LogBlueprint:Warning: [compiler FirstPersonCharacter] Warning Could not find a variable named "Inventory" in 'FirstPersonCharacter_C'.
Make sure 'FirstPersonCharacter_C' has been compiled for  Get Inventory 
[2016.01.31-15.46.42:287][441]LogBlueprint:Error: [compiler FirstPersonCharacter] Error No Struct in  Make <unknown struct> 
[2016.01.31-15.46.42:287][441]LogBlueprint:Error: [compiler FirstPersonCharacter] Error No Struct in  Break <unknown struct> 
[2016.01.31-15.46.42:288][441]LogBlueprint:Error: [compiler FirstPersonCharacter] Error This blueprint (self) is not a Widget, therefore ' Target ' must have a connection.
[2016.01.31-15.46.42:300][441]LogBlueprint:Warning: [compiler FirstPersonCharacter] Warning [0101.62] Compile of FirstPersonCharacter failed. 10 Fatal Issue(s) 13 Warning(s) [in 29 ms]
[2016.01.31-15.46.42:300][441]LogBlueprint:Warning: [compiler FirstPersonCharacter] Warning [0101.62] Compile of FirstPersonCharacter failed. 10 Fatal Issue(s) 14 Warning(s) [in 0 ms]
[2016.01.31-15.46.42:301][441]LogBlueprint:Warning: [compiler FirstPersonCharacter] Warning [0101.62] Compile of FirstPersonCharacter failed. 10 Fatal Issue(s) 15 Warning(s) [in 0 ms]
[2016.01.31-15.46.43:434][441]LogBlueprint:Error: [compiler Inventory] Error Spawn node  Create Widget  must have a class specified.
[2016.01.31-15.46.43:437][441]LogBlueprint:Warning: [compiler Inventory] Warning [0102.76] Compile of Inventory failed. 1 Fatal Issue(s) 0 Warning(s) [in 3 ms]
[2016.01.31-15.46.43:437][441]LogBlueprint:Warning: [compiler Inventory] Warning [0102.76] Compile of Inventory failed. 1 Fatal Issue(s) 1 Warning(s) [in 0 ms]
[2016.01.31-15.46.43:437][441]LogBlueprint:Warning: [compiler Inventory] Warning [0102.76] Compile of Inventory failed. 1 Fatal Issue(s) 2 Warning(s) [in 0 ms]
[2016.01.31-15.46.43:450][441]LogBlueprint:Warning: [InventoryWidget] CreatePinForVariable: 'FirstPerCharPic' variable not found. Base class was probably changed.
[2016.01.31-15.46.43:450][441]LogBlueprint:Warning: [InventoryWidget] CreatePinForVariable: 'FirstPerCharPic' variable not found. Base class was probably changed.
[2016.01.31-15.46.43:450][441]LogBlueprint:Warning: [InventoryWidget] CreatePinForVariable: 'Stuff' variable not found. Base class was probably changed.
[2016.01.31-15.46.43:450][441]LogBlueprint:Warning: [InventoryWidget] CreatePinForVariable: 'Stuff' variable not found. Base class was probably changed.
[2016.01.31-15.46.43:453][441]LogBlueprint:Error: [compiler InventoryWidget] Error Spawn node  Create Widget  must have a class specified.
[2016.01.31-15.46.43:453][441]LogBlueprint:Warning: [compiler InventoryWidget] Warning Could not find a variable named "Stuff" in 'InventoryWidget'.
Make sure 'InventoryWidget' has been compiled for  Set Stuff 
[2016.01.31-15.46.43:453][441]LogBlueprint:Warning: [compiler InventoryWidget] Warning Could not find a variable named "FirstPerCharPic" in 'InventoryWidget'.
Make sure 'InventoryWidget' has been compiled for  Set FirstPerCharPic 
[2016.01.31-15.46.43:453][441]LogBlueprint:Error: [compiler InventoryWidget] Error Failed to create property K2Node_MakeArray_Array from  ForEachLoop  due to a bad or unknown type (Array of Structures)
[2016.01.31-15.46.43:453][441]LogBlueprint:Error: [compiler InventoryWidget] Error Failed to create property CallFunc_Array_Get_Item from  Item  due to a bad or unknown type (Structure)
[2016.01.31-15.46.43:456][441]LogBlueprint:Warning: [compiler InventoryWidget] Warning [0102.77] Compile of InventoryWidget failed. 3 Fatal Issue(s) 2 Warning(s) [in 4 ms]
[2016.01.31-15.46.43:456][441]LogBlueprint:Warning: [compiler InventoryWidget] Warning [0102.77] Compile of InventoryWidget failed. 3 Fatal Issue(s) 3 Warning(s) [in 0 ms]
[2016.01.31-15.46.43:456][441]LogBlueprint:Warning: [compiler InventoryWidget] Warning [0102.78] Compile of InventoryWidget failed. 3 Fatal Issue(s) 4 Warning(s) [in 0 ms]
[2016.01.31-15.46.43:464][441]LogBlueprint:Warning: [InvItemPic] CreatePinForVariable: 'Stuff' variable not found. Base class was probably changed.
[2016.01.31-15.46.43:464][441]LogBlueprint:Warning: [InvItemPic] CreatePinForVariable: 'Stuff' variable not found. Base class was probably changed.
[2016.01.31-15.46.43:464][441]LogBlueprint:Warning: [InvItemPic] CreatePinForVariable: 'InvPicButton' variable not found. Base class was probably changed.
[2016.01.31-15.46.43:464][441]LogBlueprint:Warning: [InvItemPic] CreatePinForVariable: 'InvPicButton' variable not found. Base class was probably changed.
[2016.01.31-15.46.43:465][441]LogBlueprint:Error: [compiler InvItemPic] Error The variable Stuff declared in  InvItemPic  has an invalid type Structure
[2016.01.31-15.46.43:465][441]LogBlueprint:Warning: [compiler InvItemPic] Warning Could not find a variable named "InvPicButton" in 'Player_C'.
Make sure 'Player_C' has been compiled for  Set InvPicButton 
[2016.01.31-15.46.43:465][441]LogBlueprint:Warning: [compiler InvItemPic] Warning Could not find a variable named "Stuff" in 'InvItemPic_C'.
Make sure 'InvItemPic_C' has been compiled for  Get Stuff 
[2016.01.31-15.46.43:466][441]LogBlueprint:Warning: [compiler InvItemPic] Warning Could not find a variable named "Stuff" in 'InvItemPic_C'.
Make sure 'InvItemPic_C' has been compiled for  Get Stuff 
[2016.01.31-15.46.43:466][441]LogBlueprint:Error: [compiler InvItemPic] Error No Struct in  Break <unknown struct> 
[2016.01.31-15.46.43:466][441]LogBlueprint:Error: [compiler InvItemPic] Error The property associated with  Stuff  could not be found
[2016.01.31-15.46.43:466][441]LogBlueprint:Error: [compiler InvItemPic] Error The current value of the ' Target Array ' pin is invalid: Array inputs (like 'Target Array') must have an input wired into them (try connecting a MakeArray node).
[2016.01.31-15.46.43:466][441]LogBlueprint:Error: [compiler InvItemPic] Error The property associated with  Inv Pic Button  could not be found
[2016.01.31-15.46.43:466][441]LogBlueprint:Error: [compiler InvItemPic] Error Failed to create property CallFunc_Array_Find_ItemToFind from  Item to Find  due to a bad or unknown type (Structure (by ref))
[2016.01.31-15.46.43:468][441]LogBlueprint:Warning: [compiler InvItemPic] Warning [0102.79] Compile of InvItemPic failed. 6 Fatal Issue(s) 3 Warning(s) [in 3 ms]
[2016.01.31-15.46.43:468][441]LogBlueprint:Warning: [compiler InvItemPic] Warning [0102.79] Compile of InvItemPic failed. 6 Fatal Issue(s) 4 Warning(s) [in 0 ms]
[2016.01.31-15.46.43:468][441]LogBlueprint:Warning: [compiler InvItemPic] Warning [0102.79] Compile of InvItemPic failed. 6 Fatal Issue(s) 5 Warning(s) [in 0 ms]
[2016.01.31-15.46.43:469][441]LogBlueprint:Warning: [InvItemPic] CreatePinForVariable: 'InvPicButton' variable not found. Base class was probably changed.
[2016.01.31-15.46.43:469][441]LogBlueprint:Warning: [InvItemPic] CreatePinForVariable: 'InvPicButton' variable not found. Base class was probably changed.
[2016.01.31-15.46.43:944][441]LogBlueprint:Error: [compiler ItemManager] Error The variable Stuff declared in  ItemManager  has an invalid type Structure
[2016.01.31-15.46.43:945][441]LogBlueprint:Warning: [compiler ItemManager] Warning [0103.26] Compile of ItemManager failed. 1 Fatal Issue(s) 0 Warning(s) [in 0 ms]
[2016.01.31-15.46.43:945][441]LogBlueprint:Warning: [compiler ItemManager] Warning [0103.26] Compile of ItemManager failed. 1 Fatal Issue(s) 1 Warning(s) [in 0 ms]
[2016.01.31-15.46.43:945][441]LogBlueprint:Warning: [compiler ItemManager] Warning [0103.26] Compile of ItemManager failed. 1 Fatal Issue(s) 2 Warning(s) [in 0 ms]
[2016.01.31-15.46.47:797][607]LogPlayLevel: PlayLevel: No blueprints needed recompiling
[2016.01.31-15.46.47:797][607]PIE: New page: PIE session: BondsLevel (Jan 31, 2016, 5:46:47 AM)
[2016.01.31-15.46.47:797][607]LogPlayLevel: Creating play world package: /Game/Hotel/Levels/UEDPIE_0_BondsLevel
[2016.01.31-15.46.47:818][607]LogPlayLevel: PIE: StaticDuplicateObject took: (0.020167s)
[2016.01.31-15.46.47:819][607]LogAIModule: Creating AISystem for world BondsLevel
[2016.01.31-15.46.47:819][607]LogPlayLevel: PIE: World Init took: (0.001508s)
[2016.01.31-15.46.47:819][607]LogPlayLevel: PIE: Created PIE world by copying editor world from /Game/Hotel/Levels/BondsLevel.BondsLevel to /Game/Hotel/Levels/UEDPIE_0_BondsLevel.BondsLevel (0.021980s)
[2016.01.31-15.46.47:835][607]LogInit: XAudio2 using 'Speakers (Realtek High Definition Audio)' : 2 channels at 48 kHz using 32 bits per sample (channel mask 0x3)
[2016.01.31-15.46.47:843][607]LogInit: FAudioDevice initialized.
[2016.01.31-15.46.47:870][607]LogLinker:Warning: Can't find file '/Game/FirstPersonBP/Blueprints/FirstPersonGameMode'
[2016.01.31-15.46.47:870][607]LogLinker:Warning: Can't find file '/Game/FirstPersonBP/Blueprints/FirstPersonGameMode'
[2016.01.31-15.46.47:870][607]LogUObjectGlobals:Warning: Failed to find object 'Class /Game/FirstPersonBP/Blueprints/FirstPersonGameMode.FirstPersonGameMode_C'
[2016.01.31-15.46.47:870][607]LogWorld: Game class is 'GameMode'
[2016.01.31-15.46.47:873][607]LogWorld: Bringing World /Game/Hotel/Levels/UEDPIE_0_BondsLevel.BondsLevel up for play (max tick rate 0) at 2016.01.31-10.46.47
[2016.01.31-15.46.47:873][607]LogActor:Warning: GameSession /Game/Hotel/Levels/UEDPIE_0_BondsLevel.BondsLevel:PersistentLevel.GameSession_2 has natively added scene component(s), but none of them were set as the actor's RootComponent - picking one arbitrarily
[2016.01.31-15.46.47:873][607]LogActor:Warning: GameNetworkManager /Game/Hotel/Levels/UEDPIE_0_BondsLevel.BondsLevel:PersistentLevel.GameNetworkManager_2 has natively added scene component(s), but none of them were set as the actor's RootComponent - picking one arbitrarily
[2016.01.31-15.46.47:874][607]LogWorld: Bringing up level for play took: 0.002443
[2016.01.31-15.46.47:875][607]PIE: Info Play in editor start time for /Game/Hotel/Levels/UEDPIE_0_BondsLevel 0.119
[2016.01.31-15.46.54:337][375]LogParticles: Destroying 0 GPU particle simulations for FXSystem 0x0000000039388AE0
[2016.01.31-15.47.29:244][329]Cmd: QUIT_EDITOR
[2016.01.31-15.47.29:391][329]LogExit: Preparing to exit.
[2016.01.31-15.47.30:581][329]LogExit: Editor shut down
[2016.01.31-15.47.30:581][329]LogExit: Transaction tracking system shut down
[2016.01.31-15.47.30:582][329]LogParticles: Destroying 0 GPU particle simulations for FXSystem 0x0000000011E64AE0
[2016.01.31-15.47.30:582][329]LogParticles: Destroying 0 GPU particle simulations for FXSystem 0x0000000012AD5BC0
[2016.01.31-15.47.30:585][329]LogParticles: Destroying 0 GPU particle simulations for FXSystem 0x0000000048ED7380
[2016.01.31-15.47.30:695][329]LogExit: Object subsystem successfully closed.
[2016.01.31-15.47.30:705][329]LogD3D11RHI: Shutdown
[2016.01.31-15.47.30:705][329]LogD3D11RHI: CleanupD3DDevice
[2016.01.31-15.47.30:754][329]LogD3D11RHI: ~FD3D11DynamicRHI
[2016.01.31-15.47.30:772][329]LogModuleManager: Shutting down and abandoning module StatsViewer (198)
[2016.01.31-15.47.30:772][329]LogModuleManager: Shutting down and abandoning module CrashTracker (197)
[2016.01.31-15.47.30:772][329]LogModuleManager: Shutting down and abandoning module SceneOutliner (196)
[2016.01.31-15.47.30:772][329]LogModuleManager: Shutting down and abandoning module SuperSearch (195)
[2016.01.31-15.47.30:772][329]LogModuleManager: Shutting down and abandoning module WidgetCarousel (194)
[2016.01.31-15.47.30:772][329]LogModuleManager: Shutting down and abandoning module AddContentDialog (193)
[2016.01.31-15.47.30:773][329]LogModuleManager: Shutting down and abandoning module EditorWidgets (192)
[2016.01.31-15.47.30:773][329]LogModuleManager: Shutting down and abandoning module CollectionManager (191)
[2016.01.31-15.47.30:773][329]LogModuleManager: Shutting down and abandoning module FoliageEdit (190)
[2016.01.31-15.47.30:773][329]LogModuleManager: Shutting down and abandoning module LandscapeEditor (189)
[2016.01.31-15.47.30:774][329]LogModuleManager: Shutting down and abandoning module ActorPickerMode (188)
[2016.01.31-15.47.30:774][329]LogModuleManager: Shutting down and abandoning module GeometryMode (187)
[2016.01.31-15.47.30:774][329]LogModuleManager: Shutting down and abandoning module TextureAlignMode (186)
[2016.01.31-15.47.30:774][329]LogModuleManager: Shutting down and abandoning module BspMode (185)
[2016.01.31-15.47.30:774][329]LogModuleManager: Shutting down and abandoning module PlacementMode (184)
[2016.01.31-15.47.30:774][329]LogModuleManager: Shutting down and abandoning module AutomationWorker (183)
[2016.01.31-15.47.30:774][329]LogModuleManager: Shutting down and abandoning module CharacterAI (182)
[2016.01.31-15.47.30:774][329]LogModuleManager: Shutting down and abandoning module SmartSnapping (181)
[2016.01.31-15.47.30:774][329]LogModuleManager: Shutting down and abandoning module ViewportSnapping (180)
[2016.01.31-15.47.30:774][329]LogModuleManager: Shutting down and abandoning module LogVisualizer (179)
[2016.01.31-15.47.30:774][329]LogModuleManager: Shutting down and abandoning module GameProjectGeneration (178)
[2016.01.31-15.47.30:774][329]LogModuleManager: Shutting down and abandoning module IntroTutorials (177)
[2016.01.31-15.47.30:774][329]LogModuleManager: Shutting down and abandoning module EditorLiveStreaming (176)
[2016.01.31-15.47.30:774][329]LogModuleManager: Shutting down and abandoning module IOSPlatformEditor (175)
[2016.01.31-15.47.30:774][329]LogModuleManager: Shutting down and abandoning module HTML5PlatformEditor (174)
[2016.01.31-15.47.30:774][329]LogModuleManager: Shutting down and abandoning module AndroidDeviceDetection (173)
[2016.01.31-15.47.31:023][329]LogModuleManager: Shutting down and abandoning module AndroidPlatformEditor (172)
[2016.01.31-15.47.31:024][329]LogModuleManager: Shutting down and abandoning module IOSRuntimeSettings (171)
[2016.01.31-15.47.31:024][329]LogModuleManager: Shutting down and abandoning module AndroidRuntimeSettings (170)
[2016.01.31-15.47.31:024][329]LogModuleManager: Shutting down and abandoning module MergeActors (169)
[2016.01.31-15.47.31:024][329]LogModuleManager: Shutting down and abandoning module SizeMap (168)
[2016.01.31-15.47.31:024][329]LogModuleManager: Shutting down and abandoning module TreeMap (167)
[2016.01.31-15.47.31:024][329]LogModuleManager: Shutting down and abandoning module ReferenceViewer (166)
[2016.01.31-15.47.31:024][329]LogModuleManager: Shutting down and abandoning module LocalizationService (165)
[2016.01.31-15.47.31:024][329]LogModuleManager: Shutting down and abandoning module LocalizationDashboard (164)
[2016.01.31-15.47.31:026][329]LogModuleManager: Shutting down and abandoning module HardwareTargeting (163)
[2016.01.31-15.47.31:027][329]LogModuleManager: Shutting down and abandoning module DeviceProfileEditor (162)
[2016.01.31-15.47.31:027][329]LogModuleManager: Shutting down and abandoning module UndoHistory (161)
[2016.01.31-15.47.31:027][329]LogModuleManager: Shutting down and abandoning module GameplayTagsEditor (160)
[2016.01.31-15.47.31:027][329]LogModuleManager: Shutting down and abandoning module UserFeedback (159)
[2016.01.31-15.47.31:027][329]LogModuleManager: Shutting down and abandoning module XmlParser (158)
[2016.01.31-15.47.31:027][329]LogModuleManager: Shutting down and abandoning module Blutility (157)
[2016.01.31-15.47.31:027][329]LogModuleManager: Shutting down and abandoning module ProjectTargetPlatformEditor (156)
[2016.01.31-15.47.31:027][329]LogModuleManager: Shutting down and abandoning module ProjectSettingsViewer (155)
[2016.01.31-15.47.31:027][329]LogModuleManager: Shutting down and abandoning module InputBindingEditor (154)
[2016.01.31-15.47.31:028][329]LogModuleManager: Shutting down and abandoning module EditorSettingsViewer (153)
[2016.01.31-15.47.31:028][329]LogModuleManager: Shutting down and abandoning module SettingsEditor (152)
[2016.01.31-15.47.31:028][329]LogModuleManager: Shutting down and abandoning module ProjectLauncher (151)
[2016.01.31-15.47.31:029][329]LogModuleManager: Shutting down and abandoning module SessionFrontend (150)
[2016.01.31-15.47.31:029][329]LogModuleManager: Shutting down and abandoning module ProfilerClient (149)
[2016.01.31-15.47.31:029][329]LogModuleManager: Shutting down and abandoning module TargetDeviceServices (148)
[2016.01.31-15.47.31:029][329]LogModuleManager: Shutting down and abandoning module DeviceManager (147)
[2016.01.31-15.47.31:030][329]LogModuleManager: Shutting down and abandoning module AutomationController (146)
[2016.01.31-15.47.31:030][329]LogModuleManager: Shutting down and abandoning module AutomationWindow (145)
[2016.01.31-15.47.31:030][329]LogModuleManager: Shutting down and abandoning module Layers (144)
[2016.01.31-15.47.31:031][329]LogModuleManager: Shutting down and abandoning module ComponentVisualizers (143)
[2016.01.31-15.47.31:031][329]LogModuleManager: Shutting down and abandoning module DetailCustomizations (142)
[2016.01.31-15.47.31:033][329]LogModuleManager: Shutting down and abandoning module PackagesDialog (141)
[2016.01.31-15.47.31:033][329]LogModuleManager: Shutting down and abandoning module Persona (140)
[2016.01.31-15.47.31:034][329]LogModuleManager: Shutting down and abandoning module Kismet (139)
[2016.01.31-15.47.31:034][329]LogModuleManager: Shutting down and abandoning module GraphEditor (138)
[2016.01.31-15.47.31:036][329]LogModuleManager: Shutting down and abandoning module ClassViewer (137)
[2016.01.31-15.47.31:036][329]LogModuleManager: Shutting down and abandoning module Toolbox (136)
[2016.01.31-15.47.31:036][329]LogModuleManager: Shutting down and abandoning module ModuleUI (135)
[2016.01.31-15.47.31:037][329]LogModuleManager: Shutting down and abandoning module MovieSceneTools (134)
[2016.01.31-15.47.31:037][329]LogModuleManager: Shutting down and abandoning module OutputLog (133)
[2016.01.31-15.47.31:037][329]LogModuleManager: Shutting down and abandoning module GammaUI (132)
[2016.01.31-15.47.31:037][329]LogModuleManager: Shutting down and abandoning module Documentation (131)
[2016.01.31-15.47.31:037][329]LogModuleManager: Shutting down and abandoning module GameLiveStreaming (130)
[2016.01.31-15.47.31:037][329]LogModuleManager: Shutting down and abandoning module StreamingPauseRendering (129)
[2016.01.31-15.47.31:037][329]LogModuleManager: Shutting down and abandoning module AnalyticsET (128)
[2016.01.31-15.47.31:037][329]LogModuleManager: Shutting down and abandoning module Analytics (127)
[2016.01.31-15.47.31:037][329]LogModuleManager: Shutting down and abandoning module AITestSuite (126)
[2016.01.31-15.47.31:037][329]LogModuleManager: Shutting down and abandoning module GameplayDebugger (125)
[2016.01.31-15.47.31:038][329]LogModuleManager: Shutting down and abandoning module AIModule (124)
[2016.01.31-15.47.31:038][329]LogModuleManager: Shutting down and abandoning module ProfilerService (123)
[2016.01.31-15.47.31:141][329]LogModuleManager: Shutting down and abandoning module TaskGraph (122)
[2016.01.31-15.47.31:144][329]LogModuleManager: Shutting down and abandoning module SlateRemote (121)
[2016.01.31-15.47.31:145][329]LogModuleManager: Shutting down and abandoning module SteamVRController (120)
[2016.01.31-15.47.31:145][329]LogModuleManager: Shutting down and abandoning module SteamVR (119)
[2016.01.31-15.47.31:145][329]LogModuleManager: Shutting down and abandoning module ProceduralMeshComponent (118)
[2016.01.31-15.47.31:145][329]LogModuleManager: Shutting down and abandoning module OculusLibrary (117)
[2016.01.31-15.47.31:145][329]LogModuleManager: Shutting down and abandoning module OculusInput (116)
[2016.01.31-15.47.31:145][329]LogModuleManager: Shutting down and abandoning module LeapMotionController (115)
[2016.01.31-15.47.31:169][329]LogModuleManager: Shutting down and abandoning module CustomMeshComponent (114)
[2016.01.31-15.47.31:169][329]LogModuleManager: Shutting down and abandoning module CableComponent (113)
[2016.01.31-15.47.31:169][329]LogModuleManager: Shutting down and abandoning module ArchVisCharacter (112)
[2016.01.31-15.47.31:169][329]LogModuleManager: Shutting down and abandoning module MessagingDebugger (111)
[2016.01.31-15.47.31:170][329]LogModuleManager: Shutting down and abandoning module MediaPlayerEditor (110)
[2016.01.31-15.47.31:170][329]LogModuleManager: Shutting down and abandoning module HTML5Networking (109)
[2016.01.31-15.47.31:170][329]LogModuleManager: Shutting down and abandoning module SpeedTreeImporter (108)
[2016.01.31-15.47.31:170][329]LogModuleManager: Shutting down and abandoning module PluginBrowser (107)
[2016.01.31-15.47.31:170][329]LogModuleManager: Shutting down and abandoning module EpicSurvey (106)
[2016.01.31-15.47.31:170][329]LogModuleManager: Shutting down and abandoning module DesktopPlatform (105)
[2016.01.31-15.47.31:170][329]LogModuleManager: Shutting down and abandoning module VisualStudioSourceCodeAccess (104)
[2016.01.31-15.47.31:170][329]LogModuleManager: Shutting down and abandoning module UObjectPlugin (103)
[2016.01.31-15.47.31:170][329]LogModuleManager: Shutting down and abandoning module SubversionSourceControl (102)
[2016.01.31-15.47.31:170][329]LogModuleManager: Shutting down and abandoning module PerforceSourceControl (101)
[2016.01.31-15.47.31:170][329]LogModuleManager: Shutting down and abandoning module SourceControl (100)
[2016.01.31-15.47.31:171][329]LogModuleManager: Shutting down and abandoning module GitSourceControl (99)
[2016.01.31-15.47.31:171][329]LogModuleManager: Shutting down and abandoning module LightPropagationVolumeEditor (98)
[2016.01.31-15.47.31:171][329]LogModuleManager: Shutting down and abandoning module PaperTiledImporter (97)
[2016.01.31-15.47.31:171][329]LogModuleManager: Shutting down and abandoning module PaperSpriteSheetImporter (96)
[2016.01.31-15.47.31:171][329]LogModuleManager: Shutting down and abandoning module MeshPaint (95)
[2016.01.31-15.47.31:171][329]LogModuleManager: Shutting down and abandoning module SlateReflector (94)
[2016.01.31-15.47.31:171][329]LogModuleManager: Shutting down and abandoning module HotReload (93)
[2016.01.31-15.47.31:171][329]LogModuleManager: Shutting down and abandoning module MainFrame (92)
[2016.01.31-15.47.31:171][329]LogModuleManager: Shutting down and abandoning module LevelEditor (91)
[2016.01.31-15.47.31:172][329]LogModuleManager: Shutting down and abandoning module DirectoryWatcher (90)
[2016.01.31-15.47.31:173][329]LogModuleManager: Shutting down and abandoning module AssetRegistry (89)
[2016.01.31-15.47.31:290][329]LogModuleManager: Shutting down and abandoning module ContentBrowser (88)
[2016.01.31-15.47.31:290][329]LogModuleManager: Shutting down and abandoning module Paper2DEditor (87)
[2016.01.31-15.47.31:291][329]LogModuleManager: Shutting down and abandoning module UdpMessaging (86)
[2016.01.31-15.47.31:391][329]LogModuleManager: Shutting down and abandoning module LightPropagationVolumeRuntime (85)
[2016.01.31-15.47.31:391][329]LogModuleManager: Shutting down and abandoning module Paper2D (84)
[2016.01.31-15.47.31:391][329]LogModuleManager: Shutting down and abandoning module WindowsMoviePlayer (83)
[2016.01.31-15.47.31:399][329]LogModuleManager: Shutting down and abandoning module Media (82)
[2016.01.31-15.47.31:399][329]LogModuleManager: Shutting down and abandoning module WmfMedia (81)
[2016.01.31-15.47.31:403][329]LogModuleManager: Shutting down and abandoning module OnlineBlueprintSupport (80)
[2016.01.31-15.47.31:403][329]LogModuleManager: Shutting down and abandoning module GameplayTasksEditor (79)
[2016.01.31-15.47.31:403][329]LogModuleManager: Shutting down and abandoning module PropertyEditor (78)
[2016.01.31-15.47.31:404][329]LogModuleManager: Shutting down and abandoning module BehaviorTreeEditor (77)
[2016.01.31-15.47.31:405][329]LogModuleManager: Shutting down and abandoning module FunctionalTesting (76)
[2016.01.31-15.47.31:405][329]LogModuleManager: Shutting down and abandoning module CollisionAnalyzer (75)
[2016.01.31-15.47.31:405][329]LogModuleManager: Shutting down and abandoning module WorkspaceMenuStructure (74)
[2016.01.31-15.47.31:405][329]LogModuleManager: Shutting down and abandoning module MessageLog (73)
[2016.01.31-15.47.31:405][329]LogModuleManager: Shutting down and abandoning module Sequencer (72)
[2016.01.31-15.47.31:406][329]LogModuleManager: Shutting down and abandoning module AssetTools (71)
[2016.01.31-15.47.31:408][329]LogModuleManager: Shutting down and abandoning module UMGEditor (70)
[2016.01.31-15.47.31:409][329]LogModuleManager: Shutting down and abandoning module UMG (69)
[2016.01.31-15.47.31:410][329]LogModuleManager: Shutting down and abandoning module Slate (68)
[2016.01.31-15.47.31:410][329]LogModuleManager: Shutting down and abandoning module EditorStyle (67)
[2016.01.31-15.47.31:417][329]LogModuleManager: Shutting down and abandoning module SessionServices (66)
[2016.01.31-15.47.31:417][329]LogModuleManager: Shutting down and abandoning module SourceCodeAccess (65)
[2016.01.31-15.47.31:417][329]LogModuleManager: Shutting down and abandoning module HeadMountedDisplay (64)
[2016.01.31-15.47.31:417][329]LogModuleManager: Shutting down and abandoning module XAudio2 (63)
[2016.01.31-15.47.31:417][329]LogModuleManager: Shutting down and abandoning module Networking (61)
[2016.01.31-15.47.31:417][329]LogModuleManager: Shutting down and abandoning module Core (60)
[2016.01.31-15.47.31:417][329]LogModuleManager: Shutting down and abandoning module KismetCompiler (59)
[2016.01.31-15.47.31:417][329]LogModuleManager: Shutting down and abandoning module PhysXFormats (58)
[2016.01.31-15.47.31:417][329]LogModuleManager: Shutting down and abandoning module MeshUtilities (57)
[2016.01.31-15.47.31:418][329]LogModuleManager: Shutting down and abandoning module DerivedDataCache (56)
[2016.01.31-15.47.31:434][329]LogDerivedDataCache: Shutdown
[2016.01.31-15.47.31:434][329]LogModuleManager: Shutting down and abandoning module ShaderFormatOpenGL (55)
[2016.01.31-15.47.31:435][329]LogModuleManager: Shutting down and abandoning module ShaderFormatD3D (54)
[2016.01.31-15.47.31:435][329]LogModuleManager: Shutting down and abandoning module MetalShaderFormat (53)
[2016.01.31-15.47.31:436][329]LogModuleManager: Shutting down and abandoning module TextureFormatUncompressed (52)
[2016.01.31-15.47.31:436][329]LogModuleManager: Shutting down and abandoning module TextureFormatPVR (51)
[2016.01.31-15.47.31:436][329]LogModuleManager: Shutting down and abandoning module TextureFormatIntelISPCTexComp (50)
[2016.01.31-15.47.31:436][329]LogModuleManager: Shutting down and abandoning module TextureFormatDXT (49)
[2016.01.31-15.47.31:436][329]LogModuleManager: Shutting down and abandoning module ImageWrapper (48)
[2016.01.31-15.47.31:436][329]LogModuleManager: Shutting down and abandoning module TextureFormatASTC (47)
[2016.01.31-15.47.31:436][329]LogModuleManager: Shutting down and abandoning module TextureFormatAndroid (46)
[2016.01.31-15.47.31:436][329]LogModuleManager: Shutting down and abandoning module AudioFormatOpus (45)
[2016.01.31-15.47.31:436][329]LogModuleManager: Shutting down and abandoning module AudioFormatOgg (44)
[2016.01.31-15.47.31:436][329]LogModuleManager: Shutting down and abandoning module AudioFormatADPCM (43)
[2016.01.31-15.47.31:436][329]LogModuleManager: Shutting down and abandoning module LinuxTargetPlatform (42)
[2016.01.31-15.47.31:436][329]LogModuleManager: Shutting down and abandoning module LinuxServerTargetPlatform (41)
[2016.01.31-15.47.31:436][329]LogModuleManager: Shutting down and abandoning module LinuxNoEditorTargetPlatform (40)
[2016.01.31-15.47.31:436][329]LogModuleManager: Shutting down and abandoning module Messaging (39)
[2016.01.31-15.47.31:436][329]LogModuleManager: Shutting down and abandoning module IOSTargetPlatform (38)
[2016.01.31-15.47.31:436][329]LogModuleManager: Shutting down and abandoning module HTML5TargetPlatform (37)
[2016.01.31-15.47.31:437][329]LogModuleManager: Shutting down and abandoning module Android_PVRTCTargetPlatform (36)
[2016.01.31-15.47.31:437][329]LogModuleManager: Shutting down and abandoning module Android_MultiTargetPlatform (35)
[2016.01.31-15.47.31:437][329]LogModuleManager: Shutting down and abandoning module Android_ETC2TargetPlatform (34)
[2016.01.31-15.47.31:437][329]LogModuleManager: Shutting down and abandoning module Android_ETC1TargetPlatform (33)
[2016.01.31-15.47.31:437][329]LogModuleManager: Shutting down and abandoning module Android_DXTTargetPlatform (32)
[2016.01.31-15.47.31:437][329]LogModuleManager: Shutting down and abandoning module Android_ATCTargetPlatform (31)
[2016.01.31-15.47.31:437][329]LogModuleManager: Shutting down and abandoning module Android_ASTCTargetPlatform (30)
[2016.01.31-15.47.31:437][329]LogModuleManager: Shutting down and abandoning module AndroidTargetPlatform (29)
[2016.01.31-15.47.31:437][329]LogModuleManager: Shutting down and abandoning module WindowsTargetPlatform (28)
[2016.01.31-15.47.31:437][329]LogModuleManager: Shutting down and abandoning module WindowsServerTargetPlatform (27)
[2016.01.31-15.47.31:437][329]LogModuleManager: Shutting down and abandoning module WindowsNoEditorTargetPlatform (26)
[2016.01.31-15.47.31:437][329]LogModuleManager: Shutting down and abandoning module WindowsClientTargetPlatform (25)
[2016.01.31-15.47.31:437][329]LogModuleManager: Shutting down and abandoning module AllDesktopTargetPlatform (24)
[2016.01.31-15.47.31:437][329]LogModuleManager: Shutting down and abandoning module TargetPlatform (23)
[2016.01.31-15.47.31:437][329]LogModuleManager: Shutting down and abandoning module InputCore (22)
[2016.01.31-15.47.31:437][329]LogModuleManager: Shutting down and abandoning module Settings (21)
[2016.01.31-15.47.31:437][329]LogModuleManager: Shutting down and abandoning module OnlineSubsystem (19)
[2016.01.31-15.47.31:437][329]LogModuleManager: Shutting down and abandoning module HTTP (18)
[2016.01.31-15.47.32:438][329]LogModuleManager: Shutting down and abandoning module XMPP (17)
[2016.01.31-15.47.32:439][329]LogModuleManager: Shutting down and abandoning module OculusRift (16)
[2016.01.31-15.47.32:440][329]LogModuleManager: Shutting down and abandoning module ExampleDeviceProfileSelector (15)
[2016.01.31-15.47.32:440][329]LogModuleManager: Shutting down and abandoning module TextureCompressor (14)
[2016.01.31-15.47.32:440][329]LogModuleManager: Shutting down and abandoning module ShaderCore (13)
[2016.01.31-15.47.32:440][329]LogModuleManager: Shutting down and abandoning module Landscape (12)
[2016.01.31-15.47.32:440][329]LogModuleManager: Shutting down and abandoning module SlateRHIRenderer (11)
[2016.01.31-15.47.32:440][329]LogModuleManager: Shutting down and abandoning module OpenGLDrv (10)
[2016.01.31-15.47.32:442][329]LogModuleManager: Shutting down and abandoning module D3D11RHI (9)
[2016.01.31-15.47.32:442][329]LogModuleManager: Shutting down and abandoning module AnimGraphRuntime (8)
[2016.01.31-15.47.32:442][329]LogModuleManager: Shutting down and abandoning module Renderer (7)
[2016.01.31-15.47.32:442][329]LogModuleManager: Shutting down and abandoning module Engine (6)
[2016.01.31-15.47.32:442][329]LogModuleManager: Shutting down and abandoning module CoreUObject (5)
[2016.01.31-15.47.32:442][329]LogModuleManager: Shutting down and abandoning module NetworkFile (4)
[2016.01.31-15.47.32:442][329]LogModuleManager: Shutting down and abandoning module StreamingFile (3)
[2016.01.31-15.47.32:443][329]LogModuleManager: Shutting down and abandoning module SandboxFile (2)
[2016.01.31-15.47.32:443][329]LogModuleManager: Shutting down and abandoning module PakFile (1)
[2016.01.31-15.47.32:445][329]LogExit: Exiting.
[2016.01.31-15.47.32:446][329]Log file closed, 01/31/16 10:47:32
